spatial_sha,time,app,project,backend,freq,runproute,proutesh,prouteSummary,AccelMain,logpath,gentst,maketst,runp2p,runhybrid,genpir,genpir_err,gentst_err,gentst_time,gentst_notFit,gentst_MC,gentst_DAG,gentst_PMU,gentst_PCU,gentst_row,gentst_col,proutesh_algo,proutesh_pattern,proutesh_slink,proutesh_vlink,proutesh_prtime,proutesh_vcLimit,runproute_err,runproute_time,DynHopsVec,DynHopsScal,StatHopsVec,StatHopsScal,Score,NetVC,TotPkts,LinkLim,InjectLim,EjectLim,LongRoute,Q0Pct,Q0Lim,maketst_err,maketst_time,runp2p_cycle,runp2p_err,runp2p_pass,runp2p_deadlock,runp2p_complete,runp2p_dram_power,runp2p_rbw,runp2p_wbw,runp2p_time,runhybrid_cycle,runhybrid_err,runhybrid_pass,runhybrid_deadlock,runhybrid_complete,runhybrid_dram_power,runhybrid_rbw,runhybrid_wbw,runhybrid_time,succeeded
752d3aaa,2019-06-30 22:15:24,AES,test,Tst,1000000000.0,../gen/Tst_test/AES/log/runproute.log,../gen/Tst_test/AES/log/runproute.sh,../gen/Tst_test/AES/plastisim/summary.csv,../gen/Tst_test/AES/pir/AccelMain.scala,../gen/Tst_test/AES/log/,../gen/Tst_test/AES/log/gentst.log,../gen/Tst_test/AES/log/maketst.log,../gen/Tst_test/AES/log/runp2p.log,../gen/Tst_test/AES/log/runhybrid.log,True,,"[[31merror[0m] 04-GraphInitialization throw [pir] Don't know how to infer vec of BankedWrite262
",12.007505428,,,,,,15,15,,,,,,,,,,,,,,,,,,,,,,,,,,,False,False,,,,,,,,False,False,,,,,False
752d3aaa,2019-06-30 22:15:24,AXICommandSplit,test,Tst,1000000000.0,../gen/Tst_test/AXICommandSplit/log/runproute.log,../gen/Tst_test/AXICommandSplit/log/runproute.sh,../gen/Tst_test/AXICommandSplit/plastisim/summary.csv,../gen/Tst_test/AXICommandSplit/pir/AccelMain.scala,../gen/Tst_test/AXICommandSplit/log/,../gen/Tst_test/AXICommandSplit/log/gentst.log,../gen/Tst_test/AXICommandSplit/log/maketst.log,../gen/Tst_test/AXICommandSplit/log/runp2p.log,../gen/Tst_test/AXICommandSplit/log/runhybrid.log,True,,,11.554685363,,,,,,15,15,route_min_directed_valient,checkerboard,4,3,-1,4,,4:58.01,0,0,8000002,18000040,4.00,0,13000011,0.0000,0.0000,0.0000,8,-nan,0.0000,,0:29.97,13241,,True,False,True,0.0,14.848,14.848,0:58.25,16032,,True,False,True,0.0,12.263,12.263,1:36.48,True
752d3aaa,2019-06-30 22:15:24,AliasProp,test,Tst,1000000000.0,../gen/Tst_test/AliasProp/log/runproute.log,../gen/Tst_test/AliasProp/log/runproute.sh,../gen/Tst_test/AliasProp/plastisim/summary.csv,../gen/Tst_test/AliasProp/pir/AccelMain.scala,../gen/Tst_test/AliasProp/log/,../gen/Tst_test/AliasProp/log/gentst.log,../gen/Tst_test/AliasProp/log/maketst.log,../gen/Tst_test/AliasProp/log/runp2p.log,../gen/Tst_test/AliasProp/log/runhybrid.log,True,,,4.962801298,,,,,,15,15,route_min_directed_valient,checkerboard,4,3,-1,4,"plastiroute: graph.c:165: allocate_vcs_hops: Assertion `max_prog_id  0' failed.
",0:00.39,,,,,,,,,,,,,,,0:20.67,1,,,False,True,0.0,0.0,0.0,0:00.19,,,,False,False,,,,,False
752d3aaa,2019-06-30 22:15:24,Aliases3Dto2DTransfers,test,Tst,1000000000.0,../gen/Tst_test/Aliases3Dto2DTransfers/log/runproute.log,../gen/Tst_test/Aliases3Dto2DTransfers/log/runproute.sh,../gen/Tst_test/Aliases3Dto2DTransfers/plastisim/summary.csv,../gen/Tst_test/Aliases3Dto2DTransfers/pir/AccelMain.scala,../gen/Tst_test/Aliases3Dto2DTransfers/log/,../gen/Tst_test/Aliases3Dto2DTransfers/log/gentst.log,../gen/Tst_test/Aliases3Dto2DTransfers/log/maketst.log,../gen/Tst_test/Aliases3Dto2DTransfers/log/runp2p.log,../gen/Tst_test/Aliases3Dto2DTransfers/log/runhybrid.log,True,,,17.160947702,,,,,,15,15,route_min_directed_valient,checkerboard,4,3,-1,4,,7:08.67,0,0,0,14027431,4.50,0,7012742,0.0000,0.0000,0.0000,9,-nan,0.0000,,0:35.92,4292,,,False,True,0.0,9.543,8.589,0:21.96,11118,,,False,True,0.0,3.684,3.316,1:15.49,True
752d3aaa,2019-06-30 22:15:24,ArgInOut,test,Tst,1000000000.0,../gen/Tst_test/ArgInOut/log/runproute.log,../gen/Tst_test/ArgInOut/log/runproute.sh,../gen/Tst_test/ArgInOut/plastisim/summary.csv,../gen/Tst_test/ArgInOut/pir/AccelMain.scala,../gen/Tst_test/ArgInOut/log/,../gen/Tst_test/ArgInOut/log/gentst.log,../gen/Tst_test/ArgInOut/log/maketst.log,../gen/Tst_test/ArgInOut/log/runp2p.log,../gen/Tst_test/ArgInOut/log/runhybrid.log,True,,,5.521468272,,,,,,15,15,route_min_directed_valient,checkerboard,4,3,-1,4,,1:35.44,0,0,0,0,0.00,0,2,0.0000,0.0000,0.0000,0,-nan,0.0000,,0:21.60,14,,True,False,True,0.0,0.0,0.0,0:00.27,30,,True,False,True,0.0,0.0,0.0,0:00.33,True
752d3aaa,2019-06-30 22:15:24,BFS,test,Tst,1000000000.0,../gen/Tst_test/BFS/log/runproute.log,../gen/Tst_test/BFS/log/runproute.sh,../gen/Tst_test/BFS/plastisim/summary.csv,../gen/Tst_test/BFS/pir/AccelMain.scala,../gen/Tst_test/BFS/log/,../gen/Tst_test/BFS/log/gentst.log,../gen/Tst_test/BFS/log/maketst.log,../gen/Tst_test/BFS/log/runp2p.log,../gen/Tst_test/BFS/log/runhybrid.log,True,,"[[31merror[0m] Multiple accesses to the same memory in the same basic block will deadlock on plasticine.
",7.855602522,,,,,,15,15,,,,,,,,,,,,,,,,,,,,,,,,,,,False,False,,,,,,,,False,False,,,,,False
752d3aaa,2019-06-30 22:15:24,BFS_Bulk,test,Tst,1000000000.0,../gen/Tst_test/BFS_Bulk/log/runproute.log,../gen/Tst_test/BFS_Bulk/log/runproute.sh,../gen/Tst_test/BFS_Bulk/plastisim/summary.csv,../gen/Tst_test/BFS_Bulk/pir/AccelMain.scala,../gen/Tst_test/BFS_Bulk/log/,../gen/Tst_test/BFS_Bulk/log/gentst.log,../gen/Tst_test/BFS_Bulk/log/maketst.log,../gen/Tst_test/BFS_Bulk/log/runp2p.log,../gen/Tst_test/BFS_Bulk/log/runhybrid.log,True,,,8.372721873,,,,,,15,15,,,,,,,,,,,,,,,,,,,,,,,0:27.35,112,"Assertion fail:
",True,False,False,0.0,0.0,0.571,0:00.81,,,,False,False,,,,,False
752d3aaa,2019-06-30 22:15:24,BFS_Queue,test,Tst,1000000000.0,../gen/Tst_test/BFS_Queue/log/runproute.log,../gen/Tst_test/BFS_Queue/log/runproute.sh,../gen/Tst_test/BFS_Queue/plastisim/summary.csv,../gen/Tst_test/BFS_Queue/pir/AccelMain.scala,../gen/Tst_test/BFS_Queue/log/,../gen/Tst_test/BFS_Queue/log/gentst.log,../gen/Tst_test/BFS_Queue/log/maketst.log,../gen/Tst_test/BFS_Queue/log/runp2p.log,../gen/Tst_test/BFS_Queue/log/runhybrid.log,True,,,9.861134042,,,,,,15,15,,,,,,,,,,,,,,,,,,,,,,,0:29.21,112,"Assertion fail:
",True,False,False,0.0,0.0,0.571,0:01.46,,,,False,False,,,,,False
752d3aaa,2019-06-30 22:15:24,BTC,test,Tst,1000000000.0,../gen/Tst_test/BTC/log/runproute.log,../gen/Tst_test/BTC/log/runproute.sh,../gen/Tst_test/BTC/plastisim/summary.csv,../gen/Tst_test/BTC/pir/AccelMain.scala,../gen/Tst_test/BTC/log/,../gen/Tst_test/BTC/log/gentst.log,../gen/Tst_test/BTC/log/maketst.log,../gen/Tst_test/BTC/log/runp2p.log,../gen/Tst_test/BTC/log/runhybrid.log,True,,,,,,,,,,,,,,,,,,,,,,,,,,,,,,,,,,,,,False,False,,,,,,,,False,False,,,,,False
752d3aaa,2019-06-30 22:15:24,Backprop,test,Tst,1000000000.0,../gen/Tst_test/Backprop/log/runproute.log,../gen/Tst_test/Backprop/log/runproute.sh,../gen/Tst_test/Backprop/plastisim/summary.csv,../gen/Tst_test/Backprop/pir/AccelMain.scala,../gen/Tst_test/Backprop/log/,../gen/Tst_test/Backprop/log/gentst.log,../gen/Tst_test/Backprop/log/maketst.log,../gen/Tst_test/Backprop/log/runp2p.log,../gen/Tst_test/Backprop/log/runhybrid.log,True,,"[[31merror[0m] Not enough resource of type PMUParam1040197609,DramAGParam549728753,PCUParam236530307. Required 520. Possesed 255
",1273.777258667,"[[31merror[0m] Not enough resource of type PMUParam1040197609,DramAGParam549728753,PCUParam236530307. Required 520. Possesed 255
",,,,,15,15,,,,,,,,,,,,,,,,,,,,,,,,,,,False,False,,,,,,,,False,False,,,,,False
752d3aaa,2019-06-30 22:15:24,Bank1D,test,Tst,1000000000.0,../gen/Tst_test/Bank1D/log/runproute.log,../gen/Tst_test/Bank1D/log/runproute.sh,../gen/Tst_test/Bank1D/plastisim/summary.csv,../gen/Tst_test/Bank1D/pir/AccelMain.scala,../gen/Tst_test/Bank1D/log/,../gen/Tst_test/Bank1D/log/gentst.log,../gen/Tst_test/Bank1D/log/maketst.log,../gen/Tst_test/Bank1D/log/runp2p.log,../gen/Tst_test/Bank1D/log/runhybrid.log,True,,,27.119996947,,,,,,15,15,,,,,,,,,,,,,,,,,,,,,,,1:23.51,122,"Assertion fail:
",,False,False,0.0,6.82,0.0,0:01.24,,,,False,False,,,,,False
752d3aaa,2019-06-30 22:15:24,Bank2DSimple,test,Tst,1000000000.0,../gen/Tst_test/Bank2DSimple/log/runproute.log,../gen/Tst_test/Bank2DSimple/log/runproute.sh,../gen/Tst_test/Bank2DSimple/plastisim/summary.csv,../gen/Tst_test/Bank2DSimple/pir/AccelMain.scala,../gen/Tst_test/Bank2DSimple/log/,../gen/Tst_test/Bank2DSimple/log/gentst.log,../gen/Tst_test/Bank2DSimple/log/maketst.log,../gen/Tst_test/Bank2DSimple/log/runp2p.log,../gen/Tst_test/Bank2DSimple/log/runhybrid.log,True,,"[[31merror[0m] Not enough resource of type PMUParam1335880462,PCUParam760884516. Required 744. Possesed 225
",614.746877793,"[[31merror[0m] Not enough resource of type PMUParam1335880462,PCUParam760884516. Required 744. Possesed 225
",,,,,15,15,,,,,,,,,,,,,,,,,,,,,,,,,,,False,False,,,,,,,,False,False,,,,,False
752d3aaa,2019-06-30 22:15:24,Bank2DStrange,test,Tst,1000000000.0,../gen/Tst_test/Bank2DStrange/log/runproute.log,../gen/Tst_test/Bank2DStrange/log/runproute.sh,../gen/Tst_test/Bank2DStrange/plastisim/summary.csv,../gen/Tst_test/Bank2DStrange/pir/AccelMain.scala,../gen/Tst_test/Bank2DStrange/log/,../gen/Tst_test/Bank2DStrange/log/gentst.log,../gen/Tst_test/Bank2DStrange/log/maketst.log,../gen/Tst_test/Bank2DStrange/log/runp2p.log,../gen/Tst_test/Bank2DStrange/log/runhybrid.log,True,,"[[31merror[0m] Constrain failed on MemoryContainer339
",11.307557432,,,,,,15,15,,,,,,,,,,,,,,,,,,,,,,,,,,,False,False,,,,,,,,False,False,,,,,False
752d3aaa,2019-06-30 22:15:24,Bank4DHard,test,Tst,1000000000.0,../gen/Tst_test/Bank4DHard/log/runproute.log,../gen/Tst_test/Bank4DHard/log/runproute.sh,../gen/Tst_test/Bank4DHard/plastisim/summary.csv,../gen/Tst_test/Bank4DHard/pir/AccelMain.scala,../gen/Tst_test/Bank4DHard/log/,../gen/Tst_test/Bank4DHard/log/gentst.log,../gen/Tst_test/Bank4DHard/log/maketst.log,../gen/Tst_test/Bank4DHard/log/runp2p.log,../gen/Tst_test/Bank4DHard/log/runhybrid.log,True,,"[[31merror[0m] Constrain failed on MemoryContainer179
",6.036641172,,,,,,15,15,,,,,,,,,,,,,,,,,,,,,,,,,,,False,False,,,,,,,,False,False,,,,,False
752d3aaa,2019-06-30 22:15:24,BankLines,test,Tst,1000000000.0,../gen/Tst_test/BankLines/log/runproute.log,../gen/Tst_test/BankLines/log/runproute.sh,../gen/Tst_test/BankLines/plastisim/summary.csv,../gen/Tst_test/BankLines/pir/AccelMain.scala,../gen/Tst_test/BankLines/log/,../gen/Tst_test/BankLines/log/gentst.log,../gen/Tst_test/BankLines/log/maketst.log,../gen/Tst_test/BankLines/log/runp2p.log,../gen/Tst_test/BankLines/log/runhybrid.log,False,[error] //TODO: Plasticine does not support unbanked unrolled access at the moment. ,,,,,,,,,,,,,,,,,,,,,,,,,,,,,,,,,,,,False,False,,,,,,,,False,False,,,,,False
752d3aaa,2019-06-30 22:15:24,BankLockstep,test,Tst,1000000000.0,../gen/Tst_test/BankLockstep/log/runproute.log,../gen/Tst_test/BankLockstep/log/runproute.sh,../gen/Tst_test/BankLockstep/plastisim/summary.csv,../gen/Tst_test/BankLockstep/pir/AccelMain.scala,../gen/Tst_test/BankLockstep/log/,../gen/Tst_test/BankLockstep/log/gentst.log,../gen/Tst_test/BankLockstep/log/maketst.log,../gen/Tst_test/BankLockstep/log/runp2p.log,../gen/Tst_test/BankLockstep/log/runhybrid.log,False,[error] //TODO: Plasticine does not support unbanked unrolled access at the moment. ,,,,,,,,,,,,,,,,,,,,,,,,,,,,,,,,,,,,False,False,,,,,,,,False,False,,,,,False
752d3aaa,2019-06-30 22:15:24,BankNonbuffered,test,Tst,1000000000.0,../gen/Tst_test/BankNonbuffered/log/runproute.log,../gen/Tst_test/BankNonbuffered/log/runproute.sh,../gen/Tst_test/BankNonbuffered/plastisim/summary.csv,../gen/Tst_test/BankNonbuffered/pir/AccelMain.scala,../gen/Tst_test/BankNonbuffered/log/,../gen/Tst_test/BankNonbuffered/log/gentst.log,../gen/Tst_test/BankNonbuffered/log/maketst.log,../gen/Tst_test/BankNonbuffered/log/runp2p.log,../gen/Tst_test/BankNonbuffered/log/runhybrid.log,True,,,12.456422386,,,,,,15,15,route_min_directed_valient,checkerboard,4,3,-1,4,,5:13.91,0,0,0,841,4.50,0,397,0.0000,0.0000,0.0000,9,-nan,0.0000,,0:32.15,250,,True,False,True,0.0,0.512,1.024,0:02.26,596,,True,False,True,0.0,0.215,0.43,0:04.79,True
752d3aaa,2019-06-30 22:15:24,Bankapalooza,test,Tst,1000000000.0,../gen/Tst_test/Bankapalooza/log/runproute.log,../gen/Tst_test/Bankapalooza/log/runproute.sh,../gen/Tst_test/Bankapalooza/plastisim/summary.csv,../gen/Tst_test/Bankapalooza/pir/AccelMain.scala,../gen/Tst_test/Bankapalooza/log/,../gen/Tst_test/Bankapalooza/log/gentst.log,../gen/Tst_test/Bankapalooza/log/maketst.log,../gen/Tst_test/Bankapalooza/log/runp2p.log,../gen/Tst_test/Bankapalooza/log/runhybrid.log,False,[bug] Encountered exception while updating node,,,,,,,,,,,,,,,,,,,,,,,,,,,,,,,,,,,,False,False,,,,,,,,False,False,,,,,False
752d3aaa,2019-06-30 22:15:24,BasicBLAS,test,Tst,1000000000.0,../gen/Tst_test/BasicBLAS/log/runproute.log,../gen/Tst_test/BasicBLAS/log/runproute.sh,../gen/Tst_test/BasicBLAS/plastisim/summary.csv,../gen/Tst_test/BasicBLAS/pir/AccelMain.scala,../gen/Tst_test/BasicBLAS/log/,../gen/Tst_test/BasicBLAS/log/gentst.log,../gen/Tst_test/BasicBLAS/log/maketst.log,../gen/Tst_test/BasicBLAS/log/runp2p.log,../gen/Tst_test/BasicBLAS/log/runhybrid.log,True,,,151.843456461,,,,,,15,15,,,,,,,,,,,,,,,,,,,,,,,26:06.88,798963,"Assertion fail:
",,False,False,1.588,0.162,0.085,1:22:59,,,,False,False,,,,,False
752d3aaa,2019-06-30 22:15:24,BasicParamsV1,test,Tst,1000000000.0,../gen/Tst_test/BasicParamsV1/log/runproute.log,../gen/Tst_test/BasicParamsV1/log/runproute.sh,../gen/Tst_test/BasicParamsV1/plastisim/summary.csv,../gen/Tst_test/BasicParamsV1/pir/AccelMain.scala,../gen/Tst_test/BasicParamsV1/log/,../gen/Tst_test/BasicParamsV1/log/gentst.log,../gen/Tst_test/BasicParamsV1/log/maketst.log,../gen/Tst_test/BasicParamsV1/log/runp2p.log,../gen/Tst_test/BasicParamsV1/log/runhybrid.log,True,,,15.685289104,,,,,,15,15,,,,,,,,,,,,,,,,,,,,,,,0:39.66,,"Assertion fail:
",True,False,False,0.0,15.82,0.0,0:00.97,,,,False,False,,,,,False
752d3aaa,2019-06-30 22:15:24,BasicParamsV2,test,Tst,1000000000.0,../gen/Tst_test/BasicParamsV2/log/runproute.log,../gen/Tst_test/BasicParamsV2/log/runproute.sh,../gen/Tst_test/BasicParamsV2/plastisim/summary.csv,../gen/Tst_test/BasicParamsV2/pir/AccelMain.scala,../gen/Tst_test/BasicParamsV2/log/,../gen/Tst_test/BasicParamsV2/log/gentst.log,../gen/Tst_test/BasicParamsV2/log/maketst.log,../gen/Tst_test/BasicParamsV2/log/runp2p.log,../gen/Tst_test/BasicParamsV2/log/runhybrid.log,True,,,11.391037429,,,,,,15,15,,,,,,,,,,,,,,,,,,,,,,,0:27.49,352,"Assertion fail:
",True,False,False,0.0,16.0,0.0,0:02.26,,,,False,False,,,,,False
752d3aaa,2019-06-30 22:15:24,BasicParamsV3,test,Tst,1000000000.0,../gen/Tst_test/BasicParamsV3/log/runproute.log,../gen/Tst_test/BasicParamsV3/log/runproute.sh,../gen/Tst_test/BasicParamsV3/plastisim/summary.csv,../gen/Tst_test/BasicParamsV3/pir/AccelMain.scala,../gen/Tst_test/BasicParamsV3/log/,../gen/Tst_test/BasicParamsV3/log/gentst.log,../gen/Tst_test/BasicParamsV3/log/maketst.log,../gen/Tst_test/BasicParamsV3/log/runp2p.log,../gen/Tst_test/BasicParamsV3/log/runhybrid.log,True,,,23.97947129,,,,,,15,15,,,,,,,,,,,,,,,,,,,,,,,1:02.86,,"Assertion fail:
",True,False,False,0.0,24.615,0.0,0:01.06,,,,False,False,,,,,False
752d3aaa,2019-06-30 22:15:24,BinaryFileIO,test,Tst,1000000000.0,../gen/Tst_test/BinaryFileIO/log/runproute.log,../gen/Tst_test/BinaryFileIO/log/runproute.sh,../gen/Tst_test/BinaryFileIO/plastisim/summary.csv,../gen/Tst_test/BinaryFileIO/pir/AccelMain.scala,../gen/Tst_test/BinaryFileIO/log/,../gen/Tst_test/BinaryFileIO/log/gentst.log,../gen/Tst_test/BinaryFileIO/log/maketst.log,../gen/Tst_test/BinaryFileIO/log/runp2p.log,../gen/Tst_test/BinaryFileIO/log/runhybrid.log,True,,,4.67041381,,,,,,15,15,route_min_directed_valient,checkerboard,4,3,-1,4,"plastiroute: graph.c:165: allocate_vcs_hops: Assertion `max_prog_id  0' failed.
",0:00.35,,,,,,,,,,,,,,,0:29.17,1,,,False,True,0.0,0.0,0.0,0:00.20,,,,False,False,,,,,False
752d3aaa,2019-06-30 22:15:24,BitSelects,test,Tst,1000000000.0,../gen/Tst_test/BitSelects/log/runproute.log,../gen/Tst_test/BitSelects/log/runproute.sh,../gen/Tst_test/BitSelects/plastisim/summary.csv,../gen/Tst_test/BitSelects/pir/AccelMain.scala,../gen/Tst_test/BitSelects/log/,../gen/Tst_test/BitSelects/log/gentst.log,../gen/Tst_test/BitSelects/log/maketst.log,../gen/Tst_test/BitSelects/log/runp2p.log,../gen/Tst_test/BitSelects/log/runhybrid.log,True,,,,,,,,,,,,,,,,,,,,,,,,,,,,,,,,,,,,,False,False,,,,,,,,False,False,,,,,False
752d3aaa,2019-06-30 22:15:24,BlackScholes,test,Tst,1000000000.0,../gen/Tst_test/BlackScholes/log/runproute.log,../gen/Tst_test/BlackScholes/log/runproute.sh,../gen/Tst_test/BlackScholes/plastisim/summary.csv,../gen/Tst_test/BlackScholes/pir/AccelMain.scala,../gen/Tst_test/BlackScholes/log/,../gen/Tst_test/BlackScholes/log/gentst.log,../gen/Tst_test/BlackScholes/log/maketst.log,../gen/Tst_test/BlackScholes/log/runp2p.log,../gen/Tst_test/BlackScholes/log/runhybrid.log,True,,,45.130607154,,,,,,15,15,,,,,,,,,,,,,,,,,,,,,,"src/Context1014.h:140:55: error: invalid operands of types â€˜bool [4]â€™ and â€˜boolâ€™ to binary â€˜operator&â€™
",0:09.29,,,,False,False,,,,,,,,False,False,,,,,False
752d3aaa,2019-06-30 22:15:24,Blur,test,Tst,1000000000.0,../gen/Tst_test/Blur/log/runproute.log,../gen/Tst_test/Blur/log/runproute.sh,../gen/Tst_test/Blur/plastisim/summary.csv,../gen/Tst_test/Blur/pir/AccelMain.scala,../gen/Tst_test/Blur/log/,../gen/Tst_test/Blur/log/gentst.log,../gen/Tst_test/Blur/log/maketst.log,../gen/Tst_test/Blur/log/runp2p.log,../gen/Tst_test/Blur/log/runhybrid.log,False,[bug] Encountered exception while updating node,,,,,,,,,,,,,,,,,,,,,,,,,,,,,,,,,,,,False,False,,,,,,,,False,False,,,,,False
752d3aaa,2019-06-30 22:15:24,Break,test,Tst,1000000000.0,../gen/Tst_test/Break/log/runproute.log,../gen/Tst_test/Break/log/runproute.sh,../gen/Tst_test/Break/plastisim/summary.csv,../gen/Tst_test/Break/pir/AccelMain.scala,../gen/Tst_test/Break/log/,../gen/Tst_test/Break/log/gentst.log,../gen/Tst_test/Break/log/maketst.log,../gen/Tst_test/Break/log/runp2p.log,../gen/Tst_test/Break/log/runhybrid.log,True,,"[[31merror[0m] 15-MemoryLowering throw java.util.NoSuchElementException: head of empty list
",7.058364853,,,,,,15,15,,,,,,,,,,,,,,,,,,,,,,,,,,,False,False,,,,,,,,False,False,,,,,False
752d3aaa,2019-06-30 22:15:24,Breakpoint,test,Tst,1000000000.0,../gen/Tst_test/Breakpoint/log/runproute.log,../gen/Tst_test/Breakpoint/log/runproute.sh,../gen/Tst_test/Breakpoint/plastisim/summary.csv,../gen/Tst_test/Breakpoint/pir/AccelMain.scala,../gen/Tst_test/Breakpoint/log/,../gen/Tst_test/Breakpoint/log/gentst.log,../gen/Tst_test/Breakpoint/log/maketst.log,../gen/Tst_test/Breakpoint/log/runp2p.log,../gen/Tst_test/Breakpoint/log/runhybrid.log,True,,"[0m[[0m[31merror[0m] [0m[0m/local/ssd/home/yaqiz/spatial/gen/Tst_test/Breakpoint/pir/AccelMain.scala:67:38: not found: value x131[0m
",,,,,,,,,,,,,,,,,,,,,,,,,,,,,,,,,,,False,False,,,,,,,,False,False,,,,,False
752d3aaa,2019-06-30 22:15:24,Broadcast,test,Tst,1000000000.0,../gen/Tst_test/Broadcast/log/runproute.log,../gen/Tst_test/Broadcast/log/runproute.sh,../gen/Tst_test/Broadcast/plastisim/summary.csv,../gen/Tst_test/Broadcast/pir/AccelMain.scala,../gen/Tst_test/Broadcast/log/,../gen/Tst_test/Broadcast/log/gentst.log,../gen/Tst_test/Broadcast/log/maketst.log,../gen/Tst_test/Broadcast/log/runp2p.log,../gen/Tst_test/Broadcast/log/runhybrid.log,True,,,18.468320564,,,,,,15,15,route_min_directed_valient,checkerboard,4,3,-1,4,,6:39.59,0,0,15872,5755,4.50,0,12148,0.0000,0.0000,0.0000,9,-nan,0.0000,,0:38.58,3192,,,False,True,0.0,0.642,0.321,0:22.47,5028,,,False,True,0.0,0.407,0.204,0:33.56,True
752d3aaa,2019-06-30 22:15:24,BroadcastRandom,test,Tst,1000000000.0,../gen/Tst_test/BroadcastRandom/log/runproute.log,../gen/Tst_test/BroadcastRandom/log/runproute.sh,../gen/Tst_test/BroadcastRandom/plastisim/summary.csv,../gen/Tst_test/BroadcastRandom/pir/AccelMain.scala,../gen/Tst_test/BroadcastRandom/log/,../gen/Tst_test/BroadcastRandom/log/gentst.log,../gen/Tst_test/BroadcastRandom/log/maketst.log,../gen/Tst_test/BroadcastRandom/log/runp2p.log,../gen/Tst_test/BroadcastRandom/log/runhybrid.log,False,[bug] Encountered exception while updating node,,,,,,,,,,,,,,,,,,,,,,,,,,,,,,,,,,,,False,False,,,,,,,,False,False,,,,,False
752d3aaa,2019-06-30 22:15:24,BroadcastStressTest,test,Tst,1000000000.0,../gen/Tst_test/BroadcastStressTest/log/runproute.log,../gen/Tst_test/BroadcastStressTest/log/runproute.sh,../gen/Tst_test/BroadcastStressTest/plastisim/summary.csv,../gen/Tst_test/BroadcastStressTest/pir/AccelMain.scala,../gen/Tst_test/BroadcastStressTest/log/,../gen/Tst_test/BroadcastStressTest/log/gentst.log,../gen/Tst_test/BroadcastStressTest/log/maketst.log,../gen/Tst_test/BroadcastStressTest/log/runp2p.log,../gen/Tst_test/BroadcastStressTest/log/runhybrid.log,False,[bug] Encountered exception while updating node,,,,,,,,,,,,,,,,,,,,,,,,,,,,,,,,,,,,False,False,,,,,,,,False,False,,,,,False
752d3aaa,2019-06-30 22:15:24,BufferHazard,test,Tst,1000000000.0,../gen/Tst_test/BufferHazard/log/runproute.log,../gen/Tst_test/BufferHazard/log/runproute.sh,../gen/Tst_test/BufferHazard/plastisim/summary.csv,../gen/Tst_test/BufferHazard/pir/AccelMain.scala,../gen/Tst_test/BufferHazard/log/,../gen/Tst_test/BufferHazard/log/gentst.log,../gen/Tst_test/BufferHazard/log/maketst.log,../gen/Tst_test/BufferHazard/log/runp2p.log,../gen/Tst_test/BufferHazard/log/runhybrid.log,True,,,18.839926054,,,,,,15,15,route_min_directed_valient,checkerboard,4,3,-1,4,,6:10.19,0,0,0,17005452,4.00,0,7002973,0.0000,0.0000,0.0000,8,-nan,0.0000,,0:38.99,1339,,True,False,True,0.0,0.43,0.382,0:08.00,3428,,True,False,True,0.0,0.168,0.149,0:20.85,True
752d3aaa,2019-06-30 22:15:24,BufferRecalc,test,Tst,1000000000.0,../gen/Tst_test/BufferRecalc/log/runproute.log,../gen/Tst_test/BufferRecalc/log/runproute.sh,../gen/Tst_test/BufferRecalc/plastisim/summary.csv,../gen/Tst_test/BufferRecalc/pir/AccelMain.scala,../gen/Tst_test/BufferRecalc/log/,../gen/Tst_test/BufferRecalc/log/gentst.log,../gen/Tst_test/BufferRecalc/log/maketst.log,../gen/Tst_test/BufferRecalc/log/runp2p.log,../gen/Tst_test/BufferRecalc/log/runhybrid.log,True,,,9.136758697,,,,,,15,15,route_min_directed_valient,checkerboard,4,3,-1,4,,3:18.51,0,0,0,175,3.50,0,102,0.0000,0.0000,0.0000,7,-nan,0.0000,,0:27.68,167,,,False,True,0.0,0.0,0.766,0:01.14,289,,,False,True,0.0,0.0,0.443,0:01.97,True
752d3aaa,2019-06-30 22:15:24,BufferedWrite,test,Tst,1000000000.0,../gen/Tst_test/BufferedWrite/log/runproute.log,../gen/Tst_test/BufferedWrite/log/runproute.sh,../gen/Tst_test/BufferedWrite/plastisim/summary.csv,../gen/Tst_test/BufferedWrite/pir/AccelMain.scala,../gen/Tst_test/BufferedWrite/log/,../gen/Tst_test/BufferedWrite/log/gentst.log,../gen/Tst_test/BufferedWrite/log/maketst.log,../gen/Tst_test/BufferedWrite/log/runp2p.log,../gen/Tst_test/BufferedWrite/log/runhybrid.log,True,,"[0m[[0m[31merror[0m] [0m[0m/local/ssd/home/yaqiz/spatial/gen/Tst_test/BufferedWrite/pir/AccelMain.scala:94:29: not found: value RegReset[0m
",,,,,,,,,,,,,,,,,,,,,,,,,,,,,,,,,,,False,False,,,,,,,,False,False,,,,,False
752d3aaa,2019-06-30 22:15:24,BufferedWrite2,test,Tst,1000000000.0,../gen/Tst_test/BufferedWrite2/log/runproute.log,../gen/Tst_test/BufferedWrite2/log/runproute.sh,../gen/Tst_test/BufferedWrite2/plastisim/summary.csv,../gen/Tst_test/BufferedWrite2/pir/AccelMain.scala,../gen/Tst_test/BufferedWrite2/log/,../gen/Tst_test/BufferedWrite2/log/gentst.log,../gen/Tst_test/BufferedWrite2/log/maketst.log,../gen/Tst_test/BufferedWrite2/log/runp2p.log,../gen/Tst_test/BufferedWrite2/log/runhybrid.log,True,,,15.767432439,,,,,,15,15,route_min_directed_valient,checkerboard,4,3,-1,4,,4:48.24,0,0,0,7002923,4.50,0,5002632,0.0000,0.0000,0.0000,9,-nan,0.0000,,0:36.32,4328,,True,False,True,0.0,0.355,0.887,0:26.65,11448,,True,False,True,0.0,0.134,0.335,1:12.02,True
752d3aaa,2019-06-30 22:15:24,CLITest,test,Tst,1000000000.0,../gen/Tst_test/CLITest/log/runproute.log,../gen/Tst_test/CLITest/log/runproute.sh,../gen/Tst_test/CLITest/plastisim/summary.csv,../gen/Tst_test/CLITest/pir/AccelMain.scala,../gen/Tst_test/CLITest/log/,../gen/Tst_test/CLITest/log/gentst.log,../gen/Tst_test/CLITest/log/maketst.log,../gen/Tst_test/CLITest/log/runp2p.log,../gen/Tst_test/CLITest/log/runhybrid.log,True,,,4.938622507,,,,,,15,15,,,,,,,,,,,,,,,,,,,,,,,0:12.34,,,,False,False,,,,0:00.01,,,,False,False,,,,,False
752d3aaa,2019-06-30 22:15:24,CSVFileIO,test,Tst,1000000000.0,../gen/Tst_test/CSVFileIO/log/runproute.log,../gen/Tst_test/CSVFileIO/log/runproute.sh,../gen/Tst_test/CSVFileIO/plastisim/summary.csv,../gen/Tst_test/CSVFileIO/pir/AccelMain.scala,../gen/Tst_test/CSVFileIO/log/,../gen/Tst_test/CSVFileIO/log/gentst.log,../gen/Tst_test/CSVFileIO/log/maketst.log,../gen/Tst_test/CSVFileIO/log/runp2p.log,../gen/Tst_test/CSVFileIO/log/runhybrid.log,True,,,4.526469527,,,,,,15,15,route_min_directed_valient,checkerboard,4,3,-1,4,"plastiroute: graph.c:165: allocate_vcs_hops: Assertion `max_prog_id  0' failed.
",0:00.32,,,,,,,,,,,,,,,0:21.16,1,,,False,True,0.0,0.0,0.0,0:00.17,,,,False,False,,,,,False
752d3aaa,2019-06-30 22:15:24,CatTest,test,Tst,1000000000.0,../gen/Tst_test/CatTest/log/runproute.log,../gen/Tst_test/CatTest/log/runproute.sh,../gen/Tst_test/CatTest/plastisim/summary.csv,../gen/Tst_test/CatTest/pir/AccelMain.scala,../gen/Tst_test/CatTest/log/,../gen/Tst_test/CatTest/log/gentst.log,../gen/Tst_test/CatTest/log/maketst.log,../gen/Tst_test/CatTest/log/runp2p.log,../gen/Tst_test/CatTest/log/runhybrid.log,True,,,,,,,,,,,,,,,,,,,,,,,,,,,,,,,,,,,,,False,False,,,,,,,,False,False,,,,,False
752d3aaa,2019-06-30 22:15:24,ChangingCtrBounds,test,Tst,1000000000.0,../gen/Tst_test/ChangingCtrBounds/log/runproute.log,../gen/Tst_test/ChangingCtrBounds/log/runproute.sh,../gen/Tst_test/ChangingCtrBounds/plastisim/summary.csv,../gen/Tst_test/ChangingCtrBounds/pir/AccelMain.scala,../gen/Tst_test/ChangingCtrBounds/log/,../gen/Tst_test/ChangingCtrBounds/log/gentst.log,../gen/Tst_test/ChangingCtrBounds/log/maketst.log,../gen/Tst_test/ChangingCtrBounds/log/runp2p.log,../gen/Tst_test/ChangingCtrBounds/log/runhybrid.log,True,,,15.615546017,,,,,,15,15,route_min_directed_valient,checkerboard,4,3,-1,4,,6:06.82,0,0,0,17002684,4.00,0,14000883,0.0000,0.0000,0.0000,8,-nan,0.0000,,0:37.38,742,,,False,True,0.0,1.38,1.38,0:05.76,1814,,,False,True,0.0,0.564,0.564,0:12.74,True
752d3aaa,2019-06-30 22:15:24,ChangingCtrMax,test,Tst,1000000000.0,../gen/Tst_test/ChangingCtrMax/log/runproute.log,../gen/Tst_test/ChangingCtrMax/log/runproute.sh,../gen/Tst_test/ChangingCtrMax/plastisim/summary.csv,../gen/Tst_test/ChangingCtrMax/pir/AccelMain.scala,../gen/Tst_test/ChangingCtrMax/log/,../gen/Tst_test/ChangingCtrMax/log/gentst.log,../gen/Tst_test/ChangingCtrMax/log/maketst.log,../gen/Tst_test/ChangingCtrMax/log/runp2p.log,../gen/Tst_test/ChangingCtrMax/log/runhybrid.log,True,,,8.830249047,,,,,,15,15,route_min_directed_valient,checkerboard,4,3,-1,4,,3:15.12,0,0,3,1000016,3.50,0,1000008,0.0000,0.0000,0.0000,7,-nan,0.0000,,0:26.85,202,,,False,True,0.0,0.0,0.317,0:01.76,299,,,False,True,0.0,0.0,0.214,0:02.42,True
752d3aaa,2019-06-30 22:15:24,ChangingCtrMax2,test,Tst,1000000000.0,../gen/Tst_test/ChangingCtrMax2/log/runproute.log,../gen/Tst_test/ChangingCtrMax2/log/runproute.sh,../gen/Tst_test/ChangingCtrMax2/plastisim/summary.csv,../gen/Tst_test/ChangingCtrMax2/pir/AccelMain.scala,../gen/Tst_test/ChangingCtrMax2/log/,../gen/Tst_test/ChangingCtrMax2/log/gentst.log,../gen/Tst_test/ChangingCtrMax2/log/maketst.log,../gen/Tst_test/ChangingCtrMax2/log/runp2p.log,../gen/Tst_test/ChangingCtrMax2/log/runhybrid.log,True,,"[[31merror[0m] 54-TungstenPIRGen throw java.lang.AssertionError: assertion failed: Not exactly one element in List() for RegAccumOp128.InputField1612041888_input.T=Node[_]
",10.82925182,,,,,,15,15,,,,,,,,,,,,,,,,,,,,,,,,,,,False,False,,,,,,,,False,False,,,,,False
752d3aaa,2019-06-30 22:15:24,CompactingFIFO,test,Tst,1000000000.0,../gen/Tst_test/CompactingFIFO/log/runproute.log,../gen/Tst_test/CompactingFIFO/log/runproute.sh,../gen/Tst_test/CompactingFIFO/plastisim/summary.csv,../gen/Tst_test/CompactingFIFO/pir/AccelMain.scala,../gen/Tst_test/CompactingFIFO/log/,../gen/Tst_test/CompactingFIFO/log/gentst.log,../gen/Tst_test/CompactingFIFO/log/maketst.log,../gen/Tst_test/CompactingFIFO/log/runp2p.log,../gen/Tst_test/CompactingFIFO/log/runhybrid.log,True,,,9.903546081,,,,,,15,15,,,,,,,,,,,,,,,,,,,,,,"src/Context139.h:81:46: error: invalid operands of types â€˜bool [4]â€™ and â€˜boolâ€™ to binary â€˜operator&â€™
",0:06.95,,,,False,False,,,,,,,,False,False,,,,,False
752d3aaa,2019-06-30 22:15:24,ComplicatedMuxPort,test,Tst,1000000000.0,../gen/Tst_test/ComplicatedMuxPort/log/runproute.log,../gen/Tst_test/ComplicatedMuxPort/log/runproute.sh,../gen/Tst_test/ComplicatedMuxPort/plastisim/summary.csv,../gen/Tst_test/ComplicatedMuxPort/pir/AccelMain.scala,../gen/Tst_test/ComplicatedMuxPort/log/,../gen/Tst_test/ComplicatedMuxPort/log/gentst.log,../gen/Tst_test/ComplicatedMuxPort/log/maketst.log,../gen/Tst_test/ComplicatedMuxPort/log/runp2p.log,../gen/Tst_test/ComplicatedMuxPort/log/runhybrid.log,True,,,12.597537857,,,,,,15,15,route_min_directed_valient,checkerboard,4,3,-1,4,,4:03.16,0,0,18240,18888,3.50,0,20002,0.0000,0.0000,0.0000,7,-nan,0.0000,,0:29.47,2962,,,False,True,0.0,0.0,3.457,0:21.62,8233,,,False,True,0.0,0.0,1.244,0:52.93,True
752d3aaa,2019-06-30 22:15:24,ControlEnable,test,Tst,1000000000.0,../gen/Tst_test/ControlEnable/log/runproute.log,../gen/Tst_test/ControlEnable/log/runproute.sh,../gen/Tst_test/ControlEnable/plastisim/summary.csv,../gen/Tst_test/ControlEnable/pir/AccelMain.scala,../gen/Tst_test/ControlEnable/log/,../gen/Tst_test/ControlEnable/log/gentst.log,../gen/Tst_test/ControlEnable/log/maketst.log,../gen/Tst_test/ControlEnable/log/runp2p.log,../gen/Tst_test/ControlEnable/log/runhybrid.log,True,,,11.925883003,,,,,,15,15,,,,,,,,,,,,,,,,,,,,,,,0:31.61,10210,"Assertion fail:
",,True,False,0.0,0.05,0.0,0:51.60,,,,False,False,,,,,False
752d3aaa,2019-06-30 22:15:24,Convolution,test,Tst,1000000000.0,../gen/Tst_test/Convolution/log/runproute.log,../gen/Tst_test/Convolution/log/runproute.sh,../gen/Tst_test/Convolution/plastisim/summary.csv,../gen/Tst_test/Convolution/pir/AccelMain.scala,../gen/Tst_test/Convolution/log/,../gen/Tst_test/Convolution/log/gentst.log,../gen/Tst_test/Convolution/log/maketst.log,../gen/Tst_test/Convolution/log/runp2p.log,../gen/Tst_test/Convolution/log/runhybrid.log,True,,,132.709248647,,,,,,15,15,route_min_directed_valient,checkerboard,4,3,-1,4,"plastiroute: move.c:215: assign_node_directed: Assertion `c_node' failed.
",0:00.42,,,,,,,,,,,,,,,54:09.42,920743,,True,False,True,1.532,0.1,0.004,1:17:19,,,,False,False,,,,,False
752d3aaa,2019-06-30 22:15:24,ConvolutionFlat,test,Tst,1000000000.0,../gen/Tst_test/ConvolutionFlat/log/runproute.log,../gen/Tst_test/ConvolutionFlat/log/runproute.sh,../gen/Tst_test/ConvolutionFlat/plastisim/summary.csv,../gen/Tst_test/ConvolutionFlat/pir/AccelMain.scala,../gen/Tst_test/ConvolutionFlat/log/,../gen/Tst_test/ConvolutionFlat/log/gentst.log,../gen/Tst_test/ConvolutionFlat/log/maketst.log,../gen/Tst_test/ConvolutionFlat/log/runp2p.log,../gen/Tst_test/ConvolutionFlat/log/runhybrid.log,True,,"[[31merror[0m] Multiple accesses to the same memory in the same basic block will deadlock on plasticine.
",13.746870664,,,,,,15,15,,,,,,,,,,,,,,,,,,,,,,,,,,,False,False,,,,,,,,False,False,,,,,False
752d3aaa,2019-06-30 22:15:24,ConvolutionFlatSRAM,test,Tst,1000000000.0,../gen/Tst_test/ConvolutionFlatSRAM/log/runproute.log,../gen/Tst_test/ConvolutionFlatSRAM/log/runproute.sh,../gen/Tst_test/ConvolutionFlatSRAM/plastisim/summary.csv,../gen/Tst_test/ConvolutionFlatSRAM/pir/AccelMain.scala,../gen/Tst_test/ConvolutionFlatSRAM/log/,../gen/Tst_test/ConvolutionFlatSRAM/log/gentst.log,../gen/Tst_test/ConvolutionFlatSRAM/log/maketst.log,../gen/Tst_test/ConvolutionFlatSRAM/log/runp2p.log,../gen/Tst_test/ConvolutionFlatSRAM/log/runhybrid.log,True,,"[[31merror[0m] Multiple accesses to the same memory in the same basic block will deadlock on plasticine.
",15.331855016,,,,,,15,15,,,,,,,,,,,,,,,,,,,,,,,,,,,False,False,,,,,,,,False,False,,,,,False
752d3aaa,2019-06-30 22:15:24,ConvolutionStream,test,Tst,1000000000.0,../gen/Tst_test/ConvolutionStream/log/runproute.log,../gen/Tst_test/ConvolutionStream/log/runproute.sh,../gen/Tst_test/ConvolutionStream/plastisim/summary.csv,../gen/Tst_test/ConvolutionStream/pir/AccelMain.scala,../gen/Tst_test/ConvolutionStream/log/,../gen/Tst_test/ConvolutionStream/log/gentst.log,../gen/Tst_test/ConvolutionStream/log/maketst.log,../gen/Tst_test/ConvolutionStream/log/runp2p.log,../gen/Tst_test/ConvolutionStream/log/runhybrid.log,True,,,134.509042155,,,,,,15,15,,,,,,,,,,,,,,,,,,,,,,,53:33.83,,"Assertion fail:
",True,False,False,0.0,1.217,0.0,4:38.59,,,,False,False,,,,,False
752d3aaa,2019-06-30 22:15:24,ConvolutionStreamFlat,test,Tst,1000000000.0,../gen/Tst_test/ConvolutionStreamFlat/log/runproute.log,../gen/Tst_test/ConvolutionStreamFlat/log/runproute.sh,../gen/Tst_test/ConvolutionStreamFlat/plastisim/summary.csv,../gen/Tst_test/ConvolutionStreamFlat/pir/AccelMain.scala,../gen/Tst_test/ConvolutionStreamFlat/log/,../gen/Tst_test/ConvolutionStreamFlat/log/gentst.log,../gen/Tst_test/ConvolutionStreamFlat/log/maketst.log,../gen/Tst_test/ConvolutionStreamFlat/log/runp2p.log,../gen/Tst_test/ConvolutionStreamFlat/log/runhybrid.log,True,,"[[31merror[0m] Multiple accesses to the same memory in the same basic block will deadlock on plasticine.
",14.1376887,,,,,,15,15,,,,,,,,,,,,,,,,,,,,,,,,,,,False,False,,,,,,,,False,False,,,,,False
752d3aaa,2019-06-30 22:15:24,ConvolutionStreamReclaim,test,Tst,1000000000.0,../gen/Tst_test/ConvolutionStreamReclaim/log/runproute.log,../gen/Tst_test/ConvolutionStreamReclaim/log/runproute.sh,../gen/Tst_test/ConvolutionStreamReclaim/plastisim/summary.csv,../gen/Tst_test/ConvolutionStreamReclaim/pir/AccelMain.scala,../gen/Tst_test/ConvolutionStreamReclaim/log/,../gen/Tst_test/ConvolutionStreamReclaim/log/gentst.log,../gen/Tst_test/ConvolutionStreamReclaim/log/maketst.log,../gen/Tst_test/ConvolutionStreamReclaim/log/runp2p.log,../gen/Tst_test/ConvolutionStreamReclaim/log/runhybrid.log,True,,"[[31merror[0m] 15-MemoryLowering throw scala.MatchError: OpDef287 (of class pir.node.OpDef)
",18.578060825,,,,,,15,15,,,,,,,,,,,,,,,,,,,,,,,,,,,False,False,,,,,,,,False,False,,,,,False
752d3aaa,2019-06-30 22:15:24,ConvolutionStreamReclaimFlat,test,Tst,1000000000.0,../gen/Tst_test/ConvolutionStreamReclaimFlat/log/runproute.log,../gen/Tst_test/ConvolutionStreamReclaimFlat/log/runproute.sh,../gen/Tst_test/ConvolutionStreamReclaimFlat/plastisim/summary.csv,../gen/Tst_test/ConvolutionStreamReclaimFlat/pir/AccelMain.scala,../gen/Tst_test/ConvolutionStreamReclaimFlat/log/,../gen/Tst_test/ConvolutionStreamReclaimFlat/log/gentst.log,../gen/Tst_test/ConvolutionStreamReclaimFlat/log/maketst.log,../gen/Tst_test/ConvolutionStreamReclaimFlat/log/runp2p.log,../gen/Tst_test/ConvolutionStreamReclaimFlat/log/runhybrid.log,True,,"[[31merror[0m] Multiple accesses to the same memory in the same basic block will deadlock on plasticine.
",17.098367331,,,,,,15,15,,,,,,,,,,,,,,,,,,,,,,,,,,,False,False,,,,,,,,False,False,,,,,False
752d3aaa,2019-06-30 22:15:24,Convolution_FPGA,test,Tst,1000000000.0,../gen/Tst_test/Convolution_FPGA/log/runproute.log,../gen/Tst_test/Convolution_FPGA/log/runproute.sh,../gen/Tst_test/Convolution_FPGA/plastisim/summary.csv,../gen/Tst_test/Convolution_FPGA/pir/AccelMain.scala,../gen/Tst_test/Convolution_FPGA/log/,../gen/Tst_test/Convolution_FPGA/log/gentst.log,../gen/Tst_test/Convolution_FPGA/log/maketst.log,../gen/Tst_test/Convolution_FPGA/log/runp2p.log,../gen/Tst_test/Convolution_FPGA/log/runhybrid.log,True,,"[0m[[0m[31merror[0m] [0m[0m/local/ssd/home/yaqiz/spatial/gen/Tst_test/Convolution_FPGA/pir/AccelMain.scala:144:29: not found: value x530[0m
",,,,,,,,,,,,,,,,,,,,,,,,,,,,,,,,,,,False,False,,,,,,,,False,False,,,,,False
752d3aaa,2019-06-30 22:15:24,Convolution_FPGA2,test,Tst,1000000000.0,../gen/Tst_test/Convolution_FPGA2/log/runproute.log,../gen/Tst_test/Convolution_FPGA2/log/runproute.sh,../gen/Tst_test/Convolution_FPGA2/plastisim/summary.csv,../gen/Tst_test/Convolution_FPGA2/pir/AccelMain.scala,../gen/Tst_test/Convolution_FPGA2/log/,../gen/Tst_test/Convolution_FPGA2/log/gentst.log,../gen/Tst_test/Convolution_FPGA2/log/maketst.log,../gen/Tst_test/Convolution_FPGA2/log/runp2p.log,../gen/Tst_test/Convolution_FPGA2/log/runhybrid.log,True,,"[0m[[0m[31merror[0m] [0m[0m/local/ssd/home/yaqiz/spatial/gen/Tst_test/Convolution_FPGA2/pir/AccelMain.scala:153:29: not found: value x624[0m
",,,,,,,,,,,,,,,,,,,,,,,,,,,,,,,,,,,False,False,,,,,,,,False,False,,,,,False
752d3aaa,2019-06-30 22:15:24,Convolutions,test,Tst,1000000000.0,../gen/Tst_test/Convolutions/log/runproute.log,../gen/Tst_test/Convolutions/log/runproute.sh,../gen/Tst_test/Convolutions/plastisim/summary.csv,../gen/Tst_test/Convolutions/pir/AccelMain.scala,../gen/Tst_test/Convolutions/log/,../gen/Tst_test/Convolutions/log/gentst.log,../gen/Tst_test/Convolutions/log/maketst.log,../gen/Tst_test/Convolutions/log/runp2p.log,../gen/Tst_test/Convolutions/log/runhybrid.log,True,,,45.394612132,,,,,,15,15,route_min_directed_valient,checkerboard,4,3,-1,4,,1:23:39,0,239,0,1755003904,15.52,3,177000096,0.0000,0.0001,0.0000,31,39.68,0.0000,,2:31.21,555190,,True,False,True,8.613,5.176,0.005,28:43.20,,"Assertion fail:
",,False,False,0.0,0.0,0.0,0:02.03,False
752d3aaa,2019-06-30 22:15:24,CounterRemovalOnRewrite,test,Tst,1000000000.0,../gen/Tst_test/CounterRemovalOnRewrite/log/runproute.log,../gen/Tst_test/CounterRemovalOnRewrite/log/runproute.sh,../gen/Tst_test/CounterRemovalOnRewrite/plastisim/summary.csv,../gen/Tst_test/CounterRemovalOnRewrite/pir/AccelMain.scala,../gen/Tst_test/CounterRemovalOnRewrite/log/,../gen/Tst_test/CounterRemovalOnRewrite/log/gentst.log,../gen/Tst_test/CounterRemovalOnRewrite/log/maketst.log,../gen/Tst_test/CounterRemovalOnRewrite/log/runp2p.log,../gen/Tst_test/CounterRemovalOnRewrite/log/runhybrid.log,True,,,5.479755839,,,,,,15,15,route_min_directed_valient,checkerboard,4,3,-1,4,"plastiroute: graph.c:165: allocate_vcs_hops: Assertion `max_prog_id  0' failed.
",0:00.37,,,,,,,,,,,,,,,0:20.65,1,,,False,True,0.0,0.0,0.0,0:00.22,,,,False,False,,,,,False
752d3aaa,2019-06-30 22:15:24,CounterRemovalOnUnroll,test,Tst,1000000000.0,../gen/Tst_test/CounterRemovalOnUnroll/log/runproute.log,../gen/Tst_test/CounterRemovalOnUnroll/log/runproute.sh,../gen/Tst_test/CounterRemovalOnUnroll/plastisim/summary.csv,../gen/Tst_test/CounterRemovalOnUnroll/pir/AccelMain.scala,../gen/Tst_test/CounterRemovalOnUnroll/log/,../gen/Tst_test/CounterRemovalOnUnroll/log/gentst.log,../gen/Tst_test/CounterRemovalOnUnroll/log/maketst.log,../gen/Tst_test/CounterRemovalOnUnroll/log/runp2p.log,../gen/Tst_test/CounterRemovalOnUnroll/log/runhybrid.log,True,,,7.148565923,,,,,,15,15,route_min_directed_valient,checkerboard,4,3,-1,4,,1:48.66,0,0,1,2,0.50,0,4,0.0000,0.0000,0.0000,1,-nan,0.0000,,0:26.19,26,,,False,True,0.0,0.0,0.0,0:00.42,60,,,False,True,0.0,0.0,0.0,0:00.47,True
752d3aaa,2019-06-30 22:15:24,CrossRead,test,Tst,1000000000.0,../gen/Tst_test/CrossRead/log/runproute.log,../gen/Tst_test/CrossRead/log/runproute.sh,../gen/Tst_test/CrossRead/plastisim/summary.csv,../gen/Tst_test/CrossRead/pir/AccelMain.scala,../gen/Tst_test/CrossRead/log/,../gen/Tst_test/CrossRead/log/gentst.log,../gen/Tst_test/CrossRead/log/maketst.log,../gen/Tst_test/CrossRead/log/runp2p.log,../gen/Tst_test/CrossRead/log/runhybrid.log,True,,"[[31merror[0m] 04-GraphInitialization throw [pir] Don't know how to infer vec of BankedRead30
",3.744023109,,,,,,15,15,,,,,,,,,,,,,,,,,,,,,,,,,,,False,False,,,,,,,,False,False,,,,,False
752d3aaa,2019-06-30 22:15:24,CtrCopyChunking,test,Tst,1000000000.0,../gen/Tst_test/CtrCopyChunking/log/runproute.log,../gen/Tst_test/CtrCopyChunking/log/runproute.sh,../gen/Tst_test/CtrCopyChunking/plastisim/summary.csv,../gen/Tst_test/CtrCopyChunking/pir/AccelMain.scala,../gen/Tst_test/CtrCopyChunking/log/,../gen/Tst_test/CtrCopyChunking/log/gentst.log,../gen/Tst_test/CtrCopyChunking/log/maketst.log,../gen/Tst_test/CtrCopyChunking/log/runp2p.log,../gen/Tst_test/CtrCopyChunking/log/runhybrid.log,True,,,9.410472702,,,,,,15,15,route_min_directed_valient,checkerboard,4,3,-1,4,"plastiroute: graph.c:165: allocate_vcs_hops: Assertion `max_prog_id  0' failed.
",0:00.32,,,,,,,,,,,,,,,0:20.46,1,,,False,True,0.0,0.0,0.0,0:00.20,,,,False,False,,,,,False
752d3aaa,2019-06-30 22:15:24,Cyclic1D,test,Tst,1000000000.0,../gen/Tst_test/Cyclic1D/log/runproute.log,../gen/Tst_test/Cyclic1D/log/runproute.sh,../gen/Tst_test/Cyclic1D/plastisim/summary.csv,../gen/Tst_test/Cyclic1D/pir/AccelMain.scala,../gen/Tst_test/Cyclic1D/log/,../gen/Tst_test/Cyclic1D/log/gentst.log,../gen/Tst_test/Cyclic1D/log/maketst.log,../gen/Tst_test/Cyclic1D/log/runp2p.log,../gen/Tst_test/Cyclic1D/log/runhybrid.log,True,,,13.576271306,,,,,,15,15,route_min_directed_valient,checkerboard,4,3,-1,4,,7:44.43,0,0,2496,1284,2.00,0,1367,0.0000,0.0000,0.0000,4,-nan,0.0000,,0:36.87,285,,,False,True,0.0,0.0,0.0,0:02.20,517,,,False,True,0.0,0.0,0.0,0:04.14,True
752d3aaa,2019-06-30 22:15:24,DRAMAccelTest,test,Tst,1000000000.0,../gen/Tst_test/DRAMAccelTest/log/runproute.log,../gen/Tst_test/DRAMAccelTest/log/runproute.sh,../gen/Tst_test/DRAMAccelTest/plastisim/summary.csv,../gen/Tst_test/DRAMAccelTest/pir/AccelMain.scala,../gen/Tst_test/DRAMAccelTest/log/,../gen/Tst_test/DRAMAccelTest/log/gentst.log,../gen/Tst_test/DRAMAccelTest/log/maketst.log,../gen/Tst_test/DRAMAccelTest/log/runp2p.log,../gen/Tst_test/DRAMAccelTest/log/runhybrid.log,True,,"[0m[[0m[31merror[0m] [0m[0m/local/ssd/home/yaqiz/spatial/gen/Tst_test/DRAMAccelTest/pir/AccelMain.scala:130:41: not found: value x241[0m
",,,,,,,,,,,,,,,,,,,,,,,,,,,,,,,,,,,False,False,,,,,,,,False,False,,,,,False
752d3aaa,2019-06-30 22:15:24,DRAMBuffer,test,Tst,1000000000.0,../gen/Tst_test/DRAMBuffer/log/runproute.log,../gen/Tst_test/DRAMBuffer/log/runproute.sh,../gen/Tst_test/DRAMBuffer/plastisim/summary.csv,../gen/Tst_test/DRAMBuffer/pir/AccelMain.scala,../gen/Tst_test/DRAMBuffer/log/,../gen/Tst_test/DRAMBuffer/log/gentst.log,../gen/Tst_test/DRAMBuffer/log/maketst.log,../gen/Tst_test/DRAMBuffer/log/runp2p.log,../gen/Tst_test/DRAMBuffer/log/runhybrid.log,True,,,17.246248445,,,,,,15,15,,,,,,,,,,,,,,,,,,,,,,,0:37.71,736,"Assertion fail:
",,False,False,0.0,2.783,2.783,0:06.13,,,,False,False,,,,,False
752d3aaa,2019-06-30 22:15:24,DRAMRuntime,test,Tst,1000000000.0,../gen/Tst_test/DRAMRuntime/log/runproute.log,../gen/Tst_test/DRAMRuntime/log/runproute.sh,../gen/Tst_test/DRAMRuntime/plastisim/summary.csv,../gen/Tst_test/DRAMRuntime/pir/AccelMain.scala,../gen/Tst_test/DRAMRuntime/log/,../gen/Tst_test/DRAMRuntime/log/gentst.log,../gen/Tst_test/DRAMRuntime/log/maketst.log,../gen/Tst_test/DRAMRuntime/log/runp2p.log,../gen/Tst_test/DRAMRuntime/log/runhybrid.log,True,,,10.667831266,,,,,,15,15,route_min_directed_valient,checkerboard,4,3,-1,4,,4:46.34,0,0,0,73000008,5.00,0,17000008,0.0000,0.0000,0.0000,10,-nan,0.0000,,0:29.44,150,,,False,True,0.0,0.853,0.0,0:01.51,479,,,False,True,0.0,0.267,0.0,0:03.49,True
752d3aaa,2019-06-30 22:15:24,DephasingDuplication,test,Tst,1000000000.0,../gen/Tst_test/DephasingDuplication/log/runproute.log,../gen/Tst_test/DephasingDuplication/log/runproute.sh,../gen/Tst_test/DephasingDuplication/plastisim/summary.csv,../gen/Tst_test/DephasingDuplication/pir/AccelMain.scala,../gen/Tst_test/DephasingDuplication/log/,../gen/Tst_test/DephasingDuplication/log/gentst.log,../gen/Tst_test/DephasingDuplication/log/maketst.log,../gen/Tst_test/DephasingDuplication/log/runp2p.log,../gen/Tst_test/DephasingDuplication/log/runhybrid.log,False,[error] //TODO: Plasticine does not support unbanked unrolled access at the moment. ,,,,,,,,,,,,,,,,,,,,,,,,,,,,,,,,,,,,False,False,,,,,,,,False,False,,,,,False
752d3aaa,2019-06-30 22:15:24,DeviceMemcpy,test,Tst,1000000000.0,../gen/Tst_test/DeviceMemcpy/log/runproute.log,../gen/Tst_test/DeviceMemcpy/log/runproute.sh,../gen/Tst_test/DeviceMemcpy/plastisim/summary.csv,../gen/Tst_test/DeviceMemcpy/pir/AccelMain.scala,../gen/Tst_test/DeviceMemcpy/log/,../gen/Tst_test/DeviceMemcpy/log/gentst.log,../gen/Tst_test/DeviceMemcpy/log/maketst.log,../gen/Tst_test/DeviceMemcpy/log/runp2p.log,../gen/Tst_test/DeviceMemcpy/log/runhybrid.log,True,,,5.204710006,,,,,,15,15,route_min_directed_valient,checkerboard,4,3,-1,4,"plastiroute: graph.c:165: allocate_vcs_hops: Assertion `max_prog_id  0' failed.
",0:00.30,,,,,,,,,,,,,,,0:19.08,1,,True,False,True,0.0,0.0,0.0,0:00.15,,,,False,False,,,,,False
752d3aaa,2019-06-30 22:15:24,DiagonalBanking,test,Tst,1000000000.0,../gen/Tst_test/DiagonalBanking/log/runproute.log,../gen/Tst_test/DiagonalBanking/log/runproute.sh,../gen/Tst_test/DiagonalBanking/plastisim/summary.csv,../gen/Tst_test/DiagonalBanking/pir/AccelMain.scala,../gen/Tst_test/DiagonalBanking/log/,../gen/Tst_test/DiagonalBanking/log/gentst.log,../gen/Tst_test/DiagonalBanking/log/maketst.log,../gen/Tst_test/DiagonalBanking/log/runp2p.log,../gen/Tst_test/DiagonalBanking/log/runhybrid.log,True,,,11.918663936,,,,,,15,15,,,,,,,,,,,,,,,,,,,,,,,0:30.47,,"Assertion fail:
",,False,False,0.0,4.8,0.0,0:00.90,,,,False,False,,,,,False
752d3aaa,2019-06-30 22:15:24,Differentiator,test,Tst,1000000000.0,../gen/Tst_test/Differentiator/log/runproute.log,../gen/Tst_test/Differentiator/log/runproute.sh,../gen/Tst_test/Differentiator/plastisim/summary.csv,../gen/Tst_test/Differentiator/pir/AccelMain.scala,../gen/Tst_test/Differentiator/log/,../gen/Tst_test/Differentiator/log/gentst.log,../gen/Tst_test/Differentiator/log/maketst.log,../gen/Tst_test/Differentiator/log/runp2p.log,../gen/Tst_test/Differentiator/log/runhybrid.log,True,,"[[31merror[0m] 54-TungstenPIRGen throw [pir] Don't know varOf(RegFile11)
",12.111319621,,,,,,15,15,,,,,,,,,,,,,,,,,,,,,,,,,,,False,False,,,,,,,,False,False,,,,,False
752d3aaa,2019-06-30 22:15:24,DigitRecognition,test,Tst,1000000000.0,../gen/Tst_test/DigitRecognition/log/runproute.log,../gen/Tst_test/DigitRecognition/log/runproute.sh,../gen/Tst_test/DigitRecognition/plastisim/summary.csv,../gen/Tst_test/DigitRecognition/pir/AccelMain.scala,../gen/Tst_test/DigitRecognition/log/,../gen/Tst_test/DigitRecognition/log/gentst.log,../gen/Tst_test/DigitRecognition/log/maketst.log,../gen/Tst_test/DigitRecognition/log/runp2p.log,../gen/Tst_test/DigitRecognition/log/runhybrid.log,False,[error] //TODO: Plasticine does not support unbanked unrolled access at the moment. ,,,,,,,,,,,,,,,,,,,,,,,,,,,,,,,,,,,,False,False,,,,,,,,False,False,,,,,False
752d3aaa,2019-06-30 22:15:24,DotProduct,test,Tst,1000000000.0,../gen/Tst_test/DotProduct/log/runproute.log,../gen/Tst_test/DotProduct/log/runproute.sh,../gen/Tst_test/DotProduct/plastisim/summary.csv,../gen/Tst_test/DotProduct/pir/AccelMain.scala,../gen/Tst_test/DotProduct/log/,../gen/Tst_test/DotProduct/log/gentst.log,../gen/Tst_test/DotProduct/log/maketst.log,../gen/Tst_test/DotProduct/log/runp2p.log,../gen/Tst_test/DotProduct/log/runhybrid.log,True,,,15.284685447,,,,,,15,15,route_min_directed_valient,checkerboard,4,3,-1,4,,5:41.97,0,0,30999994,9000054,4.50,0,19000016,0.0000,0.0000,0.0000,9,-nan,0.0000,,0:36.32,198,,True,False,True,0.0,25.859,0.0,0:01.49,468,,True,False,True,0.0,10.94,0.0,0:04.50,True
752d3aaa,2019-06-30 22:15:24,DotProductFlt,test,Tst,1000000000.0,../gen/Tst_test/DotProductFlt/log/runproute.log,../gen/Tst_test/DotProductFlt/log/runproute.sh,../gen/Tst_test/DotProductFlt/plastisim/summary.csv,../gen/Tst_test/DotProductFlt/pir/AccelMain.scala,../gen/Tst_test/DotProductFlt/log/,../gen/Tst_test/DotProductFlt/log/gentst.log,../gen/Tst_test/DotProductFlt/log/maketst.log,../gen/Tst_test/DotProductFlt/log/runp2p.log,../gen/Tst_test/DotProductFlt/log/runhybrid.log,True,,,10.989258729,,,,,,15,15,route_min_directed_valient,checkerboard,4,3,-1,4,,4:00.35,0,0,17000000,3000025,4.00,0,10000008,0.0000,0.0000,0.0000,8,-nan,0.0000,,0:30.29,255,,True,False,True,0.0,20.078,0.0,0:01.96,662,,True,False,True,0.0,7.734,0.0,0:04.20,True
752d3aaa,2019-06-30 22:15:24,DotProductStream,test,Tst,1000000000.0,../gen/Tst_test/DotProductStream/log/runproute.log,../gen/Tst_test/DotProductStream/log/runproute.sh,../gen/Tst_test/DotProductStream/plastisim/summary.csv,../gen/Tst_test/DotProductStream/pir/AccelMain.scala,../gen/Tst_test/DotProductStream/log/,../gen/Tst_test/DotProductStream/log/gentst.log,../gen/Tst_test/DotProductStream/log/maketst.log,../gen/Tst_test/DotProductStream/log/runp2p.log,../gen/Tst_test/DotProductStream/log/runhybrid.log,True,,,13.614533646,,,,,,15,15,,,,,,,,,,,,,,,,,,,,,,"src/Context266.h:118:48: error: invalid operands of types â€˜bool [4]â€™ and â€˜bool [4]â€™ to binary â€˜operator&â€™
",0:07.12,,,,False,False,,,,,,,,False,False,,,,,False
752d3aaa,2019-06-30 22:15:24,DummyWorkload,test,Tst,1000000000.0,../gen/Tst_test/DummyWorkload/log/runproute.log,../gen/Tst_test/DummyWorkload/log/runproute.sh,../gen/Tst_test/DummyWorkload/plastisim/summary.csv,../gen/Tst_test/DummyWorkload/pir/AccelMain.scala,../gen/Tst_test/DummyWorkload/log/,../gen/Tst_test/DummyWorkload/log/gentst.log,../gen/Tst_test/DummyWorkload/log/maketst.log,../gen/Tst_test/DummyWorkload/log/runp2p.log,../gen/Tst_test/DummyWorkload/log/runhybrid.log,True,,"[0m[[0m[31merror[0m] [0m[0m/local/ssd/home/yaqiz/spatial/gen/Tst_test/DummyWorkload/pir/AccelMain.scala:13:51: not found: value full_packet[0m
",,,,,,,,,,,,,,,,,,,,,,,,,,,,,,,,,,,False,False,,,,,,,,False,False,,,,,False
752d3aaa,2019-06-30 22:15:24,EdgeDetector,test,Tst,1000000000.0,../gen/Tst_test/EdgeDetector/log/runproute.log,../gen/Tst_test/EdgeDetector/log/runproute.sh,../gen/Tst_test/EdgeDetector/plastisim/summary.csv,../gen/Tst_test/EdgeDetector/pir/AccelMain.scala,../gen/Tst_test/EdgeDetector/log/,../gen/Tst_test/EdgeDetector/log/gentst.log,../gen/Tst_test/EdgeDetector/log/maketst.log,../gen/Tst_test/EdgeDetector/log/runp2p.log,../gen/Tst_test/EdgeDetector/log/runhybrid.log,True,,"[0m[[0m[31merror[0m] [0m[0m/local/ssd/home/yaqiz/spatial/gen/Tst_test/EdgeDetector/pir/AccelMain.scala:166:57: not found: value x376[0m
",,,,,,,,,,,,,,,,,,,,,,,,,,,,,,,,,,,False,False,,,,,,,,False,False,,,,,False
752d3aaa,2019-06-30 22:15:24,ExplicitII,test,Tst,1000000000.0,../gen/Tst_test/ExplicitII/log/runproute.log,../gen/Tst_test/ExplicitII/log/runproute.sh,../gen/Tst_test/ExplicitII/plastisim/summary.csv,../gen/Tst_test/ExplicitII/pir/AccelMain.scala,../gen/Tst_test/ExplicitII/log/,../gen/Tst_test/ExplicitII/log/gentst.log,../gen/Tst_test/ExplicitII/log/maketst.log,../gen/Tst_test/ExplicitII/log/runp2p.log,../gen/Tst_test/ExplicitII/log/runhybrid.log,True,,"[[31merror[0m] 04-GraphInitialization throw java.util.NoSuchElementException: None.get
",3.637569066,,,,,,15,15,,,,,,,,,,,,,,,,,,,,,,,,,,,False,False,,,,,,,,False,False,,,,,False
752d3aaa,2019-06-30 22:15:24,FFT_Strided,test,Tst,1000000000.0,../gen/Tst_test/FFT_Strided/log/runproute.log,../gen/Tst_test/FFT_Strided/log/runproute.sh,../gen/Tst_test/FFT_Strided/plastisim/summary.csv,../gen/Tst_test/FFT_Strided/pir/AccelMain.scala,../gen/Tst_test/FFT_Strided/log/,../gen/Tst_test/FFT_Strided/log/gentst.log,../gen/Tst_test/FFT_Strided/log/maketst.log,../gen/Tst_test/FFT_Strided/log/runp2p.log,../gen/Tst_test/FFT_Strided/log/runhybrid.log,True,,"[[31merror[0m] 54-TungstenPIRGen throw java.lang.AssertionError: assertion failed: Not exactly one element in List() for RegAccumOp529.InputField446073518_input.T=Node[_]
",120.089862745,,,,,,15,15,,,,,,,,,,,,,,,,,,,,,,,,,,,False,False,,,,,,,,False,False,,,,,False
752d3aaa,2019-06-30 22:15:24,FFT_Transpose,test,Tst,1000000000.0,../gen/Tst_test/FFT_Transpose/log/runproute.log,../gen/Tst_test/FFT_Transpose/log/runproute.sh,../gen/Tst_test/FFT_Transpose/plastisim/summary.csv,../gen/Tst_test/FFT_Transpose/pir/AccelMain.scala,../gen/Tst_test/FFT_Transpose/log/,../gen/Tst_test/FFT_Transpose/log/gentst.log,../gen/Tst_test/FFT_Transpose/log/maketst.log,../gen/Tst_test/FFT_Transpose/log/runp2p.log,../gen/Tst_test/FFT_Transpose/log/runhybrid.log,True,,,,,,,,,15,15,,,,,,,,,,,,,,,,,,,,,,,,,,,False,False,,,,,,,,False,False,,,,,False
752d3aaa,2019-06-30 22:15:24,FIFOBanking,test,Tst,1000000000.0,../gen/Tst_test/FIFOBanking/log/runproute.log,../gen/Tst_test/FIFOBanking/log/runproute.sh,../gen/Tst_test/FIFOBanking/plastisim/summary.csv,../gen/Tst_test/FIFOBanking/pir/AccelMain.scala,../gen/Tst_test/FIFOBanking/log/,../gen/Tst_test/FIFOBanking/log/gentst.log,../gen/Tst_test/FIFOBanking/log/maketst.log,../gen/Tst_test/FIFOBanking/log/runp2p.log,../gen/Tst_test/FIFOBanking/log/runhybrid.log,True,,,5.159382122,,,,,,15,15,,,,,,,,,,,,,,,,,,,,,,"src/Context47.h:17:11: error: invalid conversion from â€˜int*â€™ to â€˜int32_t {aka int}â€™ [-fpermissive]
",0:06.82,,,,False,False,,,,,,,,False,False,,,,,False
752d3aaa,2019-06-30 22:15:24,FIFOBanking2,test,Tst,1000000000.0,../gen/Tst_test/FIFOBanking2/log/runproute.log,../gen/Tst_test/FIFOBanking2/log/runproute.sh,../gen/Tst_test/FIFOBanking2/plastisim/summary.csv,../gen/Tst_test/FIFOBanking2/pir/AccelMain.scala,../gen/Tst_test/FIFOBanking2/log/,../gen/Tst_test/FIFOBanking2/log/gentst.log,../gen/Tst_test/FIFOBanking2/log/maketst.log,../gen/Tst_test/FIFOBanking2/log/runp2p.log,../gen/Tst_test/FIFOBanking2/log/runhybrid.log,True,,"[[31merror[0m] 04-GraphInitialization throw java.util.NoSuchElementException: None.get
",2.872645563,,,,,,15,15,,,,,,,,,,,,,,,,,,,,,,,,,,,False,False,,,,,,,,False,False,,,,,False
752d3aaa,2019-06-30 22:15:24,FIFOBranch,test,Tst,1000000000.0,../gen/Tst_test/FIFOBranch/log/runproute.log,../gen/Tst_test/FIFOBranch/log/runproute.sh,../gen/Tst_test/FIFOBranch/plastisim/summary.csv,../gen/Tst_test/FIFOBranch/pir/AccelMain.scala,../gen/Tst_test/FIFOBranch/log/,../gen/Tst_test/FIFOBranch/log/gentst.log,../gen/Tst_test/FIFOBranch/log/maketst.log,../gen/Tst_test/FIFOBranch/log/runp2p.log,../gen/Tst_test/FIFOBranch/log/runhybrid.log,True,,"[0m[[0m[31merror[0m] [0m[0m/local/ssd/home/yaqiz/spatial/gen/Tst_test/FIFOBranch/pir/AccelMain.scala:56:52: not found: value x136[0m
",,,,,,,,,,,,,,,,,,,,,,,,,,,,,,,,,,,False,False,,,,,,,,False,False,,,,,False
752d3aaa,2019-06-30 22:15:24,FIFOLoad,test,Tst,1000000000.0,../gen/Tst_test/FIFOLoad/log/runproute.log,../gen/Tst_test/FIFOLoad/log/runproute.sh,../gen/Tst_test/FIFOLoad/plastisim/summary.csv,../gen/Tst_test/FIFOLoad/pir/AccelMain.scala,../gen/Tst_test/FIFOLoad/log/,../gen/Tst_test/FIFOLoad/log/gentst.log,../gen/Tst_test/FIFOLoad/log/maketst.log,../gen/Tst_test/FIFOLoad/log/runp2p.log,../gen/Tst_test/FIFOLoad/log/runhybrid.log,True,,,10.216368303,,,,,,15,15,route_min_directed_valient,checkerboard,4,3,-1,4,,4:06.77,0,0,0,14000024,4.00,0,10000007,0.0000,0.0000,0.0000,8,-nan,0.0000,,0:28.79,2048,,True,False,True,0.0,1.875,1.875,0:10.44,4658,,True,False,True,0.0,0.824,0.824,0:30.52,True
752d3aaa,2019-06-30 22:15:24,FIFOLoadSRAMStore,test,Tst,1000000000.0,../gen/Tst_test/FIFOLoadSRAMStore/log/runproute.log,../gen/Tst_test/FIFOLoadSRAMStore/log/runproute.sh,../gen/Tst_test/FIFOLoadSRAMStore/plastisim/summary.csv,../gen/Tst_test/FIFOLoadSRAMStore/pir/AccelMain.scala,../gen/Tst_test/FIFOLoadSRAMStore/log/,../gen/Tst_test/FIFOLoadSRAMStore/log/gentst.log,../gen/Tst_test/FIFOLoadSRAMStore/log/maketst.log,../gen/Tst_test/FIFOLoadSRAMStore/log/runp2p.log,../gen/Tst_test/FIFOLoadSRAMStore/log/runhybrid.log,True,,"[0m[[0m[31merror[0m] [0m[0m/local/ssd/home/yaqiz/spatial/gen/Tst_test/FIFOLoadSRAMStore/pir/AccelMain.scala:73:142: not found: value x168[0m
",,,,,,,,,,,,,,,,,,,,,,,,,,,,,,,,,,,False,False,,,,,,,,False,False,,,,,False
752d3aaa,2019-06-30 22:15:24,FIFOLoadStore,test,Tst,1000000000.0,../gen/Tst_test/FIFOLoadStore/log/runproute.log,../gen/Tst_test/FIFOLoadStore/log/runproute.sh,../gen/Tst_test/FIFOLoadStore/plastisim/summary.csv,../gen/Tst_test/FIFOLoadStore/pir/AccelMain.scala,../gen/Tst_test/FIFOLoadStore/log/,../gen/Tst_test/FIFOLoadStore/log/gentst.log,../gen/Tst_test/FIFOLoadStore/log/maketst.log,../gen/Tst_test/FIFOLoadStore/log/runp2p.log,../gen/Tst_test/FIFOLoadStore/log/runhybrid.log,True,,,8.994862664,,,,,,15,15,route_min_directed_valient,checkerboard,4,3,-1,4,,3:07.36,0,0,0,9000023,4.00,0,8000006,0.0000,0.0000,0.0000,8,-nan,0.0000,,0:25.56,298,,True,False,True,0.0,2.577,2.577,0:02.13,689,,True,False,True,0.0,1.115,1.115,0:03.91,True
752d3aaa,2019-06-30 22:15:24,FIFOPushPop,test,Tst,1000000000.0,../gen/Tst_test/FIFOPushPop/log/runproute.log,../gen/Tst_test/FIFOPushPop/log/runproute.sh,../gen/Tst_test/FIFOPushPop/plastisim/summary.csv,../gen/Tst_test/FIFOPushPop/pir/AccelMain.scala,../gen/Tst_test/FIFOPushPop/log/,../gen/Tst_test/FIFOPushPop/log/gentst.log,../gen/Tst_test/FIFOPushPop/log/maketst.log,../gen/Tst_test/FIFOPushPop/log/runp2p.log,../gen/Tst_test/FIFOPushPop/log/runhybrid.log,True,,,8.24702408,,,,,,15,15,route_min_directed_valient,checkerboard,4,3,-1,4,,1:57.43,0,0,0,4000003,1.00,0,3000003,0.0000,0.0000,0.0000,2,-nan,0.0000,,0:23.91,415,,True,False,True,0.0,0.0,0.0,0:02.29,1047,,True,False,True,0.0,0.0,0.0,0:06.75,True
752d3aaa,2019-06-30 22:15:24,FIFOPushPop2,test,Tst,1000000000.0,../gen/Tst_test/FIFOPushPop2/log/runproute.log,../gen/Tst_test/FIFOPushPop2/log/runproute.sh,../gen/Tst_test/FIFOPushPop2/plastisim/summary.csv,../gen/Tst_test/FIFOPushPop2/pir/AccelMain.scala,../gen/Tst_test/FIFOPushPop2/log/,../gen/Tst_test/FIFOPushPop2/log/gentst.log,../gen/Tst_test/FIFOPushPop2/log/maketst.log,../gen/Tst_test/FIFOPushPop2/log/runp2p.log,../gen/Tst_test/FIFOPushPop2/log/runhybrid.log,True,,"[[31merror[0m] 15-MemoryLowering throw java.lang.AssertionError: assertion failed: Not exactly one element in List(MemWrite64, MemWrite41) for FIFO12.inAccesses
",4.161069035,,,,,,15,15,,,,,,,,,,,,,,,,,,,,,,,,,,,False,False,,,,,,,,False,False,,,,,False
752d3aaa,2019-06-30 22:15:24,FIFORing,test,Tst,1000000000.0,../gen/Tst_test/FIFORing/log/runproute.log,../gen/Tst_test/FIFORing/log/runproute.sh,../gen/Tst_test/FIFORing/plastisim/summary.csv,../gen/Tst_test/FIFORing/pir/AccelMain.scala,../gen/Tst_test/FIFORing/log/,../gen/Tst_test/FIFORing/log/gentst.log,../gen/Tst_test/FIFORing/log/maketst.log,../gen/Tst_test/FIFORing/log/runp2p.log,../gen/Tst_test/FIFORing/log/runhybrid.log,True,,"[[31merror[0m] Multiple accesses to the same memory in the same basic block will deadlock on plasticine.
",6.067250847,,,,,,15,15,,,,,,,,,,,,,,,,,,,,,,,,,,,False,False,,,,,,,,False,False,,,,,False
752d3aaa,2019-06-30 22:15:24,FMAInLoop,test,Tst,1000000000.0,../gen/Tst_test/FMAInLoop/log/runproute.log,../gen/Tst_test/FMAInLoop/log/runproute.sh,../gen/Tst_test/FMAInLoop/plastisim/summary.csv,../gen/Tst_test/FMAInLoop/pir/AccelMain.scala,../gen/Tst_test/FMAInLoop/log/,../gen/Tst_test/FMAInLoop/log/gentst.log,../gen/Tst_test/FMAInLoop/log/maketst.log,../gen/Tst_test/FMAInLoop/log/runp2p.log,../gen/Tst_test/FMAInLoop/log/runhybrid.log,True,,"[0m[[0m[31merror[0m] [0m[0m/local/ssd/home/yaqiz/spatial/gen/Tst_test/FMAInLoop/pir/AccelMain.scala:72:51: not found: value x91_a[0m
",,,,,,,,,,,,,,,,,,,,,,,,,,,,,,,,,,,False,False,,,,,,,,False,False,,,,,False
752d3aaa,2019-06-30 22:15:24,FSMBasic,test,Tst,1000000000.0,../gen/Tst_test/FSMBasic/log/runproute.log,../gen/Tst_test/FSMBasic/log/runproute.sh,../gen/Tst_test/FSMBasic/plastisim/summary.csv,../gen/Tst_test/FSMBasic/pir/AccelMain.scala,../gen/Tst_test/FSMBasic/log/,../gen/Tst_test/FSMBasic/log/gentst.log,../gen/Tst_test/FSMBasic/log/maketst.log,../gen/Tst_test/FSMBasic/log/runp2p.log,../gen/Tst_test/FSMBasic/log/runhybrid.log,True,,,7.174868468,,,,,,15,15,,,,,,,,,,,,,,,,,,,,,,,0:25.70,103,"Assertion fail:
",,False,False,0.0,0.0,1.243,0:01.31,,,,False,False,,,,,False
752d3aaa,2019-06-30 22:15:24,FSMBasic2,test,Tst,1000000000.0,../gen/Tst_test/FSMBasic2/log/runproute.log,../gen/Tst_test/FSMBasic2/log/runproute.sh,../gen/Tst_test/FSMBasic2/plastisim/summary.csv,../gen/Tst_test/FSMBasic2/pir/AccelMain.scala,../gen/Tst_test/FSMBasic2/log/,../gen/Tst_test/FSMBasic2/log/gentst.log,../gen/Tst_test/FSMBasic2/log/maketst.log,../gen/Tst_test/FSMBasic2/log/runp2p.log,../gen/Tst_test/FSMBasic2/log/runhybrid.log,True,,,8.351324309,,,,,,15,15,,,,,,,,,,,,,,,,,,,,,,,0:27.45,73,"Assertion fail:
",,False,False,0.0,0.0,1.753,0:00.72,,,,False,False,,,,,False
752d3aaa,2019-06-30 22:15:24,FSMBasicCond,test,Tst,1000000000.0,../gen/Tst_test/FSMBasicCond/log/runproute.log,../gen/Tst_test/FSMBasicCond/log/runproute.sh,../gen/Tst_test/FSMBasicCond/plastisim/summary.csv,../gen/Tst_test/FSMBasicCond/pir/AccelMain.scala,../gen/Tst_test/FSMBasicCond/log/,../gen/Tst_test/FSMBasicCond/log/gentst.log,../gen/Tst_test/FSMBasicCond/log/maketst.log,../gen/Tst_test/FSMBasicCond/log/runp2p.log,../gen/Tst_test/FSMBasicCond/log/runhybrid.log,True,,,7.869248601,,,,,,15,15,,,,,,,,,,,,,,,,,,,,,,,0:26.33,103,"Assertion fail:
",,False,False,0.0,0.0,1.243,0:01.18,,,,False,False,,,,,False
752d3aaa,2019-06-30 22:15:24,FSMBasicCond2,test,Tst,1000000000.0,../gen/Tst_test/FSMBasicCond2/log/runproute.log,../gen/Tst_test/FSMBasicCond2/log/runproute.sh,../gen/Tst_test/FSMBasicCond2/plastisim/summary.csv,../gen/Tst_test/FSMBasicCond2/pir/AccelMain.scala,../gen/Tst_test/FSMBasicCond2/log/,../gen/Tst_test/FSMBasicCond2/log/gentst.log,../gen/Tst_test/FSMBasicCond2/log/maketst.log,../gen/Tst_test/FSMBasicCond2/log/runp2p.log,../gen/Tst_test/FSMBasicCond2/log/runhybrid.log,True,,,7.660371314,,,,,,15,15,,,,,,,,,,,,,,,,,,,,,,,0:27.05,73,"Assertion fail:
",,False,False,0.0,0.0,1.753,0:00.99,,,,False,False,,,,,False
752d3aaa,2019-06-30 22:15:24,FSMDotProduct,test,Tst,1000000000.0,../gen/Tst_test/FSMDotProduct/log/runproute.log,../gen/Tst_test/FSMDotProduct/log/runproute.sh,../gen/Tst_test/FSMDotProduct/plastisim/summary.csv,../gen/Tst_test/FSMDotProduct/pir/AccelMain.scala,../gen/Tst_test/FSMDotProduct/log/,../gen/Tst_test/FSMDotProduct/log/gentst.log,../gen/Tst_test/FSMDotProduct/log/maketst.log,../gen/Tst_test/FSMDotProduct/log/runp2p.log,../gen/Tst_test/FSMDotProduct/log/runhybrid.log,True,,,5.115350092,,,,,,15,15,,,,,,,,,,,,,,,,,,,,,,,0:20.09,1,"Assertion fail:
",,False,False,0.0,0.0,0.0,0:00.41,,,,False,False,,,,,False
752d3aaa,2019-06-30 22:15:24,FSMDotProduct2,test,Tst,1000000000.0,../gen/Tst_test/FSMDotProduct2/log/runproute.log,../gen/Tst_test/FSMDotProduct2/log/runproute.sh,../gen/Tst_test/FSMDotProduct2/plastisim/summary.csv,../gen/Tst_test/FSMDotProduct2/pir/AccelMain.scala,../gen/Tst_test/FSMDotProduct2/log/,../gen/Tst_test/FSMDotProduct2/log/gentst.log,../gen/Tst_test/FSMDotProduct2/log/maketst.log,../gen/Tst_test/FSMDotProduct2/log/runp2p.log,../gen/Tst_test/FSMDotProduct2/log/runhybrid.log,True,,,5.931782147,,,,,,15,15,,,,,,,,,,,,,,,,,,,,,,,0:21.10,10,"Assertion fail:
",,False,False,0.0,0.0,0.0,0:00.54,,,,False,False,,,,,False
752d3aaa,2019-06-30 22:15:24,FSMFIFOStack,test,Tst,1000000000.0,../gen/Tst_test/FSMFIFOStack/log/runproute.log,../gen/Tst_test/FSMFIFOStack/log/runproute.sh,../gen/Tst_test/FSMFIFOStack/plastisim/summary.csv,../gen/Tst_test/FSMFIFOStack/pir/AccelMain.scala,../gen/Tst_test/FSMFIFOStack/log/,../gen/Tst_test/FSMFIFOStack/log/gentst.log,../gen/Tst_test/FSMFIFOStack/log/maketst.log,../gen/Tst_test/FSMFIFOStack/log/runp2p.log,../gen/Tst_test/FSMFIFOStack/log/runhybrid.log,True,,,6.611687462,,,,,,15,15,,,,,,,,,,,,,,,,,,,,,,,0:21.24,10,"Assertion fail:
",True,False,False,0.0,0.0,0.0,0:00.50,,,,False,False,,,,,False
752d3aaa,2019-06-30 22:15:24,FSMOuterSwitch,test,Tst,1000000000.0,../gen/Tst_test/FSMOuterSwitch/log/runproute.log,../gen/Tst_test/FSMOuterSwitch/log/runproute.sh,../gen/Tst_test/FSMOuterSwitch/plastisim/summary.csv,../gen/Tst_test/FSMOuterSwitch/pir/AccelMain.scala,../gen/Tst_test/FSMOuterSwitch/log/,../gen/Tst_test/FSMOuterSwitch/log/gentst.log,../gen/Tst_test/FSMOuterSwitch/log/maketst.log,../gen/Tst_test/FSMOuterSwitch/log/runp2p.log,../gen/Tst_test/FSMOuterSwitch/log/runhybrid.log,True,,,5.881102019,,,,,,15,15,,,,,,,,,,,,,,,,,,,,,,,0:22.06,10,"Assertion fail:
",,False,False,0.0,0.0,0.0,0:00.49,,,,False,False,,,,,False
752d3aaa,2019-06-30 22:15:24,FatConstructor,test,Tst,1000000000.0,../gen/Tst_test/FatConstructor/log/runproute.log,../gen/Tst_test/FatConstructor/log/runproute.sh,../gen/Tst_test/FatConstructor/plastisim/summary.csv,../gen/Tst_test/FatConstructor/pir/AccelMain.scala,../gen/Tst_test/FatConstructor/log/,../gen/Tst_test/FatConstructor/log/gentst.log,../gen/Tst_test/FatConstructor/log/maketst.log,../gen/Tst_test/FatConstructor/log/runp2p.log,../gen/Tst_test/FatConstructor/log/runhybrid.log,True,,"[[31merror[0m] Not enough resource of type PMUParam171561231,PCUParam191416343. Required 320. Possesed 225
",1325.364268344,"[[31merror[0m] Not enough resource of type PMUParam171561231,PCUParam191416343. Required 320. Possesed 225
",,,,,15,15,,,,,,,,,,,,,,,,,,,,,,,,,,,False,False,,,,,,,,False,False,,,,,False
752d3aaa,2019-06-30 22:15:24,FilterTest,test,Tst,1000000000.0,../gen/Tst_test/FilterTest/log/runproute.log,../gen/Tst_test/FilterTest/log/runproute.sh,../gen/Tst_test/FilterTest/plastisim/summary.csv,../gen/Tst_test/FilterTest/pir/AccelMain.scala,../gen/Tst_test/FilterTest/log/,../gen/Tst_test/FilterTest/log/gentst.log,../gen/Tst_test/FilterTest/log/maketst.log,../gen/Tst_test/FilterTest/log/runp2p.log,../gen/Tst_test/FilterTest/log/runhybrid.log,False,[bug] Encountered exception while updating node,,,,,,,,,,,,,,,,,,,,,,,,,,,,,,,,,,,,False,False,,,,,,,,False,False,,,,,False
752d3aaa,2019-06-30 22:15:24,FixBasics,test,Tst,1000000000.0,../gen/Tst_test/FixBasics/log/runproute.log,../gen/Tst_test/FixBasics/log/runproute.sh,../gen/Tst_test/FixBasics/plastisim/summary.csv,../gen/Tst_test/FixBasics/pir/AccelMain.scala,../gen/Tst_test/FixBasics/log/,../gen/Tst_test/FixBasics/log/gentst.log,../gen/Tst_test/FixBasics/log/maketst.log,../gen/Tst_test/FixBasics/log/runp2p.log,../gen/Tst_test/FixBasics/log/runhybrid.log,True,,,36.195843189,,,,,,15,15,,,,,,,,,,,,,,,,,,,,,,,2:27.00,250,"Assertion fail:
",,False,False,0.0,0.512,1.024,0:02.79,,,,False,False,,,,,False
752d3aaa,2019-06-30 22:15:24,FixBasics2,test,Tst,1000000000.0,../gen/Tst_test/FixBasics2/log/runproute.log,../gen/Tst_test/FixBasics2/log/runproute.sh,../gen/Tst_test/FixBasics2/plastisim/summary.csv,../gen/Tst_test/FixBasics2/pir/AccelMain.scala,../gen/Tst_test/FixBasics2/log/,../gen/Tst_test/FixBasics2/log/gentst.log,../gen/Tst_test/FixBasics2/log/maketst.log,../gen/Tst_test/FixBasics2/log/runp2p.log,../gen/Tst_test/FixBasics2/log/runhybrid.log,True,,"[[31merror[0m] Constrain failed on MemoryContainer1265
",32.304340762,,,,,,15,15,,,,,,,,,,,,,,,,,,,,,,,,,,,False,False,,,,,,,,False,False,,,,,False
752d3aaa,2019-06-30 22:15:24,FixBasics3,test,Tst,1000000000.0,../gen/Tst_test/FixBasics3/log/runproute.log,../gen/Tst_test/FixBasics3/log/runproute.sh,../gen/Tst_test/FixBasics3/plastisim/summary.csv,../gen/Tst_test/FixBasics3/pir/AccelMain.scala,../gen/Tst_test/FixBasics3/log/,../gen/Tst_test/FixBasics3/log/gentst.log,../gen/Tst_test/FixBasics3/log/maketst.log,../gen/Tst_test/FixBasics3/log/runp2p.log,../gen/Tst_test/FixBasics3/log/runhybrid.log,True,,,20.169189828,,,,,,15,15,,,,,,,,,,,,,,,,,,,,,,"src/Context500.h:63:54: error: call of overloaded â€˜make_token(double&)â€™ is ambiguous
",0:07.21,,,,False,False,,,,,,,,False,False,,,,,False
752d3aaa,2019-06-30 22:15:24,FixPtArgInOut,test,Tst,1000000000.0,../gen/Tst_test/FixPtArgInOut/log/runproute.log,../gen/Tst_test/FixPtArgInOut/log/runproute.sh,../gen/Tst_test/FixPtArgInOut/plastisim/summary.csv,../gen/Tst_test/FixPtArgInOut/pir/AccelMain.scala,../gen/Tst_test/FixPtArgInOut/log/,../gen/Tst_test/FixPtArgInOut/log/gentst.log,../gen/Tst_test/FixPtArgInOut/log/maketst.log,../gen/Tst_test/FixPtArgInOut/log/runp2p.log,../gen/Tst_test/FixPtArgInOut/log/runhybrid.log,True,,,5.859330034,,,,,,15,15,route_min_directed_valient,checkerboard,4,3,-1,4,,1:36.38,0,0,0,0,0.00,0,2,0.0000,0.0000,0.0000,0,-nan,0.0000,,0:22.67,14,,,False,True,0.0,0.0,0.0,0:00.33,30,,,False,True,0.0,0.0,0.0,0:00.37,True
752d3aaa,2019-06-30 22:15:24,FlagExample,test,Tst,1000000000.0,../gen/Tst_test/FlagExample/log/runproute.log,../gen/Tst_test/FlagExample/log/runproute.sh,../gen/Tst_test/FlagExample/plastisim/summary.csv,../gen/Tst_test/FlagExample/pir/AccelMain.scala,../gen/Tst_test/FlagExample/log/,../gen/Tst_test/FlagExample/log/gentst.log,../gen/Tst_test/FlagExample/log/maketst.log,../gen/Tst_test/FlagExample/log/runp2p.log,../gen/Tst_test/FlagExample/log/runhybrid.log,True,,,4.84210139,,,,,,15,15,route_min_directed_valient,checkerboard,4,3,-1,4,"plastiroute: graph.c:165: allocate_vcs_hops: Assertion `max_prog_id  0' failed.
",0:00.42,,,,,,,,,,,,,,,0:20.45,1,,,False,True,0.0,0.0,0.0,0:00.22,,,,False,False,,,,,False
752d3aaa,2019-06-30 22:15:24,FlatAffineAccess,test,Tst,1000000000.0,../gen/Tst_test/FlatAffineAccess/log/runproute.log,../gen/Tst_test/FlatAffineAccess/log/runproute.sh,../gen/Tst_test/FlatAffineAccess/plastisim/summary.csv,../gen/Tst_test/FlatAffineAccess/pir/AccelMain.scala,../gen/Tst_test/FlatAffineAccess/log/,../gen/Tst_test/FlatAffineAccess/log/gentst.log,../gen/Tst_test/FlatAffineAccess/log/maketst.log,../gen/Tst_test/FlatAffineAccess/log/runp2p.log,../gen/Tst_test/FlatAffineAccess/log/runhybrid.log,False,[error] //TODO: Plasticine does not support unbanked unrolled access at the moment. ,,,,,,,,,,,,,,,,,,,,,,,,,,,,,,,,,,,,False,False,,,,,,,,False,False,,,,,False
752d3aaa,2019-06-30 22:15:24,Float32ToInt8,test,Tst,1000000000.0,../gen/Tst_test/Float32ToInt8/log/runproute.log,../gen/Tst_test/Float32ToInt8/log/runproute.sh,../gen/Tst_test/Float32ToInt8/plastisim/summary.csv,../gen/Tst_test/Float32ToInt8/pir/AccelMain.scala,../gen/Tst_test/Float32ToInt8/log/,../gen/Tst_test/Float32ToInt8/log/gentst.log,../gen/Tst_test/Float32ToInt8/log/maketst.log,../gen/Tst_test/Float32ToInt8/log/runp2p.log,../gen/Tst_test/Float32ToInt8/log/runhybrid.log,True,,,13.543547816,,,,,,15,15,route_min_directed_valient,checkerboard,4,3,-1,4,,4:54.31,0,0,0,12466,4.50,0,9350,0.0000,0.0000,0.0000,9,-nan,0.0000,,0:33.17,2366,,,False,True,0.0,3.462,0.433,0:18.41,6036,,,False,True,0.0,1.357,0.17,0:43.07,True
752d3aaa,2019-06-30 22:15:24,FloatBasics,test,Tst,1000000000.0,../gen/Tst_test/FloatBasics/log/runproute.log,../gen/Tst_test/FloatBasics/log/runproute.sh,../gen/Tst_test/FloatBasics/plastisim/summary.csv,../gen/Tst_test/FloatBasics/pir/AccelMain.scala,../gen/Tst_test/FloatBasics/log/,../gen/Tst_test/FloatBasics/log/gentst.log,../gen/Tst_test/FloatBasics/log/maketst.log,../gen/Tst_test/FloatBasics/log/runp2p.log,../gen/Tst_test/FloatBasics/log/runhybrid.log,True,,,7.855369795,,,,,,15,15,route_min_directed_valient,checkerboard,4,3,-1,4,,3:27.31,0,0,0,32,1.50,0,20,0.0000,0.0000,0.0000,3,-nan,0.0000,,0:25.10,23,,True,False,True,0.0,0.0,0.0,0:00.39,77,,True,False,True,0.0,0.0,0.0,0:00.67,True
752d3aaa,2019-06-30 22:15:24,FloatBasics2,test,Tst,1000000000.0,../gen/Tst_test/FloatBasics2/log/runproute.log,../gen/Tst_test/FloatBasics2/log/runproute.sh,../gen/Tst_test/FloatBasics2/plastisim/summary.csv,../gen/Tst_test/FloatBasics2/pir/AccelMain.scala,../gen/Tst_test/FloatBasics2/log/,../gen/Tst_test/FloatBasics2/log/gentst.log,../gen/Tst_test/FloatBasics2/log/maketst.log,../gen/Tst_test/FloatBasics2/log/runp2p.log,../gen/Tst_test/FloatBasics2/log/runhybrid.log,True,,"[[31merror[0m] Constrain failed on MemoryContainer688
",25.990222572,,,,,,15,15,,,,,,,,,,,,,,,,,,,,,,,,,,,False,False,,,,,,,,False,False,,,,,False
752d3aaa,2019-06-30 22:15:24,FloatBasics3,test,Tst,1000000000.0,../gen/Tst_test/FloatBasics3/log/runproute.log,../gen/Tst_test/FloatBasics3/log/runproute.sh,../gen/Tst_test/FloatBasics3/plastisim/summary.csv,../gen/Tst_test/FloatBasics3/pir/AccelMain.scala,../gen/Tst_test/FloatBasics3/log/,../gen/Tst_test/FloatBasics3/log/gentst.log,../gen/Tst_test/FloatBasics3/log/maketst.log,../gen/Tst_test/FloatBasics3/log/runp2p.log,../gen/Tst_test/FloatBasics3/log/runhybrid.log,True,,,,,,,,,,,,,,,,,,,,,,,,,,,,,,,,,,,,,False,False,,,,,,,,False,False,,,,,False
752d3aaa,2019-06-30 22:15:24,FloatTransfer,test,Tst,1000000000.0,../gen/Tst_test/FloatTransfer/log/runproute.log,../gen/Tst_test/FloatTransfer/log/runproute.sh,../gen/Tst_test/FloatTransfer/plastisim/summary.csv,../gen/Tst_test/FloatTransfer/pir/AccelMain.scala,../gen/Tst_test/FloatTransfer/log/,../gen/Tst_test/FloatTransfer/log/gentst.log,../gen/Tst_test/FloatTransfer/log/maketst.log,../gen/Tst_test/FloatTransfer/log/runp2p.log,../gen/Tst_test/FloatTransfer/log/runhybrid.log,True,,,11.119041204,,,,,,15,15,route_min_directed_valient,checkerboard,4,3,-1,4,,4:07.32,0,0,0,2333,4.00,0,1290,0.0000,0.0000,0.0000,8,-nan,0.0000,,0:29.81,592,,True,False,True,0.0,1.73,1.73,0:03.96,1481,,True,False,True,0.0,0.691,0.691,0:11.29,True
752d3aaa,2019-06-30 22:15:24,FltPtArgInOut,test,Tst,1000000000.0,../gen/Tst_test/FltPtArgInOut/log/runproute.log,../gen/Tst_test/FltPtArgInOut/log/runproute.sh,../gen/Tst_test/FltPtArgInOut/plastisim/summary.csv,../gen/Tst_test/FltPtArgInOut/pir/AccelMain.scala,../gen/Tst_test/FltPtArgInOut/log/,../gen/Tst_test/FltPtArgInOut/log/gentst.log,../gen/Tst_test/FltPtArgInOut/log/maketst.log,../gen/Tst_test/FltPtArgInOut/log/runp2p.log,../gen/Tst_test/FltPtArgInOut/log/runhybrid.log,True,,,5.674249551,,,,,,15,15,route_min_directed_valient,checkerboard,4,3,-1,4,,1:36.02,0,0,0,2,0.50,0,2,0.0000,0.0000,0.0000,1,-nan,0.0000,,0:21.83,14,,,False,True,0.0,0.0,0.0,0:00.28,40,,,False,True,0.0,0.0,0.0,0:00.42,True
752d3aaa,2019-06-30 22:15:24,FoldSimple,test,Tst,1000000000.0,../gen/Tst_test/FoldSimple/log/runproute.log,../gen/Tst_test/FoldSimple/log/runproute.sh,../gen/Tst_test/FoldSimple/plastisim/summary.csv,../gen/Tst_test/FoldSimple/pir/AccelMain.scala,../gen/Tst_test/FoldSimple/log/,../gen/Tst_test/FoldSimple/log/gentst.log,../gen/Tst_test/FoldSimple/log/maketst.log,../gen/Tst_test/FoldSimple/log/runp2p.log,../gen/Tst_test/FoldSimple/log/runhybrid.log,True,,,9.311719389,,,,,,15,15,route_min_directed_valient,checkerboard,4,3,-1,4,,3:02.29,0,0,8000000,3000016,3.50,0,6000005,0.0000,0.0000,0.0000,7,-nan,0.0000,,0:26.87,2008,,,False,True,0.0,3.825,0.0,0:12.80,5242,,,False,True,0.0,1.465,0.0,0:33.90,True
752d3aaa,2019-06-30 22:15:24,FoldSimple2,test,Tst,1000000000.0,../gen/Tst_test/FoldSimple2/log/runproute.log,../gen/Tst_test/FoldSimple2/log/runproute.sh,../gen/Tst_test/FoldSimple2/plastisim/summary.csv,../gen/Tst_test/FoldSimple2/pir/AccelMain.scala,../gen/Tst_test/FoldSimple2/log/,../gen/Tst_test/FoldSimple2/log/gentst.log,../gen/Tst_test/FoldSimple2/log/maketst.log,../gen/Tst_test/FoldSimple2/log/runp2p.log,../gen/Tst_test/FoldSimple2/log/runhybrid.log,True,,,10.297382268,,,,,,15,15,route_min_directed_valient,checkerboard,4,3,-1,4,,4:58.46,0,0,8000000,7000033,3.50,0,8000011,0.0000,0.0000,0.0000,7,-nan,0.0000,,0:28.13,3811,,,False,True,0.0,2.015,0.0,0:25.43,7742,,,False,True,0.0,0.992,0.0,0:49.84,True
752d3aaa,2019-06-30 22:15:24,ForeachSimple,test,Tst,1000000000.0,../gen/Tst_test/ForeachSimple/log/runproute.log,../gen/Tst_test/ForeachSimple/log/runproute.sh,../gen/Tst_test/ForeachSimple/plastisim/summary.csv,../gen/Tst_test/ForeachSimple/pir/AccelMain.scala,../gen/Tst_test/ForeachSimple/log/,../gen/Tst_test/ForeachSimple/log/gentst.log,../gen/Tst_test/ForeachSimple/log/maketst.log,../gen/Tst_test/ForeachSimple/log/runp2p.log,../gen/Tst_test/ForeachSimple/log/runhybrid.log,True,,,7.621995323,,,,,,15,15,route_min_directed_valient,checkerboard,4,3,-1,4,,2:04.57,0,0,0,99,0.50,0,100,0.0000,0.0000,0.0000,1,-nan,0.0000,,0:26.54,131,,True,False,True,0.0,0.0,0.0,0:00.52,321,,True,False,True,0.0,0.0,0.0,0:02.00,True
752d3aaa,2019-06-30 22:15:24,ForeachSimple2,test,Tst,1000000000.0,../gen/Tst_test/ForeachSimple2/log/runproute.log,../gen/Tst_test/ForeachSimple2/log/runproute.sh,../gen/Tst_test/ForeachSimple2/plastisim/summary.csv,../gen/Tst_test/ForeachSimple2/pir/AccelMain.scala,../gen/Tst_test/ForeachSimple2/log/,../gen/Tst_test/ForeachSimple2/log/gentst.log,../gen/Tst_test/ForeachSimple2/log/maketst.log,../gen/Tst_test/ForeachSimple2/log/runp2p.log,../gen/Tst_test/ForeachSimple2/log/runhybrid.log,True,,,8.219992596,,,,,,15,15,route_min_directed_valient,checkerboard,4,3,-1,4,,2:11.99,0,0,0,291,1.00,0,196,0.0000,0.0000,0.0000,2,-nan,0.0000,,0:25.02,136,,True,False,True,0.0,0.0,0.0,0:00.86,337,,True,False,True,0.0,0.0,0.0,0:02.43,True
752d3aaa,2019-06-30 22:15:24,ForeachWithBranch,test,Tst,1000000000.0,../gen/Tst_test/ForeachWithBranch/log/runproute.log,../gen/Tst_test/ForeachWithBranch/log/runproute.sh,../gen/Tst_test/ForeachWithBranch/plastisim/summary.csv,../gen/Tst_test/ForeachWithBranch/pir/AccelMain.scala,../gen/Tst_test/ForeachWithBranch/log/,../gen/Tst_test/ForeachWithBranch/log/gentst.log,../gen/Tst_test/ForeachWithBranch/log/maketst.log,../gen/Tst_test/ForeachWithBranch/log/runp2p.log,../gen/Tst_test/ForeachWithBranch/log/runhybrid.log,True,,,8.064030889,,,,,,15,15,,,,,,,,,,,,,,,,,,,,,,,0:25.64,,"Assertion fail:
",True,False,False,0.0,0.0,0.0,0:00.65,,,,False,False,,,,,False
752d3aaa,2019-06-30 22:15:24,FriendlyTest,test,Tst,1000000000.0,../gen/Tst_test/FriendlyTest/log/runproute.log,../gen/Tst_test/FriendlyTest/log/runproute.sh,../gen/Tst_test/FriendlyTest/plastisim/summary.csv,../gen/Tst_test/FriendlyTest/pir/AccelMain.scala,../gen/Tst_test/FriendlyTest/log/,../gen/Tst_test/FriendlyTest/log/gentst.log,../gen/Tst_test/FriendlyTest/log/maketst.log,../gen/Tst_test/FriendlyTest/log/runp2p.log,../gen/Tst_test/FriendlyTest/log/runhybrid.log,True,,,5.87505132,,,,,,15,15,route_min_directed_valient,checkerboard,4,3,-1,4,,1:36.70,0,0,0,0,0.00,0,2,0.0000,0.0000,0.0000,0,-nan,0.0000,,0:22.74,14,,,False,True,0.0,0.0,0.0,0:00.34,30,,,False,True,0.0,0.0,0.0,0:00.32,True
752d3aaa,2019-06-30 22:15:24,FunctionApproximations,test,Tst,1000000000.0,../gen/Tst_test/FunctionApproximations/log/runproute.log,../gen/Tst_test/FunctionApproximations/log/runproute.sh,../gen/Tst_test/FunctionApproximations/plastisim/summary.csv,../gen/Tst_test/FunctionApproximations/pir/AccelMain.scala,../gen/Tst_test/FunctionApproximations/log/,../gen/Tst_test/FunctionApproximations/log/gentst.log,../gen/Tst_test/FunctionApproximations/log/maketst.log,../gen/Tst_test/FunctionApproximations/log/runp2p.log,../gen/Tst_test/FunctionApproximations/log/runhybrid.log,True,,,20.079791726,,,,,,15,15,,,,,,,,,,,,,,,,,,,,,,"src/Context500.h:63:54: error: call of overloaded â€˜make_token(double&)â€™ is ambiguous
",0:07.08,,,,False,False,,,,,,,,False,False,,,,,False
752d3aaa,2019-06-30 22:15:24,GDA,test,Tst,1000000000.0,../gen/Tst_test/GDA/log/runproute.log,../gen/Tst_test/GDA/log/runproute.sh,../gen/Tst_test/GDA/plastisim/summary.csv,../gen/Tst_test/GDA/pir/AccelMain.scala,../gen/Tst_test/GDA/log/,../gen/Tst_test/GDA/log/gentst.log,../gen/Tst_test/GDA/log/maketst.log,../gen/Tst_test/GDA/log/runp2p.log,../gen/Tst_test/GDA/log/runhybrid.log,True,,,86.488905698,,,,,,15,15,,,,,,,,,,,,,,,,,,,,,,,2:52.51,,"Assertion fail:
",True,False,False,0.0,23.162,0.0,0:01.02,,,,False,False,,,,,False
752d3aaa,2019-06-30 22:15:24,GEMMLibFloatParTest,test,Tst,1000000000.0,../gen/Tst_test/GEMMLibFloatParTest/log/runproute.log,../gen/Tst_test/GEMMLibFloatParTest/log/runproute.sh,../gen/Tst_test/GEMMLibFloatParTest/plastisim/summary.csv,../gen/Tst_test/GEMMLibFloatParTest/pir/AccelMain.scala,../gen/Tst_test/GEMMLibFloatParTest/log/,../gen/Tst_test/GEMMLibFloatParTest/log/gentst.log,../gen/Tst_test/GEMMLibFloatParTest/log/maketst.log,../gen/Tst_test/GEMMLibFloatParTest/log/runp2p.log,../gen/Tst_test/GEMMLibFloatParTest/log/runhybrid.log,True,,,19.707188167,,,,,,15,15,route_min_directed_valient,checkerboard,4,3,-1,4,,9:34.28,0,0,26999992,26002080,5.50,0,21000876,0.0000,0.0000,0.0000,11,-nan,0.0000,,0:48.16,2170,,,False,True,0.0,1.18,0.236,0:15.46,4773,,,False,True,0.0,0.536,0.107,0:27.43,True
752d3aaa,2019-06-30 22:15:24,GEMMLibFloatTest,test,Tst,1000000000.0,../gen/Tst_test/GEMMLibFloatTest/log/runproute.log,../gen/Tst_test/GEMMLibFloatTest/log/runproute.sh,../gen/Tst_test/GEMMLibFloatTest/plastisim/summary.csv,../gen/Tst_test/GEMMLibFloatTest/pir/AccelMain.scala,../gen/Tst_test/GEMMLibFloatTest/log/,../gen/Tst_test/GEMMLibFloatTest/log/gentst.log,../gen/Tst_test/GEMMLibFloatTest/log/maketst.log,../gen/Tst_test/GEMMLibFloatTest/log/runp2p.log,../gen/Tst_test/GEMMLibFloatTest/log/runhybrid.log,True,,,20.094556299,,,,,,15,15,route_min_directed_valient,checkerboard,4,3,-1,4,,8:37.77,0,0,0,45002392,4.50,0,19000892,0.0000,0.0000,0.0000,9,-nan,0.0000,,0:47.39,1962,,,False,True,0.0,1.305,0.261,0:13.59,4530,,,False,True,0.0,0.565,0.113,0:25.27,True
752d3aaa,2019-06-30 22:15:24,GEMMLibHalfParTest,test,Tst,1000000000.0,../gen/Tst_test/GEMMLibHalfParTest/log/runproute.log,../gen/Tst_test/GEMMLibHalfParTest/log/runproute.sh,../gen/Tst_test/GEMMLibHalfParTest/plastisim/summary.csv,../gen/Tst_test/GEMMLibHalfParTest/pir/AccelMain.scala,../gen/Tst_test/GEMMLibHalfParTest/log/,../gen/Tst_test/GEMMLibHalfParTest/log/gentst.log,../gen/Tst_test/GEMMLibHalfParTest/log/maketst.log,../gen/Tst_test/GEMMLibHalfParTest/log/runp2p.log,../gen/Tst_test/GEMMLibHalfParTest/log/runhybrid.log,True,,,21.605366426,,,,,,15,15,,,,,,,,,,,,,,,,,,,,,,,0:48.14,10605,"Assertion fail:
",,True,False,0.0,0.181,0.0,1:05.21,,,,False,False,,,,,False
752d3aaa,2019-06-30 22:15:24,GEMMLibHalfTest,test,Tst,1000000000.0,../gen/Tst_test/GEMMLibHalfTest/log/runproute.log,../gen/Tst_test/GEMMLibHalfTest/log/runproute.sh,../gen/Tst_test/GEMMLibHalfTest/plastisim/summary.csv,../gen/Tst_test/GEMMLibHalfTest/pir/AccelMain.scala,../gen/Tst_test/GEMMLibHalfTest/log/,../gen/Tst_test/GEMMLibHalfTest/log/gentst.log,../gen/Tst_test/GEMMLibHalfTest/log/maketst.log,../gen/Tst_test/GEMMLibHalfTest/log/runp2p.log,../gen/Tst_test/GEMMLibHalfTest/log/runhybrid.log,True,,,20.469257136,,,,,,15,15,,,,,,,,,,,,,,,,,,,,,,,0:47.05,10413,"Assertion fail:
",,True,False,0.0,0.184,0.0,1:15.33,,,,False,False,,,,,False
752d3aaa,2019-06-30 22:15:24,GEMMLibIntParTest,test,Tst,1000000000.0,../gen/Tst_test/GEMMLibIntParTest/log/runproute.log,../gen/Tst_test/GEMMLibIntParTest/log/runproute.sh,../gen/Tst_test/GEMMLibIntParTest/plastisim/summary.csv,../gen/Tst_test/GEMMLibIntParTest/pir/AccelMain.scala,../gen/Tst_test/GEMMLibIntParTest/log/,../gen/Tst_test/GEMMLibIntParTest/log/gentst.log,../gen/Tst_test/GEMMLibIntParTest/log/maketst.log,../gen/Tst_test/GEMMLibIntParTest/log/runp2p.log,../gen/Tst_test/GEMMLibIntParTest/log/runhybrid.log,True,,,22.200110969,,,,,,15,15,route_min_directed_valient,checkerboard,4,3,-1,4,,9:57.37,0,0,15999972,33001620,4.50,0,21000908,0.0000,0.0000,0.0000,9,-nan,0.0000,,0:47.89,2170,,,False,True,0.0,1.18,0.236,0:16.09,4802,,,False,True,0.0,0.533,0.107,0:38.62,True
752d3aaa,2019-06-30 22:15:24,GEMMLibIntTest,test,Tst,1000000000.0,../gen/Tst_test/GEMMLibIntTest/log/runproute.log,../gen/Tst_test/GEMMLibIntTest/log/runproute.sh,../gen/Tst_test/GEMMLibIntTest/plastisim/summary.csv,../gen/Tst_test/GEMMLibIntTest/pir/AccelMain.scala,../gen/Tst_test/GEMMLibIntTest/log/,../gen/Tst_test/GEMMLibIntTest/log/gentst.log,../gen/Tst_test/GEMMLibIntTest/log/maketst.log,../gen/Tst_test/GEMMLibIntTest/log/runp2p.log,../gen/Tst_test/GEMMLibIntTest/log/runhybrid.log,True,,,20.66725952,,,,,,15,15,route_min_directed_valient,checkerboard,4,3,-1,4,,9:51.89,0,0,0,51001660,4.50,0,19000828,0.0000,0.0000,0.0000,9,-nan,0.0000,,0:46.60,1962,,,False,True,0.0,1.305,0.261,0:14.45,4506,,,False,True,0.0,0.568,0.114,0:36.85,True
752d3aaa,2019-06-30 22:15:24,GEMM_Blocked,test,Tst,1000000000.0,../gen/Tst_test/GEMM_Blocked/log/runproute.log,../gen/Tst_test/GEMM_Blocked/log/runproute.sh,../gen/Tst_test/GEMM_Blocked/plastisim/summary.csv,../gen/Tst_test/GEMM_Blocked/pir/AccelMain.scala,../gen/Tst_test/GEMM_Blocked/log/,../gen/Tst_test/GEMM_Blocked/log/gentst.log,../gen/Tst_test/GEMM_Blocked/log/maketst.log,../gen/Tst_test/GEMM_Blocked/log/runp2p.log,../gen/Tst_test/GEMM_Blocked/log/runhybrid.log,True,,,33.752535259,,,,,,15,15,,,,,,,,,,,,,,,,,,,,,,,0:58.26,,,,False,False,,,,,,,,False,False,,,,,False
752d3aaa,2019-06-30 22:15:24,GEMM_NCubed,test,Tst,1000000000.0,../gen/Tst_test/GEMM_NCubed/log/runproute.log,../gen/Tst_test/GEMM_NCubed/log/runproute.sh,../gen/Tst_test/GEMM_NCubed/plastisim/summary.csv,../gen/Tst_test/GEMM_NCubed/pir/AccelMain.scala,../gen/Tst_test/GEMM_NCubed/log/,../gen/Tst_test/GEMM_NCubed/log/gentst.log,../gen/Tst_test/GEMM_NCubed/log/maketst.log,../gen/Tst_test/GEMM_NCubed/log/runp2p.log,../gen/Tst_test/GEMM_NCubed/log/runhybrid.log,True,,,12.904664991,,,,,,15,15,route_min_directed_valient,checkerboard,4,3,-1,4,,3:37.56,0,0,0,561561,4.50,0,549316,0.0000,0.0000,0.0000,9,-nan,0.0000,,0:32.40,270485,,True,False,True,1.489,0.121,0.061,12:41.37,776797,,True,False,True,1.467,0.042,0.021,37:47.81,True
752d3aaa,2019-06-30 22:15:24,GEMV,test,Tst,1000000000.0,../gen/Tst_test/GEMV/log/runproute.log,../gen/Tst_test/GEMV/log/runproute.sh,../gen/Tst_test/GEMV/plastisim/summary.csv,../gen/Tst_test/GEMV/pir/AccelMain.scala,../gen/Tst_test/GEMV/log/,../gen/Tst_test/GEMV/log/gentst.log,../gen/Tst_test/GEMV/log/maketst.log,../gen/Tst_test/GEMV/log/runp2p.log,../gen/Tst_test/GEMV/log/runhybrid.log,True,,,15.434270844,,,,,,15,15,route_min_directed_valient,checkerboard,4,3,-1,4,,4:29.76,0,0,0,62000044,4.00,0,18000022,0.0000,0.0000,0.0000,8,-nan,0.0000,,0:34.85,262442,,,False,True,12.172,7.991,0.008,23:06.86,756342,,,False,True,6.382,2.773,0.003,27:10.38,True
752d3aaa,2019-06-30 22:15:24,GatherFIFO,test,Tst,1000000000.0,../gen/Tst_test/GatherFIFO/log/runproute.log,../gen/Tst_test/GatherFIFO/log/runproute.sh,../gen/Tst_test/GatherFIFO/plastisim/summary.csv,../gen/Tst_test/GatherFIFO/pir/AccelMain.scala,../gen/Tst_test/GatherFIFO/log/,../gen/Tst_test/GatherFIFO/log/gentst.log,../gen/Tst_test/GatherFIFO/log/maketst.log,../gen/Tst_test/GatherFIFO/log/runp2p.log,../gen/Tst_test/GatherFIFO/log/runhybrid.log,True,,"[0m[[0m[31merror[0m] [0m[0m/local/ssd/home/yaqiz/spatial/gen/Tst_test/GatherFIFO/pir/AccelMain.scala:93:68: not found: value x285[0m
",,,,,,,,,,,,,,,,,,,,,,,,,,,,,,,,,,,False,False,,,,,,,,False,False,,,,,False
752d3aaa,2019-06-30 22:15:24,GatherStore,test,Tst,1000000000.0,../gen/Tst_test/GatherStore/log/runproute.log,../gen/Tst_test/GatherStore/log/runproute.sh,../gen/Tst_test/GatherStore/plastisim/summary.csv,../gen/Tst_test/GatherStore/pir/AccelMain.scala,../gen/Tst_test/GatherStore/log/,../gen/Tst_test/GatherStore/log/gentst.log,../gen/Tst_test/GatherStore/log/maketst.log,../gen/Tst_test/GatherStore/log/runp2p.log,../gen/Tst_test/GatherStore/log/runhybrid.log,True,,,11.360118551,,,,,,15,15,route_min_directed_valient,checkerboard,4,3,-1,4,,3:30.77,0,0,8000,2823,4.00,0,6104,0.0000,0.0000,0.0000,8,-nan,0.0000,,0:26.87,48991,,True,False,True,0.0,17.77,1.045,3:43.73,35098,,True,False,True,0.0,24.799,1.459,1:49.96,True
752d3aaa,2019-06-30 22:15:24,GatherStore2,test,Tst,1000000000.0,../gen/Tst_test/GatherStore2/log/runproute.log,../gen/Tst_test/GatherStore2/log/runproute.sh,../gen/Tst_test/GatherStore2/plastisim/summary.csv,../gen/Tst_test/GatherStore2/pir/AccelMain.scala,../gen/Tst_test/GatherStore2/log/,../gen/Tst_test/GatherStore2/log/gentst.log,../gen/Tst_test/GatherStore2/log/maketst.log,../gen/Tst_test/GatherStore2/log/runp2p.log,../gen/Tst_test/GatherStore2/log/runhybrid.log,False,[bug] Encountered exception while updating node,,,,,,,,,,,,,,,,,,,,,,,,,,,,,,,,,,,,False,False,,,,,,,,False,False,,,,,False
752d3aaa,2019-06-30 22:15:24,Gibbs_Ising2D,test,Tst,1000000000.0,../gen/Tst_test/Gibbs_Ising2D/log/runproute.log,../gen/Tst_test/Gibbs_Ising2D/log/runproute.sh,../gen/Tst_test/Gibbs_Ising2D/plastisim/summary.csv,../gen/Tst_test/Gibbs_Ising2D/pir/AccelMain.scala,../gen/Tst_test/Gibbs_Ising2D/log/,../gen/Tst_test/Gibbs_Ising2D/log/gentst.log,../gen/Tst_test/Gibbs_Ising2D/log/maketst.log,../gen/Tst_test/Gibbs_Ising2D/log/runp2p.log,../gen/Tst_test/Gibbs_Ising2D/log/runhybrid.log,False,[error] //TODO: Plasticine does not support unbanked unrolled access at the moment. ,,,,,,,,,,,,,,,,,,,,,,,,,,,,,,,,,,,,False,False,,,,,,,,False,False,,,,,False
752d3aaa,2019-06-30 22:15:24,HalfBasics,test,Tst,1000000000.0,../gen/Tst_test/HalfBasics/log/runproute.log,../gen/Tst_test/HalfBasics/log/runproute.sh,../gen/Tst_test/HalfBasics/plastisim/summary.csv,../gen/Tst_test/HalfBasics/pir/AccelMain.scala,../gen/Tst_test/HalfBasics/log/,../gen/Tst_test/HalfBasics/log/gentst.log,../gen/Tst_test/HalfBasics/log/maketst.log,../gen/Tst_test/HalfBasics/log/runp2p.log,../gen/Tst_test/HalfBasics/log/runhybrid.log,True,,"[[31merror[0m] Constrain failed on MemoryContainer1376
",35.529577405,,,,,,15,15,,,,,,,,,,,,,,,,,,,,,,,,,,,False,False,,,,,,,,False,False,,,,,False
752d3aaa,2019-06-30 22:15:24,HalfTest,test,Tst,1000000000.0,../gen/Tst_test/HalfTest/log/runproute.log,../gen/Tst_test/HalfTest/log/runproute.sh,../gen/Tst_test/HalfTest/plastisim/summary.csv,../gen/Tst_test/HalfTest/pir/AccelMain.scala,../gen/Tst_test/HalfTest/log/,../gen/Tst_test/HalfTest/log/gentst.log,../gen/Tst_test/HalfTest/log/maketst.log,../gen/Tst_test/HalfTest/log/runp2p.log,../gen/Tst_test/HalfTest/log/runhybrid.log,True,,,5.846078433,,,,,,15,15,route_min_directed_valient,checkerboard,4,3,-1,4,,1:36.27,0,0,0,0,0.00,0,2,0.0000,0.0000,0.0000,0,-nan,0.0000,,0:23.34,14,,,False,True,0.0,0.0,0.0,0:00.31,30,,,False,True,0.0,0.0,0.0,0:00.32,True
752d3aaa,2019-06-30 22:15:24,HostIOLoop,test,Tst,1000000000.0,../gen/Tst_test/HostIOLoop/log/runproute.log,../gen/Tst_test/HostIOLoop/log/runproute.sh,../gen/Tst_test/HostIOLoop/plastisim/summary.csv,../gen/Tst_test/HostIOLoop/pir/AccelMain.scala,../gen/Tst_test/HostIOLoop/log/,../gen/Tst_test/HostIOLoop/log/gentst.log,../gen/Tst_test/HostIOLoop/log/maketst.log,../gen/Tst_test/HostIOLoop/log/runp2p.log,../gen/Tst_test/HostIOLoop/log/runhybrid.log,True,,"[0m[[0m[31merror[0m] [0m[0m/local/ssd/home/yaqiz/spatial/gen/Tst_test/HostIOLoop/pir/AccelMain.scala:13:44: not found: value x33[0m
",,,,,,,,,,,,,,,,,,,,,,,,,,,,,,,,,,,False,False,,,,,,,,False,False,,,,,False
752d3aaa,2019-06-30 22:15:24,IfThenElseBoolean,test,Tst,1000000000.0,../gen/Tst_test/IfThenElseBoolean/log/runproute.log,../gen/Tst_test/IfThenElseBoolean/log/runproute.sh,../gen/Tst_test/IfThenElseBoolean/plastisim/summary.csv,../gen/Tst_test/IfThenElseBoolean/pir/AccelMain.scala,../gen/Tst_test/IfThenElseBoolean/log/,../gen/Tst_test/IfThenElseBoolean/log/gentst.log,../gen/Tst_test/IfThenElseBoolean/log/maketst.log,../gen/Tst_test/IfThenElseBoolean/log/runp2p.log,../gen/Tst_test/IfThenElseBoolean/log/runhybrid.log,True,,,4.733590797,,,,,,15,15,route_min_directed_valient,checkerboard,4,3,-1,4,"plastiroute: graph.c:165: allocate_vcs_hops: Assertion `max_prog_id  0' failed.
",0:00.40,,,,,,,,,,,,,,,0:12.37,,,,False,True,,,,0:00.00,,,,False,False,,,,,False
752d3aaa,2019-06-30 22:15:24,IfThenElseDouble,test,Tst,1000000000.0,../gen/Tst_test/IfThenElseDouble/log/runproute.log,../gen/Tst_test/IfThenElseDouble/log/runproute.sh,../gen/Tst_test/IfThenElseDouble/plastisim/summary.csv,../gen/Tst_test/IfThenElseDouble/pir/AccelMain.scala,../gen/Tst_test/IfThenElseDouble/log/,../gen/Tst_test/IfThenElseDouble/log/gentst.log,../gen/Tst_test/IfThenElseDouble/log/maketst.log,../gen/Tst_test/IfThenElseDouble/log/runp2p.log,../gen/Tst_test/IfThenElseDouble/log/runhybrid.log,True,,,4.184932981,,,,,,15,15,route_min_directed_valient,checkerboard,4,3,-1,4,"plastiroute: graph.c:165: allocate_vcs_hops: Assertion `max_prog_id  0' failed.
",0:00.32,,,,,,,,,,,,,,,0:11.72,,,,False,True,,,,0:00.01,,,,False,False,,,,,False
752d3aaa,2019-06-30 22:15:24,IfThenElseFloat,test,Tst,1000000000.0,../gen/Tst_test/IfThenElseFloat/log/runproute.log,../gen/Tst_test/IfThenElseFloat/log/runproute.sh,../gen/Tst_test/IfThenElseFloat/plastisim/summary.csv,../gen/Tst_test/IfThenElseFloat/pir/AccelMain.scala,../gen/Tst_test/IfThenElseFloat/log/,../gen/Tst_test/IfThenElseFloat/log/gentst.log,../gen/Tst_test/IfThenElseFloat/log/maketst.log,../gen/Tst_test/IfThenElseFloat/log/runp2p.log,../gen/Tst_test/IfThenElseFloat/log/runhybrid.log,True,,,4.650657215,,,,,,15,15,route_min_directed_valient,checkerboard,4,3,-1,4,"plastiroute: graph.c:165: allocate_vcs_hops: Assertion `max_prog_id  0' failed.
",0:00.37,,,,,,,,,,,,,,,0:12.11,,,,False,True,,,,0:00.00,,,,False,False,,,,,False
752d3aaa,2019-06-30 22:15:24,IfThenElseInt,test,Tst,1000000000.0,../gen/Tst_test/IfThenElseInt/log/runproute.log,../gen/Tst_test/IfThenElseInt/log/runproute.sh,../gen/Tst_test/IfThenElseInt/plastisim/summary.csv,../gen/Tst_test/IfThenElseInt/pir/AccelMain.scala,../gen/Tst_test/IfThenElseInt/log/,../gen/Tst_test/IfThenElseInt/log/gentst.log,../gen/Tst_test/IfThenElseInt/log/maketst.log,../gen/Tst_test/IfThenElseInt/log/runp2p.log,../gen/Tst_test/IfThenElseInt/log/runhybrid.log,True,,,4.891688533,,,,,,15,15,route_min_directed_valient,checkerboard,4,3,-1,4,"plastiroute: graph.c:165: allocate_vcs_hops: Assertion `max_prog_id  0' failed.
",0:00.34,,,,,,,,,,,,,,,0:12.31,,,,False,True,,,,0:00.01,,,,False,False,,,,,False
752d3aaa,2019-06-30 22:15:24,IfThenElseString,test,Tst,1000000000.0,../gen/Tst_test/IfThenElseString/log/runproute.log,../gen/Tst_test/IfThenElseString/log/runproute.sh,../gen/Tst_test/IfThenElseString/plastisim/summary.csv,../gen/Tst_test/IfThenElseString/pir/AccelMain.scala,../gen/Tst_test/IfThenElseString/log/,../gen/Tst_test/IfThenElseString/log/gentst.log,../gen/Tst_test/IfThenElseString/log/maketst.log,../gen/Tst_test/IfThenElseString/log/runp2p.log,../gen/Tst_test/IfThenElseString/log/runhybrid.log,True,,,4.761198251,,,,,,15,15,route_min_directed_valient,checkerboard,4,3,-1,4,"plastiroute: graph.c:165: allocate_vcs_hops: Assertion `max_prog_id  0' failed.
",0:00.31,,,,,,,,,,,,,,,0:13.09,,,,False,True,,,,0:00.01,,,,False,False,,,,,False
752d3aaa,2019-06-30 22:15:24,IndirectLoad,test,Tst,1000000000.0,../gen/Tst_test/IndirectLoad/log/runproute.log,../gen/Tst_test/IndirectLoad/log/runproute.sh,../gen/Tst_test/IndirectLoad/plastisim/summary.csv,../gen/Tst_test/IndirectLoad/pir/AccelMain.scala,../gen/Tst_test/IndirectLoad/log/,../gen/Tst_test/IndirectLoad/log/gentst.log,../gen/Tst_test/IndirectLoad/log/maketst.log,../gen/Tst_test/IndirectLoad/log/runp2p.log,../gen/Tst_test/IndirectLoad/log/runhybrid.log,True,,,13.647828326,,,,,,15,15,route_min_directed_valient,checkerboard,4,3,-1,4,,5:31.27,0,0,0,12002607,4.50,0,2000742,0.0000,0.0000,0.0000,9,-nan,0.0000,,0:34.20,508,,True,False,True,0.0,2.142,2.52,0:03.56,1369,,True,False,True,0.0,0.795,0.748,0:07.84,True
752d3aaa,2019-06-30 22:15:24,InlineSwitch,test,Tst,1000000000.0,../gen/Tst_test/InlineSwitch/log/runproute.log,../gen/Tst_test/InlineSwitch/log/runproute.sh,../gen/Tst_test/InlineSwitch/plastisim/summary.csv,../gen/Tst_test/InlineSwitch/pir/AccelMain.scala,../gen/Tst_test/InlineSwitch/log/,../gen/Tst_test/InlineSwitch/log/gentst.log,../gen/Tst_test/InlineSwitch/log/maketst.log,../gen/Tst_test/InlineSwitch/log/runp2p.log,../gen/Tst_test/InlineSwitch/log/runhybrid.log,True,,,6.797988435,,,,,,15,15,route_min_directed_valient,checkerboard,4,3,-1,4,,1:59.10,0,0,0,0,0.00,0,4,0.0000,0.0000,0.0000,0,-nan,0.0000,,0:22.49,14,,,False,True,0.0,0.0,0.0,0:00.35,30,,,False,True,0.0,0.0,0.0,0:00.32,True
752d3aaa,2019-06-30 22:15:24,InnerSwitchUnrolling,test,Tst,1000000000.0,../gen/Tst_test/InnerSwitchUnrolling/log/runproute.log,../gen/Tst_test/InnerSwitchUnrolling/log/runproute.sh,../gen/Tst_test/InnerSwitchUnrolling/plastisim/summary.csv,../gen/Tst_test/InnerSwitchUnrolling/pir/AccelMain.scala,../gen/Tst_test/InnerSwitchUnrolling/log/,../gen/Tst_test/InnerSwitchUnrolling/log/gentst.log,../gen/Tst_test/InnerSwitchUnrolling/log/maketst.log,../gen/Tst_test/InnerSwitchUnrolling/log/runp2p.log,../gen/Tst_test/InnerSwitchUnrolling/log/runhybrid.log,False,[bug] Encountered exception while updating node,,,,,,,,,,,,,,,,,,,,,,,,,,,,,,,,,,,,False,False,,,,,,,,False,False,,,,,False
752d3aaa,2019-06-30 22:15:24,IntPrinting,test,Tst,1000000000.0,../gen/Tst_test/IntPrinting/log/runproute.log,../gen/Tst_test/IntPrinting/log/runproute.sh,../gen/Tst_test/IntPrinting/plastisim/summary.csv,../gen/Tst_test/IntPrinting/pir/AccelMain.scala,../gen/Tst_test/IntPrinting/log/,../gen/Tst_test/IntPrinting/log/gentst.log,../gen/Tst_test/IntPrinting/log/maketst.log,../gen/Tst_test/IntPrinting/log/runp2p.log,../gen/Tst_test/IntPrinting/log/runhybrid.log,True,,,4.825178505,,,,,,15,15,route_min_directed_valient,checkerboard,4,3,-1,4,"plastiroute: graph.c:165: allocate_vcs_hops: Assertion `max_prog_id  0' failed.
",0:00.35,,,,,,,,,,,,,,,0:20.90,1,,,False,True,0.0,0.0,0.0,0:00.20,,,,False,False,,,,,False
752d3aaa,2019-06-30 22:15:24,IterationDiffs,test,Tst,1000000000.0,../gen/Tst_test/IterationDiffs/log/runproute.log,../gen/Tst_test/IterationDiffs/log/runproute.sh,../gen/Tst_test/IterationDiffs/plastisim/summary.csv,../gen/Tst_test/IterationDiffs/pir/AccelMain.scala,../gen/Tst_test/IterationDiffs/log/,../gen/Tst_test/IterationDiffs/log/gentst.log,../gen/Tst_test/IterationDiffs/log/maketst.log,../gen/Tst_test/IterationDiffs/log/runp2p.log,../gen/Tst_test/IterationDiffs/log/runhybrid.log,False,[error] Cannot group by unrolled access for banking on x176 (InitiationIntervals.scala:125:25) due to dependency between iterations,,,,,,,,,,,,,,,,,,,,,,,,,,,,,,,,,,,,False,False,,,,,,,,False,False,,,,,False
752d3aaa,2019-06-30 22:15:24,JPEG_Decompress,test,Tst,1000000000.0,../gen/Tst_test/JPEG_Decompress/log/runproute.log,../gen/Tst_test/JPEG_Decompress/log/runproute.sh,../gen/Tst_test/JPEG_Decompress/plastisim/summary.csv,../gen/Tst_test/JPEG_Decompress/pir/AccelMain.scala,../gen/Tst_test/JPEG_Decompress/log/,../gen/Tst_test/JPEG_Decompress/log/gentst.log,../gen/Tst_test/JPEG_Decompress/log/maketst.log,../gen/Tst_test/JPEG_Decompress/log/runp2p.log,../gen/Tst_test/JPEG_Decompress/log/runhybrid.log,True,,"[[31merror[0m] 15-MemoryLowering throw scala.MatchError: MemRead805 (of class pir.node.MemRead)
",32.725210785,,,,,,15,15,,,,,,,,,,,,,,,,,,,,,,,,,,,False,False,,,,,,,,False,False,,,,,False
752d3aaa,2019-06-30 22:15:24,JPEG_Markers,test,Tst,1000000000.0,../gen/Tst_test/JPEG_Markers/log/runproute.log,../gen/Tst_test/JPEG_Markers/log/runproute.sh,../gen/Tst_test/JPEG_Markers/plastisim/summary.csv,../gen/Tst_test/JPEG_Markers/pir/AccelMain.scala,../gen/Tst_test/JPEG_Markers/log/,../gen/Tst_test/JPEG_Markers/log/gentst.log,../gen/Tst_test/JPEG_Markers/log/maketst.log,../gen/Tst_test/JPEG_Markers/log/runp2p.log,../gen/Tst_test/JPEG_Markers/log/runhybrid.log,True,,"[[31merror[0m] 54-TungstenPIRGen throw scala.MatchError: Fix(false,2,0) (of class pir.node.Fix)
",20.970780537,,,,,,15,15,,,,,,,,,,,,,,,,,,,,,,,,,,,False,False,,,,,,,,False,False,,,,,False
752d3aaa,2019-06-30 22:15:24,KMP,test,Tst,1000000000.0,../gen/Tst_test/KMP/log/runproute.log,../gen/Tst_test/KMP/log/runproute.sh,../gen/Tst_test/KMP/plastisim/summary.csv,../gen/Tst_test/KMP/pir/AccelMain.scala,../gen/Tst_test/KMP/log/,../gen/Tst_test/KMP/log/gentst.log,../gen/Tst_test/KMP/log/maketst.log,../gen/Tst_test/KMP/log/runp2p.log,../gen/Tst_test/KMP/log/runhybrid.log,True,,"[[31merror[0m] 15-MemoryLowering throw scala.MatchError: MemRead855 (of class pir.node.MemRead)
",13.280463401,,,,,,15,15,,,,,,,,,,,,,,,,,,,,,,,,,,,False,False,,,,,,,,False,False,,,,,False
752d3aaa,2019-06-30 22:15:24,Kmeans_fast,test,Tst,1000000000.0,../gen/Tst_test/Kmeans_fast/log/runproute.log,../gen/Tst_test/Kmeans_fast/log/runproute.sh,../gen/Tst_test/Kmeans_fast/plastisim/summary.csv,../gen/Tst_test/Kmeans_fast/pir/AccelMain.scala,../gen/Tst_test/Kmeans_fast/log/,../gen/Tst_test/Kmeans_fast/log/gentst.log,../gen/Tst_test/Kmeans_fast/log/maketst.log,../gen/Tst_test/Kmeans_fast/log/runp2p.log,../gen/Tst_test/Kmeans_fast/log/runhybrid.log,True,,"[0m[[0m[31merror[0m] [0m[0m/local/ssd/home/yaqiz/spatial/gen/Tst_test/Kmeans_fast/pir/AccelMain.scala:177:52: not found: value x506__1[0m
",,,,,,,,,,,,,,,,,,,,,,,,,,,,,,,,,,,False,False,,,,,,,,False,False,,,,,False
752d3aaa,2019-06-30 22:15:24,Kmeans_slow,test,Tst,1000000000.0,../gen/Tst_test/Kmeans_slow/log/runproute.log,../gen/Tst_test/Kmeans_slow/log/runproute.sh,../gen/Tst_test/Kmeans_slow/plastisim/summary.csv,../gen/Tst_test/Kmeans_slow/pir/AccelMain.scala,../gen/Tst_test/Kmeans_slow/log/,../gen/Tst_test/Kmeans_slow/log/gentst.log,../gen/Tst_test/Kmeans_slow/log/maketst.log,../gen/Tst_test/Kmeans_slow/log/runp2p.log,../gen/Tst_test/Kmeans_slow/log/runhybrid.log,True,,"[0m[[0m[31merror[0m] [0m[0m/local/ssd/home/yaqiz/spatial/gen/Tst_test/Kmeans_slow/pir/AccelMain.scala:206:52: not found: value x581__1[0m
",,,,,,,,,,,,,,,,,,,,,,,,,,,,,,,,,,,False,False,,,,,,,,False,False,,,,,False
752d3aaa,2019-06-30 22:15:24,LP_SGD,test,Tst,1000000000.0,../gen/Tst_test/LP_SGD/log/runproute.log,../gen/Tst_test/LP_SGD/log/runproute.sh,../gen/Tst_test/LP_SGD/plastisim/summary.csv,../gen/Tst_test/LP_SGD/pir/AccelMain.scala,../gen/Tst_test/LP_SGD/log/,../gen/Tst_test/LP_SGD/log/gentst.log,../gen/Tst_test/LP_SGD/log/maketst.log,../gen/Tst_test/LP_SGD/log/runp2p.log,../gen/Tst_test/LP_SGD/log/runhybrid.log,True,,"[0m[[0m[31merror[0m] [0m[0m/local/ssd/home/yaqiz/spatial/gen/Tst_test/LP_SGD/pir/AccelMain.scala:669:49: not found: value x1714[0m
",,,,,,,,,,,,,,,,,,,,,,,,,,,,,,,,,,,False,False,,,,,,,,False,False,,,,,False
752d3aaa,2019-06-30 22:15:24,LP_SVRG,test,Tst,1000000000.0,../gen/Tst_test/LP_SVRG/log/runproute.log,../gen/Tst_test/LP_SVRG/log/runproute.sh,../gen/Tst_test/LP_SVRG/plastisim/summary.csv,../gen/Tst_test/LP_SVRG/pir/AccelMain.scala,../gen/Tst_test/LP_SVRG/log/,../gen/Tst_test/LP_SVRG/log/gentst.log,../gen/Tst_test/LP_SVRG/log/maketst.log,../gen/Tst_test/LP_SVRG/log/runp2p.log,../gen/Tst_test/LP_SVRG/log/runhybrid.log,True,,"[0m[[0m[31merror[0m] [0m[0m/local/ssd/home/yaqiz/spatial/gen/Tst_test/LP_SVRG/pir/AccelMain.scala:1105:49: not found: value x2141[0m
",,,,,,,,,,,,,,,,,,,,,,,,,,,,,,,,,,,False,False,,,,,,,,False,False,,,,,False
752d3aaa,2019-06-30 22:15:24,LUTFromFile,test,Tst,1000000000.0,../gen/Tst_test/LUTFromFile/log/runproute.log,../gen/Tst_test/LUTFromFile/log/runproute.sh,../gen/Tst_test/LUTFromFile/plastisim/summary.csv,../gen/Tst_test/LUTFromFile/pir/AccelMain.scala,../gen/Tst_test/LUTFromFile/log/,../gen/Tst_test/LUTFromFile/log/gentst.log,../gen/Tst_test/LUTFromFile/log/maketst.log,../gen/Tst_test/LUTFromFile/log/runp2p.log,../gen/Tst_test/LUTFromFile/log/runhybrid.log,True,,,6.222405759,,,,,,15,15,route_min_directed_valient,checkerboard,4,3,-1,4,,1:49.93,0,0,0,2,0.50,0,3,0.0000,0.0000,0.0000,1,-nan,0.0000,,0:23.83,26,,True,False,True,0.0,0.0,0.0,0:00.34,60,,True,False,True,0.0,0.0,0.0,0:00.58,True
752d3aaa,2019-06-30 22:15:24,LUTSimple,test,Tst,1000000000.0,../gen/Tst_test/LUTSimple/log/runproute.log,../gen/Tst_test/LUTSimple/log/runproute.sh,../gen/Tst_test/LUTSimple/plastisim/summary.csv,../gen/Tst_test/LUTSimple/pir/AccelMain.scala,../gen/Tst_test/LUTSimple/log/,../gen/Tst_test/LUTSimple/log/gentst.log,../gen/Tst_test/LUTSimple/log/maketst.log,../gen/Tst_test/LUTSimple/log/runp2p.log,../gen/Tst_test/LUTSimple/log/runhybrid.log,True,,,6.943063373,,,,,,15,15,,,,,,,,,,,,,,,,,,,,,,"src/Context44.h:35:71: error: invalid operands of types â€˜floatâ€™ and â€˜floatâ€™ to binary â€˜operator^â€™
",0:06.39,,,,False,False,,,,,,,,False,False,,,,,False
752d3aaa,2019-06-30 22:15:24,LiftBoolean,test,Tst,1000000000.0,../gen/Tst_test/LiftBoolean/log/runproute.log,../gen/Tst_test/LiftBoolean/log/runproute.sh,../gen/Tst_test/LiftBoolean/plastisim/summary.csv,../gen/Tst_test/LiftBoolean/pir/AccelMain.scala,../gen/Tst_test/LiftBoolean/log/,../gen/Tst_test/LiftBoolean/log/gentst.log,../gen/Tst_test/LiftBoolean/log/maketst.log,../gen/Tst_test/LiftBoolean/log/runp2p.log,../gen/Tst_test/LiftBoolean/log/runhybrid.log,True,,,4.534976866,,,,,,15,15,route_min_directed_valient,checkerboard,4,3,-1,4,"plastiroute: graph.c:165: allocate_vcs_hops: Assertion `max_prog_id  0' failed.
",0:00.34,,,,,,,,,,,,,,,0:11.73,,,,False,True,,,,0:00.01,,,,False,False,,,,,False
752d3aaa,2019-06-30 22:15:24,LiftByte,test,Tst,1000000000.0,../gen/Tst_test/LiftByte/log/runproute.log,../gen/Tst_test/LiftByte/log/runproute.sh,../gen/Tst_test/LiftByte/plastisim/summary.csv,../gen/Tst_test/LiftByte/pir/AccelMain.scala,../gen/Tst_test/LiftByte/log/,../gen/Tst_test/LiftByte/log/gentst.log,../gen/Tst_test/LiftByte/log/maketst.log,../gen/Tst_test/LiftByte/log/runp2p.log,../gen/Tst_test/LiftByte/log/runhybrid.log,True,,,4.516861889,,,,,,15,15,route_min_directed_valient,checkerboard,4,3,-1,4,"plastiroute: graph.c:165: allocate_vcs_hops: Assertion `max_prog_id  0' failed.
",0:00.37,,,,,,,,,,,,,,,0:12.74,,,,False,True,,,,0:00.00,,,,False,False,,,,,False
752d3aaa,2019-06-30 22:15:24,LiftDouble,test,Tst,1000000000.0,../gen/Tst_test/LiftDouble/log/runproute.log,../gen/Tst_test/LiftDouble/log/runproute.sh,../gen/Tst_test/LiftDouble/plastisim/summary.csv,../gen/Tst_test/LiftDouble/pir/AccelMain.scala,../gen/Tst_test/LiftDouble/log/,../gen/Tst_test/LiftDouble/log/gentst.log,../gen/Tst_test/LiftDouble/log/maketst.log,../gen/Tst_test/LiftDouble/log/runp2p.log,../gen/Tst_test/LiftDouble/log/runhybrid.log,True,,,4.896475469,,,,,,15,15,route_min_directed_valient,checkerboard,4,3,-1,4,"plastiroute: graph.c:165: allocate_vcs_hops: Assertion `max_prog_id  0' failed.
",0:00.32,,,,,,,,,,,,,,,0:13.12,,,,False,True,,,,0:00.01,,,,False,False,,,,,False
752d3aaa,2019-06-30 22:15:24,LiftFloat,test,Tst,1000000000.0,../gen/Tst_test/LiftFloat/log/runproute.log,../gen/Tst_test/LiftFloat/log/runproute.sh,../gen/Tst_test/LiftFloat/plastisim/summary.csv,../gen/Tst_test/LiftFloat/pir/AccelMain.scala,../gen/Tst_test/LiftFloat/log/,../gen/Tst_test/LiftFloat/log/gentst.log,../gen/Tst_test/LiftFloat/log/maketst.log,../gen/Tst_test/LiftFloat/log/runp2p.log,../gen/Tst_test/LiftFloat/log/runhybrid.log,True,,,4.642942211,,,,,,15,15,route_min_directed_valient,checkerboard,4,3,-1,4,"plastiroute: graph.c:165: allocate_vcs_hops: Assertion `max_prog_id  0' failed.
",0:00.32,,,,,,,,,,,,,,,0:12.18,,,,False,True,,,,0:00.00,,,,False,False,,,,,False
752d3aaa,2019-06-30 22:15:24,LiftInt,test,Tst,1000000000.0,../gen/Tst_test/LiftInt/log/runproute.log,../gen/Tst_test/LiftInt/log/runproute.sh,../gen/Tst_test/LiftInt/plastisim/summary.csv,../gen/Tst_test/LiftInt/pir/AccelMain.scala,../gen/Tst_test/LiftInt/log/,../gen/Tst_test/LiftInt/log/gentst.log,../gen/Tst_test/LiftInt/log/maketst.log,../gen/Tst_test/LiftInt/log/runp2p.log,../gen/Tst_test/LiftInt/log/runhybrid.log,True,,,4.233744627,,,,,,15,15,route_min_directed_valient,checkerboard,4,3,-1,4,"plastiroute: graph.c:165: allocate_vcs_hops: Assertion `max_prog_id  0' failed.
",0:00.30,,,,,,,,,,,,,,,0:11.82,,,,False,True,,,,0:00.00,,,,False,False,,,,,False
752d3aaa,2019-06-30 22:15:24,LiftLong,test,Tst,1000000000.0,../gen/Tst_test/LiftLong/log/runproute.log,../gen/Tst_test/LiftLong/log/runproute.sh,../gen/Tst_test/LiftLong/plastisim/summary.csv,../gen/Tst_test/LiftLong/pir/AccelMain.scala,../gen/Tst_test/LiftLong/log/,../gen/Tst_test/LiftLong/log/gentst.log,../gen/Tst_test/LiftLong/log/maketst.log,../gen/Tst_test/LiftLong/log/runp2p.log,../gen/Tst_test/LiftLong/log/runhybrid.log,True,,,4.484438186,,,,,,15,15,route_min_directed_valient,checkerboard,4,3,-1,4,"plastiroute: graph.c:165: allocate_vcs_hops: Assertion `max_prog_id  0' failed.
",0:00.32,,,,,,,,,,,,,,,0:12.46,,,,False,True,,,,0:00.00,,,,False,False,,,,,False
752d3aaa,2019-06-30 22:15:24,LiftShort,test,Tst,1000000000.0,../gen/Tst_test/LiftShort/log/runproute.log,../gen/Tst_test/LiftShort/log/runproute.sh,../gen/Tst_test/LiftShort/plastisim/summary.csv,../gen/Tst_test/LiftShort/pir/AccelMain.scala,../gen/Tst_test/LiftShort/log/,../gen/Tst_test/LiftShort/log/gentst.log,../gen/Tst_test/LiftShort/log/maketst.log,../gen/Tst_test/LiftShort/log/runp2p.log,../gen/Tst_test/LiftShort/log/runhybrid.log,True,,,4.663185382,,,,,,15,15,route_min_directed_valient,checkerboard,4,3,-1,4,"plastiroute: graph.c:165: allocate_vcs_hops: Assertion `max_prog_id  0' failed.
",0:00.41,,,,,,,,,,,,,,,0:12.77,,,,False,True,,,,0:00.00,,,,False,False,,,,,False
752d3aaa,2019-06-30 22:15:24,LineBufs,test,Tst,1000000000.0,../gen/Tst_test/LineBufs/log/runproute.log,../gen/Tst_test/LineBufs/log/runproute.sh,../gen/Tst_test/LineBufs/plastisim/summary.csv,../gen/Tst_test/LineBufs/pir/AccelMain.scala,../gen/Tst_test/LineBufs/log/,../gen/Tst_test/LineBufs/log/gentst.log,../gen/Tst_test/LineBufs/log/maketst.log,../gen/Tst_test/LineBufs/log/runp2p.log,../gen/Tst_test/LineBufs/log/runhybrid.log,True,,"[0m[[0m[31merror[0m] [0m[0m/local/ssd/home/yaqiz/spatial/gen/Tst_test/LineBufs/pir/AccelMain.scala:130:31: not found: value x1025[0m
",,,,,,,,,,,,,,,,,,,,,,,,,,,,,,,,,,,False,False,,,,,,,,False,False,,,,,False
752d3aaa,2019-06-30 22:15:24,LinearWriteRandomRead,test,Tst,1000000000.0,../gen/Tst_test/LinearWriteRandomRead/log/runproute.log,../gen/Tst_test/LinearWriteRandomRead/log/runproute.sh,../gen/Tst_test/LinearWriteRandomRead/plastisim/summary.csv,../gen/Tst_test/LinearWriteRandomRead/pir/AccelMain.scala,../gen/Tst_test/LinearWriteRandomRead/log/,../gen/Tst_test/LinearWriteRandomRead/log/gentst.log,../gen/Tst_test/LinearWriteRandomRead/log/maketst.log,../gen/Tst_test/LinearWriteRandomRead/log/runp2p.log,../gen/Tst_test/LinearWriteRandomRead/log/runhybrid.log,False,[bug] Encountered exception while updating node,,,,,,,,,,,,,,,,,,,,,,,,,,,,,,,,,,,,False,False,,,,,,,,False,False,,,,,False
752d3aaa,2019-06-30 22:15:24,LiteralMath,test,Tst,1000000000.0,../gen/Tst_test/LiteralMath/log/runproute.log,../gen/Tst_test/LiteralMath/log/runproute.sh,../gen/Tst_test/LiteralMath/plastisim/summary.csv,../gen/Tst_test/LiteralMath/pir/AccelMain.scala,../gen/Tst_test/LiteralMath/log/,../gen/Tst_test/LiteralMath/log/gentst.log,../gen/Tst_test/LiteralMath/log/maketst.log,../gen/Tst_test/LiteralMath/log/runp2p.log,../gen/Tst_test/LiteralMath/log/runhybrid.log,True,,,5.30074964,,,,,,15,15,route_min_directed_valient,checkerboard,4,3,-1,4,"plastiroute: graph.c:165: allocate_vcs_hops: Assertion `max_prog_id  0' failed.
",0:00.31,,,,,,,,,,,,,,,0:21.29,1,,,False,True,0.0,0.0,0.0,0:00.21,,,,False,False,,,,,False
752d3aaa,2019-06-30 22:15:24,LogReg,test,Tst,1000000000.0,../gen/Tst_test/LogReg/log/runproute.log,../gen/Tst_test/LogReg/log/runproute.sh,../gen/Tst_test/LogReg/plastisim/summary.csv,../gen/Tst_test/LogReg/pir/AccelMain.scala,../gen/Tst_test/LogReg/log/,../gen/Tst_test/LogReg/log/gentst.log,../gen/Tst_test/LogReg/log/maketst.log,../gen/Tst_test/LogReg/log/runp2p.log,../gen/Tst_test/LogReg/log/runhybrid.log,True,,"[[31merror[0m] Not enough resource of type PMUParam1774787137,PCUParam719865581. Required 235. Possesed 225
",788.748072534,"[[31merror[0m] Not enough resource of type PMUParam1774787137,PCUParam719865581. Required 235. Possesed 225
",,,,,15,15,,,,,,,,,,,,,,,,,,,,,,,,,,,False,False,,,,,,,,False,False,,,,,False
752d3aaa,2019-06-30 22:15:24,LoopInvariantCycle,test,Tst,1000000000.0,../gen/Tst_test/LoopInvariantCycle/log/runproute.log,../gen/Tst_test/LoopInvariantCycle/log/runproute.sh,../gen/Tst_test/LoopInvariantCycle/plastisim/summary.csv,../gen/Tst_test/LoopInvariantCycle/pir/AccelMain.scala,../gen/Tst_test/LoopInvariantCycle/log/,../gen/Tst_test/LoopInvariantCycle/log/gentst.log,../gen/Tst_test/LoopInvariantCycle/log/maketst.log,../gen/Tst_test/LoopInvariantCycle/log/runp2p.log,../gen/Tst_test/LoopInvariantCycle/log/runhybrid.log,True,,,25.067715216,,,,,,15,15,,,,,,,,,,,,,,,,,,,,,,,1:10.86,1867,"Assertion fail:
",,False,False,0.0,0.309,0.309,0:14.14,,,,False,False,,,,,False
752d3aaa,2019-06-30 22:15:24,LowPrecisionRep,test,Tst,1000000000.0,../gen/Tst_test/LowPrecisionRep/log/runproute.log,../gen/Tst_test/LowPrecisionRep/log/runproute.sh,../gen/Tst_test/LowPrecisionRep/plastisim/summary.csv,../gen/Tst_test/LowPrecisionRep/pir/AccelMain.scala,../gen/Tst_test/LowPrecisionRep/log/,../gen/Tst_test/LowPrecisionRep/log/gentst.log,../gen/Tst_test/LowPrecisionRep/log/maketst.log,../gen/Tst_test/LowPrecisionRep/log/runp2p.log,../gen/Tst_test/LowPrecisionRep/log/runhybrid.log,True,,,11.524690289,,,,,,15,15,,,,,,,,,,,,,,,,,,,,,,,0:28.24,2366,"Assertion fail:
",,False,False,0.0,3.462,0.433,0:11.90,,,,False,False,,,,,False
752d3aaa,2019-06-30 22:15:24,MD_Grid,test,Tst,1000000000.0,../gen/Tst_test/MD_Grid/log/runproute.log,../gen/Tst_test/MD_Grid/log/runproute.sh,../gen/Tst_test/MD_Grid/plastisim/summary.csv,../gen/Tst_test/MD_Grid/pir/AccelMain.scala,../gen/Tst_test/MD_Grid/log/,../gen/Tst_test/MD_Grid/log/gentst.log,../gen/Tst_test/MD_Grid/log/maketst.log,../gen/Tst_test/MD_Grid/log/runp2p.log,../gen/Tst_test/MD_Grid/log/runhybrid.log,True,,,,,,,,,,,,,,,,,,,,,,,,,,,,,,,,,,,,,False,False,,,,,,,,False,False,,,,,False
752d3aaa,2019-06-30 22:15:24,MD_KNN,test,Tst,1000000000.0,../gen/Tst_test/MD_KNN/log/runproute.log,../gen/Tst_test/MD_KNN/log/runproute.sh,../gen/Tst_test/MD_KNN/plastisim/summary.csv,../gen/Tst_test/MD_KNN/pir/AccelMain.scala,../gen/Tst_test/MD_KNN/log/,../gen/Tst_test/MD_KNN/log/gentst.log,../gen/Tst_test/MD_KNN/log/maketst.log,../gen/Tst_test/MD_KNN/log/runp2p.log,../gen/Tst_test/MD_KNN/log/runhybrid.log,True,,"[0m[[0m[31merror[0m] [0m[0m/local/ssd/home/yaqiz/spatial/gen/Tst_test/MD_KNN/pir/AccelMain.scala:246:50: not found: value x579_x[0m
",,,,,,,,,,,,,,,,,,,,,,,,,,,,,,,,,,,False,False,,,,,,,,False,False,,,,,False
752d3aaa,2019-06-30 22:15:24,ManualConflictDephasing,test,Tst,1000000000.0,../gen/Tst_test/ManualConflictDephasing/log/runproute.log,../gen/Tst_test/ManualConflictDephasing/log/runproute.sh,../gen/Tst_test/ManualConflictDephasing/plastisim/summary.csv,../gen/Tst_test/ManualConflictDephasing/pir/AccelMain.scala,../gen/Tst_test/ManualConflictDephasing/log/,../gen/Tst_test/ManualConflictDephasing/log/gentst.log,../gen/Tst_test/ManualConflictDephasing/log/maketst.log,../gen/Tst_test/ManualConflictDephasing/log/runp2p.log,../gen/Tst_test/ManualConflictDephasing/log/runhybrid.log,False,[error] //TODO: Plasticine does not support unbanked unrolled access at the moment. ,,,,,,,,,,,,,,,,,,,,,,,,,,,,,,,,,,,,False,False,,,,,,,,False,False,,,,,False
752d3aaa,2019-06-30 22:15:24,MatMult_hierarchy,test,Tst,1000000000.0,../gen/Tst_test/MatMult_hierarchy/log/runproute.log,../gen/Tst_test/MatMult_hierarchy/log/runproute.sh,../gen/Tst_test/MatMult_hierarchy/plastisim/summary.csv,../gen/Tst_test/MatMult_hierarchy/pir/AccelMain.scala,../gen/Tst_test/MatMult_hierarchy/log/,../gen/Tst_test/MatMult_hierarchy/log/gentst.log,../gen/Tst_test/MatMult_hierarchy/log/maketst.log,../gen/Tst_test/MatMult_hierarchy/log/runp2p.log,../gen/Tst_test/MatMult_hierarchy/log/runhybrid.log,True,,"[[31merror[0m] 04-GraphInitialization throw [pir] Don't know how to infer vec of BankedWrite270
",6.801330693,,,,,,15,15,,,,,,,,,,,,,,,,,,,,,,,,,,,False,False,,,,,,,,False,False,,,,,False
752d3aaa,2019-06-30 22:15:24,MatMult_inner,test,Tst,1000000000.0,../gen/Tst_test/MatMult_inner/log/runproute.log,../gen/Tst_test/MatMult_inner/log/runproute.sh,../gen/Tst_test/MatMult_inner/plastisim/summary.csv,../gen/Tst_test/MatMult_inner/pir/AccelMain.scala,../gen/Tst_test/MatMult_inner/log/,../gen/Tst_test/MatMult_inner/log/gentst.log,../gen/Tst_test/MatMult_inner/log/maketst.log,../gen/Tst_test/MatMult_inner/log/runp2p.log,../gen/Tst_test/MatMult_inner/log/runhybrid.log,False,[error] //TODO: Plasticine does not support unbanked unrolled access at the moment. ,,,,,,,,,,,,,,,,,,,,,,,,,,,,,,,,,,,,False,False,,,,,,,,False,False,,,,,False
752d3aaa,2019-06-30 22:15:24,MatMult_outer,test,Tst,1000000000.0,../gen/Tst_test/MatMult_outer/log/runproute.log,../gen/Tst_test/MatMult_outer/log/runproute.sh,../gen/Tst_test/MatMult_outer/plastisim/summary.csv,../gen/Tst_test/MatMult_outer/pir/AccelMain.scala,../gen/Tst_test/MatMult_outer/log/,../gen/Tst_test/MatMult_outer/log/gentst.log,../gen/Tst_test/MatMult_outer/log/maketst.log,../gen/Tst_test/MatMult_outer/log/runp2p.log,../gen/Tst_test/MatMult_outer/log/runhybrid.log,True,,,27.767955695,,,,,,15,15,route_min_directed_valient,checkerboard,4,3,-1,4,,7:22.22,0,16,0,64000132,5.00,1,28000052,0.0000,0.0000,0.0000,10,100.00,0.0000,,0:53.92,542378,,,False,True,1.857,0.332,0.03,30:18.77,15274,"Assertion fail:
",,True,False,0.0,0.683,0.0,0:24.03,False
752d3aaa,2019-06-30 22:15:24,MaxFloat,test,Tst,1000000000.0,../gen/Tst_test/MaxFloat/log/runproute.log,../gen/Tst_test/MaxFloat/log/runproute.sh,../gen/Tst_test/MaxFloat/plastisim/summary.csv,../gen/Tst_test/MaxFloat/pir/AccelMain.scala,../gen/Tst_test/MaxFloat/log/,../gen/Tst_test/MaxFloat/log/gentst.log,../gen/Tst_test/MaxFloat/log/maketst.log,../gen/Tst_test/MaxFloat/log/runp2p.log,../gen/Tst_test/MaxFloat/log/runhybrid.log,True,,,12.956972135,,,,,,15,15,route_min_directed_valient,checkerboard,4,3,-1,4,,5:07.71,0,0,0,36000040,4.50,0,16000012,0.0000,0.0000,0.0000,9,-nan,0.0000,,0:31.70,405,,,False,True,0.0,2.528,1.264,0:02.79,1074,,,False,True,0.0,0.953,0.477,0:07.73,True
752d3aaa,2019-06-30 22:15:24,MemCopyFIFO,test,Tst,1000000000.0,../gen/Tst_test/MemCopyFIFO/log/runproute.log,../gen/Tst_test/MemCopyFIFO/log/runproute.sh,../gen/Tst_test/MemCopyFIFO/plastisim/summary.csv,../gen/Tst_test/MemCopyFIFO/pir/AccelMain.scala,../gen/Tst_test/MemCopyFIFO/log/,../gen/Tst_test/MemCopyFIFO/log/gentst.log,../gen/Tst_test/MemCopyFIFO/log/maketst.log,../gen/Tst_test/MemCopyFIFO/log/runp2p.log,../gen/Tst_test/MemCopyFIFO/log/runhybrid.log,True,,,8.01272439,,,,,,15,15,route_min_directed_valient,checkerboard,4,3,-1,4,,3:29.46,0,0,2,24,4.00,0,12,0.0000,0.0000,0.0000,8,-nan,0.0000,,0:26.95,109,,True,False,True,0.0,1.174,1.174,0:00.82,228,,True,False,True,0.0,0.561,0.561,0:01.56,True
752d3aaa,2019-06-30 22:15:24,MemCopyLIFO,test,Tst,1000000000.0,../gen/Tst_test/MemCopyLIFO/log/runproute.log,../gen/Tst_test/MemCopyLIFO/log/runproute.sh,../gen/Tst_test/MemCopyLIFO/plastisim/summary.csv,../gen/Tst_test/MemCopyLIFO/pir/AccelMain.scala,../gen/Tst_test/MemCopyLIFO/log/,../gen/Tst_test/MemCopyLIFO/log/gentst.log,../gen/Tst_test/MemCopyLIFO/log/maketst.log,../gen/Tst_test/MemCopyLIFO/log/runp2p.log,../gen/Tst_test/MemCopyLIFO/log/runhybrid.log,True,,"[0m[[0m[31merror[0m] [0m[0m/local/ssd/home/yaqiz/spatial/gen/Tst_test/MemCopyLIFO/pir/AccelMain.scala:78:29: not found: value x129[0m
",,,,,,,,,,,,,,,,,,,,,,,,,,,,,,,,,,,False,False,,,,,,,,False,False,,,,,False
752d3aaa,2019-06-30 22:15:24,MemCopySRAM1D,test,Tst,1000000000.0,../gen/Tst_test/MemCopySRAM1D/log/runproute.log,../gen/Tst_test/MemCopySRAM1D/log/runproute.sh,../gen/Tst_test/MemCopySRAM1D/plastisim/summary.csv,../gen/Tst_test/MemCopySRAM1D/pir/AccelMain.scala,../gen/Tst_test/MemCopySRAM1D/log/,../gen/Tst_test/MemCopySRAM1D/log/gentst.log,../gen/Tst_test/MemCopySRAM1D/log/maketst.log,../gen/Tst_test/MemCopySRAM1D/log/runp2p.log,../gen/Tst_test/MemCopySRAM1D/log/runhybrid.log,True,,,13.114367624,,,,,,15,15,route_min_directed_valient,checkerboard,4,3,-1,4,,5:29.85,0,0,0,2975,4.50,0,834,0.0000,0.0000,0.0000,9,-nan,0.0000,,0:31.57,320,,,False,True,0.0,2.4,2.4,0:02.35,733,,,False,True,0.0,1.048,1.048,0:04.40,True
752d3aaa,2019-06-30 22:15:24,MemCopySRAM2D,test,Tst,1000000000.0,../gen/Tst_test/MemCopySRAM2D/log/runproute.log,../gen/Tst_test/MemCopySRAM2D/log/runproute.sh,../gen/Tst_test/MemCopySRAM2D/plastisim/summary.csv,../gen/Tst_test/MemCopySRAM2D/pir/AccelMain.scala,../gen/Tst_test/MemCopySRAM2D/log/,../gen/Tst_test/MemCopySRAM2D/log/gentst.log,../gen/Tst_test/MemCopySRAM2D/log/maketst.log,../gen/Tst_test/MemCopySRAM2D/log/runp2p.log,../gen/Tst_test/MemCopySRAM2D/log/runhybrid.log,True,,,9.204073285,,,,,,15,15,route_min_directed_valient,checkerboard,4,3,-1,4,,4:03.16,0,0,0,1874,4.00,0,1107,0.0000,0.0000,0.0000,8,-nan,0.0000,,0:28.24,640,,,False,True,0.0,1.6,1.6,0:01.84,1554,,,False,True,0.0,0.659,0.659,0:10.26,True
752d3aaa,2019-06-30 22:15:24,MemCopySRAM2D_2,test,Tst,1000000000.0,../gen/Tst_test/MemCopySRAM2D_2/log/runproute.log,../gen/Tst_test/MemCopySRAM2D_2/log/runproute.sh,../gen/Tst_test/MemCopySRAM2D_2/plastisim/summary.csv,../gen/Tst_test/MemCopySRAM2D_2/pir/AccelMain.scala,../gen/Tst_test/MemCopySRAM2D_2/log/,../gen/Tst_test/MemCopySRAM2D_2/log/gentst.log,../gen/Tst_test/MemCopySRAM2D_2/log/maketst.log,../gen/Tst_test/MemCopySRAM2D_2/log/runp2p.log,../gen/Tst_test/MemCopySRAM2D_2/log/runhybrid.log,True,,,11.842787444,,,,,,15,15,route_min_directed_valient,checkerboard,4,3,-1,4,,3:50.67,0,0,0,2176,4.00,0,1619,0.0000,0.0000,0.0000,8,-nan,0.0000,,0:30.37,917,,,False,True,0.0,1.117,1.117,0:06.12,2304,,,False,True,0.0,0.444,0.444,0:15.75,True
752d3aaa,2019-06-30 22:15:24,MemReduce1D,test,Tst,1000000000.0,../gen/Tst_test/MemReduce1D/log/runproute.log,../gen/Tst_test/MemReduce1D/log/runproute.sh,../gen/Tst_test/MemReduce1D/plastisim/summary.csv,../gen/Tst_test/MemReduce1D/pir/AccelMain.scala,../gen/Tst_test/MemReduce1D/log/,../gen/Tst_test/MemReduce1D/log/gentst.log,../gen/Tst_test/MemReduce1D/log/maketst.log,../gen/Tst_test/MemReduce1D/log/runp2p.log,../gen/Tst_test/MemReduce1D/log/runhybrid.log,True,,,15.193682171,,,,,,15,15,,,,,,,,,,,,,,,,,,,,,,,0:41.41,,"Assertion fail:
",,False,False,0.0,4.35,0.0,0:01.09,,,,False,False,,,,,False
752d3aaa,2019-06-30 22:15:24,MemReduce2D,test,Tst,1000000000.0,../gen/Tst_test/MemReduce2D/log/runproute.log,../gen/Tst_test/MemReduce2D/log/runproute.sh,../gen/Tst_test/MemReduce2D/plastisim/summary.csv,../gen/Tst_test/MemReduce2D/pir/AccelMain.scala,../gen/Tst_test/MemReduce2D/log/,../gen/Tst_test/MemReduce2D/log/gentst.log,../gen/Tst_test/MemReduce2D/log/maketst.log,../gen/Tst_test/MemReduce2D/log/runp2p.log,../gen/Tst_test/MemReduce2D/log/runhybrid.log,True,,,18.76941774,,,,,,15,15,,,,,,,,,,,,,,,,,,,,,,,0:40.21,,"Assertion fail:
",,False,False,0.0,4.414,0.0,0:00.94,,,,False,False,,,,,False
752d3aaa,2019-06-30 22:15:24,MemReduceFIFO,test,Tst,1000000000.0,../gen/Tst_test/MemReduceFIFO/log/runproute.log,../gen/Tst_test/MemReduceFIFO/log/runproute.sh,../gen/Tst_test/MemReduceFIFO/plastisim/summary.csv,../gen/Tst_test/MemReduceFIFO/pir/AccelMain.scala,../gen/Tst_test/MemReduceFIFO/log/,../gen/Tst_test/MemReduceFIFO/log/gentst.log,../gen/Tst_test/MemReduceFIFO/log/maketst.log,../gen/Tst_test/MemReduceFIFO/log/runp2p.log,../gen/Tst_test/MemReduceFIFO/log/runhybrid.log,True,,"[[31merror[0m] 54-TungstenPIRGen throw [pir] BufferRead221.inits is empty
",11.733274014,,,,,,15,15,,,,,,,,,,,,,,,,,,,,,,,,,,,False,False,,,,,,,,False,False,,,,,False
752d3aaa,2019-06-30 22:15:24,MemReduceSimple,test,Tst,1000000000.0,../gen/Tst_test/MemReduceSimple/log/runproute.log,../gen/Tst_test/MemReduceSimple/log/runproute.sh,../gen/Tst_test/MemReduceSimple/plastisim/summary.csv,../gen/Tst_test/MemReduceSimple/pir/AccelMain.scala,../gen/Tst_test/MemReduceSimple/log/,../gen/Tst_test/MemReduceSimple/log/gentst.log,../gen/Tst_test/MemReduceSimple/log/maketst.log,../gen/Tst_test/MemReduceSimple/log/runp2p.log,../gen/Tst_test/MemReduceSimple/log/runhybrid.log,True,,,12.367820218,,,,,,15,15,route_min_directed_valient,checkerboard,4,3,-1,4,,4:44.57,0,0,0,525,4.00,0,426,0.0000,0.0000,0.0000,8,-nan,0.0000,,0:33.19,288,,True,False,True,0.0,0.0,0.444,0:01.83,669,,True,False,True,0.0,0.0,0.191,0:04.00,True
752d3aaa,2019-06-30 22:15:24,MemReduceTiny,test,Tst,1000000000.0,../gen/Tst_test/MemReduceTiny/log/runproute.log,../gen/Tst_test/MemReduceTiny/log/runproute.sh,../gen/Tst_test/MemReduceTiny/plastisim/summary.csv,../gen/Tst_test/MemReduceTiny/pir/AccelMain.scala,../gen/Tst_test/MemReduceTiny/log/,../gen/Tst_test/MemReduceTiny/log/gentst.log,../gen/Tst_test/MemReduceTiny/log/maketst.log,../gen/Tst_test/MemReduceTiny/log/runp2p.log,../gen/Tst_test/MemReduceTiny/log/runhybrid.log,True,,,12.49462806,,,,,,15,15,route_min_directed_valient,checkerboard,4,3,-1,4,,3:35.31,0,0,0,173132,3.50,0,167010,0.0000,0.0000,0.0000,7,-nan,0.0000,,0:30.30,35568,,True,False,True,0.0,0.0,0.115,3:53.68,91726,,True,False,True,0.0,0.0,0.045,7:31.14,True
752d3aaa,2019-06-30 22:15:24,MemReduceToUnitPipe,test,Tst,1000000000.0,../gen/Tst_test/MemReduceToUnitPipe/log/runproute.log,../gen/Tst_test/MemReduceToUnitPipe/log/runproute.sh,../gen/Tst_test/MemReduceToUnitPipe/plastisim/summary.csv,../gen/Tst_test/MemReduceToUnitPipe/pir/AccelMain.scala,../gen/Tst_test/MemReduceToUnitPipe/log/,../gen/Tst_test/MemReduceToUnitPipe/log/gentst.log,../gen/Tst_test/MemReduceToUnitPipe/log/maketst.log,../gen/Tst_test/MemReduceToUnitPipe/log/runp2p.log,../gen/Tst_test/MemReduceToUnitPipe/log/runhybrid.log,True,,,25.392125813,,,,,,15,15,,,,,,,,,,,,,,,,,,,,,,,0:46.18,1128,"Assertion fail:
",,False,False,0.0,0.454,1.816,0:05.67,,,,False,False,,,,,False
752d3aaa,2019-06-30 22:15:24,MergeSort,test,Tst,1000000000.0,../gen/Tst_test/MergeSort/log/runproute.log,../gen/Tst_test/MergeSort/log/runproute.sh,../gen/Tst_test/MergeSort/plastisim/summary.csv,../gen/Tst_test/MergeSort/pir/AccelMain.scala,../gen/Tst_test/MergeSort/log/,../gen/Tst_test/MergeSort/log/gentst.log,../gen/Tst_test/MergeSort/log/maketst.log,../gen/Tst_test/MergeSort/log/runp2p.log,../gen/Tst_test/MergeSort/log/runhybrid.log,True,,"[0m[[0m[31merror[0m] [0m[0m/local/ssd/home/yaqiz/spatial/gen/Tst_test/MergeSort/pir/AccelMain.scala:244:31: not found: value x1381[0m
",,,,,,,,,,,,,,,,,,,,,,,,,,,,,,,,,,,False,False,,,,,,,,False,False,,,,,False
752d3aaa,2019-06-30 22:15:24,MetaprogrammedConflict,test,Tst,1000000000.0,../gen/Tst_test/MetaprogrammedConflict/log/runproute.log,../gen/Tst_test/MetaprogrammedConflict/log/runproute.sh,../gen/Tst_test/MetaprogrammedConflict/plastisim/summary.csv,../gen/Tst_test/MetaprogrammedConflict/pir/AccelMain.scala,../gen/Tst_test/MetaprogrammedConflict/log/,../gen/Tst_test/MetaprogrammedConflict/log/gentst.log,../gen/Tst_test/MetaprogrammedConflict/log/maketst.log,../gen/Tst_test/MetaprogrammedConflict/log/runp2p.log,../gen/Tst_test/MetaprogrammedConflict/log/runhybrid.log,True,,"[[31merror[0m] Constrain failed on MemoryContainer458
",15.740066362,,,,,,15,15,,,,,,,,,,,,,,,,,,,,,,,,,,,False,False,,,,,,,,False,False,,,,,False
752d3aaa,2019-06-30 22:15:24,MismatchedDiagonalBanking,test,Tst,1000000000.0,../gen/Tst_test/MismatchedDiagonalBanking/log/runproute.log,../gen/Tst_test/MismatchedDiagonalBanking/log/runproute.sh,../gen/Tst_test/MismatchedDiagonalBanking/plastisim/summary.csv,../gen/Tst_test/MismatchedDiagonalBanking/pir/AccelMain.scala,../gen/Tst_test/MismatchedDiagonalBanking/log/,../gen/Tst_test/MismatchedDiagonalBanking/log/gentst.log,../gen/Tst_test/MismatchedDiagonalBanking/log/maketst.log,../gen/Tst_test/MismatchedDiagonalBanking/log/runp2p.log,../gen/Tst_test/MismatchedDiagonalBanking/log/runhybrid.log,True,,,12.169444017,,,,,,15,15,route_min_directed_valient,checkerboard,4,3,-1,4,,4:54.77,0,0,8192,14552,4.50,0,11747,0.0000,0.0000,0.0000,9,-nan,0.0000,,0:33.37,2723,,,False,True,0.0,3.008,3.008,0:18.54,6686,,,False,True,0.0,1.225,1.225,0:47.70,True
752d3aaa,2019-06-30 22:15:24,MixedIO,test,Tst,1000000000.0,../gen/Tst_test/MixedIO/log/runproute.log,../gen/Tst_test/MixedIO/log/runproute.sh,../gen/Tst_test/MixedIO/plastisim/summary.csv,../gen/Tst_test/MixedIO/pir/AccelMain.scala,../gen/Tst_test/MixedIO/log/,../gen/Tst_test/MixedIO/log/gentst.log,../gen/Tst_test/MixedIO/log/maketst.log,../gen/Tst_test/MixedIO/log/runp2p.log,../gen/Tst_test/MixedIO/log/runhybrid.log,True,,"[0m[[0m[31merror[0m] [0m[0m/local/ssd/home/yaqiz/spatial/gen/Tst_test/MixedIO/pir/AccelMain.scala:28:46: not found: value x204[0m
",,,,,,,,,,,,,,,,,,,,,,,,,,,,,,,,,,,False,False,,,,,,,,False,False,,,,,False
752d3aaa,2019-06-30 22:15:24,ModuloIndexing,test,Tst,1000000000.0,../gen/Tst_test/ModuloIndexing/log/runproute.log,../gen/Tst_test/ModuloIndexing/log/runproute.sh,../gen/Tst_test/ModuloIndexing/plastisim/summary.csv,../gen/Tst_test/ModuloIndexing/pir/AccelMain.scala,../gen/Tst_test/ModuloIndexing/log/,../gen/Tst_test/ModuloIndexing/log/gentst.log,../gen/Tst_test/ModuloIndexing/log/maketst.log,../gen/Tst_test/ModuloIndexing/log/runp2p.log,../gen/Tst_test/ModuloIndexing/log/runhybrid.log,False,[error] //TODO: Plasticine does not support unbanked unrolled access at the moment. ,,,,,,,,,,,,,,,,,,,,,,,,,,,,,,,,,,,,False,False,,,,,,,,False,False,,,,,False
752d3aaa,2019-06-30 22:15:24,MultiArgOut,test,Tst,1000000000.0,../gen/Tst_test/MultiArgOut/log/runproute.log,../gen/Tst_test/MultiArgOut/log/runproute.sh,../gen/Tst_test/MultiArgOut/plastisim/summary.csv,../gen/Tst_test/MultiArgOut/pir/AccelMain.scala,../gen/Tst_test/MultiArgOut/log/,../gen/Tst_test/MultiArgOut/log/gentst.log,../gen/Tst_test/MultiArgOut/log/maketst.log,../gen/Tst_test/MultiArgOut/log/runp2p.log,../gen/Tst_test/MultiArgOut/log/runhybrid.log,True,,,5.31879452,,,,,,15,15,route_min_directed_valient,checkerboard,4,3,-1,4,"plastiroute: graph.c:165: allocate_vcs_hops: Assertion `max_prog_id  0' failed.
",0:00.34,,,,,,,,,,,,,,,0:20.94,3,,True,False,True,0.0,0.0,0.0,0:00.21,,,,False,False,,,,,False
752d3aaa,2019-06-30 22:15:24,MultiTriplet,test,Tst,1000000000.0,../gen/Tst_test/MultiTriplet/log/runproute.log,../gen/Tst_test/MultiTriplet/log/runproute.sh,../gen/Tst_test/MultiTriplet/plastisim/summary.csv,../gen/Tst_test/MultiTriplet/pir/AccelMain.scala,../gen/Tst_test/MultiTriplet/log/,../gen/Tst_test/MultiTriplet/log/gentst.log,../gen/Tst_test/MultiTriplet/log/maketst.log,../gen/Tst_test/MultiTriplet/log/runp2p.log,../gen/Tst_test/MultiTriplet/log/runhybrid.log,True,,"[[31merror[0m] 15-MemoryLowering throw scala.MatchError: OpDef22 (of class pir.node.OpDef)
",3.78039825,,,,,,15,15,,,,,,,,,,,,,,,,,,,,,,,,,,,False,False,,,,,,,,False,False,,,,,False
752d3aaa,2019-06-30 22:15:24,MultiWriteBuffer,test,Tst,1000000000.0,../gen/Tst_test/MultiWriteBuffer/log/runproute.log,../gen/Tst_test/MultiWriteBuffer/log/runproute.sh,../gen/Tst_test/MultiWriteBuffer/plastisim/summary.csv,../gen/Tst_test/MultiWriteBuffer/pir/AccelMain.scala,../gen/Tst_test/MultiWriteBuffer/log/,../gen/Tst_test/MultiWriteBuffer/log/gentst.log,../gen/Tst_test/MultiWriteBuffer/log/maketst.log,../gen/Tst_test/MultiWriteBuffer/log/runp2p.log,../gen/Tst_test/MultiWriteBuffer/log/runhybrid.log,True,,,12.833310772,,,,,,15,15,route_min_directed_valient,checkerboard,4,3,-1,4,,3:53.09,0,0,0,44106,3.50,0,18226,0.0000,0.0000,0.0000,7,-nan,0.0000,,0:29.52,5031,,True,False,True,0.0,0.0,0.204,0:31.35,12009,"Assertion fail:
",,False,False,0.0,0.0,0.085,1:25.16,False
752d3aaa,2019-06-30 22:15:24,MultilevelPar,test,Tst,1000000000.0,../gen/Tst_test/MultilevelPar/log/runproute.log,../gen/Tst_test/MultilevelPar/log/runproute.sh,../gen/Tst_test/MultilevelPar/plastisim/summary.csv,../gen/Tst_test/MultilevelPar/pir/AccelMain.scala,../gen/Tst_test/MultilevelPar/log/,../gen/Tst_test/MultilevelPar/log/gentst.log,../gen/Tst_test/MultilevelPar/log/maketst.log,../gen/Tst_test/MultilevelPar/log/runp2p.log,../gen/Tst_test/MultilevelPar/log/runhybrid.log,True,,,21.471607092,,,,,,15,15,,,,,,,,,,,,,,,,,,,,,,,0:39.23,10756,"Assertion fail:
",,True,False,0.0,0.0,0.095,1:04.90,,,,False,False,,,,,False
752d3aaa,2019-06-30 22:15:24,MultiplexedSRAMAccum,test,Tst,1000000000.0,../gen/Tst_test/MultiplexedSRAMAccum/log/runproute.log,../gen/Tst_test/MultiplexedSRAMAccum/log/runproute.sh,../gen/Tst_test/MultiplexedSRAMAccum/plastisim/summary.csv,../gen/Tst_test/MultiplexedSRAMAccum/pir/AccelMain.scala,../gen/Tst_test/MultiplexedSRAMAccum/log/,../gen/Tst_test/MultiplexedSRAMAccum/log/gentst.log,../gen/Tst_test/MultiplexedSRAMAccum/log/maketst.log,../gen/Tst_test/MultiplexedSRAMAccum/log/runp2p.log,../gen/Tst_test/MultiplexedSRAMAccum/log/runhybrid.log,True,,,15.200050665,,,,,,15,15,route_min_directed_valient,checkerboard,4,3,-1,4,,4:17.64,0,0,0,10519,4.00,0,9384,0.0000,0.0000,0.0000,8,-nan,0.0000,,0:34.92,3583,,,False,True,0.0,0.036,0.036,0:22.00,8663,,,False,True,0.0,0.015,0.015,1:00.40,True
752d3aaa,2019-06-30 22:15:24,MultiplexedWrites,test,Tst,1000000000.0,../gen/Tst_test/MultiplexedWrites/log/runproute.log,../gen/Tst_test/MultiplexedWrites/log/runproute.sh,../gen/Tst_test/MultiplexedWrites/plastisim/summary.csv,../gen/Tst_test/MultiplexedWrites/pir/AccelMain.scala,../gen/Tst_test/MultiplexedWrites/log/,../gen/Tst_test/MultiplexedWrites/log/gentst.log,../gen/Tst_test/MultiplexedWrites/log/maketst.log,../gen/Tst_test/MultiplexedWrites/log/runp2p.log,../gen/Tst_test/MultiplexedWrites/log/runhybrid.log,True,,,13.98738866,,,,,,15,15,route_min_directed_valient,checkerboard,4,3,-1,4,,5:29.70,0,0,5000180,5000807,4.50,0,9000748,0.0000,0.0000,0.0000,9,-nan,0.0000,,0:35.75,7158,,,False,True,0.0,0.215,0.536,0:23.47,20443,,,False,True,0.0,0.075,0.188,1:54.38,True
752d3aaa,2019-06-30 22:15:24,MuxTest,test,Tst,1000000000.0,../gen/Tst_test/MuxTest/log/runproute.log,../gen/Tst_test/MuxTest/log/runproute.sh,../gen/Tst_test/MuxTest/plastisim/summary.csv,../gen/Tst_test/MuxTest/pir/AccelMain.scala,../gen/Tst_test/MuxTest/log/,../gen/Tst_test/MuxTest/log/gentst.log,../gen/Tst_test/MuxTest/log/maketst.log,../gen/Tst_test/MuxTest/log/runp2p.log,../gen/Tst_test/MuxTest/log/runhybrid.log,True,,"[0m[[0m[31merror[0m] [0m[0m/local/ssd/home/yaqiz/spatial/gen/Tst_test/MuxTest/pir/AccelMain.scala:44:38: not found: value OneHotMux5[0m
",,,,,,,,,,,,,,,,,,,,,,,,,,,,,,,,,,,False,False,,,,,,,,False,False,,,,,False
752d3aaa,2019-06-30 22:15:24,NIter,test,Tst,1000000000.0,../gen/Tst_test/NIter/log/runproute.log,../gen/Tst_test/NIter/log/runproute.sh,../gen/Tst_test/NIter/plastisim/summary.csv,../gen/Tst_test/NIter/pir/AccelMain.scala,../gen/Tst_test/NIter/log/,../gen/Tst_test/NIter/log/gentst.log,../gen/Tst_test/NIter/log/maketst.log,../gen/Tst_test/NIter/log/runp2p.log,../gen/Tst_test/NIter/log/runhybrid.log,True,,,6.366204882,,,,,,15,15,route_min_directed_valient,checkerboard,4,3,-1,4,,1:21.48,0,0,0,0,0.00,0,1000001,0.0000,0.0000,0.0000,0,-nan,0.0000,,0:21.38,205,,True,False,True,0.0,0.0,0.0,0:01.75,221,,True,False,True,0.0,0.0,0.0,0:01.29,True
752d3aaa,2019-06-30 22:15:24,NIter2,test,Tst,1000000000.0,../gen/Tst_test/NIter2/log/runproute.log,../gen/Tst_test/NIter2/log/runproute.sh,../gen/Tst_test/NIter2/plastisim/summary.csv,../gen/Tst_test/NIter2/pir/AccelMain.scala,../gen/Tst_test/NIter2/log/,../gen/Tst_test/NIter2/log/gentst.log,../gen/Tst_test/NIter2/log/maketst.log,../gen/Tst_test/NIter2/log/runp2p.log,../gen/Tst_test/NIter2/log/runhybrid.log,True,,,7.115460722,,,,,,15,15,route_min_directed_valient,checkerboard,4,3,-1,4,,1:55.60,0,0,0,2000004,1.00,0,2000003,0.0000,0.0000,0.0000,2,-nan,0.0000,,0:23.00,122,,,False,True,0.0,0.0,0.0,0:01.02,166,,,False,True,0.0,0.0,0.0,0:01.36,True
752d3aaa,2019-06-30 22:15:24,NW_alg,test,Tst,1000000000.0,../gen/Tst_test/NW_alg/log/runproute.log,../gen/Tst_test/NW_alg/log/runproute.sh,../gen/Tst_test/NW_alg/plastisim/summary.csv,../gen/Tst_test/NW_alg/pir/AccelMain.scala,../gen/Tst_test/NW_alg/log/,../gen/Tst_test/NW_alg/log/gentst.log,../gen/Tst_test/NW_alg/log/maketst.log,../gen/Tst_test/NW_alg/log/runp2p.log,../gen/Tst_test/NW_alg/log/runhybrid.log,True,,"[0m[[0m[31merror[0m] [0m[0m/local/ssd/home/yaqiz/spatial/gen/Tst_test/NW_alg/pir/AccelMain.scala:304:58: not found: value x713_score[0m
",,,,,,,,,,,,,,,,,,,,,,,,,,,,,,,,,,,False,False,,,,,,,,False,False,,,,,False
752d3aaa,2019-06-30 22:15:24,NestedAlias,test,Tst,1000000000.0,../gen/Tst_test/NestedAlias/log/runproute.log,../gen/Tst_test/NestedAlias/log/runproute.sh,../gen/Tst_test/NestedAlias/plastisim/summary.csv,../gen/Tst_test/NestedAlias/pir/AccelMain.scala,../gen/Tst_test/NestedAlias/log/,../gen/Tst_test/NestedAlias/log/gentst.log,../gen/Tst_test/NestedAlias/log/maketst.log,../gen/Tst_test/NestedAlias/log/runp2p.log,../gen/Tst_test/NestedAlias/log/runhybrid.log,True,,,6.14625068,,,,,,15,15,route_min_directed_valient,checkerboard,4,3,-1,4,,1:25.61,0,0,0,1,0.50,0,1,0.0000,0.0000,0.0000,1,-nan,0.0000,,0:22.56,1,,,False,True,0.0,0.0,0.0,0:00.16,1,,,False,True,0.0,0.0,0.0,0:00.17,True
752d3aaa,2019-06-30 22:15:24,NestedIfs,test,Tst,1000000000.0,../gen/Tst_test/NestedIfs/log/runproute.log,../gen/Tst_test/NestedIfs/log/runproute.sh,../gen/Tst_test/NestedIfs/plastisim/summary.csv,../gen/Tst_test/NestedIfs/pir/AccelMain.scala,../gen/Tst_test/NestedIfs/log/,../gen/Tst_test/NestedIfs/log/gentst.log,../gen/Tst_test/NestedIfs/log/maketst.log,../gen/Tst_test/NestedIfs/log/runp2p.log,../gen/Tst_test/NestedIfs/log/runhybrid.log,True,,,8.425771905,,,,,,15,15,,,,,,,,,,,,,,,,,,,,,,,0:28.18,10022,"Assertion fail:
",,True,False,0.0,0.0,0.0,1:05.23,,,,False,False,,,,,False
752d3aaa,2019-06-30 22:15:24,NoMerge1D,test,Tst,1000000000.0,../gen/Tst_test/NoMerge1D/log/runproute.log,../gen/Tst_test/NoMerge1D/log/runproute.sh,../gen/Tst_test/NoMerge1D/plastisim/summary.csv,../gen/Tst_test/NoMerge1D/pir/AccelMain.scala,../gen/Tst_test/NoMerge1D/log/,../gen/Tst_test/NoMerge1D/log/gentst.log,../gen/Tst_test/NoMerge1D/log/maketst.log,../gen/Tst_test/NoMerge1D/log/runp2p.log,../gen/Tst_test/NoMerge1D/log/runhybrid.log,True,,"[0m[[0m[31merror[0m] [0m[0m/local/ssd/home/yaqiz/spatial/gen/Tst_test/NoMerge1D/pir/AccelMain.scala:62:52: not found: value x119[0m
",,,,,,,,,,,,,,,,,,,,,,,,,,,,,,,,,,,False,False,,,,,,,,False,False,,,,,False
752d3aaa,2019-06-30 22:15:24,OOBTest,test,Tst,1000000000.0,../gen/Tst_test/OOBTest/log/runproute.log,../gen/Tst_test/OOBTest/log/runproute.sh,../gen/Tst_test/OOBTest/plastisim/summary.csv,../gen/Tst_test/OOBTest/pir/AccelMain.scala,../gen/Tst_test/OOBTest/log/,../gen/Tst_test/OOBTest/log/gentst.log,../gen/Tst_test/OOBTest/log/maketst.log,../gen/Tst_test/OOBTest/log/runp2p.log,../gen/Tst_test/OOBTest/log/runhybrid.log,True,,,10.070564293,,,,,,15,15,,,,,,,,,,,,,,,,,,,,,,,0:28.58,,"Assertion fail:
",,False,False,0.0,0.688,0.0,0:01.14,,,,False,False,,,,,False
752d3aaa,2019-06-30 22:15:24,OpticalFlow,test,Tst,1000000000.0,../gen/Tst_test/OpticalFlow/log/runproute.log,../gen/Tst_test/OpticalFlow/log/runproute.sh,../gen/Tst_test/OpticalFlow/plastisim/summary.csv,../gen/Tst_test/OpticalFlow/pir/AccelMain.scala,../gen/Tst_test/OpticalFlow/log/,../gen/Tst_test/OpticalFlow/log/gentst.log,../gen/Tst_test/OpticalFlow/log/maketst.log,../gen/Tst_test/OpticalFlow/log/runp2p.log,../gen/Tst_test/OpticalFlow/log/runhybrid.log,True,,,,,,,,,,,,,,,,,,,,,,,,,,,,,,,,,,,,,False,False,,,,,,,,False,False,,,,,False
752d3aaa,2019-06-30 22:15:24,OuterForeachUnrolling,test,Tst,1000000000.0,../gen/Tst_test/OuterForeachUnrolling/log/runproute.log,../gen/Tst_test/OuterForeachUnrolling/log/runproute.sh,../gen/Tst_test/OuterForeachUnrolling/plastisim/summary.csv,../gen/Tst_test/OuterForeachUnrolling/pir/AccelMain.scala,../gen/Tst_test/OuterForeachUnrolling/log/,../gen/Tst_test/OuterForeachUnrolling/log/gentst.log,../gen/Tst_test/OuterForeachUnrolling/log/maketst.log,../gen/Tst_test/OuterForeachUnrolling/log/runp2p.log,../gen/Tst_test/OuterForeachUnrolling/log/runhybrid.log,True,,,10.374445466,,,,,,15,15,route_min_directed_valient,checkerboard,4,3,-1,4,,4:22.61,0,0,0,157,4.00,0,122,0.0000,0.0000,0.0000,8,-nan,0.0000,,0:28.39,112,,True,False,True,0.0,0.0,1.143,0:01.00,252,,True,False,True,0.0,0.0,0.508,0:01.81,True
752d3aaa,2019-06-30 22:15:24,OuterForeachUnrolling2,test,Tst,1000000000.0,../gen/Tst_test/OuterForeachUnrolling2/log/runproute.log,../gen/Tst_test/OuterForeachUnrolling2/log/runproute.sh,../gen/Tst_test/OuterForeachUnrolling2/plastisim/summary.csv,../gen/Tst_test/OuterForeachUnrolling2/pir/AccelMain.scala,../gen/Tst_test/OuterForeachUnrolling2/log/,../gen/Tst_test/OuterForeachUnrolling2/log/gentst.log,../gen/Tst_test/OuterForeachUnrolling2/log/maketst.log,../gen/Tst_test/OuterForeachUnrolling2/log/runp2p.log,../gen/Tst_test/OuterForeachUnrolling2/log/runhybrid.log,True,,,27.58237063,,,,,,15,15,route_min_directed_valient,checkerboard,4,3,-1,4,,9:54.93,0,0,0,9158,6.00,0,4534,0.0000,0.0000,0.0000,12,-nan,0.0000,,0:56.09,736,,True,False,True,0.0,2.957,2.957,0:05.23,1851,,True,False,True,0.0,1.176,1.176,0:15.21,True
752d3aaa,2019-06-30 22:15:24,OuterForeachUnrolling2POM,test,Tst,1000000000.0,../gen/Tst_test/OuterForeachUnrolling2POM/log/runproute.log,../gen/Tst_test/OuterForeachUnrolling2POM/log/runproute.sh,../gen/Tst_test/OuterForeachUnrolling2POM/plastisim/summary.csv,../gen/Tst_test/OuterForeachUnrolling2POM/pir/AccelMain.scala,../gen/Tst_test/OuterForeachUnrolling2POM/log/,../gen/Tst_test/OuterForeachUnrolling2POM/log/gentst.log,../gen/Tst_test/OuterForeachUnrolling2POM/log/maketst.log,../gen/Tst_test/OuterForeachUnrolling2POM/log/runp2p.log,../gen/Tst_test/OuterForeachUnrolling2POM/log/runhybrid.log,True,,,26.008063083,,,,,,15,15,route_min_directed_valient,checkerboard,4,3,-1,4,,8:10.20,0,0,0,9000,6.00,0,4534,0.0000,0.0000,0.0000,12,-nan,0.0000,,0:55.51,736,,True,False,True,0.0,2.957,2.957,0:06.25,1824,,True,False,True,0.0,1.193,1.193,0:08.76,True
752d3aaa,2019-06-30 22:15:24,OuterForeachUnrollingFlagged,test,Tst,1000000000.0,../gen/Tst_test/OuterForeachUnrollingFlagged/log/runproute.log,../gen/Tst_test/OuterForeachUnrollingFlagged/log/runproute.sh,../gen/Tst_test/OuterForeachUnrollingFlagged/plastisim/summary.csv,../gen/Tst_test/OuterForeachUnrollingFlagged/pir/AccelMain.scala,../gen/Tst_test/OuterForeachUnrollingFlagged/log/,../gen/Tst_test/OuterForeachUnrollingFlagged/log/gentst.log,../gen/Tst_test/OuterForeachUnrollingFlagged/log/maketst.log,../gen/Tst_test/OuterForeachUnrollingFlagged/log/runp2p.log,../gen/Tst_test/OuterForeachUnrollingFlagged/log/runhybrid.log,True,,,14.449728688,,,,,,15,15,route_min_directed_valient,checkerboard,4,3,-1,4,,6:47.98,0,0,0,452,4.50,0,244,0.0000,0.0000,0.0000,9,-nan,0.0000,,0:35.85,112,,True,False,True,0.0,0.0,2.286,0:00.58,256,,True,False,True,0.0,0.0,1.0,0:01.89,True
752d3aaa,2019-06-30 22:15:24,OuterForeachUnrollingFlaggedPOM,test,Tst,1000000000.0,../gen/Tst_test/OuterForeachUnrollingFlaggedPOM/log/runproute.log,../gen/Tst_test/OuterForeachUnrollingFlaggedPOM/log/runproute.sh,../gen/Tst_test/OuterForeachUnrollingFlaggedPOM/plastisim/summary.csv,../gen/Tst_test/OuterForeachUnrollingFlaggedPOM/pir/AccelMain.scala,../gen/Tst_test/OuterForeachUnrollingFlaggedPOM/log/,../gen/Tst_test/OuterForeachUnrollingFlaggedPOM/log/gentst.log,../gen/Tst_test/OuterForeachUnrollingFlaggedPOM/log/maketst.log,../gen/Tst_test/OuterForeachUnrollingFlaggedPOM/log/runp2p.log,../gen/Tst_test/OuterForeachUnrollingFlaggedPOM/log/runhybrid.log,True,,,15.995453766,,,,,,15,15,route_min_directed_valient,checkerboard,4,3,-1,4,,6:40.91,0,0,0,388,4.50,0,244,0.0000,0.0000,0.0000,9,-nan,0.0000,,0:36.01,112,,True,False,True,0.0,0.0,2.286,0:01.04,251,,True,False,True,0.0,0.0,1.02,0:02.05,True
752d3aaa,2019-06-30 22:15:24,OuterForeachUnrollingPOM,test,Tst,1000000000.0,../gen/Tst_test/OuterForeachUnrollingPOM/log/runproute.log,../gen/Tst_test/OuterForeachUnrollingPOM/log/runproute.sh,../gen/Tst_test/OuterForeachUnrollingPOM/plastisim/summary.csv,../gen/Tst_test/OuterForeachUnrollingPOM/pir/AccelMain.scala,../gen/Tst_test/OuterForeachUnrollingPOM/log/,../gen/Tst_test/OuterForeachUnrollingPOM/log/gentst.log,../gen/Tst_test/OuterForeachUnrollingPOM/log/maketst.log,../gen/Tst_test/OuterForeachUnrollingPOM/log/runp2p.log,../gen/Tst_test/OuterForeachUnrollingPOM/log/runhybrid.log,True,,,11.453314614,,,,,,15,15,route_min_directed_valient,checkerboard,4,3,-1,4,,4:34.90,0,0,0,157,4.00,0,122,0.0000,0.0000,0.0000,8,-nan,0.0000,,0:29.22,112,,True,False,True,0.0,0.0,1.143,0:00.86,252,,True,False,True,0.0,0.0,0.508,0:01.80,True
752d3aaa,2019-06-30 22:15:24,OuterProduct,test,Tst,1000000000.0,../gen/Tst_test/OuterProduct/log/runproute.log,../gen/Tst_test/OuterProduct/log/runproute.sh,../gen/Tst_test/OuterProduct/plastisim/summary.csv,../gen/Tst_test/OuterProduct/pir/AccelMain.scala,../gen/Tst_test/OuterProduct/log/,../gen/Tst_test/OuterProduct/log/gentst.log,../gen/Tst_test/OuterProduct/log/maketst.log,../gen/Tst_test/OuterProduct/log/runp2p.log,../gen/Tst_test/OuterProduct/log/runhybrid.log,True,,,14.511350845,,,,,,15,15,route_min_directed_valient,checkerboard,4,3,-1,4,,5:38.99,0,0,27000008,11000069,4.50,0,16000022,0.0000,0.0000,0.0000,9,-nan,0.0000,,0:36.07,95412,,True,False,True,0.0,3.742,17.172,9:05.51,148254,,True,False,True,9.859,2.509,11.051,13:08.52,True
752d3aaa,2019-06-30 22:15:24,OuterReduceUnrolling,test,Tst,1000000000.0,../gen/Tst_test/OuterReduceUnrolling/log/runproute.log,../gen/Tst_test/OuterReduceUnrolling/log/runproute.sh,../gen/Tst_test/OuterReduceUnrolling/plastisim/summary.csv,../gen/Tst_test/OuterReduceUnrolling/pir/AccelMain.scala,../gen/Tst_test/OuterReduceUnrolling/log/,../gen/Tst_test/OuterReduceUnrolling/log/gentst.log,../gen/Tst_test/OuterReduceUnrolling/log/maketst.log,../gen/Tst_test/OuterReduceUnrolling/log/runp2p.log,../gen/Tst_test/OuterReduceUnrolling/log/runhybrid.log,True,,,8.233547606,,,,,,15,15,route_min_directed_valient,checkerboard,4,3,-1,4,,2:17.30,0,0,0,23,1.00,0,21,0.0000,0.0000,0.0000,2,-nan,0.0000,,0:25.91,56,,True,False,True,0.0,0.0,0.0,0:00.63,131,,True,False,True,0.0,0.0,0.0,0:01.14,True
752d3aaa,2019-06-30 22:15:24,OuterReduceUnrolling2,test,Tst,1000000000.0,../gen/Tst_test/OuterReduceUnrolling2/log/runproute.log,../gen/Tst_test/OuterReduceUnrolling2/log/runproute.sh,../gen/Tst_test/OuterReduceUnrolling2/plastisim/summary.csv,../gen/Tst_test/OuterReduceUnrolling2/pir/AccelMain.scala,../gen/Tst_test/OuterReduceUnrolling2/log/,../gen/Tst_test/OuterReduceUnrolling2/log/gentst.log,../gen/Tst_test/OuterReduceUnrolling2/log/maketst.log,../gen/Tst_test/OuterReduceUnrolling2/log/runp2p.log,../gen/Tst_test/OuterReduceUnrolling2/log/runhybrid.log,True,,,9.447995554,,,,,,15,15,route_min_directed_valient,checkerboard,4,3,-1,4,,2:20.98,0,0,0,14,1.00,0,8,0.0000,0.0000,0.0000,2,-nan,0.0000,,0:23.46,50,,True,False,True,0.0,0.0,0.0,0:00.62,76,,True,False,True,0.0,0.0,0.0,0:00.76,True
752d3aaa,2019-06-30 22:15:24,OuterSwitch,test,Tst,1000000000.0,../gen/Tst_test/OuterSwitch/log/runproute.log,../gen/Tst_test/OuterSwitch/log/runproute.sh,../gen/Tst_test/OuterSwitch/plastisim/summary.csv,../gen/Tst_test/OuterSwitch/pir/AccelMain.scala,../gen/Tst_test/OuterSwitch/log/,../gen/Tst_test/OuterSwitch/log/gentst.log,../gen/Tst_test/OuterSwitch/log/maketst.log,../gen/Tst_test/OuterSwitch/log/runp2p.log,../gen/Tst_test/OuterSwitch/log/runhybrid.log,True,,,9.506649626,,,,,,15,15,route_min_directed_valient,checkerboard,4,3,-1,4,,3:52.21,0,0,0,3000155,3.50,0,1000076,0.0000,0.0000,0.0000,7,-nan,0.0000,,0:28.75,158,,,False,True,0.0,0.0,0.81,0:01.17,353,,,False,True,0.0,0.0,0.363,0:03.13,True
752d3aaa,2019-06-30 22:15:24,PageBoundaryStraddle,test,Tst,1000000000.0,../gen/Tst_test/PageBoundaryStraddle/log/runproute.log,../gen/Tst_test/PageBoundaryStraddle/log/runproute.sh,../gen/Tst_test/PageBoundaryStraddle/plastisim/summary.csv,../gen/Tst_test/PageBoundaryStraddle/pir/AccelMain.scala,../gen/Tst_test/PageBoundaryStraddle/log/,../gen/Tst_test/PageBoundaryStraddle/log/gentst.log,../gen/Tst_test/PageBoundaryStraddle/log/maketst.log,../gen/Tst_test/PageBoundaryStraddle/log/runp2p.log,../gen/Tst_test/PageBoundaryStraddle/log/runhybrid.log,True,,,13.742381155,,,,,,15,15,route_min_directed_valient,checkerboard,4,3,-1,4,,4:32.00,0,0,14999992,29000040,4.50,0,20000016,0.0000,0.0000,0.0000,9,-nan,0.0000,,0:34.64,954,,True,False,True,0.0,3.623,7.245,0:07.09,2725,,True,False,True,0.0,1.268,2.537,0:13.30,True
752d3aaa,2019-06-30 22:15:24,PageRank,test,Tst,1000000000.0,../gen/Tst_test/PageRank/log/runproute.log,../gen/Tst_test/PageRank/log/runproute.sh,../gen/Tst_test/PageRank/plastisim/summary.csv,../gen/Tst_test/PageRank/pir/AccelMain.scala,../gen/Tst_test/PageRank/log/,../gen/Tst_test/PageRank/log/gentst.log,../gen/Tst_test/PageRank/log/maketst.log,../gen/Tst_test/PageRank/log/runp2p.log,../gen/Tst_test/PageRank/log/runhybrid.log,True,,"[0m[[0m[31merror[0m] [0m[0m/local/ssd/home/yaqiz/spatial/gen/Tst_test/PageRank/pir/AccelMain.scala:616:71: not found: value x1275[0m
",,,,,,,,,,,,,,,,,,,,,,,,,,,,,,,,,,,False,False,,,,,,,,False,False,,,,,False
752d3aaa,2019-06-30 22:15:24,PageRank_Bulk,test,Tst,1000000000.0,../gen/Tst_test/PageRank_Bulk/log/runproute.log,../gen/Tst_test/PageRank_Bulk/log/runproute.sh,../gen/Tst_test/PageRank_Bulk/plastisim/summary.csv,../gen/Tst_test/PageRank_Bulk/pir/AccelMain.scala,../gen/Tst_test/PageRank_Bulk/log/,../gen/Tst_test/PageRank_Bulk/log/gentst.log,../gen/Tst_test/PageRank_Bulk/log/maketst.log,../gen/Tst_test/PageRank_Bulk/log/runp2p.log,../gen/Tst_test/PageRank_Bulk/log/runhybrid.log,True,,"[0m[[0m[31merror[0m] [0m[0m/local/ssd/home/yaqiz/spatial/gen/Tst_test/PageRank_Bulk/pir/AccelMain.scala:475:71: not found: value x1218[0m
",,,,,,,,,,,,,,,,,,,,,,,,,,,,,,,,,,,False,False,,,,,,,,False,False,,,,,False
752d3aaa,2019-06-30 22:15:24,ParFIFOLoad,test,Tst,1000000000.0,../gen/Tst_test/ParFIFOLoad/log/runproute.log,../gen/Tst_test/ParFIFOLoad/log/runproute.sh,../gen/Tst_test/ParFIFOLoad/plastisim/summary.csv,../gen/Tst_test/ParFIFOLoad/pir/AccelMain.scala,../gen/Tst_test/ParFIFOLoad/log/,../gen/Tst_test/ParFIFOLoad/log/gentst.log,../gen/Tst_test/ParFIFOLoad/log/maketst.log,../gen/Tst_test/ParFIFOLoad/log/runp2p.log,../gen/Tst_test/ParFIFOLoad/log/runhybrid.log,True,,,8.095724598,,,,,,15,15,route_min_directed_valient,checkerboard,4,3,-1,4,,3:29.02,0,0,0,19000024,4.00,0,7000005,0.0000,0.0000,0.0000,8,-nan,0.0000,,0:25.58,258,,,False,True,0.0,5.953,0.0,0:01.54,653,,,False,True,0.0,2.352,0.0,0:04.76,True
752d3aaa,2019-06-30 22:15:24,ParFIFOLoad2,test,Tst,1000000000.0,../gen/Tst_test/ParFIFOLoad2/log/runproute.log,../gen/Tst_test/ParFIFOLoad2/log/runproute.sh,../gen/Tst_test/ParFIFOLoad2/plastisim/summary.csv,../gen/Tst_test/ParFIFOLoad2/pir/AccelMain.scala,../gen/Tst_test/ParFIFOLoad2/log/,../gen/Tst_test/ParFIFOLoad2/log/gentst.log,../gen/Tst_test/ParFIFOLoad2/log/maketst.log,../gen/Tst_test/ParFIFOLoad2/log/runp2p.log,../gen/Tst_test/ParFIFOLoad2/log/runhybrid.log,True,,,9.684891472,,,,,,15,15,route_min_directed_valient,checkerboard,4,3,-1,4,,4:18.19,0,0,0,12000033,4.50,0,10000007,0.0000,0.0000,0.0000,9,-nan,0.0000,,0:25.01,450,,,False,True,0.0,10.24,0.0,0:02.84,1148,,,False,True,0.0,4.014,0.0,0:07.31,True
752d3aaa,2019-06-30 22:15:24,ParLaneMask,test,Tst,1000000000.0,../gen/Tst_test/ParLaneMask/log/runproute.log,../gen/Tst_test/ParLaneMask/log/runproute.sh,../gen/Tst_test/ParLaneMask/plastisim/summary.csv,../gen/Tst_test/ParLaneMask/pir/AccelMain.scala,../gen/Tst_test/ParLaneMask/log/,../gen/Tst_test/ParLaneMask/log/gentst.log,../gen/Tst_test/ParLaneMask/log/maketst.log,../gen/Tst_test/ParLaneMask/log/runp2p.log,../gen/Tst_test/ParLaneMask/log/runhybrid.log,True,,"[[31merror[0m] 15-MemoryLowering throw java.util.NoSuchElementException: head of empty list
",7.240031358,,,,,,15,15,,,,,,,,,,,,,,,,,,,,,,,,,,,False,False,,,,,,,,False,False,,,,,False
752d3aaa,2019-06-30 22:15:24,ParallelLCA,test,Tst,1000000000.0,../gen/Tst_test/ParallelLCA/log/runproute.log,../gen/Tst_test/ParallelLCA/log/runproute.sh,../gen/Tst_test/ParallelLCA/plastisim/summary.csv,../gen/Tst_test/ParallelLCA/pir/AccelMain.scala,../gen/Tst_test/ParallelLCA/log/,../gen/Tst_test/ParallelLCA/log/gentst.log,../gen/Tst_test/ParallelLCA/log/maketst.log,../gen/Tst_test/ParallelLCA/log/runp2p.log,../gen/Tst_test/ParallelLCA/log/runhybrid.log,True,,,18.117039487,,,,,,15,15,,,,,,,,,,,,,,,,,,,,,,,0:40.30,10189,"Assertion fail:
",,True,False,0.0,0.0,0.0,1:08.62,,,,False,False,,,,,False
752d3aaa,2019-06-30 22:15:24,ParallelPipeInsertion,test,Tst,1000000000.0,../gen/Tst_test/ParallelPipeInsertion/log/runproute.log,../gen/Tst_test/ParallelPipeInsertion/log/runproute.sh,../gen/Tst_test/ParallelPipeInsertion/plastisim/summary.csv,../gen/Tst_test/ParallelPipeInsertion/pir/AccelMain.scala,../gen/Tst_test/ParallelPipeInsertion/log/,../gen/Tst_test/ParallelPipeInsertion/log/gentst.log,../gen/Tst_test/ParallelPipeInsertion/log/maketst.log,../gen/Tst_test/ParallelPipeInsertion/log/runp2p.log,../gen/Tst_test/ParallelPipeInsertion/log/runhybrid.log,True,,,,,,,,,,,,,,,,,,,,,,,,,,,,,,,,,,,,,False,False,,,,,,,,False,False,,,,,False
752d3aaa,2019-06-30 22:15:24,PartialMemReduce1D,test,Tst,1000000000.0,../gen/Tst_test/PartialMemReduce1D/log/runproute.log,../gen/Tst_test/PartialMemReduce1D/log/runproute.sh,../gen/Tst_test/PartialMemReduce1D/plastisim/summary.csv,../gen/Tst_test/PartialMemReduce1D/pir/AccelMain.scala,../gen/Tst_test/PartialMemReduce1D/log/,../gen/Tst_test/PartialMemReduce1D/log/gentst.log,../gen/Tst_test/PartialMemReduce1D/log/maketst.log,../gen/Tst_test/PartialMemReduce1D/log/runp2p.log,../gen/Tst_test/PartialMemReduce1D/log/runhybrid.log,True,,,15.800086316,,,,,,15,15,route_min_directed_valient,checkerboard,4,3,-1,4,,5:28.63,0,0,9000019,11001485,4.50,0,8001432,0.0000,0.0000,0.0000,9,-nan,0.0000,,0:38.75,2686,,True,False,True,0.0,2.859,0.286,0:18.11,7718,,True,False,True,0.0,0.995,0.1,0:56.30,True
752d3aaa,2019-06-30 22:15:24,PartialMemReduce2D,test,Tst,1000000000.0,../gen/Tst_test/PartialMemReduce2D/log/runproute.log,../gen/Tst_test/PartialMemReduce2D/log/runproute.sh,../gen/Tst_test/PartialMemReduce2D/plastisim/summary.csv,../gen/Tst_test/PartialMemReduce2D/pir/AccelMain.scala,../gen/Tst_test/PartialMemReduce2D/log/,../gen/Tst_test/PartialMemReduce2D/log/gentst.log,../gen/Tst_test/PartialMemReduce2D/log/maketst.log,../gen/Tst_test/PartialMemReduce2D/log/runp2p.log,../gen/Tst_test/PartialMemReduce2D/log/runhybrid.log,True,,,26.107608468,,,,,,15,15,,,,,,,,,,,,,,,,,,,,,,,0:56.14,,"Assertion fail:
",,False,False,0.0,4.414,0.0,0:00.97,,,,False,False,,,,,False
752d3aaa,2019-06-30 22:15:24,PartialTileLoadStore,test,Tst,1000000000.0,../gen/Tst_test/PartialTileLoadStore/log/runproute.log,../gen/Tst_test/PartialTileLoadStore/log/runproute.sh,../gen/Tst_test/PartialTileLoadStore/plastisim/summary.csv,../gen/Tst_test/PartialTileLoadStore/pir/AccelMain.scala,../gen/Tst_test/PartialTileLoadStore/log/,../gen/Tst_test/PartialTileLoadStore/log/gentst.log,../gen/Tst_test/PartialTileLoadStore/log/maketst.log,../gen/Tst_test/PartialTileLoadStore/log/runp2p.log,../gen/Tst_test/PartialTileLoadStore/log/runhybrid.log,True,,,12.593462402,,,,,,15,15,route_min_directed_valient,checkerboard,4,3,-1,4,,4:42.61,0,0,2432,2387,4.00,0,2516,0.0000,0.0000,0.0000,8,-nan,0.0000,,0:31.50,727,,True,False,True,0.0,1.409,1.409,0:04.81,1847,,True,False,True,0.0,0.554,0.554,0:13.29,True
752d3aaa,2019-06-30 22:15:24,PartialXBar,test,Tst,1000000000.0,../gen/Tst_test/PartialXBar/log/runproute.log,../gen/Tst_test/PartialXBar/log/runproute.sh,../gen/Tst_test/PartialXBar/plastisim/summary.csv,../gen/Tst_test/PartialXBar/pir/AccelMain.scala,../gen/Tst_test/PartialXBar/log/,../gen/Tst_test/PartialXBar/log/gentst.log,../gen/Tst_test/PartialXBar/log/maketst.log,../gen/Tst_test/PartialXBar/log/runp2p.log,../gen/Tst_test/PartialXBar/log/runhybrid.log,True,,,7.756763675,,,,,,15,15,route_min_directed_valient,checkerboard,4,3,-1,4,,1:40.96,0,0,8,1,0.50,0,9,0.0000,0.0000,0.0000,1,-nan,0.0000,,0:25.03,33,,,False,True,0.0,0.0,0.0,0:00.42,64,,,False,True,0.0,0.0,0.0,0:00.38,True
752d3aaa,2019-06-30 22:15:24,Perfection,test,Tst,1000000000.0,../gen/Tst_test/Perfection/log/runproute.log,../gen/Tst_test/Perfection/log/runproute.sh,../gen/Tst_test/Perfection/plastisim/summary.csv,../gen/Tst_test/Perfection/pir/AccelMain.scala,../gen/Tst_test/Perfection/log/,../gen/Tst_test/Perfection/log/gentst.log,../gen/Tst_test/Perfection/log/maketst.log,../gen/Tst_test/Perfection/log/runp2p.log,../gen/Tst_test/Perfection/log/runhybrid.log,True,,,8.927184004,,,,,,15,15,route_min_directed_valient,checkerboard,4,3,-1,4,,3:01.52,0,0,0,3000190,3.50,0,1000069,0.0000,0.0000,0.0000,7,-nan,0.0000,,0:26.91,257,,,False,True,0.0,0.0,0.249,0:02.00,421,,,False,True,0.0,0.0,0.152,0:02.06,True
752d3aaa,2019-06-30 22:15:24,PipeMergerTest,test,Tst,1000000000.0,../gen/Tst_test/PipeMergerTest/log/runproute.log,../gen/Tst_test/PipeMergerTest/log/runproute.sh,../gen/Tst_test/PipeMergerTest/plastisim/summary.csv,../gen/Tst_test/PipeMergerTest/pir/AccelMain.scala,../gen/Tst_test/PipeMergerTest/log/,../gen/Tst_test/PipeMergerTest/log/gentst.log,../gen/Tst_test/PipeMergerTest/log/maketst.log,../gen/Tst_test/PipeMergerTest/log/runp2p.log,../gen/Tst_test/PipeMergerTest/log/runhybrid.log,True,,,49.738354742,,,,,,15,15,route_min_directed_valient,checkerboard,4,3,-1,4,,59:00.16,0,0,612015360,197020560,10.50,0,180007360,0.0000,0.0000,0.0000,21,-nan,0.0000,,2:50.07,907,,,False,True,0.0,1.129,0.0,0:08.08,2252,,,False,True,0.0,0.455,0.0,0:15.68,True
752d3aaa,2019-06-30 22:15:24,PropUses,test,Tst,1000000000.0,../gen/Tst_test/PropUses/log/runproute.log,../gen/Tst_test/PropUses/log/runproute.sh,../gen/Tst_test/PropUses/plastisim/summary.csv,../gen/Tst_test/PropUses/pir/AccelMain.scala,../gen/Tst_test/PropUses/log/,../gen/Tst_test/PropUses/log/gentst.log,../gen/Tst_test/PropUses/log/maketst.log,../gen/Tst_test/PropUses/log/runp2p.log,../gen/Tst_test/PropUses/log/runhybrid.log,True,,"[0m[[0m[31merror[0m] [0m[0m/local/ssd/home/yaqiz/spatial/gen/Tst_test/PropUses/pir/AccelMain.scala:61:51: not found: value x161_x[0m
",,,,,,,,,,,,,,,,,,,,,,,,,,,,,,,,,,,False,False,,,,,,,,False,False,,,,,False
752d3aaa,2019-06-30 22:15:24,RandomInPlaceUpdate,test,Tst,1000000000.0,../gen/Tst_test/RandomInPlaceUpdate/log/runproute.log,../gen/Tst_test/RandomInPlaceUpdate/log/runproute.sh,../gen/Tst_test/RandomInPlaceUpdate/plastisim/summary.csv,../gen/Tst_test/RandomInPlaceUpdate/pir/AccelMain.scala,../gen/Tst_test/RandomInPlaceUpdate/log/,../gen/Tst_test/RandomInPlaceUpdate/log/gentst.log,../gen/Tst_test/RandomInPlaceUpdate/log/maketst.log,../gen/Tst_test/RandomInPlaceUpdate/log/runp2p.log,../gen/Tst_test/RandomInPlaceUpdate/log/runhybrid.log,True,,,11.873300394,,,,,,15,15,route_min_directed_valient,checkerboard,4,3,-1,4,,4:24.23,0,0,0,707,4.50,0,363,0.0000,0.0000,0.0000,9,-nan,0.0000,,0:32.48,390,,,False,True,0.0,0.656,0.328,0:03.21,874,,,False,True,0.0,0.293,0.146,0:06.54,True
752d3aaa,2019-06-30 22:15:24,RandomInPlaceUpdate2,test,Tst,1000000000.0,../gen/Tst_test/RandomInPlaceUpdate2/log/runproute.log,../gen/Tst_test/RandomInPlaceUpdate2/log/runproute.sh,../gen/Tst_test/RandomInPlaceUpdate2/plastisim/summary.csv,../gen/Tst_test/RandomInPlaceUpdate2/pir/AccelMain.scala,../gen/Tst_test/RandomInPlaceUpdate2/log/,../gen/Tst_test/RandomInPlaceUpdate2/log/gentst.log,../gen/Tst_test/RandomInPlaceUpdate2/log/maketst.log,../gen/Tst_test/RandomInPlaceUpdate2/log/runp2p.log,../gen/Tst_test/RandomInPlaceUpdate2/log/runhybrid.log,True,,"[[31merror[0m] Constrain failed on MemoryContainer265
",11.329000441,,,,,,15,15,,,,,,,,,,,,,,,,,,,,,,,,,,,False,False,,,,,,,,False,False,,,,,False
752d3aaa,2019-06-30 22:15:24,ReadBroadcast,test,Tst,1000000000.0,../gen/Tst_test/ReadBroadcast/log/runproute.log,../gen/Tst_test/ReadBroadcast/log/runproute.sh,../gen/Tst_test/ReadBroadcast/plastisim/summary.csv,../gen/Tst_test/ReadBroadcast/pir/AccelMain.scala,../gen/Tst_test/ReadBroadcast/log/,../gen/Tst_test/ReadBroadcast/log/gentst.log,../gen/Tst_test/ReadBroadcast/log/maketst.log,../gen/Tst_test/ReadBroadcast/log/runp2p.log,../gen/Tst_test/ReadBroadcast/log/runhybrid.log,True,,,,,,,,,,,,,,,,,,,,,,,,,,,,,,,,,,,,,False,False,,,,,,,,False,False,,,,,False
752d3aaa,2019-06-30 22:15:24,ReadCSV1D,test,Tst,1000000000.0,../gen/Tst_test/ReadCSV1D/log/runproute.log,../gen/Tst_test/ReadCSV1D/log/runproute.sh,../gen/Tst_test/ReadCSV1D/plastisim/summary.csv,../gen/Tst_test/ReadCSV1D/pir/AccelMain.scala,../gen/Tst_test/ReadCSV1D/log/,../gen/Tst_test/ReadCSV1D/log/gentst.log,../gen/Tst_test/ReadCSV1D/log/maketst.log,../gen/Tst_test/ReadCSV1D/log/runp2p.log,../gen/Tst_test/ReadCSV1D/log/runhybrid.log,True,,,10.250826327,,,,,,15,15,route_min_directed_valient,checkerboard,4,3,-1,4,,3:00.50,0,0,0,11000016,3.50,0,6000005,0.0000,0.0000,0.0000,7,-nan,0.0000,,0:26.50,167,,,False,True,0.0,1.533,0.0,0:01.28,418,,,False,True,0.0,0.612,0.0,0:02.89,True
752d3aaa,2019-06-30 22:15:24,ReadCSV2D,test,Tst,1000000000.0,../gen/Tst_test/ReadCSV2D/log/runproute.log,../gen/Tst_test/ReadCSV2D/log/runproute.sh,../gen/Tst_test/ReadCSV2D/plastisim/summary.csv,../gen/Tst_test/ReadCSV2D/pir/AccelMain.scala,../gen/Tst_test/ReadCSV2D/log/,../gen/Tst_test/ReadCSV2D/log/gentst.log,../gen/Tst_test/ReadCSV2D/log/maketst.log,../gen/Tst_test/ReadCSV2D/log/runp2p.log,../gen/Tst_test/ReadCSV2D/log/runhybrid.log,True,,,10.682370501,,,,,,15,15,route_min_directed_valient,checkerboard,4,3,-1,4,,3:29.95,0,0,0,21000042,3.50,0,6000010,0.0000,0.0000,0.0000,7,-nan,0.0000,,0:28.71,247,,True,False,True,0.0,2.073,0.0,0:02.20,655,,True,False,True,0.0,0.782,0.0,0:04.41,True
752d3aaa,2019-06-30 22:15:24,ReadSSV1D,test,Tst,1000000000.0,../gen/Tst_test/ReadSSV1D/log/runproute.log,../gen/Tst_test/ReadSSV1D/log/runproute.sh,../gen/Tst_test/ReadSSV1D/plastisim/summary.csv,../gen/Tst_test/ReadSSV1D/pir/AccelMain.scala,../gen/Tst_test/ReadSSV1D/log/,../gen/Tst_test/ReadSSV1D/log/gentst.log,../gen/Tst_test/ReadSSV1D/log/maketst.log,../gen/Tst_test/ReadSSV1D/log/runp2p.log,../gen/Tst_test/ReadSSV1D/log/runhybrid.log,True,,,9.663240692,,,,,,15,15,route_min_directed_valient,checkerboard,4,3,-1,4,,3:01.16,0,0,0,11000016,3.50,0,6000005,0.0000,0.0000,0.0000,7,-nan,0.0000,,0:27.61,167,,True,False,True,0.0,1.533,0.0,0:01.36,436,,True,False,True,0.0,0.587,0.0,0:03.13,True
752d3aaa,2019-06-30 22:15:24,ReadSSV2D,test,Tst,1000000000.0,../gen/Tst_test/ReadSSV2D/log/runproute.log,../gen/Tst_test/ReadSSV2D/log/runproute.sh,../gen/Tst_test/ReadSSV2D/plastisim/summary.csv,../gen/Tst_test/ReadSSV2D/pir/AccelMain.scala,../gen/Tst_test/ReadSSV2D/log/,../gen/Tst_test/ReadSSV2D/log/gentst.log,../gen/Tst_test/ReadSSV2D/log/maketst.log,../gen/Tst_test/ReadSSV2D/log/runp2p.log,../gen/Tst_test/ReadSSV2D/log/runhybrid.log,True,,,11.750146261,,,,,,15,15,route_min_directed_valient,checkerboard,4,3,-1,4,,3:34.54,0,0,0,21000042,3.50,0,6000010,0.0000,0.0000,0.0000,7,-nan,0.0000,,0:29.06,247,,True,False,True,0.0,2.073,0.0,0:01.78,655,,True,False,True,0.0,0.782,0.0,0:04.93,True
752d3aaa,2019-06-30 22:15:24,ReduceAccumTiny,test,Tst,1000000000.0,../gen/Tst_test/ReduceAccumTiny/log/runproute.log,../gen/Tst_test/ReduceAccumTiny/log/runproute.sh,../gen/Tst_test/ReduceAccumTiny/plastisim/summary.csv,../gen/Tst_test/ReduceAccumTiny/pir/AccelMain.scala,../gen/Tst_test/ReduceAccumTiny/log/,../gen/Tst_test/ReduceAccumTiny/log/gentst.log,../gen/Tst_test/ReduceAccumTiny/log/maketst.log,../gen/Tst_test/ReduceAccumTiny/log/runp2p.log,../gen/Tst_test/ReduceAccumTiny/log/runhybrid.log,True,,,6.371929061,,,,,,15,15,route_min_directed_valient,checkerboard,4,3,-1,4,,1:42.40,0,0,0,7,3.50,0,2,0.0000,0.0000,0.0000,7,-nan,0.0000,,0:22.64,25,,,False,True,0.0,0.0,0.0,0:00.33,68,,,False,True,0.0,0.0,0.0,0:00.55,True
752d3aaa,2019-06-30 22:15:24,ReduceArbitraryLambda,test,Tst,1000000000.0,../gen/Tst_test/ReduceArbitraryLambda/log/runproute.log,../gen/Tst_test/ReduceArbitraryLambda/log/runproute.sh,../gen/Tst_test/ReduceArbitraryLambda/plastisim/summary.csv,../gen/Tst_test/ReduceArbitraryLambda/pir/AccelMain.scala,../gen/Tst_test/ReduceArbitraryLambda/log/,../gen/Tst_test/ReduceArbitraryLambda/log/gentst.log,../gen/Tst_test/ReduceArbitraryLambda/log/maketst.log,../gen/Tst_test/ReduceArbitraryLambda/log/runp2p.log,../gen/Tst_test/ReduceArbitraryLambda/log/runhybrid.log,True,,,7.862816214,,,,,,15,15,route_min_directed_valient,checkerboard,4,3,-1,4,,1:56.56,0,0,0,6000004,1.00,0,3000003,0.0000,0.0000,0.0000,2,-nan,0.0000,,0:22.71,72,,,False,True,0.0,0.0,0.0,0:00.65,116,,,False,True,0.0,0.0,0.0,0:01.01,True
752d3aaa,2019-06-30 22:15:24,ReduceOptimized,test,Tst,1000000000.0,../gen/Tst_test/ReduceOptimized/log/runproute.log,../gen/Tst_test/ReduceOptimized/log/runproute.sh,../gen/Tst_test/ReduceOptimized/plastisim/summary.csv,../gen/Tst_test/ReduceOptimized/pir/AccelMain.scala,../gen/Tst_test/ReduceOptimized/log/,../gen/Tst_test/ReduceOptimized/log/gentst.log,../gen/Tst_test/ReduceOptimized/log/maketst.log,../gen/Tst_test/ReduceOptimized/log/runp2p.log,../gen/Tst_test/ReduceOptimized/log/runhybrid.log,True,,,7.922615034,,,,,,15,15,route_min_directed_valient,checkerboard,4,3,-1,4,,2:46.60,0,0,0,9000025,4.50,0,2000004,0.0000,0.0000,0.0000,9,-nan,0.0000,,0:23.78,5073,,True,False,True,0.0,0.0,0.0,0:33.45,5187,,True,False,True,0.0,0.0,0.0,0:34.24,True
752d3aaa,2019-06-30 22:15:24,ReduceReverse,test,Tst,1000000000.0,../gen/Tst_test/ReduceReverse/log/runproute.log,../gen/Tst_test/ReduceReverse/log/runproute.sh,../gen/Tst_test/ReduceReverse/plastisim/summary.csv,../gen/Tst_test/ReduceReverse/pir/AccelMain.scala,../gen/Tst_test/ReduceReverse/log/,../gen/Tst_test/ReduceReverse/log/gentst.log,../gen/Tst_test/ReduceReverse/log/maketst.log,../gen/Tst_test/ReduceReverse/log/runp2p.log,../gen/Tst_test/ReduceReverse/log/runhybrid.log,True,,,6.48324685,,,,,,15,15,route_min_directed_valient,checkerboard,4,3,-1,4,,1:34.56,0,0,0,0,0.00,0,2,0.0000,0.0000,0.0000,0,-nan,0.0000,,0:21.65,29,,,False,True,0.0,0.0,0.0,0:00.29,45,,,False,True,0.0,0.0,0.0,0:00.49,True
752d3aaa,2019-06-30 22:15:24,ReduceSimple,test,Tst,1000000000.0,../gen/Tst_test/ReduceSimple/log/runproute.log,../gen/Tst_test/ReduceSimple/log/runproute.sh,../gen/Tst_test/ReduceSimple/plastisim/summary.csv,../gen/Tst_test/ReduceSimple/pir/AccelMain.scala,../gen/Tst_test/ReduceSimple/log/,../gen/Tst_test/ReduceSimple/log/gentst.log,../gen/Tst_test/ReduceSimple/log/maketst.log,../gen/Tst_test/ReduceSimple/log/runp2p.log,../gen/Tst_test/ReduceSimple/log/runhybrid.log,True,,,6.285208717,,,,,,15,15,route_min_directed_valient,checkerboard,4,3,-1,4,,1:37.40,0,0,0,0,0.00,0,2,0.0000,0.0000,0.0000,0,-nan,0.0000,,0:22.78,109,,True,False,True,0.0,0.0,0.0,0:00.81,125,,True,False,True,0.0,0.0,0.0,0:00.74,True
752d3aaa,2019-06-30 22:15:24,ReduceSpecialization,test,Tst,1000000000.0,../gen/Tst_test/ReduceSpecialization/log/runproute.log,../gen/Tst_test/ReduceSpecialization/log/runproute.sh,../gen/Tst_test/ReduceSpecialization/plastisim/summary.csv,../gen/Tst_test/ReduceSpecialization/pir/AccelMain.scala,../gen/Tst_test/ReduceSpecialization/log/,../gen/Tst_test/ReduceSpecialization/log/gentst.log,../gen/Tst_test/ReduceSpecialization/log/maketst.log,../gen/Tst_test/ReduceSpecialization/log/runp2p.log,../gen/Tst_test/ReduceSpecialization/log/runhybrid.log,True,,,,,,,,,,,,,,,,,,,,,,,,,,,,,,,,,,,,,False,False,,,,,,,,False,False,,,,,False
752d3aaa,2019-06-30 22:15:24,ReduceStruct,test,Tst,1000000000.0,../gen/Tst_test/ReduceStruct/log/runproute.log,../gen/Tst_test/ReduceStruct/log/runproute.sh,../gen/Tst_test/ReduceStruct/plastisim/summary.csv,../gen/Tst_test/ReduceStruct/pir/AccelMain.scala,../gen/Tst_test/ReduceStruct/log/,../gen/Tst_test/ReduceStruct/log/gentst.log,../gen/Tst_test/ReduceStruct/log/maketst.log,../gen/Tst_test/ReduceStruct/log/runp2p.log,../gen/Tst_test/ReduceStruct/log/runhybrid.log,True,,"[0m[[0m[31merror[0m] [0m[0m/local/ssd/home/yaqiz/spatial/gen/Tst_test/ReduceStruct/pir/AccelMain.scala:120:54: not found: value x213_min[0m
",,,,,,,,,,,,,,,,,,,,,,,,,,,,,,,,,,,False,False,,,,,,,,False,False,,,,,False
752d3aaa,2019-06-30 22:15:24,ReduceTiny,test,Tst,1000000000.0,../gen/Tst_test/ReduceTiny/log/runproute.log,../gen/Tst_test/ReduceTiny/log/runproute.sh,../gen/Tst_test/ReduceTiny/plastisim/summary.csv,../gen/Tst_test/ReduceTiny/pir/AccelMain.scala,../gen/Tst_test/ReduceTiny/log/,../gen/Tst_test/ReduceTiny/log/gentst.log,../gen/Tst_test/ReduceTiny/log/maketst.log,../gen/Tst_test/ReduceTiny/log/runp2p.log,../gen/Tst_test/ReduceTiny/log/runhybrid.log,True,,,7.097837021,,,,,,15,15,route_min_directed_valient,checkerboard,4,3,-1,4,,1:39.46,0,0,0,17,0.50,0,17,0.0000,0.0000,0.0000,1,-nan,0.0000,,0:22.89,53,,,False,True,0.0,0.0,0.0,0:00.57,100,,,False,True,0.0,0.0,0.0,0:00.83,True
752d3aaa,2019-06-30 22:15:24,ReduceTreeUnrolling,test,Tst,1000000000.0,../gen/Tst_test/ReduceTreeUnrolling/log/runproute.log,../gen/Tst_test/ReduceTreeUnrolling/log/runproute.sh,../gen/Tst_test/ReduceTreeUnrolling/plastisim/summary.csv,../gen/Tst_test/ReduceTreeUnrolling/pir/AccelMain.scala,../gen/Tst_test/ReduceTreeUnrolling/log/,../gen/Tst_test/ReduceTreeUnrolling/log/gentst.log,../gen/Tst_test/ReduceTreeUnrolling/log/maketst.log,../gen/Tst_test/ReduceTreeUnrolling/log/runp2p.log,../gen/Tst_test/ReduceTreeUnrolling/log/runhybrid.log,True,,,8.055882591,,,,,,15,15,route_min_directed_valient,checkerboard,4,3,-1,4,,2:41.25,0,0,4,30,3.50,0,24,0.0000,0.0000,0.0000,7,-nan,0.0000,,0:26.13,98,,,False,True,0.0,0.653,0.0,0:00.94,235,,,False,True,0.0,0.272,0.0,0:01.05,True
752d3aaa,2019-06-30 22:15:24,RegCoalescing,test,Tst,1000000000.0,../gen/Tst_test/RegCoalescing/log/runproute.log,../gen/Tst_test/RegCoalescing/log/runproute.sh,../gen/Tst_test/RegCoalescing/plastisim/summary.csv,../gen/Tst_test/RegCoalescing/pir/AccelMain.scala,../gen/Tst_test/RegCoalescing/log/,../gen/Tst_test/RegCoalescing/log/gentst.log,../gen/Tst_test/RegCoalescing/log/maketst.log,../gen/Tst_test/RegCoalescing/log/runp2p.log,../gen/Tst_test/RegCoalescing/log/runhybrid.log,True,,,,,,,,,,,,,,,,,,,,,,,,,,,,,,,,,,,,,False,False,,,,,,,,False,False,,,,,False
752d3aaa,2019-06-30 22:15:24,RegTiny,test,Tst,1000000000.0,../gen/Tst_test/RegTiny/log/runproute.log,../gen/Tst_test/RegTiny/log/runproute.sh,../gen/Tst_test/RegTiny/plastisim/summary.csv,../gen/Tst_test/RegTiny/pir/AccelMain.scala,../gen/Tst_test/RegTiny/log/,../gen/Tst_test/RegTiny/log/gentst.log,../gen/Tst_test/RegTiny/log/maketst.log,../gen/Tst_test/RegTiny/log/runp2p.log,../gen/Tst_test/RegTiny/log/runhybrid.log,True,,,5.546491183,,,,,,15,15,route_min_directed_valient,checkerboard,4,3,-1,4,,1:35.83,0,0,0,0,0.00,0,2,0.0000,0.0000,0.0000,0,-nan,0.0000,,0:21.52,14,,,False,True,0.0,0.0,0.0,0:00.25,30,,,False,True,0.0,0.0,0.0,0:00.37,True
752d3aaa,2019-06-30 22:15:24,RegTinyReadWrite,test,Tst,1000000000.0,../gen/Tst_test/RegTinyReadWrite/log/runproute.log,../gen/Tst_test/RegTinyReadWrite/log/runproute.sh,../gen/Tst_test/RegTinyReadWrite/plastisim/summary.csv,../gen/Tst_test/RegTinyReadWrite/pir/AccelMain.scala,../gen/Tst_test/RegTinyReadWrite/log/,../gen/Tst_test/RegTinyReadWrite/log/gentst.log,../gen/Tst_test/RegTinyReadWrite/log/maketst.log,../gen/Tst_test/RegTinyReadWrite/log/runp2p.log,../gen/Tst_test/RegTinyReadWrite/log/runhybrid.log,True,,,5.573929012,,,,,,15,15,route_min_directed_valient,checkerboard,4,3,-1,4,"plastiroute: graph.c:165: allocate_vcs_hops: Assertion `max_prog_id  0' failed.
",0:00.36,,,,,,,,,,,,,,,0:20.73,1,,,False,True,0.0,0.0,0.0,0:00.19,,,,False,False,,,,,False
752d3aaa,2019-06-30 22:15:24,Rendering3D,test,Tst,1000000000.0,../gen/Tst_test/Rendering3D/log/runproute.log,../gen/Tst_test/Rendering3D/log/runproute.sh,../gen/Tst_test/Rendering3D/plastisim/summary.csv,../gen/Tst_test/Rendering3D/pir/AccelMain.scala,../gen/Tst_test/Rendering3D/log/,../gen/Tst_test/Rendering3D/log/gentst.log,../gen/Tst_test/Rendering3D/log/maketst.log,../gen/Tst_test/Rendering3D/log/runp2p.log,../gen/Tst_test/Rendering3D/log/runhybrid.log,True,,,,,,,,,,,,,,,,,,,,,,,,,,,,,,,,,,,,,False,False,,,,,,,,False,False,,,,,False
752d3aaa,2019-06-30 22:15:24,Rendering3DTmp2,test,Tst,1000000000.0,../gen/Tst_test/Rendering3DTmp2/log/runproute.log,../gen/Tst_test/Rendering3DTmp2/log/runproute.sh,../gen/Tst_test/Rendering3DTmp2/plastisim/summary.csv,../gen/Tst_test/Rendering3DTmp2/pir/AccelMain.scala,../gen/Tst_test/Rendering3DTmp2/log/,../gen/Tst_test/Rendering3DTmp2/log/gentst.log,../gen/Tst_test/Rendering3DTmp2/log/maketst.log,../gen/Tst_test/Rendering3DTmp2/log/runp2p.log,../gen/Tst_test/Rendering3DTmp2/log/runhybrid.log,False,[bug] Encountered exception while updating node,,,,,,,,,,,,,,,,,,,,,,,,,,,,,,,,,,,,False,False,,,,,,,,False,False,,,,,False
752d3aaa,2019-06-30 22:15:24,RetimeLoop,test,Tst,1000000000.0,../gen/Tst_test/RetimeLoop/log/runproute.log,../gen/Tst_test/RetimeLoop/log/runproute.sh,../gen/Tst_test/RetimeLoop/plastisim/summary.csv,../gen/Tst_test/RetimeLoop/pir/AccelMain.scala,../gen/Tst_test/RetimeLoop/log/,../gen/Tst_test/RetimeLoop/log/gentst.log,../gen/Tst_test/RetimeLoop/log/maketst.log,../gen/Tst_test/RetimeLoop/log/runp2p.log,../gen/Tst_test/RetimeLoop/log/runhybrid.log,True,,,9.809028651,,,,,,15,15,route_min_directed_valient,checkerboard,4,3,-1,4,,3:18.30,0,0,0,3118,3.50,0,1075,0.0000,0.0000,0.0000,7,-nan,0.0000,,0:27.35,616,,,False,True,0.0,0.0,1.662,0:04.39,1521,,,False,True,0.0,0.0,0.673,0:10.27,True
752d3aaa,2019-06-30 22:15:24,RetimeNestedPipe,test,Tst,1000000000.0,../gen/Tst_test/RetimeNestedPipe/log/runproute.log,../gen/Tst_test/RetimeNestedPipe/log/runproute.sh,../gen/Tst_test/RetimeNestedPipe/plastisim/summary.csv,../gen/Tst_test/RetimeNestedPipe/pir/AccelMain.scala,../gen/Tst_test/RetimeNestedPipe/log/,../gen/Tst_test/RetimeNestedPipe/log/gentst.log,../gen/Tst_test/RetimeNestedPipe/log/maketst.log,../gen/Tst_test/RetimeNestedPipe/log/runp2p.log,../gen/Tst_test/RetimeNestedPipe/log/runhybrid.log,True,,,6.49906825,,,,,,15,15,route_min_directed_valient,checkerboard,4,3,-1,4,,1:35.63,0,0,0,0,0.00,0,2,0.0000,0.0000,0.0000,0,-nan,0.0000,,0:22.07,63,,,False,True,0.0,0.0,0.0,0:00.62,79,,,False,True,0.0,0.0,0.0,0:00.60,True
752d3aaa,2019-06-30 22:15:24,RetimeRandomTest,test,Tst,1000000000.0,../gen/Tst_test/RetimeRandomTest/log/runproute.log,../gen/Tst_test/RetimeRandomTest/log/runproute.sh,../gen/Tst_test/RetimeRandomTest/plastisim/summary.csv,../gen/Tst_test/RetimeRandomTest/pir/AccelMain.scala,../gen/Tst_test/RetimeRandomTest/log/,../gen/Tst_test/RetimeRandomTest/log/gentst.log,../gen/Tst_test/RetimeRandomTest/log/maketst.log,../gen/Tst_test/RetimeRandomTest/log/runp2p.log,../gen/Tst_test/RetimeRandomTest/log/runhybrid.log,True,,"[[31merror[0m] 04-GraphInitialization throw [pir] Don't know how to infer vec of OpDef10
",2.782196674,,,,,,15,15,,,,,,,,,,,,,,,,,,,,,,,,,,,False,False,,,,,,,,False,False,,,,,False
752d3aaa,2019-06-30 22:15:24,SGD,test,Tst,1000000000.0,../gen/Tst_test/SGD/log/runproute.log,../gen/Tst_test/SGD/log/runproute.sh,../gen/Tst_test/SGD/plastisim/summary.csv,../gen/Tst_test/SGD/pir/AccelMain.scala,../gen/Tst_test/SGD/log/,../gen/Tst_test/SGD/log/gentst.log,../gen/Tst_test/SGD/log/maketst.log,../gen/Tst_test/SGD/log/runp2p.log,../gen/Tst_test/SGD/log/runhybrid.log,True,,"[0m[[0m[31merror[0m] [0m[0m/local/ssd/home/yaqiz/spatial/gen/Tst_test/SGD/pir/AccelMain.scala:645:49: not found: value x1154[0m
",,,,,,,,,,,,,,,,,,,,,,,,,,,,,,,,,,,False,False,,,,,,,,False,False,,,,,False
752d3aaa,2019-06-30 22:15:24,SGD_minibatch,test,Tst,1000000000.0,../gen/Tst_test/SGD_minibatch/log/runproute.log,../gen/Tst_test/SGD_minibatch/log/runproute.sh,../gen/Tst_test/SGD_minibatch/plastisim/summary.csv,../gen/Tst_test/SGD_minibatch/pir/AccelMain.scala,../gen/Tst_test/SGD_minibatch/log/,../gen/Tst_test/SGD_minibatch/log/gentst.log,../gen/Tst_test/SGD_minibatch/log/maketst.log,../gen/Tst_test/SGD_minibatch/log/runp2p.log,../gen/Tst_test/SGD_minibatch/log/runhybrid.log,True,,,24.549177737,,,,,,15,15,route_min_directed_valient,checkerboard,4,3,-1,4,,9:31.59,0,0,56000440,40000360,5.50,0,26000142,0.0000,0.0000,0.0000,11,-nan,0.0000,,0:52.30,73675,,True,False,True,0.0,2.686,0.001,8:20.82,184034,,True,False,True,2.165,1.07,0.0,9:15.00,True
752d3aaa,2019-06-30 22:15:24,SHA1,test,Tst,1000000000.0,../gen/Tst_test/SHA1/log/runproute.log,../gen/Tst_test/SHA1/log/runproute.sh,../gen/Tst_test/SHA1/plastisim/summary.csv,../gen/Tst_test/SHA1/pir/AccelMain.scala,../gen/Tst_test/SHA1/log/,../gen/Tst_test/SHA1/log/gentst.log,../gen/Tst_test/SHA1/log/maketst.log,../gen/Tst_test/SHA1/log/runp2p.log,../gen/Tst_test/SHA1/log/runhybrid.log,True,,,,,,,,,,,,,,,,,,,,,,,,,,,,,,,,,,,,,False,False,,,,,,,,False,False,,,,,False
752d3aaa,2019-06-30 22:15:24,SPMV_CRS,test,Tst,1000000000.0,../gen/Tst_test/SPMV_CRS/log/runproute.log,../gen/Tst_test/SPMV_CRS/log/runproute.sh,../gen/Tst_test/SPMV_CRS/plastisim/summary.csv,../gen/Tst_test/SPMV_CRS/pir/AccelMain.scala,../gen/Tst_test/SPMV_CRS/log/,../gen/Tst_test/SPMV_CRS/log/gentst.log,../gen/Tst_test/SPMV_CRS/log/maketst.log,../gen/Tst_test/SPMV_CRS/log/runp2p.log,../gen/Tst_test/SPMV_CRS/log/runhybrid.log,True,,"[[31merror[0m] Multiple accesses to the same memory in the same basic block will deadlock on plasticine.
",20.07695913,,,,,,15,15,,,,,,,,,,,,,,,,,,,,,,,,,,,False,False,,,,,,,,False,False,,,,,False
752d3aaa,2019-06-30 22:15:24,SPMV_DumbPack,test,Tst,1000000000.0,../gen/Tst_test/SPMV_DumbPack/log/runproute.log,../gen/Tst_test/SPMV_DumbPack/log/runproute.sh,../gen/Tst_test/SPMV_DumbPack/plastisim/summary.csv,../gen/Tst_test/SPMV_DumbPack/pir/AccelMain.scala,../gen/Tst_test/SPMV_DumbPack/log/,../gen/Tst_test/SPMV_DumbPack/log/gentst.log,../gen/Tst_test/SPMV_DumbPack/log/maketst.log,../gen/Tst_test/SPMV_DumbPack/log/runp2p.log,../gen/Tst_test/SPMV_DumbPack/log/runhybrid.log,True,,"[[31merror[0m] Multiple accesses to the same memory in the same basic block will deadlock on plasticine.
",42.044069107,,,,,,15,15,,,,,,,,,,,,,,,,,,,,,,,,,,,False,False,,,,,,,,False,False,,,,,False
752d3aaa,2019-06-30 22:15:24,SPMV_ELL,test,Tst,1000000000.0,../gen/Tst_test/SPMV_ELL/log/runproute.log,../gen/Tst_test/SPMV_ELL/log/runproute.sh,../gen/Tst_test/SPMV_ELL/plastisim/summary.csv,../gen/Tst_test/SPMV_ELL/pir/AccelMain.scala,../gen/Tst_test/SPMV_ELL/log/,../gen/Tst_test/SPMV_ELL/log/gentst.log,../gen/Tst_test/SPMV_ELL/log/maketst.log,../gen/Tst_test/SPMV_ELL/log/runp2p.log,../gen/Tst_test/SPMV_ELL/log/runhybrid.log,True,,,17.183101667,,,,,,15,15,route_min_directed_valient,checkerboard,4,3,-1,4,,7:30.71,0,0,0,9086514,5.00,0,4040028,0.0000,0.0000,0.0000,10,-nan,0.0000,,0:45.56,26072,,True,False,True,0.0,15.767,0.076,3:04.84,45183,,True,False,True,0.0,9.325,0.044,5:12.14,True
752d3aaa,2019-06-30 22:15:24,SRAM1D,test,Tst,1000000000.0,../gen/Tst_test/SRAM1D/log/runproute.log,../gen/Tst_test/SRAM1D/log/runproute.sh,../gen/Tst_test/SRAM1D/plastisim/summary.csv,../gen/Tst_test/SRAM1D/pir/AccelMain.scala,../gen/Tst_test/SRAM1D/log/,../gen/Tst_test/SRAM1D/log/gentst.log,../gen/Tst_test/SRAM1D/log/maketst.log,../gen/Tst_test/SRAM1D/log/runp2p.log,../gen/Tst_test/SRAM1D/log/runhybrid.log,True,,,8.018168986,,,,,,15,15,route_min_directed_valient,checkerboard,4,3,-1,4,,1:53.29,0,0,0,387,0.50,0,387,0.0000,0.0000,0.0000,1,-nan,0.0000,,0:24.68,419,,,False,True,0.0,0.0,0.0,0:02.73,1041,,,False,True,0.0,0.0,0.0,0:06.16,True
752d3aaa,2019-06-30 22:15:24,SRAM2D,test,Tst,1000000000.0,../gen/Tst_test/SRAM2D/log/runproute.log,../gen/Tst_test/SRAM2D/log/runproute.sh,../gen/Tst_test/SRAM2D/plastisim/summary.csv,../gen/Tst_test/SRAM2D/pir/AccelMain.scala,../gen/Tst_test/SRAM2D/log/,../gen/Tst_test/SRAM2D/log/gentst.log,../gen/Tst_test/SRAM2D/log/maketst.log,../gen/Tst_test/SRAM2D/log/runp2p.log,../gen/Tst_test/SRAM2D/log/runhybrid.log,True,,,7.916458925,,,,,,15,15,route_min_directed_valient,checkerboard,4,3,-1,4,,1:54.13,0,0,0,8195,0.50,0,8195,0.0000,0.0000,0.0000,1,-nan,0.0000,,0:25.26,8227,,,False,True,0.0,0.0,0.0,0:56.95,18514,,,False,True,0.0,0.0,0.0,1:56.29,True
752d3aaa,2019-06-30 22:15:24,SRAMCoalescing,test,Tst,1000000000.0,../gen/Tst_test/SRAMCoalescing/log/runproute.log,../gen/Tst_test/SRAMCoalescing/log/runproute.sh,../gen/Tst_test/SRAMCoalescing/plastisim/summary.csv,../gen/Tst_test/SRAMCoalescing/pir/AccelMain.scala,../gen/Tst_test/SRAMCoalescing/log/,../gen/Tst_test/SRAMCoalescing/log/gentst.log,../gen/Tst_test/SRAMCoalescing/log/maketst.log,../gen/Tst_test/SRAMCoalescing/log/runp2p.log,../gen/Tst_test/SRAMCoalescing/log/runhybrid.log,True,,,9.421807877,,,,,,15,15,route_min_directed_valient,checkerboard,4,3,-1,4,,2:07.85,0,0,768,772,1.50,0,770,0.0000,0.0000,0.0000,3,-nan,0.0000,,0:27.46,294,,,False,True,0.0,0.0,0.0,0:02.01,739,,,False,True,0.0,0.0,0.0,0:05.09,True
752d3aaa,2019-06-30 22:15:24,SRAMMaskedWrite,test,Tst,1000000000.0,../gen/Tst_test/SRAMMaskedWrite/log/runproute.log,../gen/Tst_test/SRAMMaskedWrite/log/runproute.sh,../gen/Tst_test/SRAMMaskedWrite/plastisim/summary.csv,../gen/Tst_test/SRAMMaskedWrite/pir/AccelMain.scala,../gen/Tst_test/SRAMMaskedWrite/log/,../gen/Tst_test/SRAMMaskedWrite/log/gentst.log,../gen/Tst_test/SRAMMaskedWrite/log/maketst.log,../gen/Tst_test/SRAMMaskedWrite/log/runp2p.log,../gen/Tst_test/SRAMMaskedWrite/log/runhybrid.log,True,,,9.010480174,,,,,,15,15,route_min_directed_valient,checkerboard,4,3,-1,4,,3:16.64,0,0,0,1166,3.50,0,391,0.0000,0.0000,0.0000,7,-nan,0.0000,,0:26.09,715,,True,False,True,0.0,0.0,0.716,0:05.15,1063,,True,False,True,0.0,0.0,0.482,0:07.53,True
752d3aaa,2019-06-30 22:15:24,SRAMTiny,test,Tst,1000000000.0,../gen/Tst_test/SRAMTiny/log/runproute.log,../gen/Tst_test/SRAMTiny/log/runproute.sh,../gen/Tst_test/SRAMTiny/plastisim/summary.csv,../gen/Tst_test/SRAMTiny/pir/AccelMain.scala,../gen/Tst_test/SRAMTiny/log/,../gen/Tst_test/SRAMTiny/log/gentst.log,../gen/Tst_test/SRAMTiny/log/maketst.log,../gen/Tst_test/SRAMTiny/log/runp2p.log,../gen/Tst_test/SRAMTiny/log/runhybrid.log,True,,,5.645197872,,,,,,15,15,route_min_directed_valient,checkerboard,4,3,-1,4,,1:25.19,0,0,0,0,0.00,0,1,0.0000,0.0000,0.0000,0,-nan,0.0000,,0:21.99,10,,,False,True,0.0,0.0,0.0,0:00.24,18,,,False,True,0.0,0.0,0.0,0:00.38,True
752d3aaa,2019-06-30 22:15:24,SRAMWithB2,test,Tst,1000000000.0,../gen/Tst_test/SRAMWithB2/log/runproute.log,../gen/Tst_test/SRAMWithB2/log/runproute.sh,../gen/Tst_test/SRAMWithB2/plastisim/summary.csv,../gen/Tst_test/SRAMWithB2/pir/AccelMain.scala,../gen/Tst_test/SRAMWithB2/log/,../gen/Tst_test/SRAMWithB2/log/gentst.log,../gen/Tst_test/SRAMWithB2/log/maketst.log,../gen/Tst_test/SRAMWithB2/log/runp2p.log,../gen/Tst_test/SRAMWithB2/log/runhybrid.log,True,,,13.478740429,,,,,,15,15,route_min_directed_valient,checkerboard,4,3,-1,4,,5:56.56,0,0,0,13015134,3.50,0,8007442,0.0000,0.0000,0.0000,7,-nan,0.0000,,0:31.35,13733,,,False,True,0.0,1.678,1.692,1:23.29,28269,,,False,True,0.0,0.815,0.815,3:05.43,True
752d3aaa,2019-06-30 22:15:24,SVRG,test,Tst,1000000000.0,../gen/Tst_test/SVRG/log/runproute.log,../gen/Tst_test/SVRG/log/runproute.sh,../gen/Tst_test/SVRG/plastisim/summary.csv,../gen/Tst_test/SVRG/pir/AccelMain.scala,../gen/Tst_test/SVRG/log/,../gen/Tst_test/SVRG/log/gentst.log,../gen/Tst_test/SVRG/log/maketst.log,../gen/Tst_test/SVRG/log/runp2p.log,../gen/Tst_test/SVRG/log/runhybrid.log,True,,"[0m[[0m[31merror[0m] [0m[0m/local/ssd/home/yaqiz/spatial/gen/Tst_test/SVRG/pir/AccelMain.scala:975:49: not found: value x1720[0m
",,,,,,,,,,,,,,,,,,,,,,,,,,,,,,,,,,,False,False,,,,,,,,False,False,,,,,False
752d3aaa,2019-06-30 22:15:24,SW_alg,test,Tst,1000000000.0,../gen/Tst_test/SW_alg/log/runproute.log,../gen/Tst_test/SW_alg/log/runproute.sh,../gen/Tst_test/SW_alg/plastisim/summary.csv,../gen/Tst_test/SW_alg/pir/AccelMain.scala,../gen/Tst_test/SW_alg/log/,../gen/Tst_test/SW_alg/log/gentst.log,../gen/Tst_test/SW_alg/log/maketst.log,../gen/Tst_test/SW_alg/log/runp2p.log,../gen/Tst_test/SW_alg/log/runhybrid.log,True,,,,,,,,,,,,,,,,,,,,,,,,,,,,,,,,,,,,,False,False,,,,,,,,False,False,,,,,False
752d3aaa,2019-06-30 22:15:24,SYRK_col,test,Tst,1000000000.0,../gen/Tst_test/SYRK_col/log/runproute.log,../gen/Tst_test/SYRK_col/log/runproute.sh,../gen/Tst_test/SYRK_col/plastisim/summary.csv,../gen/Tst_test/SYRK_col/pir/AccelMain.scala,../gen/Tst_test/SYRK_col/log/,../gen/Tst_test/SYRK_col/log/gentst.log,../gen/Tst_test/SYRK_col/log/maketst.log,../gen/Tst_test/SYRK_col/log/runp2p.log,../gen/Tst_test/SYRK_col/log/runhybrid.log,True,,,43.090436572,,,,,,15,15,,,,,,,,,,,,,,,,,,,,,,,1:36.23,,"Assertion fail:
",True,False,False,0.0,0.819,0.0,4:40.36,,,,False,False,,,,,False
752d3aaa,2019-06-30 22:15:24,ScanLines,test,Tst,1000000000.0,../gen/Tst_test/ScanLines/log/runproute.log,../gen/Tst_test/ScanLines/log/runproute.sh,../gen/Tst_test/ScanLines/plastisim/summary.csv,../gen/Tst_test/ScanLines/pir/AccelMain.scala,../gen/Tst_test/ScanLines/log/,../gen/Tst_test/ScanLines/log/gentst.log,../gen/Tst_test/ScanLines/log/maketst.log,../gen/Tst_test/ScanLines/log/runp2p.log,../gen/Tst_test/ScanLines/log/runhybrid.log,False,[error] //TODO: Plasticine does not support unbanked unrolled access at the moment. ,,,,,,,,,,,,,,,,,,,,,,,,,,,,,,,,,,,,False,False,,,,,,,,False,False,,,,,False
752d3aaa,2019-06-30 22:15:24,Scan_fifofull,test,Tst,1000000000.0,../gen/Tst_test/Scan_fifofull/log/runproute.log,../gen/Tst_test/Scan_fifofull/log/runproute.sh,../gen/Tst_test/Scan_fifofull/plastisim/summary.csv,../gen/Tst_test/Scan_fifofull/pir/AccelMain.scala,../gen/Tst_test/Scan_fifofull/log/,../gen/Tst_test/Scan_fifofull/log/gentst.log,../gen/Tst_test/Scan_fifofull/log/maketst.log,../gen/Tst_test/Scan_fifofull/log/runp2p.log,../gen/Tst_test/Scan_fifofull/log/runhybrid.log,True,,"[0m[[0m[31merror[0m] [0m[0m/local/ssd/home/yaqiz/spatial/gen/Tst_test/Scan_fifofull/pir/AccelMain.scala:128:52: not found: value x499[0m
",,,,,,,,,,,,,,,,,,,,,,,,,,,,,,,,,,,False,False,,,,,,,,False,False,,,,,False
752d3aaa,2019-06-30 22:15:24,Scan_fillfifo,test,Tst,1000000000.0,../gen/Tst_test/Scan_fillfifo/log/runproute.log,../gen/Tst_test/Scan_fillfifo/log/runproute.sh,../gen/Tst_test/Scan_fillfifo/plastisim/summary.csv,../gen/Tst_test/Scan_fillfifo/pir/AccelMain.scala,../gen/Tst_test/Scan_fillfifo/log/,../gen/Tst_test/Scan_fillfifo/log/gentst.log,../gen/Tst_test/Scan_fillfifo/log/maketst.log,../gen/Tst_test/Scan_fillfifo/log/runp2p.log,../gen/Tst_test/Scan_fillfifo/log/runhybrid.log,True,,"[0m[[0m[31merror[0m] [0m[0m/local/ssd/home/yaqiz/spatial/gen/Tst_test/Scan_fillfifo/pir/AccelMain.scala:125:60: not found: value x315[0m
",,,,,,,,,,,,,,,,,,,,,,,,,,,,,,,,,,,False,False,,,,,,,,False,False,,,,,False
752d3aaa,2019-06-30 22:15:24,Scan_filter,test,Tst,1000000000.0,../gen/Tst_test/Scan_filter/log/runproute.log,../gen/Tst_test/Scan_filter/log/runproute.sh,../gen/Tst_test/Scan_filter/plastisim/summary.csv,../gen/Tst_test/Scan_filter/pir/AccelMain.scala,../gen/Tst_test/Scan_filter/log/,../gen/Tst_test/Scan_filter/log/gentst.log,../gen/Tst_test/Scan_filter/log/maketst.log,../gen/Tst_test/Scan_filter/log/runp2p.log,../gen/Tst_test/Scan_filter/log/runhybrid.log,True,,,10.722814214,,,,,,15,15,route_min_directed_valient,checkerboard,4,3,-1,4,,4:25.08,0,0,0,38000024,4.00,0,12000009,0.0000,0.0000,0.0000,8,-nan,0.0000,,0:28.89,405,,,False,True,0.0,1.264,1.264,0:01.57,1036,,,False,True,0.0,0.494,0.494,0:04.20,True
752d3aaa,2019-06-30 22:15:24,Scan_filter_wait,test,Tst,1000000000.0,../gen/Tst_test/Scan_filter_wait/log/runproute.log,../gen/Tst_test/Scan_filter_wait/log/runproute.sh,../gen/Tst_test/Scan_filter_wait/plastisim/summary.csv,../gen/Tst_test/Scan_filter_wait/pir/AccelMain.scala,../gen/Tst_test/Scan_filter_wait/log/,../gen/Tst_test/Scan_filter_wait/log/gentst.log,../gen/Tst_test/Scan_filter_wait/log/maketst.log,../gen/Tst_test/Scan_filter_wait/log/runp2p.log,../gen/Tst_test/Scan_filter_wait/log/runhybrid.log,True,,,11.63878096,,,,,,15,15,route_min_directed_valient,checkerboard,4,3,-1,4,,4:25.46,0,0,0,28000028,4.00,0,13000010,0.0000,0.0000,0.0000,8,-nan,0.0000,,0:31.28,413,,,False,True,0.0,1.24,1.24,0:02.93,1054,,,False,True,0.0,0.486,0.486,0:07.15,True
752d3aaa,2019-06-30 22:15:24,ScatterGatherSRAM,test,Tst,1000000000.0,../gen/Tst_test/ScatterGatherSRAM/log/runproute.log,../gen/Tst_test/ScatterGatherSRAM/log/runproute.sh,../gen/Tst_test/ScatterGatherSRAM/plastisim/summary.csv,../gen/Tst_test/ScatterGatherSRAM/pir/AccelMain.scala,../gen/Tst_test/ScatterGatherSRAM/log/,../gen/Tst_test/ScatterGatherSRAM/log/gentst.log,../gen/Tst_test/ScatterGatherSRAM/log/maketst.log,../gen/Tst_test/ScatterGatherSRAM/log/runp2p.log,../gen/Tst_test/ScatterGatherSRAM/log/runhybrid.log,True,,,12.642210215,,,,,,15,15,route_min_directed_valient,checkerboard,4,3,-1,4,,4:55.77,0,0,0,43000032,4.50,0,13000010,0.0000,0.0000,0.0000,9,-nan,0.0000,,0:32.48,13333,,True,False,True,0.0,15.207,8.352,1:10.42,15355,,True,False,True,0.0,13.204,7.502,1:35.12,True
752d3aaa,2019-06-30 22:15:24,ScatterGatherSRAM2,test,Tst,1000000000.0,../gen/Tst_test/ScatterGatherSRAM2/log/runproute.log,../gen/Tst_test/ScatterGatherSRAM2/log/runproute.sh,../gen/Tst_test/ScatterGatherSRAM2/plastisim/summary.csv,../gen/Tst_test/ScatterGatherSRAM2/pir/AccelMain.scala,../gen/Tst_test/ScatterGatherSRAM2/log/,../gen/Tst_test/ScatterGatherSRAM2/log/gentst.log,../gen/Tst_test/ScatterGatherSRAM2/log/maketst.log,../gen/Tst_test/ScatterGatherSRAM2/log/runp2p.log,../gen/Tst_test/ScatterGatherSRAM2/log/runhybrid.log,True,,,11.817415834,,,,,,15,15,route_min_directed_valient,checkerboard,4,3,-1,4,,4:44.46,0,0,0,24000036,4.50,0,13000010,0.0000,0.0000,0.0000,9,-nan,0.0000,,0:30.71,1390,,,False,True,0.0,15.194,11.142,0:08.51,2082,,,False,True,0.0,10.144,8.146,0:15.24,True
752d3aaa,2019-06-30 22:15:24,ScatterGatherSRAM3,test,Tst,1000000000.0,../gen/Tst_test/ScatterGatherSRAM3/log/runproute.log,../gen/Tst_test/ScatterGatherSRAM3/log/runproute.sh,../gen/Tst_test/ScatterGatherSRAM3/plastisim/summary.csv,../gen/Tst_test/ScatterGatherSRAM3/pir/AccelMain.scala,../gen/Tst_test/ScatterGatherSRAM3/log/,../gen/Tst_test/ScatterGatherSRAM3/log/gentst.log,../gen/Tst_test/ScatterGatherSRAM3/log/maketst.log,../gen/Tst_test/ScatterGatherSRAM3/log/runp2p.log,../gen/Tst_test/ScatterGatherSRAM3/log/runhybrid.log,True,,,11.595710216,,,,,,15,15,route_min_directed_valient,checkerboard,4,3,-1,4,,4:56.86,0,0,0,24000036,4.50,0,13000010,0.0000,0.0000,0.0000,9,-nan,0.0000,,0:31.77,1390,,,False,True,0.0,15.655,11.142,0:05.89,2068,,,False,True,0.0,10.522,8.015,0:09.34,True
752d3aaa,2019-06-30 22:15:24,ScatterGather_Bias,test,Tst,1000000000.0,../gen/Tst_test/ScatterGather_Bias/log/runproute.log,../gen/Tst_test/ScatterGather_Bias/log/runproute.sh,../gen/Tst_test/ScatterGather_Bias/plastisim/summary.csv,../gen/Tst_test/ScatterGather_Bias/pir/AccelMain.scala,../gen/Tst_test/ScatterGather_Bias/log/,../gen/Tst_test/ScatterGather_Bias/log/gentst.log,../gen/Tst_test/ScatterGather_Bias/log/maketst.log,../gen/Tst_test/ScatterGather_Bias/log/runp2p.log,../gen/Tst_test/ScatterGather_Bias/log/runhybrid.log,True,,,13.137727311,,,,,,15,15,route_min_directed_valient,checkerboard,4,3,-1,4,,4:48.86,0,0,0,35000044,4.00,0,13000015,0.0000,0.0000,0.0000,8,-nan,0.0000,,0:35.46,2585,,,False,True,0.0,16.836,11.884,0:17.63,3967,,,False,True,0.0,10.971,8.26,0:28.61,True
752d3aaa,2019-06-30 22:15:24,ScatterInterference,test,Tst,1000000000.0,../gen/Tst_test/ScatterInterference/log/runproute.log,../gen/Tst_test/ScatterInterference/log/runproute.sh,../gen/Tst_test/ScatterInterference/plastisim/summary.csv,../gen/Tst_test/ScatterInterference/pir/AccelMain.scala,../gen/Tst_test/ScatterInterference/log/,../gen/Tst_test/ScatterInterference/log/gentst.log,../gen/Tst_test/ScatterInterference/log/maketst.log,../gen/Tst_test/ScatterInterference/log/runp2p.log,../gen/Tst_test/ScatterInterference/log/runhybrid.log,True,,"[0m[[0m[31merror[0m] [0m[0m/local/ssd/home/yaqiz/spatial/gen/Tst_test/ScatterInterference/pir/AccelMain.scala:552:68: not found: value x720[0m
",,,,,,,,,,,,,,,,,,,,,,,,,,,,,,,,,,,False,False,,,,,,,,False,False,,,,,False
752d3aaa,2019-06-30 22:15:24,ScatterMixed,test,Tst,1000000000.0,../gen/Tst_test/ScatterMixed/log/runproute.log,../gen/Tst_test/ScatterMixed/log/runproute.sh,../gen/Tst_test/ScatterMixed/plastisim/summary.csv,../gen/Tst_test/ScatterMixed/pir/AccelMain.scala,../gen/Tst_test/ScatterMixed/log/,../gen/Tst_test/ScatterMixed/log/gentst.log,../gen/Tst_test/ScatterMixed/log/maketst.log,../gen/Tst_test/ScatterMixed/log/runp2p.log,../gen/Tst_test/ScatterMixed/log/runhybrid.log,True,,"[0m[[0m[31merror[0m] [0m[0m/local/ssd/home/yaqiz/spatial/gen/Tst_test/ScatterMixed/pir/AccelMain.scala:36:68: not found: value x403[0m
",,,,,,,,,,,,,,,,,,,,,,,,,,,,,,,,,,,False,False,,,,,,,,False,False,,,,,False
752d3aaa,2019-06-30 22:15:24,SequentialWrites,test,Tst,1000000000.0,../gen/Tst_test/SequentialWrites/log/runproute.log,../gen/Tst_test/SequentialWrites/log/runproute.sh,../gen/Tst_test/SequentialWrites/plastisim/summary.csv,../gen/Tst_test/SequentialWrites/pir/AccelMain.scala,../gen/Tst_test/SequentialWrites/log/,../gen/Tst_test/SequentialWrites/log/gentst.log,../gen/Tst_test/SequentialWrites/log/maketst.log,../gen/Tst_test/SequentialWrites/log/runp2p.log,../gen/Tst_test/SequentialWrites/log/runhybrid.log,True,,,13.407316942,,,,,,15,15,route_min_directed_valient,checkerboard,4,3,-1,4,,4:08.27,0,0,1560,2327,4.00,0,2529,0.0000,0.0000,0.0000,8,-nan,0.0000,,0:33.46,905,,True,False,True,0.0,0.424,0.424,0:05.69,2347,,True,False,True,0.0,0.164,0.164,0:14.83,True
752d3aaa,2019-06-30 22:15:24,ShiftRegs,test,Tst,1000000000.0,../gen/Tst_test/ShiftRegs/log/runproute.log,../gen/Tst_test/ShiftRegs/log/runproute.sh,../gen/Tst_test/ShiftRegs/plastisim/summary.csv,../gen/Tst_test/ShiftRegs/pir/AccelMain.scala,../gen/Tst_test/ShiftRegs/log/,../gen/Tst_test/ShiftRegs/log/gentst.log,../gen/Tst_test/ShiftRegs/log/maketst.log,../gen/Tst_test/ShiftRegs/log/runp2p.log,../gen/Tst_test/ShiftRegs/log/runhybrid.log,True,,"[[31merror[0m] 04-GraphInitialization throw [pir] Don't know how to infer vec of BankedRead91
",7.461295958,,,,,,15,15,,,,,,,,,,,,,,,,,,,,,,,,,,,False,False,,,,,,,,False,False,,,,,False
752d3aaa,2019-06-30 22:15:24,ShiftTest,test,Tst,1000000000.0,../gen/Tst_test/ShiftTest/log/runproute.log,../gen/Tst_test/ShiftTest/log/runproute.sh,../gen/Tst_test/ShiftTest/plastisim/summary.csv,../gen/Tst_test/ShiftTest/pir/AccelMain.scala,../gen/Tst_test/ShiftTest/log/,../gen/Tst_test/ShiftTest/log/gentst.log,../gen/Tst_test/ShiftTest/log/maketst.log,../gen/Tst_test/ShiftTest/log/runp2p.log,../gen/Tst_test/ShiftTest/log/runhybrid.log,True,,,11.336706163,,,,,,15,15,,,,,,,,,,,,,,,,,,,,,,,,,,,False,False,,,,,,,,False,False,,,,,False
752d3aaa,2019-06-30 22:15:24,SigmoidFloat,test,Tst,1000000000.0,../gen/Tst_test/SigmoidFloat/log/runproute.log,../gen/Tst_test/SigmoidFloat/log/runproute.sh,../gen/Tst_test/SigmoidFloat/plastisim/summary.csv,../gen/Tst_test/SigmoidFloat/pir/AccelMain.scala,../gen/Tst_test/SigmoidFloat/log/,../gen/Tst_test/SigmoidFloat/log/gentst.log,../gen/Tst_test/SigmoidFloat/log/maketst.log,../gen/Tst_test/SigmoidFloat/log/runp2p.log,../gen/Tst_test/SigmoidFloat/log/runhybrid.log,True,,,13.530446179,,,,,,15,15,route_min_directed_valient,checkerboard,4,3,-1,4,,6:29.87,0,0,0,24000232,4.00,0,6000108,0.0000,0.0000,0.0000,8,-nan,0.0000,,0:34.83,255,,,False,True,0.0,1.506,0.753,0:01.78,679,,,False,True,0.0,0.566,0.283,0:05.32,True
752d3aaa,2019-06-30 22:15:24,SimpleGatherStore,test,Tst,1000000000.0,../gen/Tst_test/SimpleGatherStore/log/runproute.log,../gen/Tst_test/SimpleGatherStore/log/runproute.sh,../gen/Tst_test/SimpleGatherStore/plastisim/summary.csv,../gen/Tst_test/SimpleGatherStore/pir/AccelMain.scala,../gen/Tst_test/SimpleGatherStore/log/,../gen/Tst_test/SimpleGatherStore/log/gentst.log,../gen/Tst_test/SimpleGatherStore/log/maketst.log,../gen/Tst_test/SimpleGatherStore/log/runp2p.log,../gen/Tst_test/SimpleGatherStore/log/runhybrid.log,True,,,10.909553966,,,,,,15,15,route_min_directed_valient,checkerboard,4,3,-1,4,,4:17.67,0,0,36,41,4.00,0,42,0.0000,0.0000,0.0000,8,-nan,0.0000,,0:33.75,352,,True,False,True,0.0,12.364,0.727,0:02.91,539,,True,False,True,0.0,8.074,0.475,0:03.45,True
752d3aaa,2019-06-30 22:15:24,SimpleMap,test,Tst,1000000000.0,../gen/Tst_test/SimpleMap/log/runproute.log,../gen/Tst_test/SimpleMap/log/runproute.sh,../gen/Tst_test/SimpleMap/plastisim/summary.csv,../gen/Tst_test/SimpleMap/pir/AccelMain.scala,../gen/Tst_test/SimpleMap/log/,../gen/Tst_test/SimpleMap/log/gentst.log,../gen/Tst_test/SimpleMap/log/maketst.log,../gen/Tst_test/SimpleMap/log/runp2p.log,../gen/Tst_test/SimpleMap/log/runhybrid.log,True,,,10.302831073,,,,,,15,15,,,,,,,,,,,,,,,,,,,,,,"src/Context130.h:39:54: error: call of overloaded â€˜make_token(double&)â€™ is ambiguous
",0:06.98,,,,False,False,,,,,,,,False,False,,,,,False
752d3aaa,2019-06-30 22:15:24,SimplePipeRetime2,test,Tst,1000000000.0,../gen/Tst_test/SimplePipeRetime2/log/runproute.log,../gen/Tst_test/SimplePipeRetime2/log/runproute.sh,../gen/Tst_test/SimplePipeRetime2/plastisim/summary.csv,../gen/Tst_test/SimplePipeRetime2/pir/AccelMain.scala,../gen/Tst_test/SimplePipeRetime2/log/,../gen/Tst_test/SimplePipeRetime2/log/gentst.log,../gen/Tst_test/SimplePipeRetime2/log/maketst.log,../gen/Tst_test/SimplePipeRetime2/log/runp2p.log,../gen/Tst_test/SimplePipeRetime2/log/runhybrid.log,True,,,5.802689513,,,,,,15,15,route_min_directed_valient,checkerboard,4,3,-1,4,,1:56.51,0,0,0,0,0.00,0,4,0.0000,0.0000,0.0000,0,-nan,0.0000,,0:20.83,14,,,False,True,0.0,0.0,0.0,0:00.34,30,,,False,True,0.0,0.0,0.0,0:00.42,True
752d3aaa,2019-06-30 22:15:24,SimplePipelined,test,Tst,1000000000.0,../gen/Tst_test/SimplePipelined/log/runproute.log,../gen/Tst_test/SimplePipelined/log/runproute.sh,../gen/Tst_test/SimplePipelined/plastisim/summary.csv,../gen/Tst_test/SimplePipelined/pir/AccelMain.scala,../gen/Tst_test/SimplePipelined/log/,../gen/Tst_test/SimplePipelined/log/gentst.log,../gen/Tst_test/SimplePipelined/log/maketst.log,../gen/Tst_test/SimplePipelined/log/runp2p.log,../gen/Tst_test/SimplePipelined/log/runhybrid.log,True,,,12.138294801,,,,,,15,15,,,,,,,,,,,,,,,,,,,,,,,0:31.06,10383,"Assertion fail:
",,True,False,0.0,0.0,0.0,1:06.68,,,,False,False,,,,,False
752d3aaa,2019-06-30 22:15:24,SimpleRetimePipe,test,Tst,1000000000.0,../gen/Tst_test/SimpleRetimePipe/log/runproute.log,../gen/Tst_test/SimpleRetimePipe/log/runproute.sh,../gen/Tst_test/SimpleRetimePipe/plastisim/summary.csv,../gen/Tst_test/SimpleRetimePipe/pir/AccelMain.scala,../gen/Tst_test/SimpleRetimePipe/log/,../gen/Tst_test/SimpleRetimePipe/log/gentst.log,../gen/Tst_test/SimpleRetimePipe/log/maketst.log,../gen/Tst_test/SimpleRetimePipe/log/runp2p.log,../gen/Tst_test/SimpleRetimePipe/log/runhybrid.log,True,,,,,,,,,,,,,,,,,,,,,,,,,,,,,,,,,,,,,False,False,,,,,,,,False,False,,,,,False
752d3aaa,2019-06-30 22:15:24,SimpleScatter,test,Tst,1000000000.0,../gen/Tst_test/SimpleScatter/log/runproute.log,../gen/Tst_test/SimpleScatter/log/runproute.sh,../gen/Tst_test/SimpleScatter/plastisim/summary.csv,../gen/Tst_test/SimpleScatter/pir/AccelMain.scala,../gen/Tst_test/SimpleScatter/log/,../gen/Tst_test/SimpleScatter/log/gentst.log,../gen/Tst_test/SimpleScatter/log/maketst.log,../gen/Tst_test/SimpleScatter/log/runp2p.log,../gen/Tst_test/SimpleScatter/log/runhybrid.log,True,,,9.839450712,,,,,,15,15,route_min_directed_valient,checkerboard,4,3,-1,4,,4:23.22,0,0,68,31,4.00,0,40,0.0000,0.0000,0.0000,8,-nan,0.0000,,0:26.96,556,,True,False,True,0.0,8.288,16.345,0:02.17,724,,True,False,True,0.0,6.365,12.552,0:04.81,True
752d3aaa,2019-06-30 22:15:24,SimpleSequential,test,Tst,1000000000.0,../gen/Tst_test/SimpleSequential/log/runproute.log,../gen/Tst_test/SimpleSequential/log/runproute.sh,../gen/Tst_test/SimpleSequential/plastisim/summary.csv,../gen/Tst_test/SimpleSequential/pir/AccelMain.scala,../gen/Tst_test/SimpleSequential/log/,../gen/Tst_test/SimpleSequential/log/gentst.log,../gen/Tst_test/SimpleSequential/log/maketst.log,../gen/Tst_test/SimpleSequential/log/runp2p.log,../gen/Tst_test/SimpleSequential/log/runhybrid.log,True,,"[[31merror[0m] Multiple accesses to the same memory in the same basic block will deadlock on plasticine.
",7.754736867,,,,,,15,15,,,,,,,,,,,,,,,,,,,,,,,,,,,False,False,,,,,,,,False,False,,,,,False
752d3aaa,2019-06-30 22:15:24,SimpleStructTest,test,Tst,1000000000.0,../gen/Tst_test/SimpleStructTest/log/runproute.log,../gen/Tst_test/SimpleStructTest/log/runproute.sh,../gen/Tst_test/SimpleStructTest/plastisim/summary.csv,../gen/Tst_test/SimpleStructTest/pir/AccelMain.scala,../gen/Tst_test/SimpleStructTest/log/,../gen/Tst_test/SimpleStructTest/log/gentst.log,../gen/Tst_test/SimpleStructTest/log/maketst.log,../gen/Tst_test/SimpleStructTest/log/runp2p.log,../gen/Tst_test/SimpleStructTest/log/runhybrid.log,True,,,4.640314598,,,,,,15,15,route_min_directed_valient,checkerboard,4,3,-1,4,"plastiroute: graph.c:165: allocate_vcs_hops: Assertion `max_prog_id  0' failed.
",0:00.37,,,,,,,,,,,,,,,0:12.69,,,,False,True,,,,0:00.01,,,,False,False,,,,,False
752d3aaa,2019-06-30 22:15:24,SingleLayerConv_IRCO,test,Tst,1000000000.0,../gen/Tst_test/SingleLayerConv_IRCO/log/runproute.log,../gen/Tst_test/SingleLayerConv_IRCO/log/runproute.sh,../gen/Tst_test/SingleLayerConv_IRCO/plastisim/summary.csv,../gen/Tst_test/SingleLayerConv_IRCO/pir/AccelMain.scala,../gen/Tst_test/SingleLayerConv_IRCO/log/,../gen/Tst_test/SingleLayerConv_IRCO/log/gentst.log,../gen/Tst_test/SingleLayerConv_IRCO/log/maketst.log,../gen/Tst_test/SingleLayerConv_IRCO/log/runp2p.log,../gen/Tst_test/SingleLayerConv_IRCO/log/runhybrid.log,True,,"[0m[[0m[31merror[0m] [0m[0m/local/ssd/home/yaqiz/spatial/gen/Tst_test/SingleLayerConv_IRCO/pir/AccelMain.scala:753:31: not found: value x2153[0m
",,,,,,,,,,,,,,,,,,,,,,,,,,,,,,,,,,,False,False,,,,,,,,False,False,,,,,False
752d3aaa,2019-06-30 22:15:24,SingleLayerConv_OIRC,test,Tst,1000000000.0,../gen/Tst_test/SingleLayerConv_OIRC/log/runproute.log,../gen/Tst_test/SingleLayerConv_OIRC/log/runproute.sh,../gen/Tst_test/SingleLayerConv_OIRC/plastisim/summary.csv,../gen/Tst_test/SingleLayerConv_OIRC/pir/AccelMain.scala,../gen/Tst_test/SingleLayerConv_OIRC/log/,../gen/Tst_test/SingleLayerConv_OIRC/log/gentst.log,../gen/Tst_test/SingleLayerConv_OIRC/log/maketst.log,../gen/Tst_test/SingleLayerConv_OIRC/log/runp2p.log,../gen/Tst_test/SingleLayerConv_OIRC/log/runhybrid.log,True,,"[0m[[0m[31merror[0m] [0m[0m/local/ssd/home/yaqiz/spatial/gen/Tst_test/SingleLayerConv_OIRC/pir/AccelMain.scala:740:31: not found: value x2072[0m
",,,,,,,,,,,,,,,,,,,,,,,,,,,,,,,,,,,False,False,,,,,,,,False,False,,,,,False
752d3aaa,2019-06-30 22:15:24,SingleLayerConv_RCIO,test,Tst,1000000000.0,../gen/Tst_test/SingleLayerConv_RCIO/log/runproute.log,../gen/Tst_test/SingleLayerConv_RCIO/log/runproute.sh,../gen/Tst_test/SingleLayerConv_RCIO/plastisim/summary.csv,../gen/Tst_test/SingleLayerConv_RCIO/pir/AccelMain.scala,../gen/Tst_test/SingleLayerConv_RCIO/log/,../gen/Tst_test/SingleLayerConv_RCIO/log/gentst.log,../gen/Tst_test/SingleLayerConv_RCIO/log/maketst.log,../gen/Tst_test/SingleLayerConv_RCIO/log/runp2p.log,../gen/Tst_test/SingleLayerConv_RCIO/log/runhybrid.log,True,,,,,,,,,,,,,,,,,,,,,,,,,,,,,,,,,,,,,False,False,,,,,,,,False,False,,,,,False
752d3aaa,2019-06-30 22:15:24,SingleLayerConv_RCIO_NoPad,test,Tst,1000000000.0,../gen/Tst_test/SingleLayerConv_RCIO_NoPad/log/runproute.log,../gen/Tst_test/SingleLayerConv_RCIO_NoPad/log/runproute.sh,../gen/Tst_test/SingleLayerConv_RCIO_NoPad/plastisim/summary.csv,../gen/Tst_test/SingleLayerConv_RCIO_NoPad/pir/AccelMain.scala,../gen/Tst_test/SingleLayerConv_RCIO_NoPad/log/,../gen/Tst_test/SingleLayerConv_RCIO_NoPad/log/gentst.log,../gen/Tst_test/SingleLayerConv_RCIO_NoPad/log/maketst.log,../gen/Tst_test/SingleLayerConv_RCIO_NoPad/log/runp2p.log,../gen/Tst_test/SingleLayerConv_RCIO_NoPad/log/runhybrid.log,True,,,,,,,,,,,,,,,,,,,,,,,,,,,,,,,,,,,,,False,False,,,,,,,,False,False,,,,,False
752d3aaa,2019-06-30 22:15:24,SmallTensorLoad,test,Tst,1000000000.0,../gen/Tst_test/SmallTensorLoad/log/runproute.log,../gen/Tst_test/SmallTensorLoad/log/runproute.sh,../gen/Tst_test/SmallTensorLoad/plastisim/summary.csv,../gen/Tst_test/SmallTensorLoad/pir/AccelMain.scala,../gen/Tst_test/SmallTensorLoad/log/,../gen/Tst_test/SmallTensorLoad/log/gentst.log,../gen/Tst_test/SmallTensorLoad/log/maketst.log,../gen/Tst_test/SmallTensorLoad/log/runp2p.log,../gen/Tst_test/SmallTensorLoad/log/runhybrid.log,True,,,16.893754072,,,,,,15,15,route_min_directed_valient,checkerboard,4,3,-1,4,,10:58.01,0,0,0,173000000,6.00,0,53000032,0.0000,0.0000,0.0000,12,-nan,0.0000,,0:45.66,49121,,True,False,True,0.0,1.063,0.537,5:23.02,73547,,True,False,True,0.0,0.71,0.355,4:26.24,True
752d3aaa,2019-06-30 22:15:24,SmallTypeTransfers,test,Tst,1000000000.0,../gen/Tst_test/SmallTypeTransfers/log/runproute.log,../gen/Tst_test/SmallTypeTransfers/log/runproute.sh,../gen/Tst_test/SmallTypeTransfers/plastisim/summary.csv,../gen/Tst_test/SmallTypeTransfers/pir/AccelMain.scala,../gen/Tst_test/SmallTypeTransfers/log/,../gen/Tst_test/SmallTypeTransfers/log/gentst.log,../gen/Tst_test/SmallTypeTransfers/log/maketst.log,../gen/Tst_test/SmallTypeTransfers/log/runp2p.log,../gen/Tst_test/SmallTypeTransfers/log/runhybrid.log,True,,"[[31merror[0m] 54-TungstenPIRGen throw scala.MatchError: Fix(false,8,8) (of class pir.node.Fix)
",12.103776789,,,,,,15,15,,,,,,,,,,,,,,,,,,,,,,,,,,,False,False,,,,,,,,False,False,,,,,False
752d3aaa,2019-06-30 22:15:24,Sobel,test,Tst,1000000000.0,../gen/Tst_test/Sobel/log/runproute.log,../gen/Tst_test/Sobel/log/runproute.sh,../gen/Tst_test/Sobel/plastisim/summary.csv,../gen/Tst_test/Sobel/pir/AccelMain.scala,../gen/Tst_test/Sobel/log/,../gen/Tst_test/Sobel/log/gentst.log,../gen/Tst_test/Sobel/log/maketst.log,../gen/Tst_test/Sobel/log/runp2p.log,../gen/Tst_test/Sobel/log/runhybrid.log,True,,"[0m[[0m[31merror[0m] [0m[0m/local/ssd/home/yaqiz/spatial/gen/Tst_test/Sobel/pir/AccelMain.scala:199:29: not found: value x615[0m
",,,,,,,,,,,,,,,,,,,,,,,,,,,,,,,,,,,False,False,,,,,,,,False,False,,,,,False
752d3aaa,2019-06-30 22:15:24,Sort_Merge,test,Tst,1000000000.0,../gen/Tst_test/Sort_Merge/log/runproute.log,../gen/Tst_test/Sort_Merge/log/runproute.sh,../gen/Tst_test/Sort_Merge/plastisim/summary.csv,../gen/Tst_test/Sort_Merge/pir/AccelMain.scala,../gen/Tst_test/Sort_Merge/log/,../gen/Tst_test/Sort_Merge/log/gentst.log,../gen/Tst_test/Sort_Merge/log/maketst.log,../gen/Tst_test/Sort_Merge/log/runp2p.log,../gen/Tst_test/Sort_Merge/log/runhybrid.log,True,,,8.564407003,,,,,,15,15,,,,,,,,,,,,,,,,,,,,,,,0:28.55,660,"Assertion fail:
",True,False,False,0.0,12.412,12.412,0:04.37,,,,False,False,,,,,False
752d3aaa,2019-06-30 22:15:24,Sort_Merge_Native,test,Tst,1000000000.0,../gen/Tst_test/Sort_Merge_Native/log/runproute.log,../gen/Tst_test/Sort_Merge_Native/log/runproute.sh,../gen/Tst_test/Sort_Merge_Native/plastisim/summary.csv,../gen/Tst_test/Sort_Merge_Native/pir/AccelMain.scala,../gen/Tst_test/Sort_Merge_Native/log/,../gen/Tst_test/Sort_Merge_Native/log/gentst.log,../gen/Tst_test/Sort_Merge_Native/log/maketst.log,../gen/Tst_test/Sort_Merge_Native/log/runp2p.log,../gen/Tst_test/Sort_Merge_Native/log/runhybrid.log,True,,"[0m[[0m[31merror[0m] [0m[0m/local/ssd/home/yaqiz/spatial/gen/Tst_test/Sort_Merge_Native/pir/AccelMain.scala:176:29: not found: value x904[0m
",,,,,,,,,,,,,,,,,,,,,,,,,,,,,,,,,,,False,False,,,,,,,,False,False,,,,,False
752d3aaa,2019-06-30 22:15:24,Sort_Radix,test,Tst,1000000000.0,../gen/Tst_test/Sort_Radix/log/runproute.log,../gen/Tst_test/Sort_Radix/log/runproute.sh,../gen/Tst_test/Sort_Radix/plastisim/summary.csv,../gen/Tst_test/Sort_Radix/pir/AccelMain.scala,../gen/Tst_test/Sort_Radix/log/,../gen/Tst_test/Sort_Radix/log/gentst.log,../gen/Tst_test/Sort_Radix/log/maketst.log,../gen/Tst_test/Sort_Radix/log/runp2p.log,../gen/Tst_test/Sort_Radix/log/runhybrid.log,True,,"[[31merror[0m] 15-MemoryLowering throw scala.MatchError: MemRead735 (of class pir.node.MemRead)
",19.570000291,,,,,,15,15,,,,,,,,,,,,,,,,,,,,,,,,,,,False,False,,,,,,,,False,False,,,,,False
752d3aaa,2019-06-30 22:15:24,SpamFilteringTmp,test,Tst,1000000000.0,../gen/Tst_test/SpamFilteringTmp/log/runproute.log,../gen/Tst_test/SpamFilteringTmp/log/runproute.sh,../gen/Tst_test/SpamFilteringTmp/plastisim/summary.csv,../gen/Tst_test/SpamFilteringTmp/pir/AccelMain.scala,../gen/Tst_test/SpamFilteringTmp/log/,../gen/Tst_test/SpamFilteringTmp/log/gentst.log,../gen/Tst_test/SpamFilteringTmp/log/maketst.log,../gen/Tst_test/SpamFilteringTmp/log/runp2p.log,../gen/Tst_test/SpamFilteringTmp/log/runhybrid.log,True,,,,,,,,,,,,,,,,,,,,,,,,,,,,,,,,,,,,,False,False,,,,,,,,False,False,,,,,False
752d3aaa,2019-06-30 22:15:24,SparseMatrixCOO,test,Tst,1000000000.0,../gen/Tst_test/SparseMatrixCOO/log/runproute.log,../gen/Tst_test/SparseMatrixCOO/log/runproute.sh,../gen/Tst_test/SparseMatrixCOO/plastisim/summary.csv,../gen/Tst_test/SparseMatrixCOO/pir/AccelMain.scala,../gen/Tst_test/SparseMatrixCOO/log/,../gen/Tst_test/SparseMatrixCOO/log/gentst.log,../gen/Tst_test/SparseMatrixCOO/log/maketst.log,../gen/Tst_test/SparseMatrixCOO/log/runp2p.log,../gen/Tst_test/SparseMatrixCOO/log/runhybrid.log,True,,,24.229822131,,,,,,15,15,,,,,,,,,,,,,,,,,,,,,,,0:54.77,,"[0;31mCaught exception on cycle 77: /DUT/Top/FIFO224: FIFO underflow[0m
",,False,True,0.0,5.818,0.0,0:00.46,,,,False,False,,,,,False
752d3aaa,2019-06-30 22:15:24,SpecialMath,test,Tst,1000000000.0,../gen/Tst_test/SpecialMath/log/runproute.log,../gen/Tst_test/SpecialMath/log/runproute.sh,../gen/Tst_test/SpecialMath/plastisim/summary.csv,../gen/Tst_test/SpecialMath/pir/AccelMain.scala,../gen/Tst_test/SpecialMath/log/,../gen/Tst_test/SpecialMath/log/gentst.log,../gen/Tst_test/SpecialMath/log/maketst.log,../gen/Tst_test/SpecialMath/log/runp2p.log,../gen/Tst_test/SpecialMath/log/runhybrid.log,True,,"[[31merror[0m] 54-TungstenPIRGen throw scala.MatchError: Fix(false,4,4) (of class pir.node.Fix)
",13.50587645,,,,,,15,15,,,,,,,,,,,,,,,,,,,,,,,,,,,False,False,,,,,,,,False,False,,,,,False
752d3aaa,2019-06-30 22:15:24,Stencil2D,test,Tst,1000000000.0,../gen/Tst_test/Stencil2D/log/runproute.log,../gen/Tst_test/Stencil2D/log/runproute.sh,../gen/Tst_test/Stencil2D/plastisim/summary.csv,../gen/Tst_test/Stencil2D/pir/AccelMain.scala,../gen/Tst_test/Stencil2D/log/,../gen/Tst_test/Stencil2D/log/gentst.log,../gen/Tst_test/Stencil2D/log/maketst.log,../gen/Tst_test/Stencil2D/log/runp2p.log,../gen/Tst_test/Stencil2D/log/runhybrid.log,True,,"[0m[[0m[31merror[0m] [0m[0m/local/ssd/home/yaqiz/spatial/gen/Tst_test/Stencil2D/pir/AccelMain.scala:80:29: not found: value x300[0m
",,,,,,,,,,,,,,,,,,,,,,,,,,,,,,,,,,,False,False,,,,,,,,False,False,,,,,False
752d3aaa,2019-06-30 22:15:24,Stencil3D,test,Tst,1000000000.0,../gen/Tst_test/Stencil3D/log/runproute.log,../gen/Tst_test/Stencil3D/log/runproute.sh,../gen/Tst_test/Stencil3D/plastisim/summary.csv,../gen/Tst_test/Stencil3D/pir/AccelMain.scala,../gen/Tst_test/Stencil3D/log/,../gen/Tst_test/Stencil3D/log/gentst.log,../gen/Tst_test/Stencil3D/log/maketst.log,../gen/Tst_test/Stencil3D/log/runp2p.log,../gen/Tst_test/Stencil3D/log/runhybrid.log,True,,"[0m[[0m[31merror[0m] [0m[0m/local/ssd/home/yaqiz/spatial/gen/Tst_test/Stencil3D/pir/AccelMain.scala:117:29: not found: value x501[0m
",,,,,,,,,,,,,,,,,,,,,,,,,,,,,,,,,,,False,False,,,,,,,,False,False,,,,,False
752d3aaa,2019-06-30 22:15:24,StreamFIFO,test,Tst,1000000000.0,../gen/Tst_test/StreamFIFO/log/runproute.log,../gen/Tst_test/StreamFIFO/log/runproute.sh,../gen/Tst_test/StreamFIFO/plastisim/summary.csv,../gen/Tst_test/StreamFIFO/pir/AccelMain.scala,../gen/Tst_test/StreamFIFO/log/,../gen/Tst_test/StreamFIFO/log/gentst.log,../gen/Tst_test/StreamFIFO/log/maketst.log,../gen/Tst_test/StreamFIFO/log/runp2p.log,../gen/Tst_test/StreamFIFO/log/runhybrid.log,True,,"[[31merror[0m] 15-MemoryLowering throw scala.MatchError: OpDef72 (of class pir.node.OpDef)
",4.160450601,,,,,,15,15,,,,,,,,,,,,,,,,,,,,,,,,,,,False,False,,,,,,,,False,False,,,,,False
752d3aaa,2019-06-30 22:15:24,StreamMultiFIFO,test,Tst,1000000000.0,../gen/Tst_test/StreamMultiFIFO/log/runproute.log,../gen/Tst_test/StreamMultiFIFO/log/runproute.sh,../gen/Tst_test/StreamMultiFIFO/plastisim/summary.csv,../gen/Tst_test/StreamMultiFIFO/pir/AccelMain.scala,../gen/Tst_test/StreamMultiFIFO/log/,../gen/Tst_test/StreamMultiFIFO/log/gentst.log,../gen/Tst_test/StreamMultiFIFO/log/maketst.log,../gen/Tst_test/StreamMultiFIFO/log/runp2p.log,../gen/Tst_test/StreamMultiFIFO/log/runhybrid.log,True,,"[[31merror[0m] 15-MemoryLowering throw scala.MatchError: OpDef34 (of class pir.node.OpDef)
",4.454283216,,,,,,15,15,,,,,,,,,,,,,,,,,,,,,,,,,,,False,False,,,,,,,,False,False,,,,,False
752d3aaa,2019-06-30 22:15:24,StridedLoad,test,Tst,1000000000.0,../gen/Tst_test/StridedLoad/log/runproute.log,../gen/Tst_test/StridedLoad/log/runproute.sh,../gen/Tst_test/StridedLoad/plastisim/summary.csv,../gen/Tst_test/StridedLoad/pir/AccelMain.scala,../gen/Tst_test/StridedLoad/log/,../gen/Tst_test/StridedLoad/log/gentst.log,../gen/Tst_test/StridedLoad/log/maketst.log,../gen/Tst_test/StridedLoad/log/runp2p.log,../gen/Tst_test/StridedLoad/log/runhybrid.log,True,,,16.225718469,,,,,,15,15,route_min_directed_valient,checkerboard,4,3,-1,4,,6:48.91,0,0,32768,78385,5.00,0,49639,0.0000,0.0000,0.0000,10,-nan,0.0000,,0:35.55,8076,,True,False,True,0.0,3.043,3.043,0:53.69,18461,,True,False,True,0.0,1.331,1.331,2:08.57,True
752d3aaa,2019-06-30 22:15:24,StridedRowConvolution,test,Tst,1000000000.0,../gen/Tst_test/StridedRowConvolution/log/runproute.log,../gen/Tst_test/StridedRowConvolution/log/runproute.sh,../gen/Tst_test/StridedRowConvolution/plastisim/summary.csv,../gen/Tst_test/StridedRowConvolution/pir/AccelMain.scala,../gen/Tst_test/StridedRowConvolution/log/,../gen/Tst_test/StridedRowConvolution/log/gentst.log,../gen/Tst_test/StridedRowConvolution/log/maketst.log,../gen/Tst_test/StridedRowConvolution/log/runp2p.log,../gen/Tst_test/StridedRowConvolution/log/runhybrid.log,True,,"[0m[[0m[31merror[0m] [0m[0m/local/ssd/home/yaqiz/spatial/gen/Tst_test/StridedRowConvolution/pir/AccelMain.scala:100:29: not found: value x404[0m
",,,,,,,,,,,,,,,,,,,,,,,,,,,,,,,,,,,False,False,,,,,,,,False,False,,,,,False
752d3aaa,2019-06-30 22:15:24,StructReg,test,Tst,1000000000.0,../gen/Tst_test/StructReg/log/runproute.log,../gen/Tst_test/StructReg/log/runproute.sh,../gen/Tst_test/StructReg/plastisim/summary.csv,../gen/Tst_test/StructReg/pir/AccelMain.scala,../gen/Tst_test/StructReg/log/,../gen/Tst_test/StructReg/log/gentst.log,../gen/Tst_test/StructReg/log/maketst.log,../gen/Tst_test/StructReg/log/runp2p.log,../gen/Tst_test/StructReg/log/runhybrid.log,True,,"[0m[[0m[31merror[0m] [0m[0m/local/ssd/home/yaqiz/spatial/gen/Tst_test/StructReg/pir/AccelMain.scala:19:50: not found: value x69__1[0m
",,,,,,,,,,,,,,,,,,,,,,,,,,,,,,,,,,,False,False,,,,,,,,False,False,,,,,False
752d3aaa,2019-06-30 22:15:24,SwitchCaseController,test,Tst,1000000000.0,../gen/Tst_test/SwitchCaseController/log/runproute.log,../gen/Tst_test/SwitchCaseController/log/runproute.sh,../gen/Tst_test/SwitchCaseController/plastisim/summary.csv,../gen/Tst_test/SwitchCaseController/pir/AccelMain.scala,../gen/Tst_test/SwitchCaseController/log/,../gen/Tst_test/SwitchCaseController/log/gentst.log,../gen/Tst_test/SwitchCaseController/log/maketst.log,../gen/Tst_test/SwitchCaseController/log/runp2p.log,../gen/Tst_test/SwitchCaseController/log/runhybrid.log,True,,,15.657850091,,,,,,15,15,,,,,,,,,,,,,,,,,,,,,,,0:37.88,2978,"Assertion fail:
",,False,False,0.0,0.0,0.043,0:20.38,,,,False,False,,,,,False
752d3aaa,2019-06-30 22:15:24,SwitchCondReuse,test,Tst,1000000000.0,../gen/Tst_test/SwitchCondReuse/log/runproute.log,../gen/Tst_test/SwitchCondReuse/log/runproute.sh,../gen/Tst_test/SwitchCondReuse/plastisim/summary.csv,../gen/Tst_test/SwitchCondReuse/pir/AccelMain.scala,../gen/Tst_test/SwitchCondReuse/log/,../gen/Tst_test/SwitchCondReuse/log/gentst.log,../gen/Tst_test/SwitchCondReuse/log/maketst.log,../gen/Tst_test/SwitchCondReuse/log/runp2p.log,../gen/Tst_test/SwitchCondReuse/log/runhybrid.log,True,,,18.276795994,,,,,,15,15,route_min_directed_valient,checkerboard,4,3,-1,4,,15:47.61,0,0,728,435,5.00,0,262,0.0000,0.0000,0.0000,10,-nan,0.0000,,0:51.33,146,,True,False,True,0.0,0.0,0.438,0:01.17,594,,True,False,True,0.0,0.0,0.108,0:03.66,True
752d3aaa,2019-06-30 22:15:24,SwitchedBroadcastRead,test,Tst,1000000000.0,../gen/Tst_test/SwitchedBroadcastRead/log/runproute.log,../gen/Tst_test/SwitchedBroadcastRead/log/runproute.sh,../gen/Tst_test/SwitchedBroadcastRead/plastisim/summary.csv,../gen/Tst_test/SwitchedBroadcastRead/pir/AccelMain.scala,../gen/Tst_test/SwitchedBroadcastRead/log/,../gen/Tst_test/SwitchedBroadcastRead/log/gentst.log,../gen/Tst_test/SwitchedBroadcastRead/log/maketst.log,../gen/Tst_test/SwitchedBroadcastRead/log/runp2p.log,../gen/Tst_test/SwitchedBroadcastRead/log/runhybrid.log,True,,,14.67002931,,,,,,15,15,,,,,,,,,,,,,,,,,,,,,,,0:36.73,11110,"Assertion fail:
",,True,False,0.0,0.369,0.0,1:12.72,,,,False,False,,,,,False
752d3aaa,2019-06-30 22:15:24,SystolishArray,test,Tst,1000000000.0,../gen/Tst_test/SystolishArray/log/runproute.log,../gen/Tst_test/SystolishArray/log/runproute.sh,../gen/Tst_test/SystolishArray/plastisim/summary.csv,../gen/Tst_test/SystolishArray/pir/AccelMain.scala,../gen/Tst_test/SystolishArray/log/,../gen/Tst_test/SystolishArray/log/gentst.log,../gen/Tst_test/SystolishArray/log/maketst.log,../gen/Tst_test/SystolishArray/log/runp2p.log,../gen/Tst_test/SystolishArray/log/runhybrid.log,True,,"[[31merror[0m] 15-MemoryLowering throw scala.MatchError: OpDef91 (of class pir.node.OpDef)
",4.743389581,,,,,,15,15,,,,,,,,,,,,,,,,,,,,,,,,,,,False,False,,,,,,,,False,False,,,,,False
752d3aaa,2019-06-30 22:15:24,TPCHQ6,test,Tst,1000000000.0,../gen/Tst_test/TPCHQ6/log/runproute.log,../gen/Tst_test/TPCHQ6/log/runproute.sh,../gen/Tst_test/TPCHQ6/plastisim/summary.csv,../gen/Tst_test/TPCHQ6/pir/AccelMain.scala,../gen/Tst_test/TPCHQ6/log/,../gen/Tst_test/TPCHQ6/log/gentst.log,../gen/Tst_test/TPCHQ6/log/maketst.log,../gen/Tst_test/TPCHQ6/log/runp2p.log,../gen/Tst_test/TPCHQ6/log/runhybrid.log,True,,,24.853456655,,,,,,15,15,route_min_directed_valient,checkerboard,4,3,-1,4,,12:24.19,0,0,112999896,25000120,6.00,0,56000032,0.0000,0.0000,0.0000,12,-nan,0.0000,,1:01.86,4301,,True,False,True,0.0,14.285,0.0,0:33.19,6531,,True,False,True,0.0,9.407,0.0,0:52.11,True
752d3aaa,2019-06-30 22:15:24,TRSM,test,Tst,1000000000.0,../gen/Tst_test/TRSM/log/runproute.log,../gen/Tst_test/TRSM/log/runproute.sh,../gen/Tst_test/TRSM/plastisim/summary.csv,../gen/Tst_test/TRSM/pir/AccelMain.scala,../gen/Tst_test/TRSM/log/,../gen/Tst_test/TRSM/log/gentst.log,../gen/Tst_test/TRSM/log/maketst.log,../gen/Tst_test/TRSM/log/runp2p.log,../gen/Tst_test/TRSM/log/runhybrid.log,True,,"[[31merror[0m] Constrain failed on MemoryContainer431
",36.141395322,,,,,,15,15,,,,,,,,,,,,,,,,,,,,,,,,,,,False,False,,,,,,,,False,False,,,,,False
752d3aaa,2019-06-30 22:15:24,Tensor3D,test,Tst,1000000000.0,../gen/Tst_test/Tensor3D/log/runproute.log,../gen/Tst_test/Tensor3D/log/runproute.sh,../gen/Tst_test/Tensor3D/plastisim/summary.csv,../gen/Tst_test/Tensor3D/pir/AccelMain.scala,../gen/Tst_test/Tensor3D/log/,../gen/Tst_test/Tensor3D/log/gentst.log,../gen/Tst_test/Tensor3D/log/maketst.log,../gen/Tst_test/Tensor3D/log/runp2p.log,../gen/Tst_test/Tensor3D/log/runhybrid.log,True,,,14.420284567,,,,,,15,15,route_min_directed_valient,checkerboard,4,3,-1,4,,6:24.37,0,0,0,58000072,4.50,0,15000030,0.0000,0.0000,0.0000,9,-nan,0.0000,,0:34.22,711,,,False,True,0.0,2.88,2.88,0:03.47,1784,,,False,True,0.0,1.148,1.148,0:13.28,True
752d3aaa,2019-06-30 22:15:24,Tensor4D,test,Tst,1000000000.0,../gen/Tst_test/Tensor4D/log/runproute.log,../gen/Tst_test/Tensor4D/log/runproute.sh,../gen/Tst_test/Tensor4D/plastisim/summary.csv,../gen/Tst_test/Tensor4D/pir/AccelMain.scala,../gen/Tst_test/Tensor4D/log/,../gen/Tst_test/Tensor4D/log/gentst.log,../gen/Tst_test/Tensor4D/log/maketst.log,../gen/Tst_test/Tensor4D/log/runp2p.log,../gen/Tst_test/Tensor4D/log/runhybrid.log,True,,,16.791971974,,,,,,15,15,route_min_directed_valient,checkerboard,4,3,-1,4,,6:54.54,0,12,0,77000032,4.00,4,21000052,0.0000,0.0000,0.0000,8,25.00,0.0000,,0:34.08,2311,,,False,True,0.0,3.545,3.545,0:11.24,,"Assertion fail:
",,False,False,0.0,0.0,0.0,0:00.53,False
752d3aaa,2019-06-30 22:15:24,Tensor5D,test,Tst,1000000000.0,../gen/Tst_test/Tensor5D/log/runproute.log,../gen/Tst_test/Tensor5D/log/runproute.sh,../gen/Tst_test/Tensor5D/plastisim/summary.csv,../gen/Tst_test/Tensor5D/pir/AccelMain.scala,../gen/Tst_test/Tensor5D/log/,../gen/Tst_test/Tensor5D/log/gentst.log,../gen/Tst_test/Tensor5D/log/maketst.log,../gen/Tst_test/Tensor5D/log/runp2p.log,../gen/Tst_test/Tensor5D/log/runhybrid.log,True,,,22.292453267,,,,,,15,15,route_min_directed_valient,checkerboard,4,3,-1,4,,13:41.66,0,28,0,84000112,6.00,4,31000092,0.0000,0.0000,0.0000,12,25.00,0.0000,,0:53.76,15986,,,False,True,0.0,2.05,2.05,1:40.35,,"Assertion fail:
",,False,False,0.0,0.0,0.0,0:00.87,False
752d3aaa,2019-06-30 22:15:24,TensorConstructors,test,Tst,1000000000.0,../gen/Tst_test/TensorConstructors/log/runproute.log,../gen/Tst_test/TensorConstructors/log/runproute.sh,../gen/Tst_test/TensorConstructors/plastisim/summary.csv,../gen/Tst_test/TensorConstructors/pir/AccelMain.scala,../gen/Tst_test/TensorConstructors/log/,../gen/Tst_test/TensorConstructors/log/gentst.log,../gen/Tst_test/TensorConstructors/log/maketst.log,../gen/Tst_test/TensorConstructors/log/runp2p.log,../gen/Tst_test/TensorConstructors/log/runhybrid.log,True,,,4.617931724,,,,,,15,15,route_min_directed_valient,checkerboard,4,3,-1,4,"plastiroute: graph.c:165: allocate_vcs_hops: Assertion `max_prog_id  0' failed.
",0:00.40,,,,,,,,,,,,,,,0:19.92,1,,,False,True,0.0,0.0,0.0,0:00.19,,,,False,False,,,,,False
752d3aaa,2019-06-30 22:15:24,TileLoadStoreSimple,test,Tst,1000000000.0,../gen/Tst_test/TileLoadStoreSimple/log/runproute.log,../gen/Tst_test/TileLoadStoreSimple/log/runproute.sh,../gen/Tst_test/TileLoadStoreSimple/plastisim/summary.csv,../gen/Tst_test/TileLoadStoreSimple/pir/AccelMain.scala,../gen/Tst_test/TileLoadStoreSimple/log/,../gen/Tst_test/TileLoadStoreSimple/log/gentst.log,../gen/Tst_test/TileLoadStoreSimple/log/maketst.log,../gen/Tst_test/TileLoadStoreSimple/log/runp2p.log,../gen/Tst_test/TileLoadStoreSimple/log/runhybrid.log,True,,,12.661602365,,,,,,15,15,route_min_directed_valient,checkerboard,4,3,-1,4,,4:24.68,0,0,0,24000024,4.00,0,12000010,0.0000,0.0000,0.0000,8,-nan,0.0000,,0:30.96,628,,True,False,True,0.0,1.223,1.223,0:03.74,1591,,True,False,True,0.0,0.483,0.483,0:11.68,True
752d3aaa,2019-06-30 22:15:24,TransferArray,test,Tst,1000000000.0,../gen/Tst_test/TransferArray/log/runproute.log,../gen/Tst_test/TransferArray/log/runproute.sh,../gen/Tst_test/TransferArray/plastisim/summary.csv,../gen/Tst_test/TransferArray/pir/AccelMain.scala,../gen/Tst_test/TransferArray/log/,../gen/Tst_test/TransferArray/log/gentst.log,../gen/Tst_test/TransferArray/log/maketst.log,../gen/Tst_test/TransferArray/log/runp2p.log,../gen/Tst_test/TransferArray/log/runhybrid.log,True,,,4.890666904,,,,,,15,15,route_min_directed_valient,checkerboard,4,3,-1,4,"plastiroute: graph.c:165: allocate_vcs_hops: Assertion `max_prog_id  0' failed.
",0:00.33,,,,,,,,,,,,,,,0:19.50,1,,,False,True,0.0,0.0,0.0,0:00.21,,,,False,False,,,,,False
752d3aaa,2019-06-30 22:15:24,TransferStruct,test,Tst,1000000000.0,../gen/Tst_test/TransferStruct/log/runproute.log,../gen/Tst_test/TransferStruct/log/runproute.sh,../gen/Tst_test/TransferStruct/plastisim/summary.csv,../gen/Tst_test/TransferStruct/pir/AccelMain.scala,../gen/Tst_test/TransferStruct/log/,../gen/Tst_test/TransferStruct/log/gentst.log,../gen/Tst_test/TransferStruct/log/maketst.log,../gen/Tst_test/TransferStruct/log/runp2p.log,../gen/Tst_test/TransferStruct/log/runhybrid.log,True,,"[0m[[0m[31merror[0m] [0m[0m/local/ssd/home/yaqiz/spatial/gen/Tst_test/TransferStruct/pir/AccelMain.scala:12:67: not found: value Velocity[0m
",,,,,,,,,,,,,,,,,,,,,,,,,,,,,,,,,,,False,False,,,,,,,,False,False,,,,,False
752d3aaa,2019-06-30 22:15:24,TransferSubByteTypes,test,Tst,1000000000.0,../gen/Tst_test/TransferSubByteTypes/log/runproute.log,../gen/Tst_test/TransferSubByteTypes/log/runproute.sh,../gen/Tst_test/TransferSubByteTypes/plastisim/summary.csv,../gen/Tst_test/TransferSubByteTypes/pir/AccelMain.scala,../gen/Tst_test/TransferSubByteTypes/log/,../gen/Tst_test/TransferSubByteTypes/log/gentst.log,../gen/Tst_test/TransferSubByteTypes/log/maketst.log,../gen/Tst_test/TransferSubByteTypes/log/runp2p.log,../gen/Tst_test/TransferSubByteTypes/log/runhybrid.log,True,,"[[31merror[0m] 54-TungstenPIRGen throw scala.MatchError: Fix(false,2,0) (of class pir.node.Fix)
",25.606767713,,,,,,15,15,,,,,,,,,,,,,,,,,,,,,,,,,,,False,False,,,,,,,,False,False,,,,,False
752d3aaa,2019-06-30 22:15:24,TwiddlingWithStructs,test,Tst,1000000000.0,../gen/Tst_test/TwiddlingWithStructs/log/runproute.log,../gen/Tst_test/TwiddlingWithStructs/log/runproute.sh,../gen/Tst_test/TwiddlingWithStructs/plastisim/summary.csv,../gen/Tst_test/TwiddlingWithStructs/pir/AccelMain.scala,../gen/Tst_test/TwiddlingWithStructs/log/,../gen/Tst_test/TwiddlingWithStructs/log/gentst.log,../gen/Tst_test/TwiddlingWithStructs/log/maketst.log,../gen/Tst_test/TwiddlingWithStructs/log/runp2p.log,../gen/Tst_test/TwiddlingWithStructs/log/runhybrid.log,True,,,,,,,,,,,,,,,,,,,,,,,,,,,,,,,,,,,,,False,False,,,,,,,,False,False,,,,,False
752d3aaa,2019-06-30 22:15:24,TwoDuplicatesPachinko,test,Tst,1000000000.0,../gen/Tst_test/TwoDuplicatesPachinko/log/runproute.log,../gen/Tst_test/TwoDuplicatesPachinko/log/runproute.sh,../gen/Tst_test/TwoDuplicatesPachinko/plastisim/summary.csv,../gen/Tst_test/TwoDuplicatesPachinko/pir/AccelMain.scala,../gen/Tst_test/TwoDuplicatesPachinko/log/,../gen/Tst_test/TwoDuplicatesPachinko/log/gentst.log,../gen/Tst_test/TwoDuplicatesPachinko/log/maketst.log,../gen/Tst_test/TwoDuplicatesPachinko/log/runp2p.log,../gen/Tst_test/TwoDuplicatesPachinko/log/runhybrid.log,True,,,9.104342629,,,,,,15,15,,,,,,,,,,,,,,,,,,,,,,,0:22.17,344,"Assertion fail:
",,False,False,0.0,2.977,0.0,0:02.16,,,,False,False,,,,,False
752d3aaa,2019-06-30 22:15:24,TwoDuplicatesSimple,test,Tst,1000000000.0,../gen/Tst_test/TwoDuplicatesSimple/log/runproute.log,../gen/Tst_test/TwoDuplicatesSimple/log/runproute.sh,../gen/Tst_test/TwoDuplicatesSimple/plastisim/summary.csv,../gen/Tst_test/TwoDuplicatesSimple/pir/AccelMain.scala,../gen/Tst_test/TwoDuplicatesSimple/log/,../gen/Tst_test/TwoDuplicatesSimple/log/gentst.log,../gen/Tst_test/TwoDuplicatesSimple/log/maketst.log,../gen/Tst_test/TwoDuplicatesSimple/log/runp2p.log,../gen/Tst_test/TwoDuplicatesSimple/log/runhybrid.log,True,,,11.119058822,,,,,,15,15,route_min_directed_valient,checkerboard,4,3,-1,4,,4:40.29,0,0,12,44,5.00,0,32,0.0000,0.0000,0.0000,10,-nan,0.0000,,0:28.72,88,,,False,True,0.0,0.0,2.909,0:00.80,193,,,False,True,0.0,0.0,1.326,0:01.65,True
752d3aaa,2019-06-30 22:15:24,UnalignedLoad1D,test,Tst,1000000000.0,../gen/Tst_test/UnalignedLoad1D/log/runproute.log,../gen/Tst_test/UnalignedLoad1D/log/runproute.sh,../gen/Tst_test/UnalignedLoad1D/plastisim/summary.csv,../gen/Tst_test/UnalignedLoad1D/pir/AccelMain.scala,../gen/Tst_test/UnalignedLoad1D/log/,../gen/Tst_test/UnalignedLoad1D/log/gentst.log,../gen/Tst_test/UnalignedLoad1D/log/maketst.log,../gen/Tst_test/UnalignedLoad1D/log/runp2p.log,../gen/Tst_test/UnalignedLoad1D/log/runhybrid.log,True,,,11.928698256,,,,,,15,15,route_min_directed_valient,checkerboard,4,3,-1,4,,6:03.24,0,0,0,76000024,5.00,0,22000014,0.0000,0.0000,0.0000,10,-nan,0.0000,,0:31.57,2531,,True,False,True,0.0,3.793,0.0,0:15.64,5847,,True,False,True,0.0,2.255,0.0,0:42.77,True
752d3aaa,2019-06-30 22:15:24,UnalignedLoad1D_2,test,Tst,1000000000.0,../gen/Tst_test/UnalignedLoad1D_2/log/runproute.log,../gen/Tst_test/UnalignedLoad1D_2/log/runproute.sh,../gen/Tst_test/UnalignedLoad1D_2/plastisim/summary.csv,../gen/Tst_test/UnalignedLoad1D_2/pir/AccelMain.scala,../gen/Tst_test/UnalignedLoad1D_2/log/,../gen/Tst_test/UnalignedLoad1D_2/log/gentst.log,../gen/Tst_test/UnalignedLoad1D_2/log/maketst.log,../gen/Tst_test/UnalignedLoad1D_2/log/runp2p.log,../gen/Tst_test/UnalignedLoad1D_2/log/runhybrid.log,True,,,11.702784028,,,,,,15,15,route_min_directed_valient,checkerboard,4,3,-1,4,,5:03.54,0,0,0,65000008,5.00,0,18000008,0.0000,0.0000,0.0000,10,-nan,0.0000,,0:29.91,1730,,True,False,True,0.0,3.699,0.0,0:08.79,4451,,True,False,True,0.0,1.869,0.0,0:28.91,True
752d3aaa,2019-06-30 22:15:24,UnalignedLoadStore2D,test,Tst,1000000000.0,../gen/Tst_test/UnalignedLoadStore2D/log/runproute.log,../gen/Tst_test/UnalignedLoadStore2D/log/runproute.sh,../gen/Tst_test/UnalignedLoadStore2D/plastisim/summary.csv,../gen/Tst_test/UnalignedLoadStore2D/pir/AccelMain.scala,../gen/Tst_test/UnalignedLoadStore2D/log/,../gen/Tst_test/UnalignedLoadStore2D/log/gentst.log,../gen/Tst_test/UnalignedLoadStore2D/log/maketst.log,../gen/Tst_test/UnalignedLoadStore2D/log/runp2p.log,../gen/Tst_test/UnalignedLoadStore2D/log/runhybrid.log,True,,,9.925111836,,,,,,15,15,route_min_directed_valient,checkerboard,4,3,-1,4,,4:10.24,0,0,0,2700,4.00,0,1423,0.0000,0.0000,0.0000,8,-nan,0.0000,,0:29.14,468,,,False,True,0.0,2.735,2.735,0:03.78,1124,,,False,True,0.0,1.139,1.139,0:06.82,True
752d3aaa,2019-06-30 22:15:24,UnalignedMemCopyFIFO,test,Tst,1000000000.0,../gen/Tst_test/UnalignedMemCopyFIFO/log/runproute.log,../gen/Tst_test/UnalignedMemCopyFIFO/log/runproute.sh,../gen/Tst_test/UnalignedMemCopyFIFO/plastisim/summary.csv,../gen/Tst_test/UnalignedMemCopyFIFO/pir/AccelMain.scala,../gen/Tst_test/UnalignedMemCopyFIFO/log/,../gen/Tst_test/UnalignedMemCopyFIFO/log/gentst.log,../gen/Tst_test/UnalignedMemCopyFIFO/log/maketst.log,../gen/Tst_test/UnalignedMemCopyFIFO/log/runp2p.log,../gen/Tst_test/UnalignedMemCopyFIFO/log/runhybrid.log,True,,"[0m[[0m[31merror[0m] [0m[0m/local/ssd/home/yaqiz/spatial/gen/Tst_test/UnalignedMemCopyFIFO/pir/AccelMain.scala:119:29: not found: value RegReset[0m
",,,,,,,,,,,,,,,,,,,,,,,,,,,,,,,,,,,False,False,,,,,,,,False,False,,,,,False
752d3aaa,2019-06-30 22:15:24,UnalignedTileLoadStore,test,Tst,1000000000.0,../gen/Tst_test/UnalignedTileLoadStore/log/runproute.log,../gen/Tst_test/UnalignedTileLoadStore/log/runproute.sh,../gen/Tst_test/UnalignedTileLoadStore/plastisim/summary.csv,../gen/Tst_test/UnalignedTileLoadStore/pir/AccelMain.scala,../gen/Tst_test/UnalignedTileLoadStore/log/,../gen/Tst_test/UnalignedTileLoadStore/log/gentst.log,../gen/Tst_test/UnalignedTileLoadStore/log/maketst.log,../gen/Tst_test/UnalignedTileLoadStore/log/runp2p.log,../gen/Tst_test/UnalignedTileLoadStore/log/runhybrid.log,True,,,25.781710783,,,,,,15,15,,,,,,,,,,,,,,,,,,,,,,"src/Context710.h:137:55: error: invalid operands of types â€˜bool [8]â€™ and â€˜boolâ€™ to binary â€˜operator&â€™
",0:07.67,,,,False,False,,,,,,,,False,False,,,,,False
752d3aaa,2019-06-30 22:15:24,UniqueParallelLoad,test,Tst,1000000000.0,../gen/Tst_test/UniqueParallelLoad/log/runproute.log,../gen/Tst_test/UniqueParallelLoad/log/runproute.sh,../gen/Tst_test/UniqueParallelLoad/plastisim/summary.csv,../gen/Tst_test/UniqueParallelLoad/pir/AccelMain.scala,../gen/Tst_test/UniqueParallelLoad/log/,../gen/Tst_test/UniqueParallelLoad/log/gentst.log,../gen/Tst_test/UniqueParallelLoad/log/maketst.log,../gen/Tst_test/UniqueParallelLoad/log/runp2p.log,../gen/Tst_test/UniqueParallelLoad/log/runhybrid.log,True,,,10.964433055,,,,,,15,15,route_min_directed_valient,checkerboard,4,3,-1,4,,3:48.46,0,0,0,129046,4.00,0,46565,0.0000,0.0000,0.0000,8,-nan,0.0000,,0:27.93,27765,,True,False,True,0.0,3.319,0.0,2:23.55,67249,,True,False,True,0.0,1.37,0.0,6:54.77,True
752d3aaa,2019-06-30 22:15:24,UnrAccessCycleDetection,test,Tst,1000000000.0,../gen/Tst_test/UnrAccessCycleDetection/log/runproute.log,../gen/Tst_test/UnrAccessCycleDetection/log/runproute.sh,../gen/Tst_test/UnrAccessCycleDetection/plastisim/summary.csv,../gen/Tst_test/UnrAccessCycleDetection/pir/AccelMain.scala,../gen/Tst_test/UnrAccessCycleDetection/log/,../gen/Tst_test/UnrAccessCycleDetection/log/gentst.log,../gen/Tst_test/UnrAccessCycleDetection/log/maketst.log,../gen/Tst_test/UnrAccessCycleDetection/log/runp2p.log,../gen/Tst_test/UnrAccessCycleDetection/log/runhybrid.log,True,,,22.270431816,,,,,,15,15,,,,,,,,,,,,,,,,,,,,,,,0:54.55,233,"Assertion fail:
",,False,False,0.0,0.0,0.549,0:02.51,,,,False,False,,,,,False
752d3aaa,2019-06-30 22:15:24,UnrollingTest,test,Tst,1000000000.0,../gen/Tst_test/UnrollingTest/log/runproute.log,../gen/Tst_test/UnrollingTest/log/runproute.sh,../gen/Tst_test/UnrollingTest/plastisim/summary.csv,../gen/Tst_test/UnrollingTest/pir/AccelMain.scala,../gen/Tst_test/UnrollingTest/log/,../gen/Tst_test/UnrollingTest/log/gentst.log,../gen/Tst_test/UnrollingTest/log/maketst.log,../gen/Tst_test/UnrollingTest/log/runp2p.log,../gen/Tst_test/UnrollingTest/log/runhybrid.log,True,,,5.420935894,,,,,,15,15,route_min_directed_valient,checkerboard,4,3,-1,4,"plastiroute: graph.c:165: allocate_vcs_hops: Assertion `max_prog_id  0' failed.
",0:00.35,,,,,,,,,,,,,,,0:20.02,1,,True,False,True,0.0,0.0,0.0,0:00.18,,,,False,False,,,,,False
752d3aaa,2019-06-30 22:15:24,UserVectors,test,Tst,1000000000.0,../gen/Tst_test/UserVectors/log/runproute.log,../gen/Tst_test/UserVectors/log/runproute.sh,../gen/Tst_test/UserVectors/plastisim/summary.csv,../gen/Tst_test/UserVectors/pir/AccelMain.scala,../gen/Tst_test/UserVectors/log/,../gen/Tst_test/UserVectors/log/gentst.log,../gen/Tst_test/UserVectors/log/maketst.log,../gen/Tst_test/UserVectors/log/runp2p.log,../gen/Tst_test/UserVectors/log/runhybrid.log,True,,,,,,,,,,,,,,,,,,,,,,,,,,,,,,,,,,,,,False,False,,,,,,,,False,False,,,,,False
752d3aaa,2019-06-30 22:15:24,Viterbi,test,Tst,1000000000.0,../gen/Tst_test/Viterbi/log/runproute.log,../gen/Tst_test/Viterbi/log/runproute.sh,../gen/Tst_test/Viterbi/plastisim/summary.csv,../gen/Tst_test/Viterbi/pir/AccelMain.scala,../gen/Tst_test/Viterbi/log/,../gen/Tst_test/Viterbi/log/gentst.log,../gen/Tst_test/Viterbi/log/maketst.log,../gen/Tst_test/Viterbi/log/runp2p.log,../gen/Tst_test/Viterbi/log/runhybrid.log,True,,"[0m[[0m[31merror[0m] [0m[0m/local/ssd/home/yaqiz/spatial/gen/Tst_test/Viterbi/pir/AccelMain.scala:250:29: not found: value RegReset[0m
",,,,,,,,,,,,,,,,,,,,,,,,,,,,,,,,,,,False,False,,,,,,,,False,False,,,,,False
