spatial_sha,pir_sha,time,app,project,backend,freq,runproute,proutesh,prouteSummary,AccelMain,logpath,gentst,resreport,maketst,runp2p,runhybrid,genpir,genpir_err,gentst_err,gentst_time,notFit,row,col,MC,DAG,PMU,PCU,MC_Total,DAG_Total,PMU_Total,PCU_Total,algo,pattern,slink,vlink,prtime,vcLimit,runproute_err,runproute_time,DynHopsVec,DynHopsScal,StatHopsVec,StatHopsScal,Score,NetVC,TotPkts,LinkLim,InjectLim,EjectLim,LongRoute,Q0Pct,Q0Lim,maketst_err,maketst_time,runp2p_cycle,runp2p_err,runp2p_pass,runp2p_deadlock,runp2p_complete,runp2p_dram_power,runp2p_rbw,runp2p_wbw,runp2p_time,runhybrid_cycle,runhybrid_err,runhybrid_pass,runhybrid_deadlock,runhybrid_complete,runhybrid_dram_power,runhybrid_rbw,runhybrid_wbw,runhybrid_time,succeeded
4997453a,aeea2065,2019-07-24 11:45:59,AES,test,Tst,1000000000.0,../gen/Tst_test/AES/log/runproute.log,../gen/Tst_test/AES/log/runproute.sh,../gen/Tst_test/AES/plastisim/summary.csv,../gen/Tst_test/AES/pir/AccelMain.scala,../gen/Tst_test/AES/log/,../gen/Tst_test/AES/log/gentst.log,../gen/Tst_test/AES/pir/out/resource.csv,../gen/Tst_test/AES/log/maketst.log,../gen/Tst_test/AES/log/runp2p.log,../gen/Tst_test/AES/log/runhybrid.log,True,,"[[31merror[0m] 04-GraphInitialization throw [pir] Don't know how to infer vec of BankedWrite262
",14.244377327,,18,18,0,0,0,0,36,36,162,162,,,,,,,,,,,,,,,,,,,,,,,,,,,False,False,,,,,,,,False,False,,,,,False
4997453a,aeea2065,2019-07-24 11:45:59,AXICommandSplit,test,Tst,1000000000.0,../gen/Tst_test/AXICommandSplit/log/runproute.log,../gen/Tst_test/AXICommandSplit/log/runproute.sh,../gen/Tst_test/AXICommandSplit/plastisim/summary.csv,../gen/Tst_test/AXICommandSplit/pir/AccelMain.scala,../gen/Tst_test/AXICommandSplit/log/,../gen/Tst_test/AXICommandSplit/log/gentst.log,../gen/Tst_test/AXICommandSplit/pir/out/resource.csv,../gen/Tst_test/AXICommandSplit/log/maketst.log,../gen/Tst_test/AXICommandSplit/log/runp2p.log,../gen/Tst_test/AXICommandSplit/log/runhybrid.log,True,,,11.284638478,,18,18,2,2,2,3,36,36,162,162,,,,,,,,,,,,,,,,,,,,,,,0:35.45,8514,,True,False,True,,23.0923,23.0923,0:00.96,,,,False,False,,,,,True
4997453a,aeea2065,2019-07-24 11:45:59,AliasProp,test,Tst,1000000000.0,../gen/Tst_test/AliasProp/log/runproute.log,../gen/Tst_test/AliasProp/log/runproute.sh,../gen/Tst_test/AliasProp/plastisim/summary.csv,../gen/Tst_test/AliasProp/pir/AccelMain.scala,../gen/Tst_test/AliasProp/log/,../gen/Tst_test/AliasProp/log/gentst.log,../gen/Tst_test/AliasProp/pir/out/resource.csv,../gen/Tst_test/AliasProp/log/maketst.log,../gen/Tst_test/AliasProp/log/runp2p.log,../gen/Tst_test/AliasProp/log/runhybrid.log,True,,,5.026220383,,18,18,0,0,0,0,36,36,162,162,,,,,,,,,,,,,,,,,,,,,,,0:23.57,1,,,False,True,,0.0,0.0,0:00.33,,,,False,False,,,,,True
4997453a,aeea2065,2019-07-24 11:45:59,Aliases3Dto2DTransfers,test,Tst,1000000000.0,../gen/Tst_test/Aliases3Dto2DTransfers/log/runproute.log,../gen/Tst_test/Aliases3Dto2DTransfers/log/runproute.sh,../gen/Tst_test/Aliases3Dto2DTransfers/plastisim/summary.csv,../gen/Tst_test/Aliases3Dto2DTransfers/pir/AccelMain.scala,../gen/Tst_test/Aliases3Dto2DTransfers/log/,../gen/Tst_test/Aliases3Dto2DTransfers/log/gentst.log,../gen/Tst_test/Aliases3Dto2DTransfers/pir/out/resource.csv,../gen/Tst_test/Aliases3Dto2DTransfers/log/maketst.log,../gen/Tst_test/Aliases3Dto2DTransfers/log/runp2p.log,../gen/Tst_test/Aliases3Dto2DTransfers/log/runhybrid.log,True,,,16.104131731,,18,18,4,3,2,10,36,36,162,162,,,,,,,,,,,,,,,,,,,,,,,0:40.64,4277,,,False,True,,9.57681,8.61913,0:00.94,,,,False,False,,,,,True
4997453a,aeea2065,2019-07-24 11:45:59,ArgInOut,test,Tst,1000000000.0,../gen/Tst_test/ArgInOut/log/runproute.log,../gen/Tst_test/ArgInOut/log/runproute.sh,../gen/Tst_test/ArgInOut/plastisim/summary.csv,../gen/Tst_test/ArgInOut/pir/AccelMain.scala,../gen/Tst_test/ArgInOut/log/,../gen/Tst_test/ArgInOut/log/gentst.log,../gen/Tst_test/ArgInOut/pir/out/resource.csv,../gen/Tst_test/ArgInOut/log/maketst.log,../gen/Tst_test/ArgInOut/log/runp2p.log,../gen/Tst_test/ArgInOut/log/runhybrid.log,True,,,6.598388959,,18,18,0,0,0,1,36,36,162,162,,,,,,,,,,,,,,,,,,,,,,,0:24.98,13,,True,False,True,,0.0,0.0,0:00.33,,,,False,False,,,,,True
4997453a,aeea2065,2019-07-24 11:45:59,BFS,test,Tst,1000000000.0,../gen/Tst_test/BFS/log/runproute.log,../gen/Tst_test/BFS/log/runproute.sh,../gen/Tst_test/BFS/plastisim/summary.csv,../gen/Tst_test/BFS/pir/AccelMain.scala,../gen/Tst_test/BFS/log/,../gen/Tst_test/BFS/log/gentst.log,../gen/Tst_test/BFS/pir/out/resource.csv,../gen/Tst_test/BFS/log/maketst.log,../gen/Tst_test/BFS/log/runp2p.log,../gen/Tst_test/BFS/log/runhybrid.log,True,,"[[31merror[0m] Multiple accesses to the same memory in the same basic block will deadlock on plasticine.
",25.987114172,,18,18,4,15,10,7,36,36,162,162,,,,,,,,,,,,,,,,,,,,,,,,,,,False,False,,,,,,,,False,False,,,,,False
4997453a,aeea2065,2019-07-24 11:45:59,BFS_Bulk,test,Tst,1000000000.0,../gen/Tst_test/BFS_Bulk/log/runproute.log,../gen/Tst_test/BFS_Bulk/log/runproute.sh,../gen/Tst_test/BFS_Bulk/plastisim/summary.csv,../gen/Tst_test/BFS_Bulk/pir/AccelMain.scala,../gen/Tst_test/BFS_Bulk/log/,../gen/Tst_test/BFS_Bulk/log/gentst.log,../gen/Tst_test/BFS_Bulk/pir/out/resource.csv,../gen/Tst_test/BFS_Bulk/log/maketst.log,../gen/Tst_test/BFS_Bulk/log/runp2p.log,../gen/Tst_test/BFS_Bulk/log/runhybrid.log,True,,,9.849578711,,18,18,1,1,1,3,36,36,162,162,,,,,,,,,,,,,,,,,,,,,,,0:28.03,74,"Assertion fail:
",True,False,False,,0.0,0.864865,0:00.57,,,,False,False,,,,,False
4997453a,aeea2065,2019-07-24 11:45:59,BFS_Queue,test,Tst,1000000000.0,../gen/Tst_test/BFS_Queue/log/runproute.log,../gen/Tst_test/BFS_Queue/log/runproute.sh,../gen/Tst_test/BFS_Queue/plastisim/summary.csv,../gen/Tst_test/BFS_Queue/pir/AccelMain.scala,../gen/Tst_test/BFS_Queue/log/,../gen/Tst_test/BFS_Queue/log/gentst.log,../gen/Tst_test/BFS_Queue/pir/out/resource.csv,../gen/Tst_test/BFS_Queue/log/maketst.log,../gen/Tst_test/BFS_Queue/log/runp2p.log,../gen/Tst_test/BFS_Queue/log/runhybrid.log,True,,,9.03239809,,18,18,1,1,1,3,36,36,162,162,,,,,,,,,,,,,,,,,,,,,,,0:24.23,74,"Assertion fail:
",True,False,False,,0.0,0.864865,0:00.48,,,,False,False,,,,,False
4997453a,aeea2065,2019-07-24 11:45:59,BNN,test,Tst,1000000000.0,../gen/Tst_test/BNN/log/runproute.log,../gen/Tst_test/BNN/log/runproute.sh,../gen/Tst_test/BNN/plastisim/summary.csv,../gen/Tst_test/BNN/pir/AccelMain.scala,../gen/Tst_test/BNN/log/,../gen/Tst_test/BNN/log/gentst.log,../gen/Tst_test/BNN/pir/out/resource.csv,../gen/Tst_test/BNN/log/maketst.log,../gen/Tst_test/BNN/log/runp2p.log,../gen/Tst_test/BNN/log/runhybrid.log,True,,,,,,,,,,,,,,,,,,,,,,,,,,,,,,,,,,,,,,,,,False,False,,,,,,,,False,False,,,,,False
4997453a,aeea2065,2019-07-24 11:45:59,BTC,test,Tst,1000000000.0,../gen/Tst_test/BTC/log/runproute.log,../gen/Tst_test/BTC/log/runproute.sh,../gen/Tst_test/BTC/plastisim/summary.csv,../gen/Tst_test/BTC/pir/AccelMain.scala,../gen/Tst_test/BTC/log/,../gen/Tst_test/BTC/log/gentst.log,../gen/Tst_test/BTC/pir/out/resource.csv,../gen/Tst_test/BTC/log/maketst.log,../gen/Tst_test/BTC/log/runp2p.log,../gen/Tst_test/BTC/log/runhybrid.log,True,,,,,,,,,,,,,,,,,,,,,,,,,,,,,,,,,,,,,,,,,False,False,,,,,,,,False,False,,,,,False
4997453a,aeea2065,2019-07-24 11:45:59,Backprop,test,Tst,1000000000.0,../gen/Tst_test/Backprop/log/runproute.log,../gen/Tst_test/Backprop/log/runproute.sh,../gen/Tst_test/Backprop/plastisim/summary.csv,../gen/Tst_test/Backprop/pir/AccelMain.scala,../gen/Tst_test/Backprop/log/,../gen/Tst_test/Backprop/log/gentst.log,../gen/Tst_test/Backprop/pir/out/resource.csv,../gen/Tst_test/Backprop/log/maketst.log,../gen/Tst_test/Backprop/log/runp2p.log,../gen/Tst_test/Backprop/log/runhybrid.log,True,,"[[31merror[0m] 15-MemoryLowering throw [pir] FIFO457 (None, Some(MachSuite.scala:2317:23)) has read enables at 
",198.765208859,,18,18,,,,,,,,,,,,,,,,,,,,,,,,,,,,,,,,,,,False,False,,,,,,,,False,False,,,,,False
4997453a,aeea2065,2019-07-24 11:45:59,Bank1D,test,Tst,1000000000.0,../gen/Tst_test/Bank1D/log/runproute.log,../gen/Tst_test/Bank1D/log/runproute.sh,../gen/Tst_test/Bank1D/plastisim/summary.csv,../gen/Tst_test/Bank1D/pir/AccelMain.scala,../gen/Tst_test/Bank1D/log/,../gen/Tst_test/Bank1D/log/gentst.log,../gen/Tst_test/Bank1D/pir/out/resource.csv,../gen/Tst_test/Bank1D/log/maketst.log,../gen/Tst_test/Bank1D/log/runp2p.log,../gen/Tst_test/Bank1D/log/runhybrid.log,True,,"[[31merror[0m] 15-MemoryLowering throw [pir] FIFO107 (None, Some(Bank1D.scala:43:28)) has read enables at 
",8.73600571,,18,18,,,,,,,,,,,,,,,,,,,,,,,,,,,,,,,,,,,False,False,,,,,,,,False,False,,,,,False
4997453a,aeea2065,2019-07-24 11:45:59,Bank2DSimple,test,Tst,1000000000.0,../gen/Tst_test/Bank2DSimple/log/runproute.log,../gen/Tst_test/Bank2DSimple/log/runproute.sh,../gen/Tst_test/Bank2DSimple/plastisim/summary.csv,../gen/Tst_test/Bank2DSimple/pir/AccelMain.scala,../gen/Tst_test/Bank2DSimple/log/,../gen/Tst_test/Bank2DSimple/log/gentst.log,../gen/Tst_test/Bank2DSimple/pir/out/resource.csv,../gen/Tst_test/Bank2DSimple/log/maketst.log,../gen/Tst_test/Bank2DSimple/log/runp2p.log,../gen/Tst_test/Bank2DSimple/log/runhybrid.log,True,,"[[31merror[0m] 15-MemoryLowering throw [pir] FIFO29 (None, Some(Bank2DSimple.scala:20:9)) has read enables at 
",11.700703193,,18,18,,,,,,,,,,,,,,,,,,,,,,,,,,,,,,,,,,,False,False,,,,,,,,False,False,,,,,False
4997453a,aeea2065,2019-07-24 11:45:59,Bank2DStrange,test,Tst,1000000000.0,../gen/Tst_test/Bank2DStrange/log/runproute.log,../gen/Tst_test/Bank2DStrange/log/runproute.sh,../gen/Tst_test/Bank2DStrange/plastisim/summary.csv,../gen/Tst_test/Bank2DStrange/pir/AccelMain.scala,../gen/Tst_test/Bank2DStrange/log/,../gen/Tst_test/Bank2DStrange/log/gentst.log,../gen/Tst_test/Bank2DStrange/pir/out/resource.csv,../gen/Tst_test/Bank2DStrange/log/maketst.log,../gen/Tst_test/Bank2DStrange/log/runp2p.log,../gen/Tst_test/Bank2DStrange/log/runhybrid.log,True,,"[[31merror[0m] Constrain failed on MemoryContainer347
",8.826220406,,18,18,,,,,,,,,,,,,,,,,,,,,,,,,,,,,,,,,,,False,False,,,,,,,,False,False,,,,,False
4997453a,aeea2065,2019-07-24 11:45:59,Bank4DHard,test,Tst,1000000000.0,../gen/Tst_test/Bank4DHard/log/runproute.log,../gen/Tst_test/Bank4DHard/log/runproute.sh,../gen/Tst_test/Bank4DHard/plastisim/summary.csv,../gen/Tst_test/Bank4DHard/pir/AccelMain.scala,../gen/Tst_test/Bank4DHard/log/,../gen/Tst_test/Bank4DHard/log/gentst.log,../gen/Tst_test/Bank4DHard/pir/out/resource.csv,../gen/Tst_test/Bank4DHard/log/maketst.log,../gen/Tst_test/Bank4DHard/log/runp2p.log,../gen/Tst_test/Bank4DHard/log/runhybrid.log,True,,"[[31merror[0m] Constrain failed on MemoryContainer200
",7.010788348,,18,18,,,,,,,,,,,,,,,,,,,,,,,,,,,,,,,,,,,False,False,,,,,,,,False,False,,,,,False
4997453a,aeea2065,2019-07-24 11:45:59,BankLines,test,Tst,1000000000.0,../gen/Tst_test/BankLines/log/runproute.log,../gen/Tst_test/BankLines/log/runproute.sh,../gen/Tst_test/BankLines/plastisim/summary.csv,../gen/Tst_test/BankLines/pir/AccelMain.scala,../gen/Tst_test/BankLines/log/,../gen/Tst_test/BankLines/log/gentst.log,../gen/Tst_test/BankLines/pir/out/resource.csv,../gen/Tst_test/BankLines/log/maketst.log,../gen/Tst_test/BankLines/log/runp2p.log,../gen/Tst_test/BankLines/log/runhybrid.log,False,[error] //TODO: Plasticine does not support unbanked unrolled access at the moment. ,,,,,,,,,,,,,,,,,,,,,,,,,,,,,,,,,,,,,,,,False,False,,,,,,,,False,False,,,,,False
4997453a,aeea2065,2019-07-24 11:45:59,BankLockstep,test,Tst,1000000000.0,../gen/Tst_test/BankLockstep/log/runproute.log,../gen/Tst_test/BankLockstep/log/runproute.sh,../gen/Tst_test/BankLockstep/plastisim/summary.csv,../gen/Tst_test/BankLockstep/pir/AccelMain.scala,../gen/Tst_test/BankLockstep/log/,../gen/Tst_test/BankLockstep/log/gentst.log,../gen/Tst_test/BankLockstep/pir/out/resource.csv,../gen/Tst_test/BankLockstep/log/maketst.log,../gen/Tst_test/BankLockstep/log/runp2p.log,../gen/Tst_test/BankLockstep/log/runhybrid.log,False,[error] //TODO: Plasticine does not support unbanked unrolled access at the moment. ,,,,,,,,,,,,,,,,,,,,,,,,,,,,,,,,,,,,,,,,False,False,,,,,,,,False,False,,,,,False
4997453a,aeea2065,2019-07-24 11:45:59,BankNonbuffered,test,Tst,1000000000.0,../gen/Tst_test/BankNonbuffered/log/runproute.log,../gen/Tst_test/BankNonbuffered/log/runproute.sh,../gen/Tst_test/BankNonbuffered/plastisim/summary.csv,../gen/Tst_test/BankNonbuffered/pir/AccelMain.scala,../gen/Tst_test/BankNonbuffered/log/,../gen/Tst_test/BankNonbuffered/log/gentst.log,../gen/Tst_test/BankNonbuffered/pir/out/resource.csv,../gen/Tst_test/BankNonbuffered/log/maketst.log,../gen/Tst_test/BankNonbuffered/log/runp2p.log,../gen/Tst_test/BankNonbuffered/log/runhybrid.log,True,,,12.465565832,,18,18,3,3,4,6,36,36,162,162,,,,,,,,,,,,,,,,,,,,,,,0:36.19,190,,True,False,True,,0.673684,1.34737,0:00.33,,,,False,False,,,,,True
4997453a,aeea2065,2019-07-24 11:45:59,Bankapalooza,test,Tst,1000000000.0,../gen/Tst_test/Bankapalooza/log/runproute.log,../gen/Tst_test/Bankapalooza/log/runproute.sh,../gen/Tst_test/Bankapalooza/plastisim/summary.csv,../gen/Tst_test/Bankapalooza/pir/AccelMain.scala,../gen/Tst_test/Bankapalooza/log/,../gen/Tst_test/Bankapalooza/log/gentst.log,../gen/Tst_test/Bankapalooza/pir/out/resource.csv,../gen/Tst_test/Bankapalooza/log/maketst.log,../gen/Tst_test/Bankapalooza/log/runp2p.log,../gen/Tst_test/Bankapalooza/log/runhybrid.log,False,[bug] Encountered exception while updating node,,,,,,,,,,,,,,,,,,,,,,,,,,,,,,,,,,,,,,,,False,False,,,,,,,,False,False,,,,,False
4997453a,aeea2065,2019-07-24 11:45:59,BasicBLAS,test,Tst,1000000000.0,../gen/Tst_test/BasicBLAS/log/runproute.log,../gen/Tst_test/BasicBLAS/log/runproute.sh,../gen/Tst_test/BasicBLAS/plastisim/summary.csv,../gen/Tst_test/BasicBLAS/pir/AccelMain.scala,../gen/Tst_test/BasicBLAS/log/,../gen/Tst_test/BasicBLAS/log/gentst.log,../gen/Tst_test/BasicBLAS/pir/out/resource.csv,../gen/Tst_test/BasicBLAS/log/maketst.log,../gen/Tst_test/BasicBLAS/log/runp2p.log,../gen/Tst_test/BasicBLAS/log/runhybrid.log,True,,,127.914447347,,18,18,21,36,52,84,36,36,162,162,,,,,,,,,,,,,,,,,,,,,,,23:17.16,806077,"Assertion fail:
",,False,False,,0.160858,0.0841607,30:31.57,,,,False,False,,,,,False
4997453a,aeea2065,2019-07-24 11:45:59,BasicParamsV1,test,Tst,1000000000.0,../gen/Tst_test/BasicParamsV1/log/runproute.log,../gen/Tst_test/BasicParamsV1/log/runproute.sh,../gen/Tst_test/BasicParamsV1/plastisim/summary.csv,../gen/Tst_test/BasicParamsV1/pir/AccelMain.scala,../gen/Tst_test/BasicParamsV1/log/,../gen/Tst_test/BasicParamsV1/log/gentst.log,../gen/Tst_test/BasicParamsV1/pir/out/resource.csv,../gen/Tst_test/BasicParamsV1/log/maketst.log,../gen/Tst_test/BasicParamsV1/log/runp2p.log,../gen/Tst_test/BasicParamsV1/log/runhybrid.log,True,,"[[31merror[0m] 15-MemoryLowering throw [pir] FIFO58 (None, Some(BasicParams.scala:51:37)) has read enables at 
",5.485283239,,18,18,,,,,,,,,,,,,,,,,,,,,,,,,,,,,,,,,,,False,False,,,,,,,,False,False,,,,,False
4997453a,aeea2065,2019-07-24 11:45:59,BasicParamsV2,test,Tst,1000000000.0,../gen/Tst_test/BasicParamsV2/log/runproute.log,../gen/Tst_test/BasicParamsV2/log/runproute.sh,../gen/Tst_test/BasicParamsV2/plastisim/summary.csv,../gen/Tst_test/BasicParamsV2/pir/AccelMain.scala,../gen/Tst_test/BasicParamsV2/log/,../gen/Tst_test/BasicParamsV2/log/gentst.log,../gen/Tst_test/BasicParamsV2/pir/out/resource.csv,../gen/Tst_test/BasicParamsV2/log/maketst.log,../gen/Tst_test/BasicParamsV2/log/runp2p.log,../gen/Tst_test/BasicParamsV2/log/runhybrid.log,True,,,10.028699765,,18,18,2,2,2,2,36,36,162,162,,,,,,,,,,,,,,,,,,,,,,,0:31.65,347,"Assertion fail:
",True,False,False,,16.2305,0.0,0:00.73,,,,False,False,,,,,False
4997453a,aeea2065,2019-07-24 11:45:59,BasicParamsV3,test,Tst,1000000000.0,../gen/Tst_test/BasicParamsV3/log/runproute.log,../gen/Tst_test/BasicParamsV3/log/runproute.sh,../gen/Tst_test/BasicParamsV3/plastisim/summary.csv,../gen/Tst_test/BasicParamsV3/pir/AccelMain.scala,../gen/Tst_test/BasicParamsV3/log/,../gen/Tst_test/BasicParamsV3/log/gentst.log,../gen/Tst_test/BasicParamsV3/pir/out/resource.csv,../gen/Tst_test/BasicParamsV3/log/maketst.log,../gen/Tst_test/BasicParamsV3/log/runp2p.log,../gen/Tst_test/BasicParamsV3/log/runhybrid.log,True,,"[[31merror[0m] 15-MemoryLowering throw [pir] FIFO64 (None, Some(BasicParams.scala:51:37)) has read enables at 
",6.872953193,,18,18,,,,,,,,,,,,,,,,,,,,,,,,,,,,,,,,,,,False,False,,,,,,,,False,False,,,,,False
4997453a,aeea2065,2019-07-24 11:45:59,BinaryFileIO,test,Tst,1000000000.0,../gen/Tst_test/BinaryFileIO/log/runproute.log,../gen/Tst_test/BinaryFileIO/log/runproute.sh,../gen/Tst_test/BinaryFileIO/plastisim/summary.csv,../gen/Tst_test/BinaryFileIO/pir/AccelMain.scala,../gen/Tst_test/BinaryFileIO/log/,../gen/Tst_test/BinaryFileIO/log/gentst.log,../gen/Tst_test/BinaryFileIO/pir/out/resource.csv,../gen/Tst_test/BinaryFileIO/log/maketst.log,../gen/Tst_test/BinaryFileIO/log/runp2p.log,../gen/Tst_test/BinaryFileIO/log/runhybrid.log,True,,,5.060651321,,18,18,0,0,0,0,36,36,162,162,,,,,,,,,,,,,,,,,,,,,,,0:30.35,1,,,False,True,,0.0,0.0,0:00.33,,,,False,False,,,,,True
4997453a,aeea2065,2019-07-24 11:45:59,BitSelects,test,Tst,1000000000.0,../gen/Tst_test/BitSelects/log/runproute.log,../gen/Tst_test/BitSelects/log/runproute.sh,../gen/Tst_test/BitSelects/plastisim/summary.csv,../gen/Tst_test/BitSelects/pir/AccelMain.scala,../gen/Tst_test/BitSelects/log/,../gen/Tst_test/BitSelects/log/gentst.log,../gen/Tst_test/BitSelects/pir/out/resource.csv,../gen/Tst_test/BitSelects/log/maketst.log,../gen/Tst_test/BitSelects/log/runp2p.log,../gen/Tst_test/BitSelects/log/runhybrid.log,True,,,,,,,,,,,,,,,,,,,,,,,,,,,,,,,,,,,,,,,,,False,False,,,,,,,,False,False,,,,,False
4997453a,aeea2065,2019-07-24 11:45:59,BlackScholes,test,Tst,1000000000.0,../gen/Tst_test/BlackScholes/log/runproute.log,../gen/Tst_test/BlackScholes/log/runproute.sh,../gen/Tst_test/BlackScholes/plastisim/summary.csv,../gen/Tst_test/BlackScholes/pir/AccelMain.scala,../gen/Tst_test/BlackScholes/log/,../gen/Tst_test/BlackScholes/log/gentst.log,../gen/Tst_test/BlackScholes/pir/out/resource.csv,../gen/Tst_test/BlackScholes/log/maketst.log,../gen/Tst_test/BlackScholes/log/runp2p.log,../gen/Tst_test/BlackScholes/log/runhybrid.log,True,,"[[31merror[0m] 15-MemoryLowering throw [pir] FIFO34 (None, Some(BlackScholes.scala:114:19)) has read enables at 
",10.350064837,,18,18,,,,,,,,,,,,,,,,,,,,,,,,,,,,,,,,,,,False,False,,,,,,,,False,False,,,,,False
4997453a,aeea2065,2019-07-24 11:45:59,Blur,test,Tst,1000000000.0,../gen/Tst_test/Blur/log/runproute.log,../gen/Tst_test/Blur/log/runproute.sh,../gen/Tst_test/Blur/plastisim/summary.csv,../gen/Tst_test/Blur/pir/AccelMain.scala,../gen/Tst_test/Blur/log/,../gen/Tst_test/Blur/log/gentst.log,../gen/Tst_test/Blur/pir/out/resource.csv,../gen/Tst_test/Blur/log/maketst.log,../gen/Tst_test/Blur/log/runp2p.log,../gen/Tst_test/Blur/log/runhybrid.log,False,[bug] Encountered exception while updating node,,,,,,,,,,,,,,,,,,,,,,,,,,,,,,,,,,,,,,,,False,False,,,,,,,,False,False,,,,,False
4997453a,aeea2065,2019-07-24 11:45:59,Break,test,Tst,1000000000.0,../gen/Tst_test/Break/log/runproute.log,../gen/Tst_test/Break/log/runproute.sh,../gen/Tst_test/Break/plastisim/summary.csv,../gen/Tst_test/Break/pir/AccelMain.scala,../gen/Tst_test/Break/log/,../gen/Tst_test/Break/log/gentst.log,../gen/Tst_test/Break/pir/out/resource.csv,../gen/Tst_test/Break/log/maketst.log,../gen/Tst_test/Break/log/runp2p.log,../gen/Tst_test/Break/log/runhybrid.log,True,,,22.891181075,,18,18,4,4,6,17,36,36,162,162,,,,,,,,,,,,,,,,,,,,,,"src/Context670.h:60:24: error: â€˜MemRead59â€™ was not declared in this scope
",0:08.39,,,,False,False,,,,,,,,False,False,,,,,False
4997453a,aeea2065,2019-07-24 11:45:59,Breakpoint,test,Tst,1000000000.0,../gen/Tst_test/Breakpoint/log/runproute.log,../gen/Tst_test/Breakpoint/log/runproute.sh,../gen/Tst_test/Breakpoint/plastisim/summary.csv,../gen/Tst_test/Breakpoint/pir/AccelMain.scala,../gen/Tst_test/Breakpoint/log/,../gen/Tst_test/Breakpoint/log/gentst.log,../gen/Tst_test/Breakpoint/pir/out/resource.csv,../gen/Tst_test/Breakpoint/log/maketst.log,../gen/Tst_test/Breakpoint/log/runp2p.log,../gen/Tst_test/Breakpoint/log/runhybrid.log,True,,"[0m[[0m[31merror[0m] [0m[0m/local/ssd/home/yaqiz/ASPLOS2020/sim/spatial/gen/Tst_test/Breakpoint/pir/AccelMain.scala:67:38: not found: value x131[0m
",,,,,,,,,,,,,,,,,,,,,,,,,,,,,,,,,,,,,,,False,False,,,,,,,,False,False,,,,,False
4997453a,aeea2065,2019-07-24 11:45:59,Broadcast,test,Tst,1000000000.0,../gen/Tst_test/Broadcast/log/runproute.log,../gen/Tst_test/Broadcast/log/runproute.sh,../gen/Tst_test/Broadcast/plastisim/summary.csv,../gen/Tst_test/Broadcast/pir/AccelMain.scala,../gen/Tst_test/Broadcast/log/,../gen/Tst_test/Broadcast/log/gentst.log,../gen/Tst_test/Broadcast/pir/out/resource.csv,../gen/Tst_test/Broadcast/log/maketst.log,../gen/Tst_test/Broadcast/log/runp2p.log,../gen/Tst_test/Broadcast/log/runhybrid.log,True,,,18.448942973,,18,18,3,3,3,13,36,36,162,162,,,,,,,,,,,,,,,,,,,,,,,0:39.82,3141,,,False,True,,0.652022,0.326011,0:00.75,,,,False,False,,,,,True
4997453a,aeea2065,2019-07-24 11:45:59,BroadcastRandom,test,Tst,1000000000.0,../gen/Tst_test/BroadcastRandom/log/runproute.log,../gen/Tst_test/BroadcastRandom/log/runproute.sh,../gen/Tst_test/BroadcastRandom/plastisim/summary.csv,../gen/Tst_test/BroadcastRandom/pir/AccelMain.scala,../gen/Tst_test/BroadcastRandom/log/,../gen/Tst_test/BroadcastRandom/log/gentst.log,../gen/Tst_test/BroadcastRandom/pir/out/resource.csv,../gen/Tst_test/BroadcastRandom/log/maketst.log,../gen/Tst_test/BroadcastRandom/log/runp2p.log,../gen/Tst_test/BroadcastRandom/log/runhybrid.log,False,[bug] Encountered exception while updating node,,,,,,,,,,,,,,,,,,,,,,,,,,,,,,,,,,,,,,,,False,False,,,,,,,,False,False,,,,,False
4997453a,aeea2065,2019-07-24 11:45:59,BroadcastStressTest,test,Tst,1000000000.0,../gen/Tst_test/BroadcastStressTest/log/runproute.log,../gen/Tst_test/BroadcastStressTest/log/runproute.sh,../gen/Tst_test/BroadcastStressTest/plastisim/summary.csv,../gen/Tst_test/BroadcastStressTest/pir/AccelMain.scala,../gen/Tst_test/BroadcastStressTest/log/,../gen/Tst_test/BroadcastStressTest/log/gentst.log,../gen/Tst_test/BroadcastStressTest/pir/out/resource.csv,../gen/Tst_test/BroadcastStressTest/log/maketst.log,../gen/Tst_test/BroadcastStressTest/log/runp2p.log,../gen/Tst_test/BroadcastStressTest/log/runhybrid.log,False,[error] //TODO: Plasticine does not support unbanked unrolled access at the moment. ,,,,,,,,,,,,,,,,,,,,,,,,,,,,,,,,,,,,,,,,False,False,,,,,,,,False,False,,,,,False
4997453a,aeea2065,2019-07-24 11:45:59,BufferHazard,test,Tst,1000000000.0,../gen/Tst_test/BufferHazard/log/runproute.log,../gen/Tst_test/BufferHazard/log/runproute.sh,../gen/Tst_test/BufferHazard/plastisim/summary.csv,../gen/Tst_test/BufferHazard/pir/AccelMain.scala,../gen/Tst_test/BufferHazard/log/,../gen/Tst_test/BufferHazard/log/gentst.log,../gen/Tst_test/BufferHazard/pir/out/resource.csv,../gen/Tst_test/BufferHazard/log/maketst.log,../gen/Tst_test/BufferHazard/log/runp2p.log,../gen/Tst_test/BufferHazard/log/runhybrid.log,True,,,16.255302325,,18,18,2,2,5,10,36,36,162,162,,,,,,,,,,,,,,,,,,,,,,,0:43.61,1412,,True,False,True,,0.407932,0.498584,0:00.52,,,,False,False,,,,,True
4997453a,aeea2065,2019-07-24 11:45:59,BufferRecalc,test,Tst,1000000000.0,../gen/Tst_test/BufferRecalc/log/runproute.log,../gen/Tst_test/BufferRecalc/log/runproute.sh,../gen/Tst_test/BufferRecalc/plastisim/summary.csv,../gen/Tst_test/BufferRecalc/pir/AccelMain.scala,../gen/Tst_test/BufferRecalc/log/,../gen/Tst_test/BufferRecalc/log/gentst.log,../gen/Tst_test/BufferRecalc/pir/out/resource.csv,../gen/Tst_test/BufferRecalc/log/maketst.log,../gen/Tst_test/BufferRecalc/log/runp2p.log,../gen/Tst_test/BufferRecalc/log/runhybrid.log,True,,,8.887606655,,18,18,1,1,1,3,36,36,162,162,,,,,,,,,,,,,,,,,,,,,,,0:27.27,129,,,False,True,,0.0,0.992248,0:00.29,,,,False,False,,,,,True
4997453a,aeea2065,2019-07-24 11:45:59,BufferedWrite,test,Tst,1000000000.0,../gen/Tst_test/BufferedWrite/log/runproute.log,../gen/Tst_test/BufferedWrite/log/runproute.sh,../gen/Tst_test/BufferedWrite/plastisim/summary.csv,../gen/Tst_test/BufferedWrite/pir/AccelMain.scala,../gen/Tst_test/BufferedWrite/log/,../gen/Tst_test/BufferedWrite/log/gentst.log,../gen/Tst_test/BufferedWrite/pir/out/resource.csv,../gen/Tst_test/BufferedWrite/log/maketst.log,../gen/Tst_test/BufferedWrite/log/runp2p.log,../gen/Tst_test/BufferedWrite/log/runhybrid.log,True,,"[0m[[0m[31merror[0m] [0m[0m/local/ssd/home/yaqiz/ASPLOS2020/sim/spatial/gen/Tst_test/BufferedWrite/pir/AccelMain.scala:94:29: not found: value RegReset[0m
",,,,,,,,,,,,,,,,,,,,,,,,,,,,,,,,,,,,,,,False,False,,,,,,,,False,False,,,,,False
4997453a,aeea2065,2019-07-24 11:45:59,BufferedWrite2,test,Tst,1000000000.0,../gen/Tst_test/BufferedWrite2/log/runproute.log,../gen/Tst_test/BufferedWrite2/log/runproute.sh,../gen/Tst_test/BufferedWrite2/plastisim/summary.csv,../gen/Tst_test/BufferedWrite2/pir/AccelMain.scala,../gen/Tst_test/BufferedWrite2/log/,../gen/Tst_test/BufferedWrite2/log/gentst.log,../gen/Tst_test/BufferedWrite2/pir/out/resource.csv,../gen/Tst_test/BufferedWrite2/log/maketst.log,../gen/Tst_test/BufferedWrite2/log/runp2p.log,../gen/Tst_test/BufferedWrite2/log/runhybrid.log,True,,,15.068711784,,18,18,3,3,3,5,36,36,162,162,,,,,,,,,,,,,,,,,,,,,,,0:38.68,4002,,True,False,True,,0.383808,0.95952,0:00.68,,,,False,False,,,,,True
4997453a,aeea2065,2019-07-24 11:45:59,CLITest,test,Tst,1000000000.0,../gen/Tst_test/CLITest/log/runproute.log,../gen/Tst_test/CLITest/log/runproute.sh,../gen/Tst_test/CLITest/plastisim/summary.csv,../gen/Tst_test/CLITest/pir/AccelMain.scala,../gen/Tst_test/CLITest/log/,../gen/Tst_test/CLITest/log/gentst.log,../gen/Tst_test/CLITest/pir/out/resource.csv,../gen/Tst_test/CLITest/log/maketst.log,../gen/Tst_test/CLITest/log/runp2p.log,../gen/Tst_test/CLITest/log/runhybrid.log,True,,,4.868357072,,18,18,0,0,0,0,36,36,162,162,,,,,,,,,,,,,,,,,,,,,,,0:14.81,,,,False,False,,,,0:00.02,,,,False,False,,,,,False
4997453a,aeea2065,2019-07-24 11:45:59,CSVFileIO,test,Tst,1000000000.0,../gen/Tst_test/CSVFileIO/log/runproute.log,../gen/Tst_test/CSVFileIO/log/runproute.sh,../gen/Tst_test/CSVFileIO/plastisim/summary.csv,../gen/Tst_test/CSVFileIO/pir/AccelMain.scala,../gen/Tst_test/CSVFileIO/log/,../gen/Tst_test/CSVFileIO/log/gentst.log,../gen/Tst_test/CSVFileIO/pir/out/resource.csv,../gen/Tst_test/CSVFileIO/log/maketst.log,../gen/Tst_test/CSVFileIO/log/runp2p.log,../gen/Tst_test/CSVFileIO/log/runhybrid.log,True,,,5.02434436,,18,18,0,0,0,0,36,36,162,162,,,,,,,,,,,,,,,,,,,,,,,0:23.25,1,,,False,True,,0.0,0.0,0:00.28,,,,False,False,,,,,True
4997453a,aeea2065,2019-07-24 11:45:59,CatTest,test,Tst,1000000000.0,../gen/Tst_test/CatTest/log/runproute.log,../gen/Tst_test/CatTest/log/runproute.sh,../gen/Tst_test/CatTest/plastisim/summary.csv,../gen/Tst_test/CatTest/pir/AccelMain.scala,../gen/Tst_test/CatTest/log/,../gen/Tst_test/CatTest/log/gentst.log,../gen/Tst_test/CatTest/pir/out/resource.csv,../gen/Tst_test/CatTest/log/maketst.log,../gen/Tst_test/CatTest/log/runp2p.log,../gen/Tst_test/CatTest/log/runhybrid.log,True,,,,,,,,,,,,,,,,,,,,,,,,,,,,,,,,,,,,,,,,,False,False,,,,,,,,False,False,,,,,False
4997453a,aeea2065,2019-07-24 11:45:59,ChangingCtrBounds,test,Tst,1000000000.0,../gen/Tst_test/ChangingCtrBounds/log/runproute.log,../gen/Tst_test/ChangingCtrBounds/log/runproute.sh,../gen/Tst_test/ChangingCtrBounds/plastisim/summary.csv,../gen/Tst_test/ChangingCtrBounds/pir/AccelMain.scala,../gen/Tst_test/ChangingCtrBounds/log/,../gen/Tst_test/ChangingCtrBounds/log/gentst.log,../gen/Tst_test/ChangingCtrBounds/pir/out/resource.csv,../gen/Tst_test/ChangingCtrBounds/log/maketst.log,../gen/Tst_test/ChangingCtrBounds/log/runp2p.log,../gen/Tst_test/ChangingCtrBounds/log/runhybrid.log,True,,,16.061709702,,18,18,2,2,3,12,36,36,162,162,,,,,,,,,,,,,,,,,,,,,,,0:39.12,899,,,False,True,,1.13904,1.13904,0:00.40,,,,False,False,,,,,True
4997453a,aeea2065,2019-07-24 11:45:59,ChangingCtrMax,test,Tst,1000000000.0,../gen/Tst_test/ChangingCtrMax/log/runproute.log,../gen/Tst_test/ChangingCtrMax/log/runproute.sh,../gen/Tst_test/ChangingCtrMax/plastisim/summary.csv,../gen/Tst_test/ChangingCtrMax/pir/AccelMain.scala,../gen/Tst_test/ChangingCtrMax/log/,../gen/Tst_test/ChangingCtrMax/log/gentst.log,../gen/Tst_test/ChangingCtrMax/pir/out/resource.csv,../gen/Tst_test/ChangingCtrMax/log/maketst.log,../gen/Tst_test/ChangingCtrMax/log/runp2p.log,../gen/Tst_test/ChangingCtrMax/log/runhybrid.log,True,,,9.169508649,,18,18,1,1,1,3,36,36,162,162,,,,,,,,,,,,,,,,,,,,,,,0:29.35,170,,,False,True,,0.0,0.376471,0:00.31,,,,False,False,,,,,True
4997453a,aeea2065,2019-07-24 11:45:59,ChangingCtrMax2,test,Tst,1000000000.0,../gen/Tst_test/ChangingCtrMax2/log/runproute.log,../gen/Tst_test/ChangingCtrMax2/log/runproute.sh,../gen/Tst_test/ChangingCtrMax2/plastisim/summary.csv,../gen/Tst_test/ChangingCtrMax2/pir/AccelMain.scala,../gen/Tst_test/ChangingCtrMax2/log/,../gen/Tst_test/ChangingCtrMax2/log/gentst.log,../gen/Tst_test/ChangingCtrMax2/pir/out/resource.csv,../gen/Tst_test/ChangingCtrMax2/log/maketst.log,../gen/Tst_test/ChangingCtrMax2/log/runp2p.log,../gen/Tst_test/ChangingCtrMax2/log/runhybrid.log,True,,"[[31merror[0m] 08-RewriteTransformer throw java.lang.AssertionError: assertion failed: Not exactly one element in List() for MemWrite54.InputField1038659454_data.T=Node[_]
",3.682312495,,18,18,,,,,,,,,,,,,,,,,,,,,,,,,,,,,,,,,,,False,False,,,,,,,,False,False,,,,,False
4997453a,aeea2065,2019-07-24 11:45:59,CompactingFIFO,test,Tst,1000000000.0,../gen/Tst_test/CompactingFIFO/log/runproute.log,../gen/Tst_test/CompactingFIFO/log/runproute.sh,../gen/Tst_test/CompactingFIFO/plastisim/summary.csv,../gen/Tst_test/CompactingFIFO/pir/AccelMain.scala,../gen/Tst_test/CompactingFIFO/log/,../gen/Tst_test/CompactingFIFO/log/gentst.log,../gen/Tst_test/CompactingFIFO/pir/out/resource.csv,../gen/Tst_test/CompactingFIFO/log/maketst.log,../gen/Tst_test/CompactingFIFO/log/runp2p.log,../gen/Tst_test/CompactingFIFO/log/runhybrid.log,True,,,10.291522588,,18,18,2,2,1,3,36,36,162,162,,,,,,,,,,,,,,,,,,,,,,"src/Context138.h:125:35: error: invalid operands of types â€˜boolâ€™ and â€˜bool [4]â€™ to binary â€˜operator&â€™
",0:07.70,,,,False,False,,,,,,,,False,False,,,,,False
4997453a,aeea2065,2019-07-24 11:45:59,ComplicatedMuxPort,test,Tst,1000000000.0,../gen/Tst_test/ComplicatedMuxPort/log/runproute.log,../gen/Tst_test/ComplicatedMuxPort/log/runproute.sh,../gen/Tst_test/ComplicatedMuxPort/plastisim/summary.csv,../gen/Tst_test/ComplicatedMuxPort/pir/AccelMain.scala,../gen/Tst_test/ComplicatedMuxPort/log/,../gen/Tst_test/ComplicatedMuxPort/log/gentst.log,../gen/Tst_test/ComplicatedMuxPort/pir/out/resource.csv,../gen/Tst_test/ComplicatedMuxPort/log/maketst.log,../gen/Tst_test/ComplicatedMuxPort/log/runp2p.log,../gen/Tst_test/ComplicatedMuxPort/log/runhybrid.log,True,,,11.840454101,,18,18,1,1,1,6,36,36,162,162,,,,,,,,,,,,,,,,,,,,,,,0:32.58,2922,,,False,True,,0.0,3.50445,0:00.44,,,,False,False,,,,,True
4997453a,aeea2065,2019-07-24 11:45:59,ControlEnable,test,Tst,1000000000.0,../gen/Tst_test/ControlEnable/log/runproute.log,../gen/Tst_test/ControlEnable/log/runproute.sh,../gen/Tst_test/ControlEnable/plastisim/summary.csv,../gen/Tst_test/ControlEnable/pir/AccelMain.scala,../gen/Tst_test/ControlEnable/log/,../gen/Tst_test/ControlEnable/log/gentst.log,../gen/Tst_test/ControlEnable/pir/out/resource.csv,../gen/Tst_test/ControlEnable/log/maketst.log,../gen/Tst_test/ControlEnable/log/runp2p.log,../gen/Tst_test/ControlEnable/log/runhybrid.log,True,,,11.129947802,,18,18,4,4,1,2,36,36,162,162,,,,,,,,,,,,,,,,,,,,,,,0:33.25,,"Assertion fail:
",,False,False,,10.8936,0.0,0:00.64,,,,False,False,,,,,False
4997453a,aeea2065,2019-07-24 11:45:59,Convolution,test,Tst,1000000000.0,../gen/Tst_test/Convolution/log/runproute.log,../gen/Tst_test/Convolution/log/runproute.sh,../gen/Tst_test/Convolution/plastisim/summary.csv,../gen/Tst_test/Convolution/pir/AccelMain.scala,../gen/Tst_test/Convolution/log/,../gen/Tst_test/Convolution/log/gentst.log,../gen/Tst_test/Convolution/pir/out/resource.csv,../gen/Tst_test/Convolution/log/maketst.log,../gen/Tst_test/Convolution/log/runp2p.log,../gen/Tst_test/Convolution/log/runhybrid.log,True,,,161.052160012,,18,18,11,36,91,125,36,36,162,162,,,,,,,,,,,,,,,,,,,,,,,40:46.15,1264846,,True,False,True,,0.0728626,0.00323834,1:01:34,,,,False,False,,,,,True
4997453a,aeea2065,2019-07-24 11:45:59,ConvolutionFlat,test,Tst,1000000000.0,../gen/Tst_test/ConvolutionFlat/log/runproute.log,../gen/Tst_test/ConvolutionFlat/log/runproute.sh,../gen/Tst_test/ConvolutionFlat/plastisim/summary.csv,../gen/Tst_test/ConvolutionFlat/pir/AccelMain.scala,../gen/Tst_test/ConvolutionFlat/log/,../gen/Tst_test/ConvolutionFlat/log/gentst.log,../gen/Tst_test/ConvolutionFlat/pir/out/resource.csv,../gen/Tst_test/ConvolutionFlat/log/maketst.log,../gen/Tst_test/ConvolutionFlat/log/runp2p.log,../gen/Tst_test/ConvolutionFlat/log/runhybrid.log,True,,"[[31merror[0m] Multiple accesses to the same memory in the same basic block will deadlock on plasticine.
",14.459458202,,18,18,,,,,,,,,,,,,,,,,,,,,,,,,,,,,,,,,,,False,False,,,,,,,,False,False,,,,,False
4997453a,aeea2065,2019-07-24 11:45:59,ConvolutionFlatSRAM,test,Tst,1000000000.0,../gen/Tst_test/ConvolutionFlatSRAM/log/runproute.log,../gen/Tst_test/ConvolutionFlatSRAM/log/runproute.sh,../gen/Tst_test/ConvolutionFlatSRAM/plastisim/summary.csv,../gen/Tst_test/ConvolutionFlatSRAM/pir/AccelMain.scala,../gen/Tst_test/ConvolutionFlatSRAM/log/,../gen/Tst_test/ConvolutionFlatSRAM/log/gentst.log,../gen/Tst_test/ConvolutionFlatSRAM/pir/out/resource.csv,../gen/Tst_test/ConvolutionFlatSRAM/log/maketst.log,../gen/Tst_test/ConvolutionFlatSRAM/log/runp2p.log,../gen/Tst_test/ConvolutionFlatSRAM/log/runhybrid.log,True,,"[[31merror[0m] Multiple accesses to the same memory in the same basic block will deadlock on plasticine.
",15.086417861,,18,18,,,,,,,,,,,,,,,,,,,,,,,,,,,,,,,,,,,False,False,,,,,,,,False,False,,,,,False
4997453a,aeea2065,2019-07-24 11:45:59,ConvolutionStream,test,Tst,1000000000.0,../gen/Tst_test/ConvolutionStream/log/runproute.log,../gen/Tst_test/ConvolutionStream/log/runproute.sh,../gen/Tst_test/ConvolutionStream/plastisim/summary.csv,../gen/Tst_test/ConvolutionStream/pir/AccelMain.scala,../gen/Tst_test/ConvolutionStream/log/,../gen/Tst_test/ConvolutionStream/log/gentst.log,../gen/Tst_test/ConvolutionStream/pir/out/resource.csv,../gen/Tst_test/ConvolutionStream/log/maketst.log,../gen/Tst_test/ConvolutionStream/log/runp2p.log,../gen/Tst_test/ConvolutionStream/log/runhybrid.log,True,,"[[31merror[0m] 15-MemoryLowering throw [pir] FIFO164 (Some(line_out_0), Some(Convolutions.scala:601:31)) has read enables at 
",15.748408849,,18,18,,,,,,,,,,,,,,,,,,,,,,,,,,,,,,,,,,,False,False,,,,,,,,False,False,,,,,False
4997453a,aeea2065,2019-07-24 11:45:59,ConvolutionStreamFlat,test,Tst,1000000000.0,../gen/Tst_test/ConvolutionStreamFlat/log/runproute.log,../gen/Tst_test/ConvolutionStreamFlat/log/runproute.sh,../gen/Tst_test/ConvolutionStreamFlat/plastisim/summary.csv,../gen/Tst_test/ConvolutionStreamFlat/pir/AccelMain.scala,../gen/Tst_test/ConvolutionStreamFlat/log/,../gen/Tst_test/ConvolutionStreamFlat/log/gentst.log,../gen/Tst_test/ConvolutionStreamFlat/pir/out/resource.csv,../gen/Tst_test/ConvolutionStreamFlat/log/maketst.log,../gen/Tst_test/ConvolutionStreamFlat/log/runp2p.log,../gen/Tst_test/ConvolutionStreamFlat/log/runhybrid.log,True,,"[[31merror[0m] Multiple accesses to the same memory in the same basic block will deadlock on plasticine.
",15.720366623,,18,18,,,,,,,,,,,,,,,,,,,,,,,,,,,,,,,,,,,False,False,,,,,,,,False,False,,,,,False
4997453a,aeea2065,2019-07-24 11:45:59,ConvolutionStreamReclaim,test,Tst,1000000000.0,../gen/Tst_test/ConvolutionStreamReclaim/log/runproute.log,../gen/Tst_test/ConvolutionStreamReclaim/log/runproute.sh,../gen/Tst_test/ConvolutionStreamReclaim/plastisim/summary.csv,../gen/Tst_test/ConvolutionStreamReclaim/pir/AccelMain.scala,../gen/Tst_test/ConvolutionStreamReclaim/log/,../gen/Tst_test/ConvolutionStreamReclaim/log/gentst.log,../gen/Tst_test/ConvolutionStreamReclaim/pir/out/resource.csv,../gen/Tst_test/ConvolutionStreamReclaim/log/maketst.log,../gen/Tst_test/ConvolutionStreamReclaim/log/runp2p.log,../gen/Tst_test/ConvolutionStreamReclaim/log/runhybrid.log,True,,"[[31merror[0m] 15-MemoryLowering throw java.lang.AssertionError: assertion failed: Not exactly one element in List(MemWrite1594, MemWrite301) for FIFO157.inAccesses
",18.66590101,,18,18,,,,,,,,,,,,,,,,,,,,,,,,,,,,,,,,,,,False,False,,,,,,,,False,False,,,,,False
4997453a,aeea2065,2019-07-24 11:45:59,ConvolutionStreamReclaimFlat,test,Tst,1000000000.0,../gen/Tst_test/ConvolutionStreamReclaimFlat/log/runproute.log,../gen/Tst_test/ConvolutionStreamReclaimFlat/log/runproute.sh,../gen/Tst_test/ConvolutionStreamReclaimFlat/plastisim/summary.csv,../gen/Tst_test/ConvolutionStreamReclaimFlat/pir/AccelMain.scala,../gen/Tst_test/ConvolutionStreamReclaimFlat/log/,../gen/Tst_test/ConvolutionStreamReclaimFlat/log/gentst.log,../gen/Tst_test/ConvolutionStreamReclaimFlat/pir/out/resource.csv,../gen/Tst_test/ConvolutionStreamReclaimFlat/log/maketst.log,../gen/Tst_test/ConvolutionStreamReclaimFlat/log/runp2p.log,../gen/Tst_test/ConvolutionStreamReclaimFlat/log/runhybrid.log,True,,"[[31merror[0m] Multiple accesses to the same memory in the same basic block will deadlock on plasticine.
",17.422606608,,18,18,,,,,,,,,,,,,,,,,,,,,,,,,,,,,,,,,,,False,False,,,,,,,,False,False,,,,,False
4997453a,aeea2065,2019-07-24 11:45:59,Convolution_FPGA,test,Tst,1000000000.0,../gen/Tst_test/Convolution_FPGA/log/runproute.log,../gen/Tst_test/Convolution_FPGA/log/runproute.sh,../gen/Tst_test/Convolution_FPGA/plastisim/summary.csv,../gen/Tst_test/Convolution_FPGA/pir/AccelMain.scala,../gen/Tst_test/Convolution_FPGA/log/,../gen/Tst_test/Convolution_FPGA/log/gentst.log,../gen/Tst_test/Convolution_FPGA/pir/out/resource.csv,../gen/Tst_test/Convolution_FPGA/log/maketst.log,../gen/Tst_test/Convolution_FPGA/log/runp2p.log,../gen/Tst_test/Convolution_FPGA/log/runhybrid.log,True,,"[0m[[0m[31merror[0m] [0m[0m/local/ssd/home/yaqiz/ASPLOS2020/sim/spatial/gen/Tst_test/Convolution_FPGA/pir/AccelMain.scala:144:29: not found: value x530[0m
",,,,,,,,,,,,,,,,,,,,,,,,,,,,,,,,,,,,,,,False,False,,,,,,,,False,False,,,,,False
4997453a,aeea2065,2019-07-24 11:45:59,Convolution_FPGA2,test,Tst,1000000000.0,../gen/Tst_test/Convolution_FPGA2/log/runproute.log,../gen/Tst_test/Convolution_FPGA2/log/runproute.sh,../gen/Tst_test/Convolution_FPGA2/plastisim/summary.csv,../gen/Tst_test/Convolution_FPGA2/pir/AccelMain.scala,../gen/Tst_test/Convolution_FPGA2/log/,../gen/Tst_test/Convolution_FPGA2/log/gentst.log,../gen/Tst_test/Convolution_FPGA2/pir/out/resource.csv,../gen/Tst_test/Convolution_FPGA2/log/maketst.log,../gen/Tst_test/Convolution_FPGA2/log/runp2p.log,../gen/Tst_test/Convolution_FPGA2/log/runhybrid.log,True,,"[0m[[0m[31merror[0m] [0m[0m/local/ssd/home/yaqiz/ASPLOS2020/sim/spatial/gen/Tst_test/Convolution_FPGA2/pir/AccelMain.scala:153:29: not found: value x624[0m
",,,,,,,,,,,,,,,,,,,,,,,,,,,,,,,,,,,,,,,False,False,,,,,,,,False,False,,,,,False
4997453a,aeea2065,2019-07-24 11:45:59,Convolutions,test,Tst,1000000000.0,../gen/Tst_test/Convolutions/log/runproute.log,../gen/Tst_test/Convolutions/log/runproute.sh,../gen/Tst_test/Convolutions/plastisim/summary.csv,../gen/Tst_test/Convolutions/pir/AccelMain.scala,../gen/Tst_test/Convolutions/log/,../gen/Tst_test/Convolutions/log/gentst.log,../gen/Tst_test/Convolutions/pir/out/resource.csv,../gen/Tst_test/Convolutions/log/maketst.log,../gen/Tst_test/Convolutions/log/runp2p.log,../gen/Tst_test/Convolutions/log/runhybrid.log,True,,,40.463731303,,18,18,6,18,20,15,36,36,162,162,,,,,,,,,,,,,,,,,,,,,,,2:05.65,1037041,,True,False,True,,2.77121,0.00246856,13:19.66,,,,False,False,,,,,True
4997453a,aeea2065,2019-07-24 11:45:59,CounterRemovalOnRewrite,test,Tst,1000000000.0,../gen/Tst_test/CounterRemovalOnRewrite/log/runproute.log,../gen/Tst_test/CounterRemovalOnRewrite/log/runproute.sh,../gen/Tst_test/CounterRemovalOnRewrite/plastisim/summary.csv,../gen/Tst_test/CounterRemovalOnRewrite/pir/AccelMain.scala,../gen/Tst_test/CounterRemovalOnRewrite/log/,../gen/Tst_test/CounterRemovalOnRewrite/log/gentst.log,../gen/Tst_test/CounterRemovalOnRewrite/pir/out/resource.csv,../gen/Tst_test/CounterRemovalOnRewrite/log/maketst.log,../gen/Tst_test/CounterRemovalOnRewrite/log/runp2p.log,../gen/Tst_test/CounterRemovalOnRewrite/log/runhybrid.log,True,,,5.11600925,,18,18,0,0,0,0,36,36,162,162,,,,,,,,,,,,,,,,,,,,,,,0:21.78,1,,,False,True,,0.0,0.0,0:00.34,,,,False,False,,,,,True
4997453a,aeea2065,2019-07-24 11:45:59,CounterRemovalOnUnroll,test,Tst,1000000000.0,../gen/Tst_test/CounterRemovalOnUnroll/log/runproute.log,../gen/Tst_test/CounterRemovalOnUnroll/log/runproute.sh,../gen/Tst_test/CounterRemovalOnUnroll/plastisim/summary.csv,../gen/Tst_test/CounterRemovalOnUnroll/pir/AccelMain.scala,../gen/Tst_test/CounterRemovalOnUnroll/log/,../gen/Tst_test/CounterRemovalOnUnroll/log/gentst.log,../gen/Tst_test/CounterRemovalOnUnroll/pir/out/resource.csv,../gen/Tst_test/CounterRemovalOnUnroll/log/maketst.log,../gen/Tst_test/CounterRemovalOnUnroll/log/runp2p.log,../gen/Tst_test/CounterRemovalOnUnroll/log/runhybrid.log,True,,,7.749678136,,18,18,0,0,1,1,36,36,162,162,,,,,,,,,,,,,,,,,,,,,,,0:27.24,25,,,False,True,,0.0,0.0,0:00.33,,,,False,False,,,,,True
4997453a,aeea2065,2019-07-24 11:45:59,CrossRead,test,Tst,1000000000.0,../gen/Tst_test/CrossRead/log/runproute.log,../gen/Tst_test/CrossRead/log/runproute.sh,../gen/Tst_test/CrossRead/plastisim/summary.csv,../gen/Tst_test/CrossRead/pir/AccelMain.scala,../gen/Tst_test/CrossRead/log/,../gen/Tst_test/CrossRead/log/gentst.log,../gen/Tst_test/CrossRead/pir/out/resource.csv,../gen/Tst_test/CrossRead/log/maketst.log,../gen/Tst_test/CrossRead/log/runp2p.log,../gen/Tst_test/CrossRead/log/runhybrid.log,True,,"[[31merror[0m] 04-GraphInitialization throw [pir] Don't know how to infer vec of BankedRead30
",4.634549519,,18,18,,,,,,,,,,,,,,,,,,,,,,,,,,,,,,,,,,,False,False,,,,,,,,False,False,,,,,False
4997453a,aeea2065,2019-07-24 11:45:59,CtrCopyChunking,test,Tst,1000000000.0,../gen/Tst_test/CtrCopyChunking/log/runproute.log,../gen/Tst_test/CtrCopyChunking/log/runproute.sh,../gen/Tst_test/CtrCopyChunking/plastisim/summary.csv,../gen/Tst_test/CtrCopyChunking/pir/AccelMain.scala,../gen/Tst_test/CtrCopyChunking/log/,../gen/Tst_test/CtrCopyChunking/log/gentst.log,../gen/Tst_test/CtrCopyChunking/pir/out/resource.csv,../gen/Tst_test/CtrCopyChunking/log/maketst.log,../gen/Tst_test/CtrCopyChunking/log/runp2p.log,../gen/Tst_test/CtrCopyChunking/log/runhybrid.log,True,,,10.763495926,,18,18,0,0,0,0,36,36,162,162,,,,,,,,,,,,,,,,,,,,,,,0:22.78,1,,,False,True,,0.0,0.0,0:00.32,,,,False,False,,,,,True
4997453a,aeea2065,2019-07-24 11:45:59,Cyclic1D,test,Tst,1000000000.0,../gen/Tst_test/Cyclic1D/log/runproute.log,../gen/Tst_test/Cyclic1D/log/runproute.sh,../gen/Tst_test/Cyclic1D/plastisim/summary.csv,../gen/Tst_test/Cyclic1D/pir/AccelMain.scala,../gen/Tst_test/Cyclic1D/log/,../gen/Tst_test/Cyclic1D/log/gentst.log,../gen/Tst_test/Cyclic1D/pir/out/resource.csv,../gen/Tst_test/Cyclic1D/log/maketst.log,../gen/Tst_test/Cyclic1D/log/runp2p.log,../gen/Tst_test/Cyclic1D/log/runhybrid.log,True,,,14.58593229,,18,18,0,2,2,16,36,36,162,162,,,,,,,,,,,,,,,,,,,,,,,0:29.57,285,,,False,True,,0.0,0.0,0:00.29,,,,False,False,,,,,True
4997453a,aeea2065,2019-07-24 11:45:59,DRAMAccelTest,test,Tst,1000000000.0,../gen/Tst_test/DRAMAccelTest/log/runproute.log,../gen/Tst_test/DRAMAccelTest/log/runproute.sh,../gen/Tst_test/DRAMAccelTest/plastisim/summary.csv,../gen/Tst_test/DRAMAccelTest/pir/AccelMain.scala,../gen/Tst_test/DRAMAccelTest/log/,../gen/Tst_test/DRAMAccelTest/log/gentst.log,../gen/Tst_test/DRAMAccelTest/pir/out/resource.csv,../gen/Tst_test/DRAMAccelTest/log/maketst.log,../gen/Tst_test/DRAMAccelTest/log/runp2p.log,../gen/Tst_test/DRAMAccelTest/log/runhybrid.log,True,,"[0m[[0m[31merror[0m] [0m[0m/local/ssd/home/yaqiz/ASPLOS2020/sim/spatial/gen/Tst_test/DRAMAccelTest/pir/AccelMain.scala:132:41: not found: value x241[0m
",,,,,,,,,,,,,,,,,,,,,,,,,,,,,,,,,,,,,,,False,False,,,,,,,,False,False,,,,,False
4997453a,aeea2065,2019-07-24 11:45:59,DRAMBits,test,Tst,1000000000.0,../gen/Tst_test/DRAMBits/log/runproute.log,../gen/Tst_test/DRAMBits/log/runproute.sh,../gen/Tst_test/DRAMBits/plastisim/summary.csv,../gen/Tst_test/DRAMBits/pir/AccelMain.scala,../gen/Tst_test/DRAMBits/log/,../gen/Tst_test/DRAMBits/log/gentst.log,../gen/Tst_test/DRAMBits/pir/out/resource.csv,../gen/Tst_test/DRAMBits/log/maketst.log,../gen/Tst_test/DRAMBits/log/runp2p.log,../gen/Tst_test/DRAMBits/log/runhybrid.log,False,[bug] Encountered exception while updating node,,,,,,,,,,,,,,,,,,,,,,,,,,,,,,,,,,,,,,,,False,False,,,,,,,,False,False,,,,,False
4997453a,aeea2065,2019-07-24 11:45:59,DRAMBuffer,test,Tst,1000000000.0,../gen/Tst_test/DRAMBuffer/log/runproute.log,../gen/Tst_test/DRAMBuffer/log/runproute.sh,../gen/Tst_test/DRAMBuffer/plastisim/summary.csv,../gen/Tst_test/DRAMBuffer/pir/AccelMain.scala,../gen/Tst_test/DRAMBuffer/log/,../gen/Tst_test/DRAMBuffer/log/gentst.log,../gen/Tst_test/DRAMBuffer/pir/out/resource.csv,../gen/Tst_test/DRAMBuffer/log/maketst.log,../gen/Tst_test/DRAMBuffer/log/runp2p.log,../gen/Tst_test/DRAMBuffer/log/runhybrid.log,True,,,15.146778353,,18,18,4,4,4,6,36,36,162,162,,,,,,,,,,,,,,,,,,,,,,,0:40.42,594,"Assertion fail:
",,False,False,,3.44781,3.44781,0:00.56,,,,False,False,,,,,False
4997453a,aeea2065,2019-07-24 11:45:59,DRAMRuntime,test,Tst,1000000000.0,../gen/Tst_test/DRAMRuntime/log/runproute.log,../gen/Tst_test/DRAMRuntime/log/runproute.sh,../gen/Tst_test/DRAMRuntime/plastisim/summary.csv,../gen/Tst_test/DRAMRuntime/pir/AccelMain.scala,../gen/Tst_test/DRAMRuntime/log/,../gen/Tst_test/DRAMRuntime/log/gentst.log,../gen/Tst_test/DRAMRuntime/pir/out/resource.csv,../gen/Tst_test/DRAMRuntime/log/maketst.log,../gen/Tst_test/DRAMRuntime/log/runp2p.log,../gen/Tst_test/DRAMRuntime/log/runhybrid.log,True,,,11.306799846,,18,18,1,6,1,1,36,36,162,162,,,,,,,,,,,,,,,,,,,,,,,0:30.20,145,,,False,True,,0.882759,0.0,0:00.28,,,,False,False,,,,,True
4997453a,aeea2065,2019-07-24 11:45:59,DephasingDuplication,test,Tst,1000000000.0,../gen/Tst_test/DephasingDuplication/log/runproute.log,../gen/Tst_test/DephasingDuplication/log/runproute.sh,../gen/Tst_test/DephasingDuplication/plastisim/summary.csv,../gen/Tst_test/DephasingDuplication/pir/AccelMain.scala,../gen/Tst_test/DephasingDuplication/log/,../gen/Tst_test/DephasingDuplication/log/gentst.log,../gen/Tst_test/DephasingDuplication/pir/out/resource.csv,../gen/Tst_test/DephasingDuplication/log/maketst.log,../gen/Tst_test/DephasingDuplication/log/runp2p.log,../gen/Tst_test/DephasingDuplication/log/runhybrid.log,True,,,14.65528339,,18,18,1,8,2,2,36,36,162,162,,,,,,,,,,,,,,,,,,,,,,,0:35.21,232,,,False,True,,1.10345,0.0,0:00.35,,,,False,False,,,,,True
4997453a,aeea2065,2019-07-24 11:45:59,DeviceMemcpy,test,Tst,1000000000.0,../gen/Tst_test/DeviceMemcpy/log/runproute.log,../gen/Tst_test/DeviceMemcpy/log/runproute.sh,../gen/Tst_test/DeviceMemcpy/plastisim/summary.csv,../gen/Tst_test/DeviceMemcpy/pir/AccelMain.scala,../gen/Tst_test/DeviceMemcpy/log/,../gen/Tst_test/DeviceMemcpy/log/gentst.log,../gen/Tst_test/DeviceMemcpy/pir/out/resource.csv,../gen/Tst_test/DeviceMemcpy/log/maketst.log,../gen/Tst_test/DeviceMemcpy/log/runp2p.log,../gen/Tst_test/DeviceMemcpy/log/runhybrid.log,True,,,5.296505363,,18,18,0,0,0,0,36,36,162,162,,,,,,,,,,,,,,,,,,,,,,,0:23.91,1,,True,False,True,,0.0,0.0,0:00.31,,,,False,False,,,,,True
4997453a,aeea2065,2019-07-24 11:45:59,DiagonalBanking,test,Tst,1000000000.0,../gen/Tst_test/DiagonalBanking/log/runproute.log,../gen/Tst_test/DiagonalBanking/log/runproute.sh,../gen/Tst_test/DiagonalBanking/plastisim/summary.csv,../gen/Tst_test/DiagonalBanking/pir/AccelMain.scala,../gen/Tst_test/DiagonalBanking/log/,../gen/Tst_test/DiagonalBanking/log/gentst.log,../gen/Tst_test/DiagonalBanking/pir/out/resource.csv,../gen/Tst_test/DiagonalBanking/log/maketst.log,../gen/Tst_test/DiagonalBanking/log/runp2p.log,../gen/Tst_test/DiagonalBanking/log/runhybrid.log,True,,"[[31merror[0m] 15-MemoryLowering throw [pir] FIFO18 (None, Some(DiagonalBanking.scala:23:10)) has read enables at 
",4.75032406,,18,18,,,,,,,,,,,,,,,,,,,,,,,,,,,,,,,,,,,False,False,,,,,,,,False,False,,,,,False
4997453a,aeea2065,2019-07-24 11:45:59,Differentiator,test,Tst,1000000000.0,../gen/Tst_test/Differentiator/log/runproute.log,../gen/Tst_test/Differentiator/log/runproute.sh,../gen/Tst_test/Differentiator/plastisim/summary.csv,../gen/Tst_test/Differentiator/pir/AccelMain.scala,../gen/Tst_test/Differentiator/log/,../gen/Tst_test/Differentiator/log/gentst.log,../gen/Tst_test/Differentiator/pir/out/resource.csv,../gen/Tst_test/Differentiator/log/maketst.log,../gen/Tst_test/Differentiator/log/runp2p.log,../gen/Tst_test/Differentiator/log/runhybrid.log,True,,"[[31merror[0m] 54-TungstenPIRGen throw [pir] Don't know varOf(RegFile11)
",11.864487218,,18,18,1,1,3,6,36,36,162,162,,,,,,,,,,,,,,,,,,,,,,,,,,,False,False,,,,,,,,False,False,,,,,False
4997453a,aeea2065,2019-07-24 11:45:59,DigitRecognition,test,Tst,1000000000.0,../gen/Tst_test/DigitRecognition/log/runproute.log,../gen/Tst_test/DigitRecognition/log/runproute.sh,../gen/Tst_test/DigitRecognition/plastisim/summary.csv,../gen/Tst_test/DigitRecognition/pir/AccelMain.scala,../gen/Tst_test/DigitRecognition/log/,../gen/Tst_test/DigitRecognition/log/gentst.log,../gen/Tst_test/DigitRecognition/pir/out/resource.csv,../gen/Tst_test/DigitRecognition/log/maketst.log,../gen/Tst_test/DigitRecognition/log/runp2p.log,../gen/Tst_test/DigitRecognition/log/runhybrid.log,False,,,,,,,,,,,,,,,,,,,,,,,,,,,,,,,,,,,,,,,,,False,False,,,,,,,,False,False,,,,,False
4997453a,aeea2065,2019-07-24 11:45:59,DotProduct,test,Tst,1000000000.0,../gen/Tst_test/DotProduct/log/runproute.log,../gen/Tst_test/DotProduct/log/runproute.sh,../gen/Tst_test/DotProduct/plastisim/summary.csv,../gen/Tst_test/DotProduct/pir/AccelMain.scala,../gen/Tst_test/DotProduct/log/,../gen/Tst_test/DotProduct/log/gentst.log,../gen/Tst_test/DotProduct/pir/out/resource.csv,../gen/Tst_test/DotProduct/log/maketst.log,../gen/Tst_test/DotProduct/log/runp2p.log,../gen/Tst_test/DotProduct/log/runhybrid.log,True,,,14.680052492,,18,18,4,4,4,3,36,36,162,162,,,,,,,,,,,,,,,,,,,,,,,0:38.52,193,,True,False,True,,26.5285,0.0,0:00.33,,,,False,False,,,,,True
4997453a,aeea2065,2019-07-24 11:45:59,DotProductFlt,test,Tst,1000000000.0,../gen/Tst_test/DotProductFlt/log/runproute.log,../gen/Tst_test/DotProductFlt/log/runproute.sh,../gen/Tst_test/DotProductFlt/plastisim/summary.csv,../gen/Tst_test/DotProductFlt/pir/AccelMain.scala,../gen/Tst_test/DotProductFlt/log/,../gen/Tst_test/DotProductFlt/log/gentst.log,../gen/Tst_test/DotProductFlt/pir/out/resource.csv,../gen/Tst_test/DotProductFlt/log/maketst.log,../gen/Tst_test/DotProductFlt/log/runp2p.log,../gen/Tst_test/DotProductFlt/log/runhybrid.log,True,,,11.375149778,,18,18,2,2,2,2,36,36,162,162,,,,,,,,,,,,,,,,,,,,,,,0:28.63,250,,True,False,True,,20.48,0.0,0:00.31,,,,False,False,,,,,True
4997453a,aeea2065,2019-07-24 11:45:59,DotProductStream,test,Tst,1000000000.0,../gen/Tst_test/DotProductStream/log/runproute.log,../gen/Tst_test/DotProductStream/log/runproute.sh,../gen/Tst_test/DotProductStream/plastisim/summary.csv,../gen/Tst_test/DotProductStream/pir/AccelMain.scala,../gen/Tst_test/DotProductStream/log/,../gen/Tst_test/DotProductStream/log/gentst.log,../gen/Tst_test/DotProductStream/pir/out/resource.csv,../gen/Tst_test/DotProductStream/log/maketst.log,../gen/Tst_test/DotProductStream/log/runp2p.log,../gen/Tst_test/DotProductStream/log/runhybrid.log,True,,"[[31merror[0m] 15-MemoryLowering throw [pir] FIFO55 (None, Some(DotProduct.scala:123:18)) has read enables at 
",5.250735731,,18,18,,,,,,,,,,,,,,,,,,,,,,,,,,,,,,,,,,,False,False,,,,,,,,False,False,,,,,False
4997453a,aeea2065,2019-07-24 11:45:59,DummyWorkload,test,Tst,1000000000.0,../gen/Tst_test/DummyWorkload/log/runproute.log,../gen/Tst_test/DummyWorkload/log/runproute.sh,../gen/Tst_test/DummyWorkload/plastisim/summary.csv,../gen/Tst_test/DummyWorkload/pir/AccelMain.scala,../gen/Tst_test/DummyWorkload/log/,../gen/Tst_test/DummyWorkload/log/gentst.log,../gen/Tst_test/DummyWorkload/pir/out/resource.csv,../gen/Tst_test/DummyWorkload/log/maketst.log,../gen/Tst_test/DummyWorkload/log/runp2p.log,../gen/Tst_test/DummyWorkload/log/runhybrid.log,True,,"[0m[[0m[31merror[0m] [0m[0m/local/ssd/home/yaqiz/ASPLOS2020/sim/spatial/gen/Tst_test/DummyWorkload/pir/AccelMain.scala:13:51: not found: value full_packet[0m
",,,,,,,,,,,,,,,,,,,,,,,,,,,,,,,,,,,,,,,False,False,,,,,,,,False,False,,,,,False
4997453a,aeea2065,2019-07-24 11:45:59,EdgeDetector,test,Tst,1000000000.0,../gen/Tst_test/EdgeDetector/log/runproute.log,../gen/Tst_test/EdgeDetector/log/runproute.sh,../gen/Tst_test/EdgeDetector/plastisim/summary.csv,../gen/Tst_test/EdgeDetector/pir/AccelMain.scala,../gen/Tst_test/EdgeDetector/log/,../gen/Tst_test/EdgeDetector/log/gentst.log,../gen/Tst_test/EdgeDetector/pir/out/resource.csv,../gen/Tst_test/EdgeDetector/log/maketst.log,../gen/Tst_test/EdgeDetector/log/runp2p.log,../gen/Tst_test/EdgeDetector/log/runhybrid.log,True,,"[0m[[0m[31merror[0m] [0m[0m/local/ssd/home/yaqiz/ASPLOS2020/sim/spatial/gen/Tst_test/EdgeDetector/pir/AccelMain.scala:166:57: not found: value x376[0m
",,,,,,,,,,,,,,,,,,,,,,,,,,,,,,,,,,,,,,,False,False,,,,,,,,False,False,,,,,False
4997453a,aeea2065,2019-07-24 11:45:59,ExplicitII,test,Tst,1000000000.0,../gen/Tst_test/ExplicitII/log/runproute.log,../gen/Tst_test/ExplicitII/log/runproute.sh,../gen/Tst_test/ExplicitII/plastisim/summary.csv,../gen/Tst_test/ExplicitII/pir/AccelMain.scala,../gen/Tst_test/ExplicitII/log/,../gen/Tst_test/ExplicitII/log/gentst.log,../gen/Tst_test/ExplicitII/pir/out/resource.csv,../gen/Tst_test/ExplicitII/log/maketst.log,../gen/Tst_test/ExplicitII/log/runp2p.log,../gen/Tst_test/ExplicitII/log/runhybrid.log,True,,"[[31merror[0m] 08-RewriteTransformer throw java.lang.AssertionError: assertion failed: Not exactly one element in List() for MemWrite56.InputField1206279931_data.T=Node[_]
",3.53278609,,18,18,,,,,,,,,,,,,,,,,,,,,,,,,,,,,,,,,,,False,False,,,,,,,,False,False,,,,,False
4997453a,aeea2065,2019-07-24 11:45:59,FFT_Strided,test,Tst,1000000000.0,../gen/Tst_test/FFT_Strided/log/runproute.log,../gen/Tst_test/FFT_Strided/log/runproute.sh,../gen/Tst_test/FFT_Strided/plastisim/summary.csv,../gen/Tst_test/FFT_Strided/pir/AccelMain.scala,../gen/Tst_test/FFT_Strided/log/,../gen/Tst_test/FFT_Strided/log/gentst.log,../gen/Tst_test/FFT_Strided/pir/out/resource.csv,../gen/Tst_test/FFT_Strided/log/maketst.log,../gen/Tst_test/FFT_Strided/log/runp2p.log,../gen/Tst_test/FFT_Strided/log/runhybrid.log,True,,"[[31merror[0m] 08-RewriteTransformer throw java.lang.AssertionError: assertion failed: Not exactly one element in List() for MemWrite197.InputField386615449_data.T=Node[_]
",5.565313229,,18,18,,,,,,,,,,,,,,,,,,,,,,,,,,,,,,,,,,,False,False,,,,,,,,False,False,,,,,False
4997453a,aeea2065,2019-07-24 11:45:59,FFT_Transpose,test,Tst,1000000000.0,../gen/Tst_test/FFT_Transpose/log/runproute.log,../gen/Tst_test/FFT_Transpose/log/runproute.sh,../gen/Tst_test/FFT_Transpose/plastisim/summary.csv,../gen/Tst_test/FFT_Transpose/pir/AccelMain.scala,../gen/Tst_test/FFT_Transpose/log/,../gen/Tst_test/FFT_Transpose/log/gentst.log,../gen/Tst_test/FFT_Transpose/pir/out/resource.csv,../gen/Tst_test/FFT_Transpose/log/maketst.log,../gen/Tst_test/FFT_Transpose/log/runp2p.log,../gen/Tst_test/FFT_Transpose/log/runhybrid.log,True,,,,,18,18,,,,,,,,,,,,,,,,,,,,,,,,,,,,,,,,,,,False,False,,,,,,,,False,False,,,,,False
4997453a,aeea2065,2019-07-24 11:45:59,FIFOBanking,test,Tst,1000000000.0,../gen/Tst_test/FIFOBanking/log/runproute.log,../gen/Tst_test/FIFOBanking/log/runproute.sh,../gen/Tst_test/FIFOBanking/plastisim/summary.csv,../gen/Tst_test/FIFOBanking/pir/AccelMain.scala,../gen/Tst_test/FIFOBanking/log/,../gen/Tst_test/FIFOBanking/log/gentst.log,../gen/Tst_test/FIFOBanking/pir/out/resource.csv,../gen/Tst_test/FIFOBanking/log/maketst.log,../gen/Tst_test/FIFOBanking/log/runp2p.log,../gen/Tst_test/FIFOBanking/log/runhybrid.log,True,,,5.919237032,,18,18,0,0,0,0,36,36,162,162,,,,,,,,,,,,,,,,,,,,,,"src/Context47.h:28:11: error: invalid conversion from â€˜int*â€™ to â€˜int32_tâ€™ {aka â€˜intâ€™} [-fpermissive]
",0:07.40,,,,False,False,,,,,,,,False,False,,,,,False
4997453a,aeea2065,2019-07-24 11:45:59,FIFOBanking2,test,Tst,1000000000.0,../gen/Tst_test/FIFOBanking2/log/runproute.log,../gen/Tst_test/FIFOBanking2/log/runproute.sh,../gen/Tst_test/FIFOBanking2/plastisim/summary.csv,../gen/Tst_test/FIFOBanking2/pir/AccelMain.scala,../gen/Tst_test/FIFOBanking2/log/,../gen/Tst_test/FIFOBanking2/log/gentst.log,../gen/Tst_test/FIFOBanking2/pir/out/resource.csv,../gen/Tst_test/FIFOBanking2/log/maketst.log,../gen/Tst_test/FIFOBanking2/log/runp2p.log,../gen/Tst_test/FIFOBanking2/log/runhybrid.log,True,,"[[31merror[0m] 08-RewriteTransformer throw java.lang.AssertionError: assertion failed: Not exactly one element in List() for MemWrite32.InputField1639387634_data.T=Node[_]
",5.146939908,,18,18,0,0,0,0,36,36,162,162,,,,,,,,,,,,,,,,,,,,,,,,,,,False,False,,,,,,,,False,False,,,,,False
4997453a,aeea2065,2019-07-24 11:45:59,FIFOBranch,test,Tst,1000000000.0,../gen/Tst_test/FIFOBranch/log/runproute.log,../gen/Tst_test/FIFOBranch/log/runproute.sh,../gen/Tst_test/FIFOBranch/plastisim/summary.csv,../gen/Tst_test/FIFOBranch/pir/AccelMain.scala,../gen/Tst_test/FIFOBranch/log/,../gen/Tst_test/FIFOBranch/log/gentst.log,../gen/Tst_test/FIFOBranch/pir/out/resource.csv,../gen/Tst_test/FIFOBranch/log/maketst.log,../gen/Tst_test/FIFOBranch/log/runp2p.log,../gen/Tst_test/FIFOBranch/log/runhybrid.log,True,,"[0m[[0m[31merror[0m] [0m[0m/local/ssd/home/yaqiz/ASPLOS2020/sim/spatial/gen/Tst_test/FIFOBranch/pir/AccelMain.scala:58:52: not found: value x136[0m
",,,,,,,,,,,,,,,,,,,,,,,,,,,,,,,,,,,,,,,False,False,,,,,,,,False,False,,,,,False
4997453a,aeea2065,2019-07-24 11:45:59,FIFOLoad,test,Tst,1000000000.0,../gen/Tst_test/FIFOLoad/log/runproute.log,../gen/Tst_test/FIFOLoad/log/runproute.sh,../gen/Tst_test/FIFOLoad/plastisim/summary.csv,../gen/Tst_test/FIFOLoad/pir/AccelMain.scala,../gen/Tst_test/FIFOLoad/log/,../gen/Tst_test/FIFOLoad/log/gentst.log,../gen/Tst_test/FIFOLoad/pir/out/resource.csv,../gen/Tst_test/FIFOLoad/log/maketst.log,../gen/Tst_test/FIFOLoad/log/runp2p.log,../gen/Tst_test/FIFOLoad/log/runhybrid.log,True,,,9.563382645,,18,18,2,2,1,2,36,36,162,162,,,,,,,,,,,,,,,,,,,,,,,0:31.49,1991,,True,False,True,,1.92868,1.92868,0:00.38,,,,False,False,,,,,True
4997453a,aeea2065,2019-07-24 11:45:59,FIFOLoadSRAMStore,test,Tst,1000000000.0,../gen/Tst_test/FIFOLoadSRAMStore/log/runproute.log,../gen/Tst_test/FIFOLoadSRAMStore/log/runproute.sh,../gen/Tst_test/FIFOLoadSRAMStore/plastisim/summary.csv,../gen/Tst_test/FIFOLoadSRAMStore/pir/AccelMain.scala,../gen/Tst_test/FIFOLoadSRAMStore/log/,../gen/Tst_test/FIFOLoadSRAMStore/log/gentst.log,../gen/Tst_test/FIFOLoadSRAMStore/pir/out/resource.csv,../gen/Tst_test/FIFOLoadSRAMStore/log/maketst.log,../gen/Tst_test/FIFOLoadSRAMStore/log/runp2p.log,../gen/Tst_test/FIFOLoadSRAMStore/log/runhybrid.log,True,,"[0m[[0m[31merror[0m] [0m[0m/local/ssd/home/yaqiz/ASPLOS2020/sim/spatial/gen/Tst_test/FIFOLoadSRAMStore/pir/AccelMain.scala:73:142: not found: value x168[0m
",,,,,,,,,,,,,,,,,,,,,,,,,,,,,,,,,,,,,,,False,False,,,,,,,,False,False,,,,,False
4997453a,aeea2065,2019-07-24 11:45:59,FIFOLoadStore,test,Tst,1000000000.0,../gen/Tst_test/FIFOLoadStore/log/runproute.log,../gen/Tst_test/FIFOLoadStore/log/runproute.sh,../gen/Tst_test/FIFOLoadStore/plastisim/summary.csv,../gen/Tst_test/FIFOLoadStore/pir/AccelMain.scala,../gen/Tst_test/FIFOLoadStore/log/,../gen/Tst_test/FIFOLoadStore/log/gentst.log,../gen/Tst_test/FIFOLoadStore/pir/out/resource.csv,../gen/Tst_test/FIFOLoadStore/log/maketst.log,../gen/Tst_test/FIFOLoadStore/log/runp2p.log,../gen/Tst_test/FIFOLoadStore/log/runhybrid.log,True,,,8.818153485,,18,18,2,2,0,2,36,36,162,162,,,,,,,,,,,,,,,,,,,,,,,0:27.71,254,,True,False,True,,3.02362,3.02362,0:00.27,,,,False,False,,,,,True
4997453a,aeea2065,2019-07-24 11:45:59,FIFOPushPop,test,Tst,1000000000.0,../gen/Tst_test/FIFOPushPop/log/runproute.log,../gen/Tst_test/FIFOPushPop/log/runproute.sh,../gen/Tst_test/FIFOPushPop/plastisim/summary.csv,../gen/Tst_test/FIFOPushPop/pir/AccelMain.scala,../gen/Tst_test/FIFOPushPop/log/,../gen/Tst_test/FIFOPushPop/log/gentst.log,../gen/Tst_test/FIFOPushPop/pir/out/resource.csv,../gen/Tst_test/FIFOPushPop/log/maketst.log,../gen/Tst_test/FIFOPushPop/log/runp2p.log,../gen/Tst_test/FIFOPushPop/log/runhybrid.log,True,,,8.75337239,,18,18,0,0,0,3,36,36,162,162,,,,,,,,,,,,,,,,,,,,,,,0:26.14,414,,True,False,True,,0.0,0.0,0:00.35,,,,False,False,,,,,True
4997453a,aeea2065,2019-07-24 11:45:59,FIFOPushPop2,test,Tst,1000000000.0,../gen/Tst_test/FIFOPushPop2/log/runproute.log,../gen/Tst_test/FIFOPushPop2/log/runproute.sh,../gen/Tst_test/FIFOPushPop2/plastisim/summary.csv,../gen/Tst_test/FIFOPushPop2/pir/AccelMain.scala,../gen/Tst_test/FIFOPushPop2/log/,../gen/Tst_test/FIFOPushPop2/log/gentst.log,../gen/Tst_test/FIFOPushPop2/pir/out/resource.csv,../gen/Tst_test/FIFOPushPop2/log/maketst.log,../gen/Tst_test/FIFOPushPop2/log/runp2p.log,../gen/Tst_test/FIFOPushPop2/log/runhybrid.log,True,,"[[31merror[0m] 15-MemoryLowering throw java.lang.AssertionError: assertion failed: Not exactly one element in List(MemWrite41, MemWrite64) for FIFO12.inAccesses
",4.323774124,,18,18,,,,,,,,,,,,,,,,,,,,,,,,,,,,,,,,,,,False,False,,,,,,,,False,False,,,,,False
4997453a,aeea2065,2019-07-24 11:45:59,FIFORing,test,Tst,1000000000.0,../gen/Tst_test/FIFORing/log/runproute.log,../gen/Tst_test/FIFORing/log/runproute.sh,../gen/Tst_test/FIFORing/plastisim/summary.csv,../gen/Tst_test/FIFORing/pir/AccelMain.scala,../gen/Tst_test/FIFORing/log/,../gen/Tst_test/FIFORing/log/gentst.log,../gen/Tst_test/FIFORing/pir/out/resource.csv,../gen/Tst_test/FIFORing/log/maketst.log,../gen/Tst_test/FIFORing/log/runp2p.log,../gen/Tst_test/FIFORing/log/runhybrid.log,True,,"[[31merror[0m] Multiple accesses to the same memory in the same basic block will deadlock on plasticine.
",6.434035623,,18,18,,,,,,,,,,,,,,,,,,,,,,,,,,,,,,,,,,,False,False,,,,,,,,False,False,,,,,False
4997453a,aeea2065,2019-07-24 11:45:59,FMAInLoop,test,Tst,1000000000.0,../gen/Tst_test/FMAInLoop/log/runproute.log,../gen/Tst_test/FMAInLoop/log/runproute.sh,../gen/Tst_test/FMAInLoop/plastisim/summary.csv,../gen/Tst_test/FMAInLoop/pir/AccelMain.scala,../gen/Tst_test/FMAInLoop/log/,../gen/Tst_test/FMAInLoop/log/gentst.log,../gen/Tst_test/FMAInLoop/pir/out/resource.csv,../gen/Tst_test/FMAInLoop/log/maketst.log,../gen/Tst_test/FMAInLoop/log/runp2p.log,../gen/Tst_test/FMAInLoop/log/runhybrid.log,True,,"[0m[[0m[31merror[0m] [0m[0m/local/ssd/home/yaqiz/ASPLOS2020/sim/spatial/gen/Tst_test/FMAInLoop/pir/AccelMain.scala:74:51: not found: value x91_a[0m
",,,,,,,,,,,,,,,,,,,,,,,,,,,,,,,,,,,,,,,False,False,,,,,,,,False,False,,,,,False
4997453a,aeea2065,2019-07-24 11:45:59,FSMBasic,test,Tst,1000000000.0,../gen/Tst_test/FSMBasic/log/runproute.log,../gen/Tst_test/FSMBasic/log/runproute.sh,../gen/Tst_test/FSMBasic/plastisim/summary.csv,../gen/Tst_test/FSMBasic/pir/AccelMain.scala,../gen/Tst_test/FSMBasic/log/,../gen/Tst_test/FSMBasic/log/gentst.log,../gen/Tst_test/FSMBasic/pir/out/resource.csv,../gen/Tst_test/FSMBasic/log/maketst.log,../gen/Tst_test/FSMBasic/log/runp2p.log,../gen/Tst_test/FSMBasic/log/runhybrid.log,True,,,8.041461893,,18,18,1,1,1,2,36,36,162,162,,,,,,,,,,,,,,,,,,,,,,,0:28.25,65,"Assertion fail:
",,False,False,,0.0,1.96923,0:00.57,,,,False,False,,,,,False
4997453a,aeea2065,2019-07-24 11:45:59,FSMBasic2,test,Tst,1000000000.0,../gen/Tst_test/FSMBasic2/log/runproute.log,../gen/Tst_test/FSMBasic2/log/runproute.sh,../gen/Tst_test/FSMBasic2/plastisim/summary.csv,../gen/Tst_test/FSMBasic2/pir/AccelMain.scala,../gen/Tst_test/FSMBasic2/log/,../gen/Tst_test/FSMBasic2/log/gentst.log,../gen/Tst_test/FSMBasic2/pir/out/resource.csv,../gen/Tst_test/FSMBasic2/log/maketst.log,../gen/Tst_test/FSMBasic2/log/runp2p.log,../gen/Tst_test/FSMBasic2/log/runhybrid.log,True,,,7.941835152,,18,18,1,1,1,3,36,36,162,162,,,,,,,,,,,,,,,,,,,,,,,0:27.65,41,"Assertion fail:
",,False,False,,0.0,3.12195,0:00.58,,,,False,False,,,,,False
4997453a,aeea2065,2019-07-24 11:45:59,FSMBasicCond,test,Tst,1000000000.0,../gen/Tst_test/FSMBasicCond/log/runproute.log,../gen/Tst_test/FSMBasicCond/log/runproute.sh,../gen/Tst_test/FSMBasicCond/plastisim/summary.csv,../gen/Tst_test/FSMBasicCond/pir/AccelMain.scala,../gen/Tst_test/FSMBasicCond/log/,../gen/Tst_test/FSMBasicCond/log/gentst.log,../gen/Tst_test/FSMBasicCond/pir/out/resource.csv,../gen/Tst_test/FSMBasicCond/log/maketst.log,../gen/Tst_test/FSMBasicCond/log/runp2p.log,../gen/Tst_test/FSMBasicCond/log/runhybrid.log,True,,,7.530135187,,18,18,1,1,1,2,36,36,162,162,,,,,,,,,,,,,,,,,,,,,,,0:23.90,65,"Assertion fail:
",,False,False,,0.0,1.96923,0:00.46,,,,False,False,,,,,False
4997453a,aeea2065,2019-07-24 11:45:59,FSMBasicCond2,test,Tst,1000000000.0,../gen/Tst_test/FSMBasicCond2/log/runproute.log,../gen/Tst_test/FSMBasicCond2/log/runproute.sh,../gen/Tst_test/FSMBasicCond2/plastisim/summary.csv,../gen/Tst_test/FSMBasicCond2/pir/AccelMain.scala,../gen/Tst_test/FSMBasicCond2/log/,../gen/Tst_test/FSMBasicCond2/log/gentst.log,../gen/Tst_test/FSMBasicCond2/pir/out/resource.csv,../gen/Tst_test/FSMBasicCond2/log/maketst.log,../gen/Tst_test/FSMBasicCond2/log/runp2p.log,../gen/Tst_test/FSMBasicCond2/log/runhybrid.log,True,,,7.869575775,,18,18,1,1,1,2,36,36,162,162,,,,,,,,,,,,,,,,,,,,,,,0:27.85,41,"Assertion fail:
",,False,False,,0.0,3.12195,0:00.66,,,,False,False,,,,,False
4997453a,aeea2065,2019-07-24 11:45:59,FSMDotProduct,test,Tst,1000000000.0,../gen/Tst_test/FSMDotProduct/log/runproute.log,../gen/Tst_test/FSMDotProduct/log/runproute.sh,../gen/Tst_test/FSMDotProduct/plastisim/summary.csv,../gen/Tst_test/FSMDotProduct/pir/AccelMain.scala,../gen/Tst_test/FSMDotProduct/log/,../gen/Tst_test/FSMDotProduct/log/gentst.log,../gen/Tst_test/FSMDotProduct/pir/out/resource.csv,../gen/Tst_test/FSMDotProduct/log/maketst.log,../gen/Tst_test/FSMDotProduct/log/runp2p.log,../gen/Tst_test/FSMDotProduct/log/runhybrid.log,True,,,5.289457048,,18,18,0,0,0,0,36,36,162,162,,,,,,,,,,,,,,,,,,,,,,,0:21.78,1,"Assertion fail:
",,False,False,,0.0,0.0,0:00.53,,,,False,False,,,,,False
4997453a,aeea2065,2019-07-24 11:45:59,FSMDotProduct2,test,Tst,1000000000.0,../gen/Tst_test/FSMDotProduct2/log/runproute.log,../gen/Tst_test/FSMDotProduct2/log/runproute.sh,../gen/Tst_test/FSMDotProduct2/plastisim/summary.csv,../gen/Tst_test/FSMDotProduct2/pir/AccelMain.scala,../gen/Tst_test/FSMDotProduct2/log/,../gen/Tst_test/FSMDotProduct2/log/gentst.log,../gen/Tst_test/FSMDotProduct2/pir/out/resource.csv,../gen/Tst_test/FSMDotProduct2/log/maketst.log,../gen/Tst_test/FSMDotProduct2/log/runp2p.log,../gen/Tst_test/FSMDotProduct2/log/runhybrid.log,True,,,5.921609158,,18,18,0,0,0,1,36,36,162,162,,,,,,,,,,,,,,,,,,,,,,,0:24.22,4,"Assertion fail:
",,False,False,,0.0,0.0,0:00.61,,,,False,False,,,,,False
4997453a,aeea2065,2019-07-24 11:45:59,FSMFIFOStack,test,Tst,1000000000.0,../gen/Tst_test/FSMFIFOStack/log/runproute.log,../gen/Tst_test/FSMFIFOStack/log/runproute.sh,../gen/Tst_test/FSMFIFOStack/plastisim/summary.csv,../gen/Tst_test/FSMFIFOStack/pir/AccelMain.scala,../gen/Tst_test/FSMFIFOStack/log/,../gen/Tst_test/FSMFIFOStack/log/gentst.log,../gen/Tst_test/FSMFIFOStack/pir/out/resource.csv,../gen/Tst_test/FSMFIFOStack/log/maketst.log,../gen/Tst_test/FSMFIFOStack/log/runp2p.log,../gen/Tst_test/FSMFIFOStack/log/runhybrid.log,True,,,7.379373346,,18,18,0,0,0,4,36,36,162,162,,,,,,,,,,,,,,,,,,,,,,,0:25.81,4,"Assertion fail:
",True,False,False,,0.0,0.0,0:00.59,,,,False,False,,,,,False
4997453a,aeea2065,2019-07-24 11:45:59,FSMOuterSwitch,test,Tst,1000000000.0,../gen/Tst_test/FSMOuterSwitch/log/runproute.log,../gen/Tst_test/FSMOuterSwitch/log/runproute.sh,../gen/Tst_test/FSMOuterSwitch/plastisim/summary.csv,../gen/Tst_test/FSMOuterSwitch/pir/AccelMain.scala,../gen/Tst_test/FSMOuterSwitch/log/,../gen/Tst_test/FSMOuterSwitch/log/gentst.log,../gen/Tst_test/FSMOuterSwitch/pir/out/resource.csv,../gen/Tst_test/FSMOuterSwitch/log/maketst.log,../gen/Tst_test/FSMOuterSwitch/log/runp2p.log,../gen/Tst_test/FSMOuterSwitch/log/runhybrid.log,True,,,6.269196972,,18,18,0,0,0,1,36,36,162,162,,,,,,,,,,,,,,,,,,,,,,,0:23.77,4,"Assertion fail:
",,False,False,,0.0,0.0,0:00.60,,,,False,False,,,,,False
4997453a,aeea2065,2019-07-24 11:45:59,FaceDetection,test,Tst,1000000000.0,../gen/Tst_test/FaceDetection/log/runproute.log,../gen/Tst_test/FaceDetection/log/runproute.sh,../gen/Tst_test/FaceDetection/plastisim/summary.csv,../gen/Tst_test/FaceDetection/pir/AccelMain.scala,../gen/Tst_test/FaceDetection/log/,../gen/Tst_test/FaceDetection/log/gentst.log,../gen/Tst_test/FaceDetection/pir/out/resource.csv,../gen/Tst_test/FaceDetection/log/maketst.log,../gen/Tst_test/FaceDetection/log/runp2p.log,../gen/Tst_test/FaceDetection/log/runhybrid.log,False,[bug] Encountered exception while updating node,,,,,,,,,,,,,,,,,,,,,,,,,,,,,,,,,,,,,,,,False,False,,,,,,,,False,False,,,,,False
4997453a,aeea2065,2019-07-24 11:45:59,FatConstructor,test,Tst,1000000000.0,../gen/Tst_test/FatConstructor/log/runproute.log,../gen/Tst_test/FatConstructor/log/runproute.sh,../gen/Tst_test/FatConstructor/plastisim/summary.csv,../gen/Tst_test/FatConstructor/pir/AccelMain.scala,../gen/Tst_test/FatConstructor/log/,../gen/Tst_test/FatConstructor/log/gentst.log,../gen/Tst_test/FatConstructor/pir/out/resource.csv,../gen/Tst_test/FatConstructor/log/maketst.log,../gen/Tst_test/FatConstructor/log/runp2p.log,../gen/Tst_test/FatConstructor/log/runhybrid.log,True,,"[[31merror[0m] Not enough resource of type PMUParam1776693618. Required 287. Possesed 162
",808.88799743,"[[31merror[0m] Not enough resource of type PMUParam1776693618. Required 287. Possesed 162
",18,18,,,,,,,,,,,,,,,,,,,,,,,,,,,,,,,,,,,False,False,,,,,,,,False,False,,,,,False
4997453a,aeea2065,2019-07-24 11:45:59,FilterStream1D,test,Tst,1000000000.0,../gen/Tst_test/FilterStream1D/log/runproute.log,../gen/Tst_test/FilterStream1D/log/runproute.sh,../gen/Tst_test/FilterStream1D/plastisim/summary.csv,../gen/Tst_test/FilterStream1D/pir/AccelMain.scala,../gen/Tst_test/FilterStream1D/log/,../gen/Tst_test/FilterStream1D/log/gentst.log,../gen/Tst_test/FilterStream1D/pir/out/resource.csv,../gen/Tst_test/FilterStream1D/log/maketst.log,../gen/Tst_test/FilterStream1D/log/runp2p.log,../gen/Tst_test/FilterStream1D/log/runhybrid.log,True,,"[0m[[0m[31merror[0m] [0m[0m/local/ssd/home/yaqiz/ASPLOS2020/sim/spatial/gen/Tst_test/FilterStream1D/pir/AccelMain.scala:16:62: not found: value composite[0m
",,,,,,,,,,,,,,,,,,,,,,,,,,,,,,,,,,,,,,,False,False,,,,,,,,False,False,,,,,False
4997453a,aeea2065,2019-07-24 11:45:59,FilterTest,test,Tst,1000000000.0,../gen/Tst_test/FilterTest/log/runproute.log,../gen/Tst_test/FilterTest/log/runproute.sh,../gen/Tst_test/FilterTest/plastisim/summary.csv,../gen/Tst_test/FilterTest/pir/AccelMain.scala,../gen/Tst_test/FilterTest/log/,../gen/Tst_test/FilterTest/log/gentst.log,../gen/Tst_test/FilterTest/pir/out/resource.csv,../gen/Tst_test/FilterTest/log/maketst.log,../gen/Tst_test/FilterTest/log/runp2p.log,../gen/Tst_test/FilterTest/log/runhybrid.log,False,[bug] Encountered exception while updating node,,,,,,,,,,,,,,,,,,,,,,,,,,,,,,,,,,,,,,,,False,False,,,,,,,,False,False,,,,,False
4997453a,aeea2065,2019-07-24 11:45:59,FixBasics,test,Tst,1000000000.0,../gen/Tst_test/FixBasics/log/runproute.log,../gen/Tst_test/FixBasics/log/runproute.sh,../gen/Tst_test/FixBasics/plastisim/summary.csv,../gen/Tst_test/FixBasics/pir/AccelMain.scala,../gen/Tst_test/FixBasics/log/,../gen/Tst_test/FixBasics/log/gentst.log,../gen/Tst_test/FixBasics/pir/out/resource.csv,../gen/Tst_test/FixBasics/log/maketst.log,../gen/Tst_test/FixBasics/log/runp2p.log,../gen/Tst_test/FixBasics/log/runhybrid.log,True,,,36.230276625,,18,18,2,36,4,33,36,36,162,162,,,,,,,,,,,,,,,,,,,,,,,2:17.38,228,"Assertion fail:
",,False,False,,0.561404,1.12281,0:00.80,,,,False,False,,,,,False
4997453a,aeea2065,2019-07-24 11:45:59,FixBasics2,test,Tst,1000000000.0,../gen/Tst_test/FixBasics2/log/runproute.log,../gen/Tst_test/FixBasics2/log/runproute.sh,../gen/Tst_test/FixBasics2/plastisim/summary.csv,../gen/Tst_test/FixBasics2/pir/AccelMain.scala,../gen/Tst_test/FixBasics2/log/,../gen/Tst_test/FixBasics2/log/gentst.log,../gen/Tst_test/FixBasics2/pir/out/resource.csv,../gen/Tst_test/FixBasics2/log/maketst.log,../gen/Tst_test/FixBasics2/log/runp2p.log,../gen/Tst_test/FixBasics2/log/runhybrid.log,True,,"[[31merror[0m] Constrain failed on MemoryContainer1246
",19.228723752,,18,18,,,,,,,,,,,,,,,,,,,,,,,,,,,,,,,,,,,False,False,,,,,,,,False,False,,,,,False
4997453a,aeea2065,2019-07-24 11:45:59,FixBasics3,test,Tst,1000000000.0,../gen/Tst_test/FixBasics3/log/runproute.log,../gen/Tst_test/FixBasics3/log/runproute.sh,../gen/Tst_test/FixBasics3/plastisim/summary.csv,../gen/Tst_test/FixBasics3/pir/AccelMain.scala,../gen/Tst_test/FixBasics3/log/,../gen/Tst_test/FixBasics3/log/gentst.log,../gen/Tst_test/FixBasics3/pir/out/resource.csv,../gen/Tst_test/FixBasics3/log/maketst.log,../gen/Tst_test/FixBasics3/log/runp2p.log,../gen/Tst_test/FixBasics3/log/runhybrid.log,True,,,20.998511049,,18,18,6,6,6,28,36,36,162,162,,,,,,,,,,,,,,,,,,,,,,,1:03.54,5835,"Assertion fail:
",,True,False,,0.175493,2.54464,0:02.07,,,,False,False,,,,,False
4997453a,aeea2065,2019-07-24 11:45:59,FixPtArgInOut,test,Tst,1000000000.0,../gen/Tst_test/FixPtArgInOut/log/runproute.log,../gen/Tst_test/FixPtArgInOut/log/runproute.sh,../gen/Tst_test/FixPtArgInOut/plastisim/summary.csv,../gen/Tst_test/FixPtArgInOut/pir/AccelMain.scala,../gen/Tst_test/FixPtArgInOut/log/,../gen/Tst_test/FixPtArgInOut/log/gentst.log,../gen/Tst_test/FixPtArgInOut/pir/out/resource.csv,../gen/Tst_test/FixPtArgInOut/log/maketst.log,../gen/Tst_test/FixPtArgInOut/log/runp2p.log,../gen/Tst_test/FixPtArgInOut/log/runhybrid.log,True,,,6.126862677,,18,18,0,0,0,1,36,36,162,162,,,,,,,,,,,,,,,,,,,,,,,0:25.24,13,,,False,True,,0.0,0.0,0:00.33,,,,False,False,,,,,True
4997453a,aeea2065,2019-07-24 11:45:59,FlagExample,test,Tst,1000000000.0,../gen/Tst_test/FlagExample/log/runproute.log,../gen/Tst_test/FlagExample/log/runproute.sh,../gen/Tst_test/FlagExample/plastisim/summary.csv,../gen/Tst_test/FlagExample/pir/AccelMain.scala,../gen/Tst_test/FlagExample/log/,../gen/Tst_test/FlagExample/log/gentst.log,../gen/Tst_test/FlagExample/pir/out/resource.csv,../gen/Tst_test/FlagExample/log/maketst.log,../gen/Tst_test/FlagExample/log/runp2p.log,../gen/Tst_test/FlagExample/log/runhybrid.log,True,,,4.941978811,,18,18,0,0,0,0,36,36,162,162,,,,,,,,,,,,,,,,,,,,,,,0:22.87,1,,,False,True,,0.0,0.0,0:00.29,,,,False,False,,,,,True
4997453a,aeea2065,2019-07-24 11:45:59,FlatAffineAccess,test,Tst,1000000000.0,../gen/Tst_test/FlatAffineAccess/log/runproute.log,../gen/Tst_test/FlatAffineAccess/log/runproute.sh,../gen/Tst_test/FlatAffineAccess/plastisim/summary.csv,../gen/Tst_test/FlatAffineAccess/pir/AccelMain.scala,../gen/Tst_test/FlatAffineAccess/log/,../gen/Tst_test/FlatAffineAccess/log/gentst.log,../gen/Tst_test/FlatAffineAccess/pir/out/resource.csv,../gen/Tst_test/FlatAffineAccess/log/maketst.log,../gen/Tst_test/FlatAffineAccess/log/runp2p.log,../gen/Tst_test/FlatAffineAccess/log/runhybrid.log,False,[error] //TODO: Plasticine does not support unbanked unrolled access at the moment. ,,,,,,,,,,,,,,,,,,,,,,,,,,,,,,,,,,,,,,,,False,False,,,,,,,,False,False,,,,,False
4997453a,aeea2065,2019-07-24 11:45:59,Float32ToInt8,test,Tst,1000000000.0,../gen/Tst_test/Float32ToInt8/log/runproute.log,../gen/Tst_test/Float32ToInt8/log/runproute.sh,../gen/Tst_test/Float32ToInt8/plastisim/summary.csv,../gen/Tst_test/Float32ToInt8/pir/AccelMain.scala,../gen/Tst_test/Float32ToInt8/log/,../gen/Tst_test/Float32ToInt8/log/gentst.log,../gen/Tst_test/Float32ToInt8/pir/out/resource.csv,../gen/Tst_test/Float32ToInt8/log/maketst.log,../gen/Tst_test/Float32ToInt8/log/runp2p.log,../gen/Tst_test/Float32ToInt8/log/runhybrid.log,True,,,13.107142859,,18,18,3,5,3,4,36,36,162,162,,,,,,,,,,,,,,,,,,,,,,,0:29.59,2304,,,False,True,,3.55556,0.444444,0:00.31,,,,False,False,,,,,True
4997453a,aeea2065,2019-07-24 11:45:59,FloatBasics,test,Tst,1000000000.0,../gen/Tst_test/FloatBasics/log/runproute.log,../gen/Tst_test/FloatBasics/log/runproute.sh,../gen/Tst_test/FloatBasics/plastisim/summary.csv,../gen/Tst_test/FloatBasics/pir/AccelMain.scala,../gen/Tst_test/FloatBasics/log/,../gen/Tst_test/FloatBasics/log/gentst.log,../gen/Tst_test/FloatBasics/pir/out/resource.csv,../gen/Tst_test/FloatBasics/log/maketst.log,../gen/Tst_test/FloatBasics/log/runp2p.log,../gen/Tst_test/FloatBasics/log/runhybrid.log,True,,,8.094759854,,18,18,0,0,0,4,36,36,162,162,,,,,,,,,,,,,,,,,,,,,,,0:28.41,22,,True,False,True,,0.0,0.0,0:00.36,,,,False,False,,,,,True
4997453a,aeea2065,2019-07-24 11:45:59,FloatBasics2,test,Tst,1000000000.0,../gen/Tst_test/FloatBasics2/log/runproute.log,../gen/Tst_test/FloatBasics2/log/runproute.sh,../gen/Tst_test/FloatBasics2/plastisim/summary.csv,../gen/Tst_test/FloatBasics2/pir/AccelMain.scala,../gen/Tst_test/FloatBasics2/log/,../gen/Tst_test/FloatBasics2/log/gentst.log,../gen/Tst_test/FloatBasics2/pir/out/resource.csv,../gen/Tst_test/FloatBasics2/log/maketst.log,../gen/Tst_test/FloatBasics2/log/runp2p.log,../gen/Tst_test/FloatBasics2/log/runhybrid.log,True,,"[[31merror[0m] Constrain failed on MemoryContainer685
",17.072011716,,18,18,,,,,,,,,,,,,,,,,,,,,,,,,,,,,,,,,,,False,False,,,,,,,,False,False,,,,,False
4997453a,aeea2065,2019-07-24 11:45:59,FloatBasics3,test,Tst,1000000000.0,../gen/Tst_test/FloatBasics3/log/runproute.log,../gen/Tst_test/FloatBasics3/log/runproute.sh,../gen/Tst_test/FloatBasics3/plastisim/summary.csv,../gen/Tst_test/FloatBasics3/pir/AccelMain.scala,../gen/Tst_test/FloatBasics3/log/,../gen/Tst_test/FloatBasics3/log/gentst.log,../gen/Tst_test/FloatBasics3/pir/out/resource.csv,../gen/Tst_test/FloatBasics3/log/maketst.log,../gen/Tst_test/FloatBasics3/log/runp2p.log,../gen/Tst_test/FloatBasics3/log/runhybrid.log,True,,,,,,,,,,,,,,,,,,,,,,,,,,,,,,,,,,,,,,,,,False,False,,,,,,,,False,False,,,,,False
4997453a,aeea2065,2019-07-24 11:45:59,FloatTransfer,test,Tst,1000000000.0,../gen/Tst_test/FloatTransfer/log/runproute.log,../gen/Tst_test/FloatTransfer/log/runproute.sh,../gen/Tst_test/FloatTransfer/plastisim/summary.csv,../gen/Tst_test/FloatTransfer/pir/AccelMain.scala,../gen/Tst_test/FloatTransfer/log/,../gen/Tst_test/FloatTransfer/log/gentst.log,../gen/Tst_test/FloatTransfer/pir/out/resource.csv,../gen/Tst_test/FloatTransfer/log/maketst.log,../gen/Tst_test/FloatTransfer/log/runp2p.log,../gen/Tst_test/FloatTransfer/log/runhybrid.log,True,,,9.926890088,,18,18,2,2,2,4,36,36,162,162,,,,,,,,,,,,,,,,,,,,,,,0:30.29,540,,True,False,True,,1.8963,1.8963,0:00.40,,,,False,False,,,,,True
4997453a,aeea2065,2019-07-24 11:45:59,FltPtArgInOut,test,Tst,1000000000.0,../gen/Tst_test/FltPtArgInOut/log/runproute.log,../gen/Tst_test/FltPtArgInOut/log/runproute.sh,../gen/Tst_test/FltPtArgInOut/plastisim/summary.csv,../gen/Tst_test/FltPtArgInOut/pir/AccelMain.scala,../gen/Tst_test/FltPtArgInOut/log/,../gen/Tst_test/FltPtArgInOut/log/gentst.log,../gen/Tst_test/FltPtArgInOut/pir/out/resource.csv,../gen/Tst_test/FltPtArgInOut/log/maketst.log,../gen/Tst_test/FltPtArgInOut/log/runp2p.log,../gen/Tst_test/FltPtArgInOut/log/runhybrid.log,True,,,5.910681285,,18,18,0,0,0,1,36,36,162,162,,,,,,,,,,,,,,,,,,,,,,,0:24.72,13,,,False,True,,0.0,0.0,0:00.34,,,,False,False,,,,,True
4997453a,aeea2065,2019-07-24 11:45:59,FoldSimple,test,Tst,1000000000.0,../gen/Tst_test/FoldSimple/log/runproute.log,../gen/Tst_test/FoldSimple/log/runproute.sh,../gen/Tst_test/FoldSimple/plastisim/summary.csv,../gen/Tst_test/FoldSimple/pir/AccelMain.scala,../gen/Tst_test/FoldSimple/log/,../gen/Tst_test/FoldSimple/log/gentst.log,../gen/Tst_test/FoldSimple/pir/out/resource.csv,../gen/Tst_test/FoldSimple/log/maketst.log,../gen/Tst_test/FoldSimple/log/runp2p.log,../gen/Tst_test/FoldSimple/log/runhybrid.log,True,,,9.576179885,,18,18,1,1,1,2,36,36,162,162,,,,,,,,,,,,,,,,,,,,,,,0:28.92,1997,,,False,True,,3.84577,0.0,0:00.46,,,,False,False,,,,,True
4997453a,aeea2065,2019-07-24 11:45:59,FoldSimple2,test,Tst,1000000000.0,../gen/Tst_test/FoldSimple2/log/runproute.log,../gen/Tst_test/FoldSimple2/log/runproute.sh,../gen/Tst_test/FoldSimple2/plastisim/summary.csv,../gen/Tst_test/FoldSimple2/pir/AccelMain.scala,../gen/Tst_test/FoldSimple2/log/,../gen/Tst_test/FoldSimple2/log/gentst.log,../gen/Tst_test/FoldSimple2/pir/out/resource.csv,../gen/Tst_test/FoldSimple2/log/maketst.log,../gen/Tst_test/FoldSimple2/log/runp2p.log,../gen/Tst_test/FoldSimple2/log/runhybrid.log,True,,,11.19768146,,18,18,1,3,1,2,36,36,162,162,,,,,,,,,,,,,,,,,,,,,,,0:32.49,3797,,,False,True,,2.02265,0.0,0:00.54,,,,False,False,,,,,True
4997453a,aeea2065,2019-07-24 11:45:59,ForeachSimple,test,Tst,1000000000.0,../gen/Tst_test/ForeachSimple/log/runproute.log,../gen/Tst_test/ForeachSimple/log/runproute.sh,../gen/Tst_test/ForeachSimple/plastisim/summary.csv,../gen/Tst_test/ForeachSimple/pir/AccelMain.scala,../gen/Tst_test/ForeachSimple/log/,../gen/Tst_test/ForeachSimple/log/gentst.log,../gen/Tst_test/ForeachSimple/pir/out/resource.csv,../gen/Tst_test/ForeachSimple/log/maketst.log,../gen/Tst_test/ForeachSimple/log/runp2p.log,../gen/Tst_test/ForeachSimple/log/runhybrid.log,True,,,7.846060682,,18,18,0,0,1,2,36,36,162,162,,,,,,,,,,,,,,,,,,,,,,,0:27.09,118,,True,False,True,,0.0,0.0,0:00.31,,,,False,False,,,,,True
4997453a,aeea2065,2019-07-24 11:45:59,ForeachSimple2,test,Tst,1000000000.0,../gen/Tst_test/ForeachSimple2/log/runproute.log,../gen/Tst_test/ForeachSimple2/log/runproute.sh,../gen/Tst_test/ForeachSimple2/plastisim/summary.csv,../gen/Tst_test/ForeachSimple2/pir/AccelMain.scala,../gen/Tst_test/ForeachSimple2/log/,../gen/Tst_test/ForeachSimple2/log/gentst.log,../gen/Tst_test/ForeachSimple2/pir/out/resource.csv,../gen/Tst_test/ForeachSimple2/log/maketst.log,../gen/Tst_test/ForeachSimple2/log/runp2p.log,../gen/Tst_test/ForeachSimple2/log/runhybrid.log,True,,,7.634731892,,18,18,0,0,1,3,36,36,162,162,,,,,,,,,,,,,,,,,,,,,,,0:26.90,118,,True,False,True,,0.0,0.0,0:00.26,,,,False,False,,,,,True
4997453a,aeea2065,2019-07-24 11:45:59,ForeachWithBranch,test,Tst,1000000000.0,../gen/Tst_test/ForeachWithBranch/log/runproute.log,../gen/Tst_test/ForeachWithBranch/log/runproute.sh,../gen/Tst_test/ForeachWithBranch/plastisim/summary.csv,../gen/Tst_test/ForeachWithBranch/pir/AccelMain.scala,../gen/Tst_test/ForeachWithBranch/log/,../gen/Tst_test/ForeachWithBranch/log/gentst.log,../gen/Tst_test/ForeachWithBranch/pir/out/resource.csv,../gen/Tst_test/ForeachWithBranch/log/maketst.log,../gen/Tst_test/ForeachWithBranch/log/runp2p.log,../gen/Tst_test/ForeachWithBranch/log/runhybrid.log,True,,,7.278981585,,18,18,0,0,1,2,36,36,162,162,,,,,,,,,,,,,,,,,,,,,,,0:27.87,,"Assertion fail:
",True,False,False,,0.0,0.0,0:00.55,,,,False,False,,,,,False
4997453a,aeea2065,2019-07-24 11:45:59,FriendlyTest,test,Tst,1000000000.0,../gen/Tst_test/FriendlyTest/log/runproute.log,../gen/Tst_test/FriendlyTest/log/runproute.sh,../gen/Tst_test/FriendlyTest/plastisim/summary.csv,../gen/Tst_test/FriendlyTest/pir/AccelMain.scala,../gen/Tst_test/FriendlyTest/log/,../gen/Tst_test/FriendlyTest/log/gentst.log,../gen/Tst_test/FriendlyTest/pir/out/resource.csv,../gen/Tst_test/FriendlyTest/log/maketst.log,../gen/Tst_test/FriendlyTest/log/runp2p.log,../gen/Tst_test/FriendlyTest/log/runhybrid.log,True,,,6.003201129,,18,18,0,0,0,1,36,36,162,162,,,,,,,,,,,,,,,,,,,,,,,0:22.58,13,,,False,True,,0.0,0.0,0:00.27,,,,False,False,,,,,True
4997453a,aeea2065,2019-07-24 11:45:59,FunctionApproximations,test,Tst,1000000000.0,../gen/Tst_test/FunctionApproximations/log/runproute.log,../gen/Tst_test/FunctionApproximations/log/runproute.sh,../gen/Tst_test/FunctionApproximations/plastisim/summary.csv,../gen/Tst_test/FunctionApproximations/pir/AccelMain.scala,../gen/Tst_test/FunctionApproximations/log/,../gen/Tst_test/FunctionApproximations/log/gentst.log,../gen/Tst_test/FunctionApproximations/pir/out/resource.csv,../gen/Tst_test/FunctionApproximations/log/maketst.log,../gen/Tst_test/FunctionApproximations/log/runp2p.log,../gen/Tst_test/FunctionApproximations/log/runhybrid.log,True,,,21.137898048,,18,18,6,6,6,30,36,36,162,162,,,,,,,,,,,,,,,,,,,,,,,1:01.69,5835,"Assertion fail:
",True,True,False,,0.175493,2.54464,0:02.38,,,,False,False,,,,,False
4997453a,aeea2065,2019-07-24 11:45:59,GDA,test,Tst,1000000000.0,../gen/Tst_test/GDA/log/runproute.log,../gen/Tst_test/GDA/log/runproute.sh,../gen/Tst_test/GDA/plastisim/summary.csv,../gen/Tst_test/GDA/pir/AccelMain.scala,../gen/Tst_test/GDA/log/,../gen/Tst_test/GDA/log/gentst.log,../gen/Tst_test/GDA/pir/out/resource.csv,../gen/Tst_test/GDA/log/maketst.log,../gen/Tst_test/GDA/log/runp2p.log,../gen/Tst_test/GDA/log/runhybrid.log,True,,,62.633391713,,18,18,7,10,26,25,36,36,162,162,,,,,,,,,,,,,,,,,,,,,,,3:06.92,22709,,True,False,True,,1.12731,1.62332,0:21.14,,,,False,False,,,,,True
4997453a,aeea2065,2019-07-24 11:45:59,GEMMLibFloatParTest,test,Tst,1000000000.0,../gen/Tst_test/GEMMLibFloatParTest/log/runproute.log,../gen/Tst_test/GEMMLibFloatParTest/log/runproute.sh,../gen/Tst_test/GEMMLibFloatParTest/plastisim/summary.csv,../gen/Tst_test/GEMMLibFloatParTest/pir/AccelMain.scala,../gen/Tst_test/GEMMLibFloatParTest/log/,../gen/Tst_test/GEMMLibFloatParTest/log/gentst.log,../gen/Tst_test/GEMMLibFloatParTest/pir/out/resource.csv,../gen/Tst_test/GEMMLibFloatParTest/log/maketst.log,../gen/Tst_test/GEMMLibFloatParTest/log/runp2p.log,../gen/Tst_test/GEMMLibFloatParTest/log/runhybrid.log,True,,,20.828937459,,18,18,3,21,4,4,36,36,162,162,,,,,,,,,,,,,,,,,,,,,,,0:53.37,1381,,,False,True,,1.85373,0.370746,0:00.65,,,,False,False,,,,,True
4997453a,aeea2065,2019-07-24 11:45:59,GEMMLibFloatTest,test,Tst,1000000000.0,../gen/Tst_test/GEMMLibFloatTest/log/runproute.log,../gen/Tst_test/GEMMLibFloatTest/log/runproute.sh,../gen/Tst_test/GEMMLibFloatTest/plastisim/summary.csv,../gen/Tst_test/GEMMLibFloatTest/pir/AccelMain.scala,../gen/Tst_test/GEMMLibFloatTest/log/,../gen/Tst_test/GEMMLibFloatTest/log/gentst.log,../gen/Tst_test/GEMMLibFloatTest/pir/out/resource.csv,../gen/Tst_test/GEMMLibFloatTest/log/maketst.log,../gen/Tst_test/GEMMLibFloatTest/log/runp2p.log,../gen/Tst_test/GEMMLibFloatTest/log/runhybrid.log,True,,,21.985152016,,18,18,3,21,4,4,36,36,162,162,,,,,,,,,,,,,,,,,,,,,,,0:52.94,1892,,,False,True,,1.35307,0.270613,0:00.73,,,,False,False,,,,,True
4997453a,aeea2065,2019-07-24 11:45:59,GEMMLibHalfParTest,test,Tst,1000000000.0,../gen/Tst_test/GEMMLibHalfParTest/log/runproute.log,../gen/Tst_test/GEMMLibHalfParTest/log/runproute.sh,../gen/Tst_test/GEMMLibHalfParTest/plastisim/summary.csv,../gen/Tst_test/GEMMLibHalfParTest/pir/AccelMain.scala,../gen/Tst_test/GEMMLibHalfParTest/log/,../gen/Tst_test/GEMMLibHalfParTest/log/gentst.log,../gen/Tst_test/GEMMLibHalfParTest/pir/out/resource.csv,../gen/Tst_test/GEMMLibHalfParTest/log/maketst.log,../gen/Tst_test/GEMMLibHalfParTest/log/runp2p.log,../gen/Tst_test/GEMMLibHalfParTest/log/runhybrid.log,True,,,21.425277171,,18,18,3,21,4,4,36,36,162,162,,,,,,,,,,,,,,,,,,,,,,,0:50.88,1568,"Assertion fail:
",,True,False,,1.22449,0.0,0:00.96,,,,False,False,,,,,False
4997453a,aeea2065,2019-07-24 11:45:59,GEMMLibHalfTest,test,Tst,1000000000.0,../gen/Tst_test/GEMMLibHalfTest/log/runproute.log,../gen/Tst_test/GEMMLibHalfTest/log/runproute.sh,../gen/Tst_test/GEMMLibHalfTest/plastisim/summary.csv,../gen/Tst_test/GEMMLibHalfTest/pir/AccelMain.scala,../gen/Tst_test/GEMMLibHalfTest/log/,../gen/Tst_test/GEMMLibHalfTest/log/gentst.log,../gen/Tst_test/GEMMLibHalfTest/pir/out/resource.csv,../gen/Tst_test/GEMMLibHalfTest/log/maketst.log,../gen/Tst_test/GEMMLibHalfTest/log/runp2p.log,../gen/Tst_test/GEMMLibHalfTest/log/runhybrid.log,True,,,21.824019115,,18,18,3,3,4,21,36,36,162,162,,,,,,,,,,,,,,,,,,,,,,,0:48.88,1568,"Assertion fail:
",,True,False,,1.22449,0.0,0:00.77,,,,False,False,,,,,False
4997453a,aeea2065,2019-07-24 11:45:59,GEMMLibIntParTest,test,Tst,1000000000.0,../gen/Tst_test/GEMMLibIntParTest/log/runproute.log,../gen/Tst_test/GEMMLibIntParTest/log/runproute.sh,../gen/Tst_test/GEMMLibIntParTest/plastisim/summary.csv,../gen/Tst_test/GEMMLibIntParTest/pir/AccelMain.scala,../gen/Tst_test/GEMMLibIntParTest/log/,../gen/Tst_test/GEMMLibIntParTest/log/gentst.log,../gen/Tst_test/GEMMLibIntParTest/pir/out/resource.csv,../gen/Tst_test/GEMMLibIntParTest/log/maketst.log,../gen/Tst_test/GEMMLibIntParTest/log/runp2p.log,../gen/Tst_test/GEMMLibIntParTest/log/runhybrid.log,True,,,21.519802404,,18,18,3,3,4,22,36,36,162,162,,,,,,,,,,,,,,,,,,,,,,,0:51.17,1381,,,False,True,,1.85373,0.370746,0:00.67,,,,False,False,,,,,True
4997453a,aeea2065,2019-07-24 11:45:59,GEMMLibIntTest,test,Tst,1000000000.0,../gen/Tst_test/GEMMLibIntTest/log/runproute.log,../gen/Tst_test/GEMMLibIntTest/log/runproute.sh,../gen/Tst_test/GEMMLibIntTest/plastisim/summary.csv,../gen/Tst_test/GEMMLibIntTest/pir/AccelMain.scala,../gen/Tst_test/GEMMLibIntTest/log/,../gen/Tst_test/GEMMLibIntTest/log/gentst.log,../gen/Tst_test/GEMMLibIntTest/pir/out/resource.csv,../gen/Tst_test/GEMMLibIntTest/log/maketst.log,../gen/Tst_test/GEMMLibIntTest/log/runp2p.log,../gen/Tst_test/GEMMLibIntTest/log/runhybrid.log,True,,,21.738828363,,18,18,3,3,4,22,36,36,162,162,,,,,,,,,,,,,,,,,,,,,,,0:53.90,1892,,,False,True,,1.35307,0.270613,0:00.74,,,,False,False,,,,,True
4997453a,aeea2065,2019-07-24 11:45:59,GEMM_Blocked,test,Tst,1000000000.0,../gen/Tst_test/GEMM_Blocked/log/runproute.log,../gen/Tst_test/GEMM_Blocked/log/runproute.sh,../gen/Tst_test/GEMM_Blocked/plastisim/summary.csv,../gen/Tst_test/GEMM_Blocked/pir/AccelMain.scala,../gen/Tst_test/GEMM_Blocked/log/,../gen/Tst_test/GEMM_Blocked/log/gentst.log,../gen/Tst_test/GEMM_Blocked/pir/out/resource.csv,../gen/Tst_test/GEMM_Blocked/log/maketst.log,../gen/Tst_test/GEMM_Blocked/log/runp2p.log,../gen/Tst_test/GEMM_Blocked/log/runhybrid.log,True,,,23.453265489,,18,18,3,6,8,5,36,36,162,162,,,,,,,,,,,,,,,,,,,,,,,0:51.76,4065696,,True,False,True,,0.161193,0.0161193,15:53.49,,,,False,False,,,,,True
4997453a,aeea2065,2019-07-24 11:45:59,GEMM_NCubed,test,Tst,1000000000.0,../gen/Tst_test/GEMM_NCubed/log/runproute.log,../gen/Tst_test/GEMM_NCubed/log/runproute.sh,../gen/Tst_test/GEMM_NCubed/plastisim/summary.csv,../gen/Tst_test/GEMM_NCubed/pir/AccelMain.scala,../gen/Tst_test/GEMM_NCubed/log/,../gen/Tst_test/GEMM_NCubed/log/gentst.log,../gen/Tst_test/GEMM_NCubed/pir/out/resource.csv,../gen/Tst_test/GEMM_NCubed/log/maketst.log,../gen/Tst_test/GEMM_NCubed/log/runp2p.log,../gen/Tst_test/GEMM_NCubed/log/runhybrid.log,True,,,12.300683162,,18,18,3,3,3,3,36,36,162,162,,,,,,,,,,,,,,,,,,,,,,,0:35.55,270434,,True,False,True,,0.121168,0.0605841,0:15.24,,,,False,False,,,,,True
4997453a,aeea2065,2019-07-24 11:45:59,GEMV,test,Tst,1000000000.0,../gen/Tst_test/GEMV/log/runproute.log,../gen/Tst_test/GEMV/log/runproute.sh,../gen/Tst_test/GEMV/plastisim/summary.csv,../gen/Tst_test/GEMV/pir/AccelMain.scala,../gen/Tst_test/GEMV/log/,../gen/Tst_test/GEMV/log/gentst.log,../gen/Tst_test/GEMV/pir/out/resource.csv,../gen/Tst_test/GEMV/log/maketst.log,../gen/Tst_test/GEMV/log/runp2p.log,../gen/Tst_test/GEMV/log/runhybrid.log,True,,,13.493112009,,18,18,3,2,3,6,36,36,162,162,,,,,,,,,,,,,,,,,,,,,,,0:37.73,262379,,,False,True,,7.99283,0.0078055,0:25.32,,,,False,False,,,,,True
4997453a,aeea2065,2019-07-24 11:45:59,GatherFIFO,test,Tst,1000000000.0,../gen/Tst_test/GatherFIFO/log/runproute.log,../gen/Tst_test/GatherFIFO/log/runproute.sh,../gen/Tst_test/GatherFIFO/plastisim/summary.csv,../gen/Tst_test/GatherFIFO/pir/AccelMain.scala,../gen/Tst_test/GatherFIFO/log/,../gen/Tst_test/GatherFIFO/log/gentst.log,../gen/Tst_test/GatherFIFO/pir/out/resource.csv,../gen/Tst_test/GatherFIFO/log/maketst.log,../gen/Tst_test/GatherFIFO/log/runp2p.log,../gen/Tst_test/GatherFIFO/log/runhybrid.log,True,,"[0m[[0m[31merror[0m] [0m[0m/local/ssd/home/yaqiz/ASPLOS2020/sim/spatial/gen/Tst_test/GatherFIFO/pir/AccelMain.scala:93:68: not found: value x285[0m
",,,,,,,,,,,,,,,,,,,,,,,,,,,,,,,,,,,,,,,False,False,,,,,,,,False,False,,,,,False
4997453a,aeea2065,2019-07-24 11:45:59,GatherStore,test,Tst,1000000000.0,../gen/Tst_test/GatherStore/log/runproute.log,../gen/Tst_test/GatherStore/log/runproute.sh,../gen/Tst_test/GatherStore/plastisim/summary.csv,../gen/Tst_test/GatherStore/pir/AccelMain.scala,../gen/Tst_test/GatherStore/log/,../gen/Tst_test/GatherStore/log/gentst.log,../gen/Tst_test/GatherStore/pir/out/resource.csv,../gen/Tst_test/GatherStore/log/maketst.log,../gen/Tst_test/GatherStore/log/runp2p.log,../gen/Tst_test/GatherStore/log/runhybrid.log,True,,,11.322734193,,18,18,3,2,2,3,36,36,162,162,,,,,,,,,,,,,,,,,,,,,,,0:33.03,59780,,True,False,True,,14.68,0.856474,0:03.55,,,,False,False,,,,,True
4997453a,aeea2065,2019-07-24 11:45:59,GatherStore2,test,Tst,1000000000.0,../gen/Tst_test/GatherStore2/log/runproute.log,../gen/Tst_test/GatherStore2/log/runproute.sh,../gen/Tst_test/GatherStore2/plastisim/summary.csv,../gen/Tst_test/GatherStore2/pir/AccelMain.scala,../gen/Tst_test/GatherStore2/log/,../gen/Tst_test/GatherStore2/log/gentst.log,../gen/Tst_test/GatherStore2/pir/out/resource.csv,../gen/Tst_test/GatherStore2/log/maketst.log,../gen/Tst_test/GatherStore2/log/runp2p.log,../gen/Tst_test/GatherStore2/log/runhybrid.log,False,[bug] Encountered exception while updating node,,,,,,,,,,,,,,,,,,,,,,,,,,,,,,,,,,,,,,,,False,False,,,,,,,,False,False,,,,,False
4997453a,aeea2065,2019-07-24 11:45:59,Gibbs_Ising2D,test,Tst,1000000000.0,../gen/Tst_test/Gibbs_Ising2D/log/runproute.log,../gen/Tst_test/Gibbs_Ising2D/log/runproute.sh,../gen/Tst_test/Gibbs_Ising2D/plastisim/summary.csv,../gen/Tst_test/Gibbs_Ising2D/pir/AccelMain.scala,../gen/Tst_test/Gibbs_Ising2D/log/,../gen/Tst_test/Gibbs_Ising2D/log/gentst.log,../gen/Tst_test/Gibbs_Ising2D/pir/out/resource.csv,../gen/Tst_test/Gibbs_Ising2D/log/maketst.log,../gen/Tst_test/Gibbs_Ising2D/log/runp2p.log,../gen/Tst_test/Gibbs_Ising2D/log/runhybrid.log,False,[error] //TODO: Plasticine does not support unbanked unrolled access at the moment. ,,,,,,,,,,,,,,,,,,,,,,,,,,,,,,,,,,,,,,,,False,False,,,,,,,,False,False,,,,,False
4997453a,aeea2065,2019-07-24 11:45:59,HalfBasics,test,Tst,1000000000.0,../gen/Tst_test/HalfBasics/log/runproute.log,../gen/Tst_test/HalfBasics/log/runproute.sh,../gen/Tst_test/HalfBasics/plastisim/summary.csv,../gen/Tst_test/HalfBasics/pir/AccelMain.scala,../gen/Tst_test/HalfBasics/log/,../gen/Tst_test/HalfBasics/log/gentst.log,../gen/Tst_test/HalfBasics/pir/out/resource.csv,../gen/Tst_test/HalfBasics/log/maketst.log,../gen/Tst_test/HalfBasics/log/runp2p.log,../gen/Tst_test/HalfBasics/log/runhybrid.log,True,,"[[31merror[0m] Constrain failed on MemoryContainer1354
",23.062982663,,18,18,,,,,,,,,,,,,,,,,,,,,,,,,,,,,,,,,,,False,False,,,,,,,,False,False,,,,,False
4997453a,aeea2065,2019-07-24 11:45:59,HalfTest,test,Tst,1000000000.0,../gen/Tst_test/HalfTest/log/runproute.log,../gen/Tst_test/HalfTest/log/runproute.sh,../gen/Tst_test/HalfTest/plastisim/summary.csv,../gen/Tst_test/HalfTest/pir/AccelMain.scala,../gen/Tst_test/HalfTest/log/,../gen/Tst_test/HalfTest/log/gentst.log,../gen/Tst_test/HalfTest/pir/out/resource.csv,../gen/Tst_test/HalfTest/log/maketst.log,../gen/Tst_test/HalfTest/log/runp2p.log,../gen/Tst_test/HalfTest/log/runhybrid.log,True,,,6.533854109,,18,18,0,0,0,1,36,36,162,162,,,,,,,,,,,,,,,,,,,,,,,0:25.54,13,,,False,True,,0.0,0.0,0:00.29,,,,False,False,,,,,True
4997453a,aeea2065,2019-07-24 11:45:59,HostIOLoop,test,Tst,1000000000.0,../gen/Tst_test/HostIOLoop/log/runproute.log,../gen/Tst_test/HostIOLoop/log/runproute.sh,../gen/Tst_test/HostIOLoop/plastisim/summary.csv,../gen/Tst_test/HostIOLoop/pir/AccelMain.scala,../gen/Tst_test/HostIOLoop/log/,../gen/Tst_test/HostIOLoop/log/gentst.log,../gen/Tst_test/HostIOLoop/pir/out/resource.csv,../gen/Tst_test/HostIOLoop/log/maketst.log,../gen/Tst_test/HostIOLoop/log/runp2p.log,../gen/Tst_test/HostIOLoop/log/runhybrid.log,True,,"[0m[[0m[31merror[0m] [0m[0m/local/ssd/home/yaqiz/ASPLOS2020/sim/spatial/gen/Tst_test/HostIOLoop/pir/AccelMain.scala:13:44: not found: value x33[0m
",,,,,,,,,,,,,,,,,,,,,,,,,,,,,,,,,,,,,,,False,False,,,,,,,,False,False,,,,,False
4997453a,aeea2065,2019-07-24 11:45:59,IfThenElseBoolean,test,Tst,1000000000.0,../gen/Tst_test/IfThenElseBoolean/log/runproute.log,../gen/Tst_test/IfThenElseBoolean/log/runproute.sh,../gen/Tst_test/IfThenElseBoolean/plastisim/summary.csv,../gen/Tst_test/IfThenElseBoolean/pir/AccelMain.scala,../gen/Tst_test/IfThenElseBoolean/log/,../gen/Tst_test/IfThenElseBoolean/log/gentst.log,../gen/Tst_test/IfThenElseBoolean/pir/out/resource.csv,../gen/Tst_test/IfThenElseBoolean/log/maketst.log,../gen/Tst_test/IfThenElseBoolean/log/runp2p.log,../gen/Tst_test/IfThenElseBoolean/log/runhybrid.log,True,,,4.526909785,,18,18,0,0,0,0,36,36,162,162,,,,,,,,,,,,,,,,,,,,,,,0:14.41,,,,False,True,,,,0:00.00,,,,False,False,,,,,True
4997453a,aeea2065,2019-07-24 11:45:59,IfThenElseDouble,test,Tst,1000000000.0,../gen/Tst_test/IfThenElseDouble/log/runproute.log,../gen/Tst_test/IfThenElseDouble/log/runproute.sh,../gen/Tst_test/IfThenElseDouble/plastisim/summary.csv,../gen/Tst_test/IfThenElseDouble/pir/AccelMain.scala,../gen/Tst_test/IfThenElseDouble/log/,../gen/Tst_test/IfThenElseDouble/log/gentst.log,../gen/Tst_test/IfThenElseDouble/pir/out/resource.csv,../gen/Tst_test/IfThenElseDouble/log/maketst.log,../gen/Tst_test/IfThenElseDouble/log/runp2p.log,../gen/Tst_test/IfThenElseDouble/log/runhybrid.log,True,,,5.187566294,,18,18,0,0,0,0,36,36,162,162,,,,,,,,,,,,,,,,,,,,,,,0:14.87,,,,False,True,,,,0:00.01,,,,False,False,,,,,True
4997453a,aeea2065,2019-07-24 11:45:59,IfThenElseFloat,test,Tst,1000000000.0,../gen/Tst_test/IfThenElseFloat/log/runproute.log,../gen/Tst_test/IfThenElseFloat/log/runproute.sh,../gen/Tst_test/IfThenElseFloat/plastisim/summary.csv,../gen/Tst_test/IfThenElseFloat/pir/AccelMain.scala,../gen/Tst_test/IfThenElseFloat/log/,../gen/Tst_test/IfThenElseFloat/log/gentst.log,../gen/Tst_test/IfThenElseFloat/pir/out/resource.csv,../gen/Tst_test/IfThenElseFloat/log/maketst.log,../gen/Tst_test/IfThenElseFloat/log/runp2p.log,../gen/Tst_test/IfThenElseFloat/log/runhybrid.log,True,,,5.127303529,,18,18,0,0,0,0,36,36,162,162,,,,,,,,,,,,,,,,,,,,,,,0:14.12,,,,False,True,,,,0:00.01,,,,False,False,,,,,True
4997453a,aeea2065,2019-07-24 11:45:59,IfThenElseInt,test,Tst,1000000000.0,../gen/Tst_test/IfThenElseInt/log/runproute.log,../gen/Tst_test/IfThenElseInt/log/runproute.sh,../gen/Tst_test/IfThenElseInt/plastisim/summary.csv,../gen/Tst_test/IfThenElseInt/pir/AccelMain.scala,../gen/Tst_test/IfThenElseInt/log/,../gen/Tst_test/IfThenElseInt/log/gentst.log,../gen/Tst_test/IfThenElseInt/pir/out/resource.csv,../gen/Tst_test/IfThenElseInt/log/maketst.log,../gen/Tst_test/IfThenElseInt/log/runp2p.log,../gen/Tst_test/IfThenElseInt/log/runhybrid.log,True,,,5.269281795,,18,18,0,0,0,0,36,36,162,162,,,,,,,,,,,,,,,,,,,,,,,0:14.87,,,,False,True,,,,0:00.01,,,,False,False,,,,,True
4997453a,aeea2065,2019-07-24 11:45:59,IfThenElseString,test,Tst,1000000000.0,../gen/Tst_test/IfThenElseString/log/runproute.log,../gen/Tst_test/IfThenElseString/log/runproute.sh,../gen/Tst_test/IfThenElseString/plastisim/summary.csv,../gen/Tst_test/IfThenElseString/pir/AccelMain.scala,../gen/Tst_test/IfThenElseString/log/,../gen/Tst_test/IfThenElseString/log/gentst.log,../gen/Tst_test/IfThenElseString/pir/out/resource.csv,../gen/Tst_test/IfThenElseString/log/maketst.log,../gen/Tst_test/IfThenElseString/log/runp2p.log,../gen/Tst_test/IfThenElseString/log/runhybrid.log,True,,,5.028190851,,18,18,0,0,0,0,36,36,162,162,,,,,,,,,,,,,,,,,,,,,,,0:14.47,,,,False,True,,,,0:00.01,,,,False,False,,,,,True
4997453a,aeea2065,2019-07-24 11:45:59,IndirectLoad,test,Tst,1000000000.0,../gen/Tst_test/IndirectLoad/log/runproute.log,../gen/Tst_test/IndirectLoad/log/runproute.sh,../gen/Tst_test/IndirectLoad/plastisim/summary.csv,../gen/Tst_test/IndirectLoad/pir/AccelMain.scala,../gen/Tst_test/IndirectLoad/log/,../gen/Tst_test/IndirectLoad/log/gentst.log,../gen/Tst_test/IndirectLoad/pir/out/resource.csv,../gen/Tst_test/IndirectLoad/log/maketst.log,../gen/Tst_test/IndirectLoad/log/runp2p.log,../gen/Tst_test/IndirectLoad/log/runhybrid.log,True,,,12.994077043,,18,18,3,3,3,7,36,36,162,162,,,,,,,,,,,,,,,,,,,,,,,0:34.76,466,,True,False,True,,2.33476,2.19742,0:00.38,,,,False,False,,,,,True
4997453a,aeea2065,2019-07-24 11:45:59,InlineSwitch,test,Tst,1000000000.0,../gen/Tst_test/InlineSwitch/log/runproute.log,../gen/Tst_test/InlineSwitch/log/runproute.sh,../gen/Tst_test/InlineSwitch/plastisim/summary.csv,../gen/Tst_test/InlineSwitch/pir/AccelMain.scala,../gen/Tst_test/InlineSwitch/log/,../gen/Tst_test/InlineSwitch/log/gentst.log,../gen/Tst_test/InlineSwitch/pir/out/resource.csv,../gen/Tst_test/InlineSwitch/log/maketst.log,../gen/Tst_test/InlineSwitch/log/runp2p.log,../gen/Tst_test/InlineSwitch/log/runhybrid.log,True,,,6.323439437,,18,18,0,0,0,1,36,36,162,162,,,,,,,,,,,,,,,,,,,,,,,0:23.99,13,,,False,True,,0.0,0.0,0:00.28,,,,False,False,,,,,True
4997453a,aeea2065,2019-07-24 11:45:59,InnerSwitchUnrolling,test,Tst,1000000000.0,../gen/Tst_test/InnerSwitchUnrolling/log/runproute.log,../gen/Tst_test/InnerSwitchUnrolling/log/runproute.sh,../gen/Tst_test/InnerSwitchUnrolling/plastisim/summary.csv,../gen/Tst_test/InnerSwitchUnrolling/pir/AccelMain.scala,../gen/Tst_test/InnerSwitchUnrolling/log/,../gen/Tst_test/InnerSwitchUnrolling/log/gentst.log,../gen/Tst_test/InnerSwitchUnrolling/pir/out/resource.csv,../gen/Tst_test/InnerSwitchUnrolling/log/maketst.log,../gen/Tst_test/InnerSwitchUnrolling/log/runp2p.log,../gen/Tst_test/InnerSwitchUnrolling/log/runhybrid.log,False,[bug] Encountered exception while updating node,,,,,,,,,,,,,,,,,,,,,,,,,,,,,,,,,,,,,,,,False,False,,,,,,,,False,False,,,,,False
4997453a,aeea2065,2019-07-24 11:45:59,IntPrinting,test,Tst,1000000000.0,../gen/Tst_test/IntPrinting/log/runproute.log,../gen/Tst_test/IntPrinting/log/runproute.sh,../gen/Tst_test/IntPrinting/plastisim/summary.csv,../gen/Tst_test/IntPrinting/pir/AccelMain.scala,../gen/Tst_test/IntPrinting/log/,../gen/Tst_test/IntPrinting/log/gentst.log,../gen/Tst_test/IntPrinting/pir/out/resource.csv,../gen/Tst_test/IntPrinting/log/maketst.log,../gen/Tst_test/IntPrinting/log/runp2p.log,../gen/Tst_test/IntPrinting/log/runhybrid.log,True,,,5.161190768,,18,18,0,0,0,0,36,36,162,162,,,,,,,,,,,,,,,,,,,,,,,0:22.42,1,,,False,True,,0.0,0.0,0:00.31,,,,False,False,,,,,True
4997453a,aeea2065,2019-07-24 11:45:59,IterationDiffs,test,Tst,1000000000.0,../gen/Tst_test/IterationDiffs/log/runproute.log,../gen/Tst_test/IterationDiffs/log/runproute.sh,../gen/Tst_test/IterationDiffs/plastisim/summary.csv,../gen/Tst_test/IterationDiffs/pir/AccelMain.scala,../gen/Tst_test/IterationDiffs/log/,../gen/Tst_test/IterationDiffs/log/gentst.log,../gen/Tst_test/IterationDiffs/pir/out/resource.csv,../gen/Tst_test/IterationDiffs/log/maketst.log,../gen/Tst_test/IterationDiffs/log/runp2p.log,../gen/Tst_test/IterationDiffs/log/runhybrid.log,False,[error] Cannot group by unrolled access for banking on x176 (InitiationIntervals.scala:125:25) due to dependency between iterations,,,,,,,,,,,,,,,,,,,,,,,,,,,,,,,,,,,,,,,,False,False,,,,,,,,False,False,,,,,False
4997453a,aeea2065,2019-07-24 11:45:59,JPEG_Decompress,test,Tst,1000000000.0,../gen/Tst_test/JPEG_Decompress/log/runproute.log,../gen/Tst_test/JPEG_Decompress/log/runproute.sh,../gen/Tst_test/JPEG_Decompress/plastisim/summary.csv,../gen/Tst_test/JPEG_Decompress/pir/AccelMain.scala,../gen/Tst_test/JPEG_Decompress/log/,../gen/Tst_test/JPEG_Decompress/log/gentst.log,../gen/Tst_test/JPEG_Decompress/pir/out/resource.csv,../gen/Tst_test/JPEG_Decompress/log/maketst.log,../gen/Tst_test/JPEG_Decompress/log/runp2p.log,../gen/Tst_test/JPEG_Decompress/log/runhybrid.log,True,,"[[31merror[0m] 54-TungstenPIRGen throw scala.MatchError: Fix(false,2,0) (of class pir.node.Fix)
",113.733612324,,18,18,8,36,34,82,36,36,162,162,,,,,,,,,,,,,,,,,,,,,,,,,,,False,False,,,,,,,,False,False,,,,,False
4997453a,aeea2065,2019-07-24 11:45:59,JPEG_Markers,test,Tst,1000000000.0,../gen/Tst_test/JPEG_Markers/log/runproute.log,../gen/Tst_test/JPEG_Markers/log/runproute.sh,../gen/Tst_test/JPEG_Markers/plastisim/summary.csv,../gen/Tst_test/JPEG_Markers/pir/AccelMain.scala,../gen/Tst_test/JPEG_Markers/log/,../gen/Tst_test/JPEG_Markers/log/gentst.log,../gen/Tst_test/JPEG_Markers/pir/out/resource.csv,../gen/Tst_test/JPEG_Markers/log/maketst.log,../gen/Tst_test/JPEG_Markers/log/runp2p.log,../gen/Tst_test/JPEG_Markers/log/runhybrid.log,True,,"[[31merror[0m] 54-TungstenPIRGen throw scala.MatchError: Fix(false,2,0) (of class pir.node.Fix)
",18.480911878,,18,18,5,5,12,11,36,36,162,162,,,,,,,,,,,,,,,,,,,,,,,,,,,False,False,,,,,,,,False,False,,,,,False
4997453a,aeea2065,2019-07-24 11:45:59,KMP,test,Tst,1000000000.0,../gen/Tst_test/KMP/log/runproute.log,../gen/Tst_test/KMP/log/runproute.sh,../gen/Tst_test/KMP/plastisim/summary.csv,../gen/Tst_test/KMP/pir/AccelMain.scala,../gen/Tst_test/KMP/log/,../gen/Tst_test/KMP/log/gentst.log,../gen/Tst_test/KMP/pir/out/resource.csv,../gen/Tst_test/KMP/log/maketst.log,../gen/Tst_test/KMP/log/runp2p.log,../gen/Tst_test/KMP/log/runhybrid.log,True,,"[[31merror[0m] 15-MemoryLowering throw [pir] FIFO389 (None, Some(MachSuite.scala:1332:21)) has read enables at 
",16.587652129,,18,18,,,,,,,,,,,,,,,,,,,,,,,,,,,,,,,,,,,False,False,,,,,,,,False,False,,,,,False
4997453a,aeea2065,2019-07-24 11:45:59,Kmeans_fast,test,Tst,1000000000.0,../gen/Tst_test/Kmeans_fast/log/runproute.log,../gen/Tst_test/Kmeans_fast/log/runproute.sh,../gen/Tst_test/Kmeans_fast/plastisim/summary.csv,../gen/Tst_test/Kmeans_fast/pir/AccelMain.scala,../gen/Tst_test/Kmeans_fast/log/,../gen/Tst_test/Kmeans_fast/log/gentst.log,../gen/Tst_test/Kmeans_fast/pir/out/resource.csv,../gen/Tst_test/Kmeans_fast/log/maketst.log,../gen/Tst_test/Kmeans_fast/log/runp2p.log,../gen/Tst_test/Kmeans_fast/log/runhybrid.log,True,,"[0m[[0m[31merror[0m] [0m[0m/local/ssd/home/yaqiz/ASPLOS2020/sim/spatial/gen/Tst_test/Kmeans_fast/pir/AccelMain.scala:180:52: not found: value x531__1[0m
",,,,,,,,,,,,,,,,,,,,,,,,,,,,,,,,,,,,,,,False,False,,,,,,,,False,False,,,,,False
4997453a,aeea2065,2019-07-24 11:45:59,Kmeans_slow,test,Tst,1000000000.0,../gen/Tst_test/Kmeans_slow/log/runproute.log,../gen/Tst_test/Kmeans_slow/log/runproute.sh,../gen/Tst_test/Kmeans_slow/plastisim/summary.csv,../gen/Tst_test/Kmeans_slow/pir/AccelMain.scala,../gen/Tst_test/Kmeans_slow/log/,../gen/Tst_test/Kmeans_slow/log/gentst.log,../gen/Tst_test/Kmeans_slow/pir/out/resource.csv,../gen/Tst_test/Kmeans_slow/log/maketst.log,../gen/Tst_test/Kmeans_slow/log/runp2p.log,../gen/Tst_test/Kmeans_slow/log/runhybrid.log,True,,"[0m[[0m[31merror[0m] [0m[0m/local/ssd/home/yaqiz/ASPLOS2020/sim/spatial/gen/Tst_test/Kmeans_slow/pir/AccelMain.scala:216:52: not found: value x621__1[0m
",,,,,,,,,,,,,,,,,,,,,,,,,,,,,,,,,,,,,,,False,False,,,,,,,,False,False,,,,,False
4997453a,aeea2065,2019-07-24 11:45:59,LP_SGD,test,Tst,1000000000.0,../gen/Tst_test/LP_SGD/log/runproute.log,../gen/Tst_test/LP_SGD/log/runproute.sh,../gen/Tst_test/LP_SGD/plastisim/summary.csv,../gen/Tst_test/LP_SGD/pir/AccelMain.scala,../gen/Tst_test/LP_SGD/log/,../gen/Tst_test/LP_SGD/log/gentst.log,../gen/Tst_test/LP_SGD/pir/out/resource.csv,../gen/Tst_test/LP_SGD/log/maketst.log,../gen/Tst_test/LP_SGD/log/runp2p.log,../gen/Tst_test/LP_SGD/log/runhybrid.log,True,,"[0m[[0m[31merror[0m] [0m[0m/local/ssd/home/yaqiz/ASPLOS2020/sim/spatial/gen/Tst_test/LP_SGD/pir/AccelMain.scala:671:49: not found: value x1714[0m
",,,,,,,,,,,,,,,,,,,,,,,,,,,,,,,,,,,,,,,False,False,,,,,,,,False,False,,,,,False
4997453a,aeea2065,2019-07-24 11:45:59,LP_SVRG,test,Tst,1000000000.0,../gen/Tst_test/LP_SVRG/log/runproute.log,../gen/Tst_test/LP_SVRG/log/runproute.sh,../gen/Tst_test/LP_SVRG/plastisim/summary.csv,../gen/Tst_test/LP_SVRG/pir/AccelMain.scala,../gen/Tst_test/LP_SVRG/log/,../gen/Tst_test/LP_SVRG/log/gentst.log,../gen/Tst_test/LP_SVRG/pir/out/resource.csv,../gen/Tst_test/LP_SVRG/log/maketst.log,../gen/Tst_test/LP_SVRG/log/runp2p.log,../gen/Tst_test/LP_SVRG/log/runhybrid.log,True,,"[0m[[0m[31merror[0m] [0m[0m/local/ssd/home/yaqiz/ASPLOS2020/sim/spatial/gen/Tst_test/LP_SVRG/pir/AccelMain.scala:1107:49: not found: value x2141[0m
",,,,,,,,,,,,,,,,,,,,,,,,,,,,,,,,,,,,,,,False,False,,,,,,,,False,False,,,,,False
4997453a,aeea2065,2019-07-24 11:45:59,LUTFromFile,test,Tst,1000000000.0,../gen/Tst_test/LUTFromFile/log/runproute.log,../gen/Tst_test/LUTFromFile/log/runproute.sh,../gen/Tst_test/LUTFromFile/plastisim/summary.csv,../gen/Tst_test/LUTFromFile/pir/AccelMain.scala,../gen/Tst_test/LUTFromFile/log/,../gen/Tst_test/LUTFromFile/log/gentst.log,../gen/Tst_test/LUTFromFile/pir/out/resource.csv,../gen/Tst_test/LUTFromFile/log/maketst.log,../gen/Tst_test/LUTFromFile/log/runp2p.log,../gen/Tst_test/LUTFromFile/log/runhybrid.log,True,,,6.413994908,,18,18,0,0,1,1,36,36,162,162,,,,,,,,,,,,,,,,,,,,,,,0:26.20,13,,True,False,True,,0.0,0.0,0:00.34,,,,False,False,,,,,True
4997453a,aeea2065,2019-07-24 11:45:59,LUTSimple,test,Tst,1000000000.0,../gen/Tst_test/LUTSimple/log/runproute.log,../gen/Tst_test/LUTSimple/log/runproute.sh,../gen/Tst_test/LUTSimple/plastisim/summary.csv,../gen/Tst_test/LUTSimple/pir/AccelMain.scala,../gen/Tst_test/LUTSimple/log/,../gen/Tst_test/LUTSimple/log/gentst.log,../gen/Tst_test/LUTSimple/pir/out/resource.csv,../gen/Tst_test/LUTSimple/log/maketst.log,../gen/Tst_test/LUTSimple/log/runp2p.log,../gen/Tst_test/LUTSimple/log/runhybrid.log,True,,,7.345106605,,18,18,0,1,1,1,36,36,162,162,,,,,,,,,,,,,,,,,,,,,,"src/Context44.h:43:73: error: invalid operands of types â€˜floatâ€™ and â€˜floatâ€™ to binary â€˜operator^â€™
",0:07.70,,,,False,False,,,,,,,,False,False,,,,,False
4997453a,aeea2065,2019-07-24 11:45:59,LiftBoolean,test,Tst,1000000000.0,../gen/Tst_test/LiftBoolean/log/runproute.log,../gen/Tst_test/LiftBoolean/log/runproute.sh,../gen/Tst_test/LiftBoolean/plastisim/summary.csv,../gen/Tst_test/LiftBoolean/pir/AccelMain.scala,../gen/Tst_test/LiftBoolean/log/,../gen/Tst_test/LiftBoolean/log/gentst.log,../gen/Tst_test/LiftBoolean/pir/out/resource.csv,../gen/Tst_test/LiftBoolean/log/maketst.log,../gen/Tst_test/LiftBoolean/log/runp2p.log,../gen/Tst_test/LiftBoolean/log/runhybrid.log,True,,,4.93115257,,18,18,0,0,0,0,36,36,162,162,,,,,,,,,,,,,,,,,,,,,,,0:14.75,,,,False,True,,,,0:00.00,,,,False,False,,,,,True
4997453a,aeea2065,2019-07-24 11:45:59,LiftByte,test,Tst,1000000000.0,../gen/Tst_test/LiftByte/log/runproute.log,../gen/Tst_test/LiftByte/log/runproute.sh,../gen/Tst_test/LiftByte/plastisim/summary.csv,../gen/Tst_test/LiftByte/pir/AccelMain.scala,../gen/Tst_test/LiftByte/log/,../gen/Tst_test/LiftByte/log/gentst.log,../gen/Tst_test/LiftByte/pir/out/resource.csv,../gen/Tst_test/LiftByte/log/maketst.log,../gen/Tst_test/LiftByte/log/runp2p.log,../gen/Tst_test/LiftByte/log/runhybrid.log,True,,,5.144621285,,18,18,0,0,0,0,36,36,162,162,,,,,,,,,,,,,,,,,,,,,,,0:14.18,,,,False,True,,,,0:00.01,,,,False,False,,,,,True
4997453a,aeea2065,2019-07-24 11:45:59,LiftDouble,test,Tst,1000000000.0,../gen/Tst_test/LiftDouble/log/runproute.log,../gen/Tst_test/LiftDouble/log/runproute.sh,../gen/Tst_test/LiftDouble/plastisim/summary.csv,../gen/Tst_test/LiftDouble/pir/AccelMain.scala,../gen/Tst_test/LiftDouble/log/,../gen/Tst_test/LiftDouble/log/gentst.log,../gen/Tst_test/LiftDouble/pir/out/resource.csv,../gen/Tst_test/LiftDouble/log/maketst.log,../gen/Tst_test/LiftDouble/log/runp2p.log,../gen/Tst_test/LiftDouble/log/runhybrid.log,True,,,5.275632512,,18,18,0,0,0,0,36,36,162,162,,,,,,,,,,,,,,,,,,,,,,,0:14.97,,,,False,True,,,,0:00.00,,,,False,False,,,,,True
4997453a,aeea2065,2019-07-24 11:45:59,LiftFloat,test,Tst,1000000000.0,../gen/Tst_test/LiftFloat/log/runproute.log,../gen/Tst_test/LiftFloat/log/runproute.sh,../gen/Tst_test/LiftFloat/plastisim/summary.csv,../gen/Tst_test/LiftFloat/pir/AccelMain.scala,../gen/Tst_test/LiftFloat/log/,../gen/Tst_test/LiftFloat/log/gentst.log,../gen/Tst_test/LiftFloat/pir/out/resource.csv,../gen/Tst_test/LiftFloat/log/maketst.log,../gen/Tst_test/LiftFloat/log/runp2p.log,../gen/Tst_test/LiftFloat/log/runhybrid.log,True,,,4.494688353,,18,18,0,0,0,0,36,36,162,162,,,,,,,,,,,,,,,,,,,,,,,0:14.98,,,,False,True,,,,0:00.00,,,,False,False,,,,,True
4997453a,aeea2065,2019-07-24 11:45:59,LiftInt,test,Tst,1000000000.0,../gen/Tst_test/LiftInt/log/runproute.log,../gen/Tst_test/LiftInt/log/runproute.sh,../gen/Tst_test/LiftInt/plastisim/summary.csv,../gen/Tst_test/LiftInt/pir/AccelMain.scala,../gen/Tst_test/LiftInt/log/,../gen/Tst_test/LiftInt/log/gentst.log,../gen/Tst_test/LiftInt/pir/out/resource.csv,../gen/Tst_test/LiftInt/log/maketst.log,../gen/Tst_test/LiftInt/log/runp2p.log,../gen/Tst_test/LiftInt/log/runhybrid.log,True,,,5.027289552,,18,18,0,0,0,0,36,36,162,162,,,,,,,,,,,,,,,,,,,,,,,0:14.13,,,,False,True,,,,0:00.00,,,,False,False,,,,,True
4997453a,aeea2065,2019-07-24 11:45:59,LiftLong,test,Tst,1000000000.0,../gen/Tst_test/LiftLong/log/runproute.log,../gen/Tst_test/LiftLong/log/runproute.sh,../gen/Tst_test/LiftLong/plastisim/summary.csv,../gen/Tst_test/LiftLong/pir/AccelMain.scala,../gen/Tst_test/LiftLong/log/,../gen/Tst_test/LiftLong/log/gentst.log,../gen/Tst_test/LiftLong/pir/out/resource.csv,../gen/Tst_test/LiftLong/log/maketst.log,../gen/Tst_test/LiftLong/log/runp2p.log,../gen/Tst_test/LiftLong/log/runhybrid.log,True,,,4.815153464,,18,18,0,0,0,0,36,36,162,162,,,,,,,,,,,,,,,,,,,,,,,0:14.59,,,,False,True,,,,0:00.00,,,,False,False,,,,,True
4997453a,aeea2065,2019-07-24 11:45:59,LiftShort,test,Tst,1000000000.0,../gen/Tst_test/LiftShort/log/runproute.log,../gen/Tst_test/LiftShort/log/runproute.sh,../gen/Tst_test/LiftShort/plastisim/summary.csv,../gen/Tst_test/LiftShort/pir/AccelMain.scala,../gen/Tst_test/LiftShort/log/,../gen/Tst_test/LiftShort/log/gentst.log,../gen/Tst_test/LiftShort/pir/out/resource.csv,../gen/Tst_test/LiftShort/log/maketst.log,../gen/Tst_test/LiftShort/log/runp2p.log,../gen/Tst_test/LiftShort/log/runhybrid.log,True,,,5.069595589,,18,18,0,0,0,0,36,36,162,162,,,,,,,,,,,,,,,,,,,,,,,0:14.78,,,,False,True,,,,0:00.01,,,,False,False,,,,,True
4997453a,aeea2065,2019-07-24 11:45:59,LineBufs,test,Tst,1000000000.0,../gen/Tst_test/LineBufs/log/runproute.log,../gen/Tst_test/LineBufs/log/runproute.sh,../gen/Tst_test/LineBufs/plastisim/summary.csv,../gen/Tst_test/LineBufs/pir/AccelMain.scala,../gen/Tst_test/LineBufs/log/,../gen/Tst_test/LineBufs/log/gentst.log,../gen/Tst_test/LineBufs/pir/out/resource.csv,../gen/Tst_test/LineBufs/log/maketst.log,../gen/Tst_test/LineBufs/log/runp2p.log,../gen/Tst_test/LineBufs/log/runhybrid.log,True,,"[0m[[0m[31merror[0m] [0m[0m/local/ssd/home/yaqiz/ASPLOS2020/sim/spatial/gen/Tst_test/LineBufs/pir/AccelMain.scala:130:31: not found: value x1056[0m
",,,,,,,,,,,,,,,,,,,,,,,,,,,,,,,,,,,,,,,False,False,,,,,,,,False,False,,,,,False
4997453a,aeea2065,2019-07-24 11:45:59,LinearWriteRandomRead,test,Tst,1000000000.0,../gen/Tst_test/LinearWriteRandomRead/log/runproute.log,../gen/Tst_test/LinearWriteRandomRead/log/runproute.sh,../gen/Tst_test/LinearWriteRandomRead/plastisim/summary.csv,../gen/Tst_test/LinearWriteRandomRead/pir/AccelMain.scala,../gen/Tst_test/LinearWriteRandomRead/log/,../gen/Tst_test/LinearWriteRandomRead/log/gentst.log,../gen/Tst_test/LinearWriteRandomRead/pir/out/resource.csv,../gen/Tst_test/LinearWriteRandomRead/log/maketst.log,../gen/Tst_test/LinearWriteRandomRead/log/runp2p.log,../gen/Tst_test/LinearWriteRandomRead/log/runhybrid.log,False,[bug] Encountered exception while updating node,,,,,,,,,,,,,,,,,,,,,,,,,,,,,,,,,,,,,,,,False,False,,,,,,,,False,False,,,,,False
4997453a,aeea2065,2019-07-24 11:45:59,LiteralMath,test,Tst,1000000000.0,../gen/Tst_test/LiteralMath/log/runproute.log,../gen/Tst_test/LiteralMath/log/runproute.sh,../gen/Tst_test/LiteralMath/plastisim/summary.csv,../gen/Tst_test/LiteralMath/pir/AccelMain.scala,../gen/Tst_test/LiteralMath/log/,../gen/Tst_test/LiteralMath/log/gentst.log,../gen/Tst_test/LiteralMath/pir/out/resource.csv,../gen/Tst_test/LiteralMath/log/maketst.log,../gen/Tst_test/LiteralMath/log/runp2p.log,../gen/Tst_test/LiteralMath/log/runhybrid.log,True,,,5.133762816,,18,18,0,0,0,0,36,36,162,162,,,,,,,,,,,,,,,,,,,,,,,0:23.06,1,,,False,True,,0.0,0.0,0:00.31,,,,False,False,,,,,True
4997453a,aeea2065,2019-07-24 11:45:59,LogReg,test,Tst,1000000000.0,../gen/Tst_test/LogReg/log/runproute.log,../gen/Tst_test/LogReg/log/runproute.sh,../gen/Tst_test/LogReg/plastisim/summary.csv,../gen/Tst_test/LogReg/pir/AccelMain.scala,../gen/Tst_test/LogReg/log/,../gen/Tst_test/LogReg/log/gentst.log,../gen/Tst_test/LogReg/pir/out/resource.csv,../gen/Tst_test/LogReg/log/maketst.log,../gen/Tst_test/LogReg/log/runp2p.log,../gen/Tst_test/LogReg/log/runhybrid.log,True,,,543.920986063,,18,18,3,14,162,73,36,36,162,162,,,,,,,,,,,,,,,,,,,,,,,31:42.49,,"Assertion fail:
",True,False,False,,22.6835,0.0,0:02.20,,,,False,False,,,,,False
4997453a,aeea2065,2019-07-24 11:45:59,LoopInvariantCycle,test,Tst,1000000000.0,../gen/Tst_test/LoopInvariantCycle/log/runproute.log,../gen/Tst_test/LoopInvariantCycle/log/runproute.sh,../gen/Tst_test/LoopInvariantCycle/plastisim/summary.csv,../gen/Tst_test/LoopInvariantCycle/pir/AccelMain.scala,../gen/Tst_test/LoopInvariantCycle/log/,../gen/Tst_test/LoopInvariantCycle/log/gentst.log,../gen/Tst_test/LoopInvariantCycle/pir/out/resource.csv,../gen/Tst_test/LoopInvariantCycle/log/maketst.log,../gen/Tst_test/LoopInvariantCycle/log/runp2p.log,../gen/Tst_test/LoopInvariantCycle/log/runhybrid.log,True,,,23.195012864,,18,18,1,9,9,10,36,36,162,162,,,,,,,,,,,,,,,,,,,,,,,1:08.68,2127,"Assertion fail:
",,False,False,,0.270804,0.391161,0:01.23,,,,False,False,,,,,False
4997453a,aeea2065,2019-07-24 11:45:59,LowPrecisionRep,test,Tst,1000000000.0,../gen/Tst_test/LowPrecisionRep/log/runproute.log,../gen/Tst_test/LowPrecisionRep/log/runproute.sh,../gen/Tst_test/LowPrecisionRep/plastisim/summary.csv,../gen/Tst_test/LowPrecisionRep/pir/AccelMain.scala,../gen/Tst_test/LowPrecisionRep/log/,../gen/Tst_test/LowPrecisionRep/log/gentst.log,../gen/Tst_test/LowPrecisionRep/pir/out/resource.csv,../gen/Tst_test/LowPrecisionRep/log/maketst.log,../gen/Tst_test/LowPrecisionRep/log/runp2p.log,../gen/Tst_test/LowPrecisionRep/log/runhybrid.log,True,,,12.298796091,,18,18,3,5,3,4,36,36,162,162,,,,,,,,,,,,,,,,,,,,,,,0:36.79,2304,"Assertion fail:
",,False,False,,3.55556,0.444444,0:00.71,,,,False,False,,,,,False
4997453a,aeea2065,2019-07-24 11:45:59,MD_Grid,test,Tst,1000000000.0,../gen/Tst_test/MD_Grid/log/runproute.log,../gen/Tst_test/MD_Grid/log/runproute.sh,../gen/Tst_test/MD_Grid/plastisim/summary.csv,../gen/Tst_test/MD_Grid/pir/AccelMain.scala,../gen/Tst_test/MD_Grid/log/,../gen/Tst_test/MD_Grid/log/gentst.log,../gen/Tst_test/MD_Grid/pir/out/resource.csv,../gen/Tst_test/MD_Grid/log/maketst.log,../gen/Tst_test/MD_Grid/log/runp2p.log,../gen/Tst_test/MD_Grid/log/runhybrid.log,True,,,,,,,,,,,,,,,,,,,,,,,,,,,,,,,,,,,,,,,,,False,False,,,,,,,,False,False,,,,,False
4997453a,aeea2065,2019-07-24 11:45:59,MD_KNN,test,Tst,1000000000.0,../gen/Tst_test/MD_KNN/log/runproute.log,../gen/Tst_test/MD_KNN/log/runproute.sh,../gen/Tst_test/MD_KNN/plastisim/summary.csv,../gen/Tst_test/MD_KNN/pir/AccelMain.scala,../gen/Tst_test/MD_KNN/log/,../gen/Tst_test/MD_KNN/log/gentst.log,../gen/Tst_test/MD_KNN/pir/out/resource.csv,../gen/Tst_test/MD_KNN/log/maketst.log,../gen/Tst_test/MD_KNN/log/runp2p.log,../gen/Tst_test/MD_KNN/log/runhybrid.log,True,,"[0m[[0m[31merror[0m] [0m[0m/local/ssd/home/yaqiz/ASPLOS2020/sim/spatial/gen/Tst_test/MD_KNN/pir/AccelMain.scala:251:50: not found: value x591_x[0m
",,,,,,,,,,,,,,,,,,,,,,,,,,,,,,,,,,,,,,,False,False,,,,,,,,False,False,,,,,False
4997453a,aeea2065,2019-07-24 11:45:59,ManualConflictDephasing,test,Tst,1000000000.0,../gen/Tst_test/ManualConflictDephasing/log/runproute.log,../gen/Tst_test/ManualConflictDephasing/log/runproute.sh,../gen/Tst_test/ManualConflictDephasing/plastisim/summary.csv,../gen/Tst_test/ManualConflictDephasing/pir/AccelMain.scala,../gen/Tst_test/ManualConflictDephasing/log/,../gen/Tst_test/ManualConflictDephasing/log/gentst.log,../gen/Tst_test/ManualConflictDephasing/pir/out/resource.csv,../gen/Tst_test/ManualConflictDephasing/log/maketst.log,../gen/Tst_test/ManualConflictDephasing/log/runp2p.log,../gen/Tst_test/ManualConflictDephasing/log/runhybrid.log,False,[error] //TODO: Plasticine does not support unbanked unrolled access at the moment. ,,,,,,,,,,,,,,,,,,,,,,,,,,,,,,,,,,,,,,,,False,False,,,,,,,,False,False,,,,,False
4997453a,aeea2065,2019-07-24 11:45:59,MatMult_hierarchy,test,Tst,1000000000.0,../gen/Tst_test/MatMult_hierarchy/log/runproute.log,../gen/Tst_test/MatMult_hierarchy/log/runproute.sh,../gen/Tst_test/MatMult_hierarchy/plastisim/summary.csv,../gen/Tst_test/MatMult_hierarchy/pir/AccelMain.scala,../gen/Tst_test/MatMult_hierarchy/log/,../gen/Tst_test/MatMult_hierarchy/log/gentst.log,../gen/Tst_test/MatMult_hierarchy/pir/out/resource.csv,../gen/Tst_test/MatMult_hierarchy/log/maketst.log,../gen/Tst_test/MatMult_hierarchy/log/runp2p.log,../gen/Tst_test/MatMult_hierarchy/log/runhybrid.log,True,,"[[31merror[0m] 04-GraphInitialization throw [pir] Don't know how to infer vec of BankedWrite311
",10.184637717,,18,18,0,0,0,0,36,36,162,162,,,,,,,,,,,,,,,,,,,,,,,,,,,False,False,,,,,,,,False,False,,,,,False
4997453a,aeea2065,2019-07-24 11:45:59,MatMult_inner,test,Tst,1000000000.0,../gen/Tst_test/MatMult_inner/log/runproute.log,../gen/Tst_test/MatMult_inner/log/runproute.sh,../gen/Tst_test/MatMult_inner/plastisim/summary.csv,../gen/Tst_test/MatMult_inner/pir/AccelMain.scala,../gen/Tst_test/MatMult_inner/log/,../gen/Tst_test/MatMult_inner/log/gentst.log,../gen/Tst_test/MatMult_inner/pir/out/resource.csv,../gen/Tst_test/MatMult_inner/log/maketst.log,../gen/Tst_test/MatMult_inner/log/runp2p.log,../gen/Tst_test/MatMult_inner/log/runhybrid.log,True,,,55.599395331,,18,18,6,30,10,20,36,36,162,162,,,,,,,,,,,,,,,,,,,,,,,2:12.31,72296,"Assertion fail:
",True,False,False,,2.26624,0.226624,0:58.48,,,,False,False,,,,,False
4997453a,aeea2065,2019-07-24 11:45:59,MatMult_outer,test,Tst,1000000000.0,../gen/Tst_test/MatMult_outer/log/runproute.log,../gen/Tst_test/MatMult_outer/log/runproute.sh,../gen/Tst_test/MatMult_outer/plastisim/summary.csv,../gen/Tst_test/MatMult_outer/pir/AccelMain.scala,../gen/Tst_test/MatMult_outer/log/,../gen/Tst_test/MatMult_outer/log/gentst.log,../gen/Tst_test/MatMult_outer/pir/out/resource.csv,../gen/Tst_test/MatMult_outer/log/maketst.log,../gen/Tst_test/MatMult_outer/log/runp2p.log,../gen/Tst_test/MatMult_outer/log/runhybrid.log,True,,,21.902746456,,18,18,4,4,7,5,36,36,162,162,,,,,,,,,,,,,,,,,,,,,,,0:56.43,542327,,,False,True,,0.332316,0.0302106,2:03.43,,,,False,False,,,,,True
4997453a,aeea2065,2019-07-24 11:45:59,MaxFloat,test,Tst,1000000000.0,../gen/Tst_test/MaxFloat/log/runproute.log,../gen/Tst_test/MaxFloat/log/runproute.sh,../gen/Tst_test/MaxFloat/plastisim/summary.csv,../gen/Tst_test/MaxFloat/pir/AccelMain.scala,../gen/Tst_test/MaxFloat/log/,../gen/Tst_test/MaxFloat/log/gentst.log,../gen/Tst_test/MaxFloat/pir/out/resource.csv,../gen/Tst_test/MaxFloat/log/maketst.log,../gen/Tst_test/MaxFloat/log/runp2p.log,../gen/Tst_test/MaxFloat/log/runhybrid.log,True,,,11.932484296,,18,18,3,3,3,3,36,36,162,162,,,,,,,,,,,,,,,,,,,,,,,0:36.01,342,,,False,True,,2.99415,1.49708,0:00.36,,,,False,False,,,,,True
4997453a,aeea2065,2019-07-24 11:45:59,MemCopyFIFO,test,Tst,1000000000.0,../gen/Tst_test/MemCopyFIFO/log/runproute.log,../gen/Tst_test/MemCopyFIFO/log/runproute.sh,../gen/Tst_test/MemCopyFIFO/plastisim/summary.csv,../gen/Tst_test/MemCopyFIFO/pir/AccelMain.scala,../gen/Tst_test/MemCopyFIFO/log/,../gen/Tst_test/MemCopyFIFO/log/gentst.log,../gen/Tst_test/MemCopyFIFO/pir/out/resource.csv,../gen/Tst_test/MemCopyFIFO/log/maketst.log,../gen/Tst_test/MemCopyFIFO/log/runp2p.log,../gen/Tst_test/MemCopyFIFO/log/runhybrid.log,True,,,8.181978745,,18,18,2,2,0,2,36,36,162,162,,,,,,,,,,,,,,,,,,,,,,,0:27.91,72,,True,False,True,,1.77778,1.77778,0:00.32,,,,False,False,,,,,True
4997453a,aeea2065,2019-07-24 11:45:59,MemCopyLIFO,test,Tst,1000000000.0,../gen/Tst_test/MemCopyLIFO/log/runproute.log,../gen/Tst_test/MemCopyLIFO/log/runproute.sh,../gen/Tst_test/MemCopyLIFO/plastisim/summary.csv,../gen/Tst_test/MemCopyLIFO/pir/AccelMain.scala,../gen/Tst_test/MemCopyLIFO/log/,../gen/Tst_test/MemCopyLIFO/log/gentst.log,../gen/Tst_test/MemCopyLIFO/pir/out/resource.csv,../gen/Tst_test/MemCopyLIFO/log/maketst.log,../gen/Tst_test/MemCopyLIFO/log/runp2p.log,../gen/Tst_test/MemCopyLIFO/log/runhybrid.log,True,,"[0m[[0m[31merror[0m] [0m[0m/local/ssd/home/yaqiz/ASPLOS2020/sim/spatial/gen/Tst_test/MemCopyLIFO/pir/AccelMain.scala:78:29: not found: value x129[0m
",,,,,,,,,,,,,,,,,,,,,,,,,,,,,,,,,,,,,,,False,False,,,,,,,,False,False,,,,,False
4997453a,aeea2065,2019-07-24 11:45:59,MemCopySRAM1D,test,Tst,1000000000.0,../gen/Tst_test/MemCopySRAM1D/log/runproute.log,../gen/Tst_test/MemCopySRAM1D/log/runproute.sh,../gen/Tst_test/MemCopySRAM1D/plastisim/summary.csv,../gen/Tst_test/MemCopySRAM1D/pir/AccelMain.scala,../gen/Tst_test/MemCopySRAM1D/log/,../gen/Tst_test/MemCopySRAM1D/log/gentst.log,../gen/Tst_test/MemCopySRAM1D/pir/out/resource.csv,../gen/Tst_test/MemCopySRAM1D/log/maketst.log,../gen/Tst_test/MemCopySRAM1D/log/runp2p.log,../gen/Tst_test/MemCopySRAM1D/log/runhybrid.log,True,,,13.164472909,,18,18,4,4,2,4,36,36,162,162,,,,,,,,,,,,,,,,,,,,,,,0:35.03,264,,,False,True,,2.90909,2.90909,0:00.33,,,,False,False,,,,,True
4997453a,aeea2065,2019-07-24 11:45:59,MemCopySRAM2D,test,Tst,1000000000.0,../gen/Tst_test/MemCopySRAM2D/log/runproute.log,../gen/Tst_test/MemCopySRAM2D/log/runproute.sh,../gen/Tst_test/MemCopySRAM2D/plastisim/summary.csv,../gen/Tst_test/MemCopySRAM2D/pir/AccelMain.scala,../gen/Tst_test/MemCopySRAM2D/log/,../gen/Tst_test/MemCopySRAM2D/log/gentst.log,../gen/Tst_test/MemCopySRAM2D/pir/out/resource.csv,../gen/Tst_test/MemCopySRAM2D/log/maketst.log,../gen/Tst_test/MemCopySRAM2D/log/runp2p.log,../gen/Tst_test/MemCopySRAM2D/log/runhybrid.log,True,,,9.589914013,,18,18,2,2,1,2,36,36,162,162,,,,,,,,,,,,,,,,,,,,,,,0:30.66,589,,,False,True,,1.73854,1.73854,0:00.30,,,,False,False,,,,,True
4997453a,aeea2065,2019-07-24 11:45:59,MemCopySRAM2D_2,test,Tst,1000000000.0,../gen/Tst_test/MemCopySRAM2D_2/log/runproute.log,../gen/Tst_test/MemCopySRAM2D_2/log/runproute.sh,../gen/Tst_test/MemCopySRAM2D_2/plastisim/summary.csv,../gen/Tst_test/MemCopySRAM2D_2/pir/AccelMain.scala,../gen/Tst_test/MemCopySRAM2D_2/log/,../gen/Tst_test/MemCopySRAM2D_2/log/gentst.log,../gen/Tst_test/MemCopySRAM2D_2/pir/out/resource.csv,../gen/Tst_test/MemCopySRAM2D_2/log/maketst.log,../gen/Tst_test/MemCopySRAM2D_2/log/runp2p.log,../gen/Tst_test/MemCopySRAM2D_2/log/runhybrid.log,True,,,10.538129716,,18,18,2,2,2,3,36,36,162,162,,,,,,,,,,,,,,,,,,,,,,,0:31.40,860,,,False,True,,1.1907,1.1907,0:00.32,,,,False,False,,,,,True
4997453a,aeea2065,2019-07-24 11:45:59,MemReduce1D,test,Tst,1000000000.0,../gen/Tst_test/MemReduce1D/log/runproute.log,../gen/Tst_test/MemReduce1D/log/runproute.sh,../gen/Tst_test/MemReduce1D/plastisim/summary.csv,../gen/Tst_test/MemReduce1D/pir/AccelMain.scala,../gen/Tst_test/MemReduce1D/log/,../gen/Tst_test/MemReduce1D/log/gentst.log,../gen/Tst_test/MemReduce1D/pir/out/resource.csv,../gen/Tst_test/MemReduce1D/log/maketst.log,../gen/Tst_test/MemReduce1D/log/runp2p.log,../gen/Tst_test/MemReduce1D/log/runhybrid.log,True,,"[[31merror[0m] 15-MemoryLowering throw [pir] FIFO49 (None, Some(MemReduce1D.scala:28:14)) has read enables at 
",5.340486172,,18,18,,,,,,,,,,,,,,,,,,,,,,,,,,,,,,,,,,,False,False,,,,,,,,False,False,,,,,False
4997453a,aeea2065,2019-07-24 11:45:59,MemReduce2D,test,Tst,1000000000.0,../gen/Tst_test/MemReduce2D/log/runproute.log,../gen/Tst_test/MemReduce2D/log/runproute.sh,../gen/Tst_test/MemReduce2D/plastisim/summary.csv,../gen/Tst_test/MemReduce2D/pir/AccelMain.scala,../gen/Tst_test/MemReduce2D/log/,../gen/Tst_test/MemReduce2D/log/gentst.log,../gen/Tst_test/MemReduce2D/pir/out/resource.csv,../gen/Tst_test/MemReduce2D/log/maketst.log,../gen/Tst_test/MemReduce2D/log/runp2p.log,../gen/Tst_test/MemReduce2D/log/runhybrid.log,True,,,16.329607392,,18,18,3,3,5,5,36,36,162,162,,,,,,,,,,,,,,,,,,,,,,,0:42.84,41774,,,False,True,,7.0597,0.0245129,0:06.29,,,,False,False,,,,,True
4997453a,aeea2065,2019-07-24 11:45:59,MemReduceFIFO,test,Tst,1000000000.0,../gen/Tst_test/MemReduceFIFO/log/runproute.log,../gen/Tst_test/MemReduceFIFO/log/runproute.sh,../gen/Tst_test/MemReduceFIFO/plastisim/summary.csv,../gen/Tst_test/MemReduceFIFO/pir/AccelMain.scala,../gen/Tst_test/MemReduceFIFO/log/,../gen/Tst_test/MemReduceFIFO/log/gentst.log,../gen/Tst_test/MemReduceFIFO/pir/out/resource.csv,../gen/Tst_test/MemReduceFIFO/log/maketst.log,../gen/Tst_test/MemReduceFIFO/log/runp2p.log,../gen/Tst_test/MemReduceFIFO/log/runhybrid.log,True,,"[[31merror[0m] 15-MemoryLowering throw [pir] FIFO49 (None, Some(MemReduce1D.scala:141:14)) has read enables at 
",4.944498227,,18,18,,,,,,,,,,,,,,,,,,,,,,,,,,,,,,,,,,,False,False,,,,,,,,False,False,,,,,False
4997453a,aeea2065,2019-07-24 11:45:59,MemReduceSimple,test,Tst,1000000000.0,../gen/Tst_test/MemReduceSimple/log/runproute.log,../gen/Tst_test/MemReduceSimple/log/runproute.sh,../gen/Tst_test/MemReduceSimple/plastisim/summary.csv,../gen/Tst_test/MemReduceSimple/pir/AccelMain.scala,../gen/Tst_test/MemReduceSimple/log/,../gen/Tst_test/MemReduceSimple/log/gentst.log,../gen/Tst_test/MemReduceSimple/pir/out/resource.csv,../gen/Tst_test/MemReduceSimple/log/maketst.log,../gen/Tst_test/MemReduceSimple/log/runp2p.log,../gen/Tst_test/MemReduceSimple/log/runhybrid.log,True,,,11.455377208,,18,18,2,2,4,5,36,36,162,162,,,,,,,,,,,,,,,,,,,,,,,0:33.46,220,,True,False,True,,0.0,0.581818,0:00.35,,,,False,False,,,,,True
4997453a,aeea2065,2019-07-24 11:45:59,MemReduceTiny,test,Tst,1000000000.0,../gen/Tst_test/MemReduceTiny/log/runproute.log,../gen/Tst_test/MemReduceTiny/log/runproute.sh,../gen/Tst_test/MemReduceTiny/plastisim/summary.csv,../gen/Tst_test/MemReduceTiny/pir/AccelMain.scala,../gen/Tst_test/MemReduceTiny/log/,../gen/Tst_test/MemReduceTiny/log/gentst.log,../gen/Tst_test/MemReduceTiny/pir/out/resource.csv,../gen/Tst_test/MemReduceTiny/log/maketst.log,../gen/Tst_test/MemReduceTiny/log/runp2p.log,../gen/Tst_test/MemReduceTiny/log/runhybrid.log,True,,,11.531709979,,18,18,1,1,3,4,36,36,162,162,,,,,,,,,,,,,,,,,,,,,,,0:32.43,35522,,True,False,True,,0.0,0.115309,0:01.91,,,,False,False,,,,,True
4997453a,aeea2065,2019-07-24 11:45:59,MemReduceToUnitPipe,test,Tst,1000000000.0,../gen/Tst_test/MemReduceToUnitPipe/log/runproute.log,../gen/Tst_test/MemReduceToUnitPipe/log/runproute.sh,../gen/Tst_test/MemReduceToUnitPipe/plastisim/summary.csv,../gen/Tst_test/MemReduceToUnitPipe/pir/AccelMain.scala,../gen/Tst_test/MemReduceToUnitPipe/log/,../gen/Tst_test/MemReduceToUnitPipe/log/gentst.log,../gen/Tst_test/MemReduceToUnitPipe/pir/out/resource.csv,../gen/Tst_test/MemReduceToUnitPipe/log/maketst.log,../gen/Tst_test/MemReduceToUnitPipe/log/runp2p.log,../gen/Tst_test/MemReduceToUnitPipe/log/runhybrid.log,False,[bug] Encountered exception while updating node,,,,,,,,,,,,,,,,,,,,,,,,,,,,,,,,,,,,,,,,False,False,,,,,,,,False,False,,,,,False
4997453a,aeea2065,2019-07-24 11:45:59,MergeSort,test,Tst,1000000000.0,../gen/Tst_test/MergeSort/log/runproute.log,../gen/Tst_test/MergeSort/log/runproute.sh,../gen/Tst_test/MergeSort/plastisim/summary.csv,../gen/Tst_test/MergeSort/pir/AccelMain.scala,../gen/Tst_test/MergeSort/log/,../gen/Tst_test/MergeSort/log/gentst.log,../gen/Tst_test/MergeSort/pir/out/resource.csv,../gen/Tst_test/MergeSort/log/maketst.log,../gen/Tst_test/MergeSort/log/runp2p.log,../gen/Tst_test/MergeSort/log/runhybrid.log,True,,"[0m[[0m[31merror[0m] [0m[0m/local/ssd/home/yaqiz/ASPLOS2020/sim/spatial/gen/Tst_test/MergeSort/pir/AccelMain.scala:244:31: not found: value x1381[0m
",,,,,,,,,,,,,,,,,,,,,,,,,,,,,,,,,,,,,,,False,False,,,,,,,,False,False,,,,,False
4997453a,aeea2065,2019-07-24 11:45:59,MetaprogrammedConflict,test,Tst,1000000000.0,../gen/Tst_test/MetaprogrammedConflict/log/runproute.log,../gen/Tst_test/MetaprogrammedConflict/log/runproute.sh,../gen/Tst_test/MetaprogrammedConflict/plastisim/summary.csv,../gen/Tst_test/MetaprogrammedConflict/pir/AccelMain.scala,../gen/Tst_test/MetaprogrammedConflict/log/,../gen/Tst_test/MetaprogrammedConflict/log/gentst.log,../gen/Tst_test/MetaprogrammedConflict/pir/out/resource.csv,../gen/Tst_test/MetaprogrammedConflict/log/maketst.log,../gen/Tst_test/MetaprogrammedConflict/log/runp2p.log,../gen/Tst_test/MetaprogrammedConflict/log/runhybrid.log,True,,"[[31merror[0m] Constrain failed on MemoryContainer448
",11.284159678,,18,18,,,,,,,,,,,,,,,,,,,,,,,,,,,,,,,,,,,False,False,,,,,,,,False,False,,,,,False
4997453a,aeea2065,2019-07-24 11:45:59,MismatchedDiagonalBanking,test,Tst,1000000000.0,../gen/Tst_test/MismatchedDiagonalBanking/log/runproute.log,../gen/Tst_test/MismatchedDiagonalBanking/log/runproute.sh,../gen/Tst_test/MismatchedDiagonalBanking/plastisim/summary.csv,../gen/Tst_test/MismatchedDiagonalBanking/pir/AccelMain.scala,../gen/Tst_test/MismatchedDiagonalBanking/log/,../gen/Tst_test/MismatchedDiagonalBanking/log/gentst.log,../gen/Tst_test/MismatchedDiagonalBanking/pir/out/resource.csv,../gen/Tst_test/MismatchedDiagonalBanking/log/maketst.log,../gen/Tst_test/MismatchedDiagonalBanking/log/runp2p.log,../gen/Tst_test/MismatchedDiagonalBanking/log/runhybrid.log,True,,,13.209232664,,18,18,2,5,2,3,36,36,162,162,,,,,,,,,,,,,,,,,,,,,,,0:36.32,2644,,,False,True,,3.09834,3.09834,0:00.44,,,,False,False,,,,,True
4997453a,aeea2065,2019-07-24 11:45:59,MixedIO,test,Tst,1000000000.0,../gen/Tst_test/MixedIO/log/runproute.log,../gen/Tst_test/MixedIO/log/runproute.sh,../gen/Tst_test/MixedIO/plastisim/summary.csv,../gen/Tst_test/MixedIO/pir/AccelMain.scala,../gen/Tst_test/MixedIO/log/,../gen/Tst_test/MixedIO/log/gentst.log,../gen/Tst_test/MixedIO/pir/out/resource.csv,../gen/Tst_test/MixedIO/log/maketst.log,../gen/Tst_test/MixedIO/log/runp2p.log,../gen/Tst_test/MixedIO/log/runhybrid.log,False,[error] ExhaustiveBanking.scala:172:78: Cannot bank MixedIO.scala:19:20 (y2),,,,,,,,,,,,,,,,,,,,,,,,,,,,,,,,,,,,,,,,False,False,,,,,,,,False,False,,,,,False
4997453a,aeea2065,2019-07-24 11:45:59,ModuloIndexing,test,Tst,1000000000.0,../gen/Tst_test/ModuloIndexing/log/runproute.log,../gen/Tst_test/ModuloIndexing/log/runproute.sh,../gen/Tst_test/ModuloIndexing/plastisim/summary.csv,../gen/Tst_test/ModuloIndexing/pir/AccelMain.scala,../gen/Tst_test/ModuloIndexing/log/,../gen/Tst_test/ModuloIndexing/log/gentst.log,../gen/Tst_test/ModuloIndexing/pir/out/resource.csv,../gen/Tst_test/ModuloIndexing/log/maketst.log,../gen/Tst_test/ModuloIndexing/log/runp2p.log,../gen/Tst_test/ModuloIndexing/log/runhybrid.log,False,[error] //TODO: Plasticine does not support unbanked unrolled access at the moment. ,,,,,,,,,,,,,,,,,,,,,,,,,,,,,,,,,,,,,,,,False,False,,,,,,,,False,False,,,,,False
4997453a,aeea2065,2019-07-24 11:45:59,MultiArgOut,test,Tst,1000000000.0,../gen/Tst_test/MultiArgOut/log/runproute.log,../gen/Tst_test/MultiArgOut/log/runproute.sh,../gen/Tst_test/MultiArgOut/plastisim/summary.csv,../gen/Tst_test/MultiArgOut/pir/AccelMain.scala,../gen/Tst_test/MultiArgOut/log/,../gen/Tst_test/MultiArgOut/log/gentst.log,../gen/Tst_test/MultiArgOut/pir/out/resource.csv,../gen/Tst_test/MultiArgOut/log/maketst.log,../gen/Tst_test/MultiArgOut/log/runp2p.log,../gen/Tst_test/MultiArgOut/log/runhybrid.log,True,,,5.66074889,,18,18,0,0,0,0,36,36,162,162,,,,,,,,,,,,,,,,,,,,,,,0:24.41,2,,True,False,True,,0.0,0.0,0:00.30,,,,False,False,,,,,True
4997453a,aeea2065,2019-07-24 11:45:59,MultiTriplet,test,Tst,1000000000.0,../gen/Tst_test/MultiTriplet/log/runproute.log,../gen/Tst_test/MultiTriplet/log/runproute.sh,../gen/Tst_test/MultiTriplet/plastisim/summary.csv,../gen/Tst_test/MultiTriplet/pir/AccelMain.scala,../gen/Tst_test/MultiTriplet/log/,../gen/Tst_test/MultiTriplet/log/gentst.log,../gen/Tst_test/MultiTriplet/pir/out/resource.csv,../gen/Tst_test/MultiTriplet/log/maketst.log,../gen/Tst_test/MultiTriplet/log/runp2p.log,../gen/Tst_test/MultiTriplet/log/runhybrid.log,True,,,8.556754809,,18,18,0,4,0,1,36,36,162,162,,,,,,,,,,,,,,,,,,,,,,"src/Context73.h:58:23: error: â€˜MemRead25â€™ was not declared in this scope
",0:07.03,,,,False,False,,,,,,,,False,False,,,,,False
4997453a,aeea2065,2019-07-24 11:45:59,MultiWriteBuffer,test,Tst,1000000000.0,../gen/Tst_test/MultiWriteBuffer/log/runproute.log,../gen/Tst_test/MultiWriteBuffer/log/runproute.sh,../gen/Tst_test/MultiWriteBuffer/plastisim/summary.csv,../gen/Tst_test/MultiWriteBuffer/pir/AccelMain.scala,../gen/Tst_test/MultiWriteBuffer/log/,../gen/Tst_test/MultiWriteBuffer/log/gentst.log,../gen/Tst_test/MultiWriteBuffer/pir/out/resource.csv,../gen/Tst_test/MultiWriteBuffer/log/maketst.log,../gen/Tst_test/MultiWriteBuffer/log/runp2p.log,../gen/Tst_test/MultiWriteBuffer/log/runhybrid.log,True,,,11.751929027,,18,18,1,1,3,5,36,36,162,162,,,,,,,,,,,,,,,,,,,,,,,0:31.07,4985,,True,False,True,,0.0,0.205416,0:00.50,,,,False,False,,,,,True
4997453a,aeea2065,2019-07-24 11:45:59,MultilevelPar,test,Tst,1000000000.0,../gen/Tst_test/MultilevelPar/log/runproute.log,../gen/Tst_test/MultilevelPar/log/runproute.sh,../gen/Tst_test/MultilevelPar/plastisim/summary.csv,../gen/Tst_test/MultilevelPar/pir/AccelMain.scala,../gen/Tst_test/MultilevelPar/log/,../gen/Tst_test/MultilevelPar/log/gentst.log,../gen/Tst_test/MultilevelPar/pir/out/resource.csv,../gen/Tst_test/MultilevelPar/log/maketst.log,../gen/Tst_test/MultilevelPar/log/runp2p.log,../gen/Tst_test/MultilevelPar/log/runhybrid.log,True,,,19.561883938,,18,18,2,21,2,3,36,36,162,162,,,,,,,,,,,,,,,,,,,,,,,0:40.52,1195,,,False,True,,0.0,1.71381,0:00.52,,,,False,False,,,,,True
4997453a,aeea2065,2019-07-24 11:45:59,MultiplexedSRAMAccum,test,Tst,1000000000.0,../gen/Tst_test/MultiplexedSRAMAccum/log/runproute.log,../gen/Tst_test/MultiplexedSRAMAccum/log/runproute.sh,../gen/Tst_test/MultiplexedSRAMAccum/plastisim/summary.csv,../gen/Tst_test/MultiplexedSRAMAccum/pir/AccelMain.scala,../gen/Tst_test/MultiplexedSRAMAccum/log/,../gen/Tst_test/MultiplexedSRAMAccum/log/gentst.log,../gen/Tst_test/MultiplexedSRAMAccum/pir/out/resource.csv,../gen/Tst_test/MultiplexedSRAMAccum/log/maketst.log,../gen/Tst_test/MultiplexedSRAMAccum/log/runp2p.log,../gen/Tst_test/MultiplexedSRAMAccum/log/runhybrid.log,True,,,13.437802441,,18,18,2,2,5,4,36,36,162,162,,,,,,,,,,,,,,,,,,,,,,,0:36.77,3137,,,False,True,,0.0408033,0.0408033,0:00.63,,,,False,False,,,,,True
4997453a,aeea2065,2019-07-24 11:45:59,MultiplexedWrites,test,Tst,1000000000.0,../gen/Tst_test/MultiplexedWrites/log/runproute.log,../gen/Tst_test/MultiplexedWrites/log/runproute.sh,../gen/Tst_test/MultiplexedWrites/plastisim/summary.csv,../gen/Tst_test/MultiplexedWrites/pir/AccelMain.scala,../gen/Tst_test/MultiplexedWrites/log/,../gen/Tst_test/MultiplexedWrites/log/gentst.log,../gen/Tst_test/MultiplexedWrites/pir/out/resource.csv,../gen/Tst_test/MultiplexedWrites/log/maketst.log,../gen/Tst_test/MultiplexedWrites/log/runp2p.log,../gen/Tst_test/MultiplexedWrites/log/runhybrid.log,True,,,14.89687523,,18,18,3,3,3,6,36,36,162,162,,,,,,,,,,,,,,,,,,,,,,,0:39.33,7102,,,False,True,,0.216277,0.540693,0:01.12,,,,False,False,,,,,True
4997453a,aeea2065,2019-07-24 11:45:59,MuxTest,test,Tst,1000000000.0,../gen/Tst_test/MuxTest/log/runproute.log,../gen/Tst_test/MuxTest/log/runproute.sh,../gen/Tst_test/MuxTest/plastisim/summary.csv,../gen/Tst_test/MuxTest/pir/AccelMain.scala,../gen/Tst_test/MuxTest/log/,../gen/Tst_test/MuxTest/log/gentst.log,../gen/Tst_test/MuxTest/pir/out/resource.csv,../gen/Tst_test/MuxTest/log/maketst.log,../gen/Tst_test/MuxTest/log/runp2p.log,../gen/Tst_test/MuxTest/log/runhybrid.log,True,,"[0m[[0m[31merror[0m] [0m[0m/local/ssd/home/yaqiz/ASPLOS2020/sim/spatial/gen/Tst_test/MuxTest/pir/AccelMain.scala:44:38: not found: value OneHotMux5[0m
",,,,,,,,,,,,,,,,,,,,,,,,,,,,,,,,,,,,,,,False,False,,,,,,,,False,False,,,,,False
4997453a,aeea2065,2019-07-24 11:45:59,NIter,test,Tst,1000000000.0,../gen/Tst_test/NIter/log/runproute.log,../gen/Tst_test/NIter/log/runproute.sh,../gen/Tst_test/NIter/plastisim/summary.csv,../gen/Tst_test/NIter/pir/AccelMain.scala,../gen/Tst_test/NIter/log/,../gen/Tst_test/NIter/log/gentst.log,../gen/Tst_test/NIter/pir/out/resource.csv,../gen/Tst_test/NIter/log/maketst.log,../gen/Tst_test/NIter/log/runp2p.log,../gen/Tst_test/NIter/log/runhybrid.log,True,,,6.93672187,,18,18,0,0,0,1,36,36,162,162,,,,,,,,,,,,,,,,,,,,,,,0:26.22,204,,True,False,True,,0.0,0.0,0:00.33,,,,False,False,,,,,True
4997453a,aeea2065,2019-07-24 11:45:59,NIter2,test,Tst,1000000000.0,../gen/Tst_test/NIter2/log/runproute.log,../gen/Tst_test/NIter2/log/runproute.sh,../gen/Tst_test/NIter2/plastisim/summary.csv,../gen/Tst_test/NIter2/pir/AccelMain.scala,../gen/Tst_test/NIter2/log/,../gen/Tst_test/NIter2/log/gentst.log,../gen/Tst_test/NIter2/pir/out/resource.csv,../gen/Tst_test/NIter2/log/maketst.log,../gen/Tst_test/NIter2/log/runp2p.log,../gen/Tst_test/NIter2/log/runhybrid.log,True,,,7.337409859,,18,18,0,0,0,2,36,36,162,162,,,,,,,,,,,,,,,,,,,,,,,0:26.08,121,,,False,True,,0.0,0.0,0:00.35,,,,False,False,,,,,True
4997453a,aeea2065,2019-07-24 11:45:59,NW_alg,test,Tst,1000000000.0,../gen/Tst_test/NW_alg/log/runproute.log,../gen/Tst_test/NW_alg/log/runproute.sh,../gen/Tst_test/NW_alg/plastisim/summary.csv,../gen/Tst_test/NW_alg/pir/AccelMain.scala,../gen/Tst_test/NW_alg/log/,../gen/Tst_test/NW_alg/log/gentst.log,../gen/Tst_test/NW_alg/pir/out/resource.csv,../gen/Tst_test/NW_alg/log/maketst.log,../gen/Tst_test/NW_alg/log/runp2p.log,../gen/Tst_test/NW_alg/log/runhybrid.log,False,[error] //TODO: Plasticine does not support unbanked unrolled access at the moment. ,,,,,,,,,,,,,,,,,,,,,,,,,,,,,,,,,,,,,,,,False,False,,,,,,,,False,False,,,,,False
4997453a,aeea2065,2019-07-24 11:45:59,NestedAlias,test,Tst,1000000000.0,../gen/Tst_test/NestedAlias/log/runproute.log,../gen/Tst_test/NestedAlias/log/runproute.sh,../gen/Tst_test/NestedAlias/plastisim/summary.csv,../gen/Tst_test/NestedAlias/pir/AccelMain.scala,../gen/Tst_test/NestedAlias/log/,../gen/Tst_test/NestedAlias/log/gentst.log,../gen/Tst_test/NestedAlias/pir/out/resource.csv,../gen/Tst_test/NestedAlias/log/maketst.log,../gen/Tst_test/NestedAlias/log/runp2p.log,../gen/Tst_test/NestedAlias/log/runhybrid.log,True,,,7.12461824,,18,18,0,0,1,1,36,36,162,162,,,,,,,,,,,,,,,,,,,,,,,0:27.32,1,,,False,True,,0.0,0.0,0:00.30,,,,False,False,,,,,True
4997453a,aeea2065,2019-07-24 11:45:59,NestedIfs,test,Tst,1000000000.0,../gen/Tst_test/NestedIfs/log/runproute.log,../gen/Tst_test/NestedIfs/log/runproute.sh,../gen/Tst_test/NestedIfs/plastisim/summary.csv,../gen/Tst_test/NestedIfs/pir/AccelMain.scala,../gen/Tst_test/NestedIfs/log/,../gen/Tst_test/NestedIfs/log/gentst.log,../gen/Tst_test/NestedIfs/pir/out/resource.csv,../gen/Tst_test/NestedIfs/log/maketst.log,../gen/Tst_test/NestedIfs/log/runp2p.log,../gen/Tst_test/NestedIfs/log/runhybrid.log,True,,,9.350267233,,18,18,0,0,1,3,36,36,162,162,,,,,,,,,,,,,,,,,,,,,,,0:28.40,31,,,False,True,,0.0,0.0,0:00.31,,,,False,False,,,,,True
4997453a,aeea2065,2019-07-24 11:45:59,NoMerge1D,test,Tst,1000000000.0,../gen/Tst_test/NoMerge1D/log/runproute.log,../gen/Tst_test/NoMerge1D/log/runproute.sh,../gen/Tst_test/NoMerge1D/plastisim/summary.csv,../gen/Tst_test/NoMerge1D/pir/AccelMain.scala,../gen/Tst_test/NoMerge1D/log/,../gen/Tst_test/NoMerge1D/log/gentst.log,../gen/Tst_test/NoMerge1D/pir/out/resource.csv,../gen/Tst_test/NoMerge1D/log/maketst.log,../gen/Tst_test/NoMerge1D/log/runp2p.log,../gen/Tst_test/NoMerge1D/log/runhybrid.log,True,,"[[31merror[0m] 15-MemoryLowering throw java.lang.AssertionError: assertion failed: Not exactly one element in Set(MemWrite83, MemWrite103) for Reg11.access group
",4.319340866,,18,18,,,,,,,,,,,,,,,,,,,,,,,,,,,,,,,,,,,False,False,,,,,,,,False,False,,,,,False
4997453a,aeea2065,2019-07-24 11:45:59,OOBTest,test,Tst,1000000000.0,../gen/Tst_test/OOBTest/log/runproute.log,../gen/Tst_test/OOBTest/log/runproute.sh,../gen/Tst_test/OOBTest/plastisim/summary.csv,../gen/Tst_test/OOBTest/pir/AccelMain.scala,../gen/Tst_test/OOBTest/log/,../gen/Tst_test/OOBTest/log/gentst.log,../gen/Tst_test/OOBTest/pir/out/resource.csv,../gen/Tst_test/OOBTest/log/maketst.log,../gen/Tst_test/OOBTest/log/runp2p.log,../gen/Tst_test/OOBTest/log/runhybrid.log,True,,,10.876452551,,18,18,2,2,1,3,36,36,162,162,,,,,,,,,,,,,,,,,,,,,,,0:30.22,,"Assertion fail:
",,False,False,,0.761905,0.0,0:00.49,,,,False,False,,,,,False
4997453a,aeea2065,2019-07-24 11:45:59,OpticalFlow,test,Tst,1000000000.0,../gen/Tst_test/OpticalFlow/log/runproute.log,../gen/Tst_test/OpticalFlow/log/runproute.sh,../gen/Tst_test/OpticalFlow/plastisim/summary.csv,../gen/Tst_test/OpticalFlow/pir/AccelMain.scala,../gen/Tst_test/OpticalFlow/log/,../gen/Tst_test/OpticalFlow/log/gentst.log,../gen/Tst_test/OpticalFlow/pir/out/resource.csv,../gen/Tst_test/OpticalFlow/log/maketst.log,../gen/Tst_test/OpticalFlow/log/runp2p.log,../gen/Tst_test/OpticalFlow/log/runhybrid.log,True,,,,,,,,,,,,,,,,,,,,,,,,,,,,,,,,,,,,,,,,,False,False,,,,,,,,False,False,,,,,False
4997453a,aeea2065,2019-07-24 11:45:59,OuterForeachUnrolling,test,Tst,1000000000.0,../gen/Tst_test/OuterForeachUnrolling/log/runproute.log,../gen/Tst_test/OuterForeachUnrolling/log/runproute.sh,../gen/Tst_test/OuterForeachUnrolling/plastisim/summary.csv,../gen/Tst_test/OuterForeachUnrolling/pir/AccelMain.scala,../gen/Tst_test/OuterForeachUnrolling/log/,../gen/Tst_test/OuterForeachUnrolling/log/gentst.log,../gen/Tst_test/OuterForeachUnrolling/pir/out/resource.csv,../gen/Tst_test/OuterForeachUnrolling/log/maketst.log,../gen/Tst_test/OuterForeachUnrolling/log/runp2p.log,../gen/Tst_test/OuterForeachUnrolling/log/runhybrid.log,True,,,10.372688101,,18,18,2,2,2,5,36,36,162,162,,,,,,,,,,,,,,,,,,,,,,,0:32.27,74,,True,False,True,,0.0,1.72973,0:00.34,,,,False,False,,,,,True
4997453a,aeea2065,2019-07-24 11:45:59,OuterForeachUnrolling2,test,Tst,1000000000.0,../gen/Tst_test/OuterForeachUnrolling2/log/runproute.log,../gen/Tst_test/OuterForeachUnrolling2/log/runproute.sh,../gen/Tst_test/OuterForeachUnrolling2/plastisim/summary.csv,../gen/Tst_test/OuterForeachUnrolling2/pir/AccelMain.scala,../gen/Tst_test/OuterForeachUnrolling2/log/,../gen/Tst_test/OuterForeachUnrolling2/log/gentst.log,../gen/Tst_test/OuterForeachUnrolling2/pir/out/resource.csv,../gen/Tst_test/OuterForeachUnrolling2/log/maketst.log,../gen/Tst_test/OuterForeachUnrolling2/log/runp2p.log,../gen/Tst_test/OuterForeachUnrolling2/log/runhybrid.log,True,,,20.403192897,,18,18,8,8,8,12,36,36,162,162,,,,,,,,,,,,,,,,,,,,,,,0:43.83,594,,True,False,True,,3.6633,3.6633,0:00.29,,,,False,False,,,,,True
4997453a,aeea2065,2019-07-24 11:45:59,OuterForeachUnrolling2POM,test,Tst,1000000000.0,../gen/Tst_test/OuterForeachUnrolling2POM/log/runproute.log,../gen/Tst_test/OuterForeachUnrolling2POM/log/runproute.sh,../gen/Tst_test/OuterForeachUnrolling2POM/plastisim/summary.csv,../gen/Tst_test/OuterForeachUnrolling2POM/pir/AccelMain.scala,../gen/Tst_test/OuterForeachUnrolling2POM/log/,../gen/Tst_test/OuterForeachUnrolling2POM/log/gentst.log,../gen/Tst_test/OuterForeachUnrolling2POM/pir/out/resource.csv,../gen/Tst_test/OuterForeachUnrolling2POM/log/maketst.log,../gen/Tst_test/OuterForeachUnrolling2POM/log/runp2p.log,../gen/Tst_test/OuterForeachUnrolling2POM/log/runhybrid.log,True,,,23.117074788,,18,18,8,8,8,12,36,36,162,162,,,,,,,,,,,,,,,,,,,,,,,0:54.60,594,,True,False,True,,3.6633,3.6633,0:00.32,,,,False,False,,,,,True
4997453a,aeea2065,2019-07-24 11:45:59,OuterForeachUnrollingFlagged,test,Tst,1000000000.0,../gen/Tst_test/OuterForeachUnrollingFlagged/log/runproute.log,../gen/Tst_test/OuterForeachUnrollingFlagged/log/runproute.sh,../gen/Tst_test/OuterForeachUnrollingFlagged/plastisim/summary.csv,../gen/Tst_test/OuterForeachUnrollingFlagged/pir/AccelMain.scala,../gen/Tst_test/OuterForeachUnrollingFlagged/log/,../gen/Tst_test/OuterForeachUnrollingFlagged/log/gentst.log,../gen/Tst_test/OuterForeachUnrollingFlagged/pir/out/resource.csv,../gen/Tst_test/OuterForeachUnrollingFlagged/log/maketst.log,../gen/Tst_test/OuterForeachUnrollingFlagged/log/runp2p.log,../gen/Tst_test/OuterForeachUnrollingFlagged/log/runhybrid.log,True,,,14.245498328,,18,18,4,4,4,10,36,36,162,162,,,,,,,,,,,,,,,,,,,,,,,0:38.01,74,,True,False,True,,0.0,3.45946,0:00.33,,,,False,False,,,,,True
4997453a,aeea2065,2019-07-24 11:45:59,OuterForeachUnrollingFlaggedPOM,test,Tst,1000000000.0,../gen/Tst_test/OuterForeachUnrollingFlaggedPOM/log/runproute.log,../gen/Tst_test/OuterForeachUnrollingFlaggedPOM/log/runproute.sh,../gen/Tst_test/OuterForeachUnrollingFlaggedPOM/plastisim/summary.csv,../gen/Tst_test/OuterForeachUnrollingFlaggedPOM/pir/AccelMain.scala,../gen/Tst_test/OuterForeachUnrollingFlaggedPOM/log/,../gen/Tst_test/OuterForeachUnrollingFlaggedPOM/log/gentst.log,../gen/Tst_test/OuterForeachUnrollingFlaggedPOM/pir/out/resource.csv,../gen/Tst_test/OuterForeachUnrollingFlaggedPOM/log/maketst.log,../gen/Tst_test/OuterForeachUnrollingFlaggedPOM/log/runp2p.log,../gen/Tst_test/OuterForeachUnrollingFlaggedPOM/log/runhybrid.log,True,,,14.906899415,,18,18,4,4,4,10,36,36,162,162,,,,,,,,,,,,,,,,,,,,,,,0:38.11,74,,True,False,True,,0.0,3.45946,0:00.30,,,,False,False,,,,,True
4997453a,aeea2065,2019-07-24 11:45:59,OuterForeachUnrollingPOM,test,Tst,1000000000.0,../gen/Tst_test/OuterForeachUnrollingPOM/log/runproute.log,../gen/Tst_test/OuterForeachUnrollingPOM/log/runproute.sh,../gen/Tst_test/OuterForeachUnrollingPOM/plastisim/summary.csv,../gen/Tst_test/OuterForeachUnrollingPOM/pir/AccelMain.scala,../gen/Tst_test/OuterForeachUnrollingPOM/log/,../gen/Tst_test/OuterForeachUnrollingPOM/log/gentst.log,../gen/Tst_test/OuterForeachUnrollingPOM/pir/out/resource.csv,../gen/Tst_test/OuterForeachUnrollingPOM/log/maketst.log,../gen/Tst_test/OuterForeachUnrollingPOM/log/runp2p.log,../gen/Tst_test/OuterForeachUnrollingPOM/log/runhybrid.log,True,,,11.671015869,,18,18,2,2,2,5,36,36,162,162,,,,,,,,,,,,,,,,,,,,,,,0:29.71,74,,True,False,True,,0.0,1.72973,0:00.38,,,,False,False,,,,,True
4997453a,aeea2065,2019-07-24 11:45:59,OuterProduct,test,Tst,1000000000.0,../gen/Tst_test/OuterProduct/log/runproute.log,../gen/Tst_test/OuterProduct/log/runproute.sh,../gen/Tst_test/OuterProduct/plastisim/summary.csv,../gen/Tst_test/OuterProduct/pir/AccelMain.scala,../gen/Tst_test/OuterProduct/log/,../gen/Tst_test/OuterProduct/log/gentst.log,../gen/Tst_test/OuterProduct/pir/out/resource.csv,../gen/Tst_test/OuterProduct/log/maketst.log,../gen/Tst_test/OuterProduct/log/runp2p.log,../gen/Tst_test/OuterProduct/log/runhybrid.log,True,,,11.972114673,,18,18,3,3,3,3,36,36,162,162,,,,,,,,,,,,,,,,,,,,,,,0:40.26,72359,,True,False,True,,4.76292,22.6427,0:08.33,,,,False,False,,,,,True
4997453a,aeea2065,2019-07-24 11:45:59,OuterReduceUnrolling,test,Tst,1000000000.0,../gen/Tst_test/OuterReduceUnrolling/log/runproute.log,../gen/Tst_test/OuterReduceUnrolling/log/runproute.sh,../gen/Tst_test/OuterReduceUnrolling/plastisim/summary.csv,../gen/Tst_test/OuterReduceUnrolling/pir/AccelMain.scala,../gen/Tst_test/OuterReduceUnrolling/log/,../gen/Tst_test/OuterReduceUnrolling/log/gentst.log,../gen/Tst_test/OuterReduceUnrolling/pir/out/resource.csv,../gen/Tst_test/OuterReduceUnrolling/log/maketst.log,../gen/Tst_test/OuterReduceUnrolling/log/runp2p.log,../gen/Tst_test/OuterReduceUnrolling/log/runhybrid.log,True,,,9.090405329,,18,18,0,0,2,4,36,36,162,162,,,,,,,,,,,,,,,,,,,,,,,0:29.06,44,,True,False,True,,0.0,0.0,0:00.30,,,,False,False,,,,,True
4997453a,aeea2065,2019-07-24 11:45:59,OuterReduceUnrolling2,test,Tst,1000000000.0,../gen/Tst_test/OuterReduceUnrolling2/log/runproute.log,../gen/Tst_test/OuterReduceUnrolling2/log/runproute.sh,../gen/Tst_test/OuterReduceUnrolling2/plastisim/summary.csv,../gen/Tst_test/OuterReduceUnrolling2/pir/AccelMain.scala,../gen/Tst_test/OuterReduceUnrolling2/log/,../gen/Tst_test/OuterReduceUnrolling2/log/gentst.log,../gen/Tst_test/OuterReduceUnrolling2/pir/out/resource.csv,../gen/Tst_test/OuterReduceUnrolling2/log/maketst.log,../gen/Tst_test/OuterReduceUnrolling2/log/runp2p.log,../gen/Tst_test/OuterReduceUnrolling2/log/runhybrid.log,True,,,9.20924165,,18,18,0,0,0,6,36,36,162,162,,,,,,,,,,,,,,,,,,,,,,,0:27.39,50,,True,False,True,,0.0,0.0,0:00.29,,,,False,False,,,,,True
4997453a,aeea2065,2019-07-24 11:45:59,OuterSwitch,test,Tst,1000000000.0,../gen/Tst_test/OuterSwitch/log/runproute.log,../gen/Tst_test/OuterSwitch/log/runproute.sh,../gen/Tst_test/OuterSwitch/plastisim/summary.csv,../gen/Tst_test/OuterSwitch/pir/AccelMain.scala,../gen/Tst_test/OuterSwitch/log/,../gen/Tst_test/OuterSwitch/log/gentst.log,../gen/Tst_test/OuterSwitch/pir/out/resource.csv,../gen/Tst_test/OuterSwitch/log/maketst.log,../gen/Tst_test/OuterSwitch/log/runp2p.log,../gen/Tst_test/OuterSwitch/log/runhybrid.log,True,,,10.037159975,,18,18,1,1,1,4,36,36,162,162,,,,,,,,,,,,,,,,,,,,,,,0:29.74,121,,,False,True,,0.0,1.05785,0:00.35,,,,False,False,,,,,True
4997453a,aeea2065,2019-07-24 11:45:59,PageBoundaryStraddle,test,Tst,1000000000.0,../gen/Tst_test/PageBoundaryStraddle/log/runproute.log,../gen/Tst_test/PageBoundaryStraddle/log/runproute.sh,../gen/Tst_test/PageBoundaryStraddle/plastisim/summary.csv,../gen/Tst_test/PageBoundaryStraddle/pir/AccelMain.scala,../gen/Tst_test/PageBoundaryStraddle/log/,../gen/Tst_test/PageBoundaryStraddle/log/gentst.log,../gen/Tst_test/PageBoundaryStraddle/pir/out/resource.csv,../gen/Tst_test/PageBoundaryStraddle/log/maketst.log,../gen/Tst_test/PageBoundaryStraddle/log/runp2p.log,../gen/Tst_test/PageBoundaryStraddle/log/runhybrid.log,True,,,12.533404993,,18,18,3,3,3,6,36,36,162,162,,,,,,,,,,,,,,,,,,,,,,,0:35.59,949,,True,False,True,,3.64173,7.28346,0:00.38,,,,False,False,,,,,True
4997453a,aeea2065,2019-07-24 11:45:59,PageRank,test,Tst,1000000000.0,../gen/Tst_test/PageRank/log/runproute.log,../gen/Tst_test/PageRank/log/runproute.sh,../gen/Tst_test/PageRank/plastisim/summary.csv,../gen/Tst_test/PageRank/pir/AccelMain.scala,../gen/Tst_test/PageRank/log/,../gen/Tst_test/PageRank/log/gentst.log,../gen/Tst_test/PageRank/pir/out/resource.csv,../gen/Tst_test/PageRank/log/maketst.log,../gen/Tst_test/PageRank/log/runp2p.log,../gen/Tst_test/PageRank/log/runhybrid.log,True,,"[0m[[0m[31merror[0m] [0m[0m/local/ssd/home/yaqiz/ASPLOS2020/sim/spatial/gen/Tst_test/PageRank/pir/AccelMain.scala:608:71: not found: value x1269[0m
",,,,,,,,,,,,,,,,,,,,,,,,,,,,,,,,,,,,,,,False,False,,,,,,,,False,False,,,,,False
4997453a,aeea2065,2019-07-24 11:45:59,PageRank_Bulk,test,Tst,1000000000.0,../gen/Tst_test/PageRank_Bulk/log/runproute.log,../gen/Tst_test/PageRank_Bulk/log/runproute.sh,../gen/Tst_test/PageRank_Bulk/plastisim/summary.csv,../gen/Tst_test/PageRank_Bulk/pir/AccelMain.scala,../gen/Tst_test/PageRank_Bulk/log/,../gen/Tst_test/PageRank_Bulk/log/gentst.log,../gen/Tst_test/PageRank_Bulk/pir/out/resource.csv,../gen/Tst_test/PageRank_Bulk/log/maketst.log,../gen/Tst_test/PageRank_Bulk/log/runp2p.log,../gen/Tst_test/PageRank_Bulk/log/runhybrid.log,True,,"[0m[[0m[31merror[0m] [0m[0m/local/ssd/home/yaqiz/ASPLOS2020/sim/spatial/gen/Tst_test/PageRank_Bulk/pir/AccelMain.scala:475:71: not found: value x1218[0m
",,,,,,,,,,,,,,,,,,,,,,,,,,,,,,,,,,,,,,,False,False,,,,,,,,False,False,,,,,False
4997453a,aeea2065,2019-07-24 11:45:59,ParFIFOLoad,test,Tst,1000000000.0,../gen/Tst_test/ParFIFOLoad/log/runproute.log,../gen/Tst_test/ParFIFOLoad/log/runproute.sh,../gen/Tst_test/ParFIFOLoad/plastisim/summary.csv,../gen/Tst_test/ParFIFOLoad/pir/AccelMain.scala,../gen/Tst_test/ParFIFOLoad/log/,../gen/Tst_test/ParFIFOLoad/log/gentst.log,../gen/Tst_test/ParFIFOLoad/pir/out/resource.csv,../gen/Tst_test/ParFIFOLoad/log/maketst.log,../gen/Tst_test/ParFIFOLoad/log/runp2p.log,../gen/Tst_test/ParFIFOLoad/log/runhybrid.log,True,,,9.162826795,,18,18,2,2,0,1,36,36,162,162,,,,,,,,,,,,,,,,,,,,,,,0:28.05,253,,,False,True,,6.07115,0.0,0:00.29,,,,False,False,,,,,True
4997453a,aeea2065,2019-07-24 11:45:59,ParFIFOLoad2,test,Tst,1000000000.0,../gen/Tst_test/ParFIFOLoad2/log/runproute.log,../gen/Tst_test/ParFIFOLoad2/log/runproute.sh,../gen/Tst_test/ParFIFOLoad2/plastisim/summary.csv,../gen/Tst_test/ParFIFOLoad2/pir/AccelMain.scala,../gen/Tst_test/ParFIFOLoad2/log/,../gen/Tst_test/ParFIFOLoad2/log/gentst.log,../gen/Tst_test/ParFIFOLoad2/pir/out/resource.csv,../gen/Tst_test/ParFIFOLoad2/log/maketst.log,../gen/Tst_test/ParFIFOLoad2/log/runp2p.log,../gen/Tst_test/ParFIFOLoad2/log/runhybrid.log,True,,,10.136273586,,18,18,3,3,0,1,36,36,162,162,,,,,,,,,,,,,,,,,,,,,,,0:28.03,445,,,False,True,,10.3551,0.0,0:00.32,,,,False,False,,,,,True
4997453a,aeea2065,2019-07-24 11:45:59,ParLaneMask,test,Tst,1000000000.0,../gen/Tst_test/ParLaneMask/log/runproute.log,../gen/Tst_test/ParLaneMask/log/runproute.sh,../gen/Tst_test/ParLaneMask/plastisim/summary.csv,../gen/Tst_test/ParLaneMask/pir/AccelMain.scala,../gen/Tst_test/ParLaneMask/log/,../gen/Tst_test/ParLaneMask/log/gentst.log,../gen/Tst_test/ParLaneMask/pir/out/resource.csv,../gen/Tst_test/ParLaneMask/log/maketst.log,../gen/Tst_test/ParLaneMask/log/runp2p.log,../gen/Tst_test/ParLaneMask/log/runhybrid.log,True,,"[[31merror[0m] 54-TungstenPIRGen throw java.lang.AssertionError: assertion failed: More than one element in List(UnitController8367, UnitController8366) for LoopController8356.childCtrlers
",30.629815398,,18,18,1,27,12,5,36,36,162,162,,,,,,,,,,,,,,,,,,,,,,,,,,,False,False,,,,,,,,False,False,,,,,False
4997453a,aeea2065,2019-07-24 11:45:59,ParallelLCA,test,Tst,1000000000.0,../gen/Tst_test/ParallelLCA/log/runproute.log,../gen/Tst_test/ParallelLCA/log/runproute.sh,../gen/Tst_test/ParallelLCA/plastisim/summary.csv,../gen/Tst_test/ParallelLCA/pir/AccelMain.scala,../gen/Tst_test/ParallelLCA/log/,../gen/Tst_test/ParallelLCA/log/gentst.log,../gen/Tst_test/ParallelLCA/pir/out/resource.csv,../gen/Tst_test/ParallelLCA/log/maketst.log,../gen/Tst_test/ParallelLCA/log/runp2p.log,../gen/Tst_test/ParallelLCA/log/runhybrid.log,True,,,17.637666416,,18,18,1,17,2,2,36,36,162,162,,,,,,,,,,,,,,,,,,,,,,,0:32.66,332,,,False,True,,0.192771,0.192771,0:00.26,,,,False,False,,,,,True
4997453a,aeea2065,2019-07-24 11:45:59,ParallelPipeInsertion,test,Tst,1000000000.0,../gen/Tst_test/ParallelPipeInsertion/log/runproute.log,../gen/Tst_test/ParallelPipeInsertion/log/runproute.sh,../gen/Tst_test/ParallelPipeInsertion/plastisim/summary.csv,../gen/Tst_test/ParallelPipeInsertion/pir/AccelMain.scala,../gen/Tst_test/ParallelPipeInsertion/log/,../gen/Tst_test/ParallelPipeInsertion/log/gentst.log,../gen/Tst_test/ParallelPipeInsertion/pir/out/resource.csv,../gen/Tst_test/ParallelPipeInsertion/log/maketst.log,../gen/Tst_test/ParallelPipeInsertion/log/runp2p.log,../gen/Tst_test/ParallelPipeInsertion/log/runhybrid.log,True,,,,,,,,,,,,,,,,,,,,,,,,,,,,,,,,,,,,,,,,,False,False,,,,,,,,False,False,,,,,False
4997453a,aeea2065,2019-07-24 11:45:59,PartialMemReduce1D,test,Tst,1000000000.0,../gen/Tst_test/PartialMemReduce1D/log/runproute.log,../gen/Tst_test/PartialMemReduce1D/log/runproute.sh,../gen/Tst_test/PartialMemReduce1D/plastisim/summary.csv,../gen/Tst_test/PartialMemReduce1D/pir/AccelMain.scala,../gen/Tst_test/PartialMemReduce1D/log/,../gen/Tst_test/PartialMemReduce1D/log/gentst.log,../gen/Tst_test/PartialMemReduce1D/pir/out/resource.csv,../gen/Tst_test/PartialMemReduce1D/log/maketst.log,../gen/Tst_test/PartialMemReduce1D/log/runp2p.log,../gen/Tst_test/PartialMemReduce1D/log/runhybrid.log,True,,,13.839052302,,18,18,3,3,6,6,36,36,162,162,,,,,,,,,,,,,,,,,,,,,,,0:42.21,2462,,True,False,True,,3.11942,0.311942,0:00.61,,,,False,False,,,,,True
4997453a,aeea2065,2019-07-24 11:45:59,PartialMemReduce2D,test,Tst,1000000000.0,../gen/Tst_test/PartialMemReduce2D/log/runproute.log,../gen/Tst_test/PartialMemReduce2D/log/runproute.sh,../gen/Tst_test/PartialMemReduce2D/plastisim/summary.csv,../gen/Tst_test/PartialMemReduce2D/pir/AccelMain.scala,../gen/Tst_test/PartialMemReduce2D/log/,../gen/Tst_test/PartialMemReduce2D/log/gentst.log,../gen/Tst_test/PartialMemReduce2D/pir/out/resource.csv,../gen/Tst_test/PartialMemReduce2D/log/maketst.log,../gen/Tst_test/PartialMemReduce2D/log/runp2p.log,../gen/Tst_test/PartialMemReduce2D/log/runhybrid.log,True,,,22.540072226,,18,18,4,4,8,16,36,36,162,162,,,,,,,,,,,,,,,,,,,,,,,0:59.20,41774,"Assertion fail:
",,False,False,,7.0597,0.122564,0:12.40,,,,False,False,,,,,False
4997453a,aeea2065,2019-07-24 11:45:59,PartialTileLoadStore,test,Tst,1000000000.0,../gen/Tst_test/PartialTileLoadStore/log/runproute.log,../gen/Tst_test/PartialTileLoadStore/log/runproute.sh,../gen/Tst_test/PartialTileLoadStore/plastisim/summary.csv,../gen/Tst_test/PartialTileLoadStore/pir/AccelMain.scala,../gen/Tst_test/PartialTileLoadStore/log/,../gen/Tst_test/PartialTileLoadStore/log/gentst.log,../gen/Tst_test/PartialTileLoadStore/pir/out/resource.csv,../gen/Tst_test/PartialTileLoadStore/log/maketst.log,../gen/Tst_test/PartialTileLoadStore/log/runp2p.log,../gen/Tst_test/PartialTileLoadStore/log/runhybrid.log,True,,,13.715603003,,18,18,2,2,2,6,36,36,162,162,,,,,,,,,,,,,,,,,,,,,,,0:34.48,899,,True,False,True,,1.13904,1.13904,0:00.38,,,,False,False,,,,,True
4997453a,aeea2065,2019-07-24 11:45:59,PartialXBar,test,Tst,1000000000.0,../gen/Tst_test/PartialXBar/log/runproute.log,../gen/Tst_test/PartialXBar/log/runproute.sh,../gen/Tst_test/PartialXBar/plastisim/summary.csv,../gen/Tst_test/PartialXBar/pir/AccelMain.scala,../gen/Tst_test/PartialXBar/log/,../gen/Tst_test/PartialXBar/log/gentst.log,../gen/Tst_test/PartialXBar/pir/out/resource.csv,../gen/Tst_test/PartialXBar/log/maketst.log,../gen/Tst_test/PartialXBar/log/runp2p.log,../gen/Tst_test/PartialXBar/log/runhybrid.log,True,,,7.153091388,,18,18,0,0,1,1,36,36,162,162,,,,,,,,,,,,,,,,,,,,,,,0:27.32,33,,,False,True,,0.0,0.0,0:00.32,,,,False,False,,,,,True
4997453a,aeea2065,2019-07-24 11:45:59,Perfection,test,Tst,1000000000.0,../gen/Tst_test/Perfection/log/runproute.log,../gen/Tst_test/Perfection/log/runproute.sh,../gen/Tst_test/Perfection/plastisim/summary.csv,../gen/Tst_test/Perfection/pir/AccelMain.scala,../gen/Tst_test/Perfection/log/,../gen/Tst_test/Perfection/log/gentst.log,../gen/Tst_test/Perfection/pir/out/resource.csv,../gen/Tst_test/Perfection/log/maketst.log,../gen/Tst_test/Perfection/log/runp2p.log,../gen/Tst_test/Perfection/log/runhybrid.log,True,,,9.11400044,,18,18,1,1,1,4,36,36,162,162,,,,,,,,,,,,,,,,,,,,,,,0:30.46,219,,,False,True,,0.0,0.292237,0:00.29,,,,False,False,,,,,True
4997453a,aeea2065,2019-07-24 11:45:59,PipeMergerTest,test,Tst,1000000000.0,../gen/Tst_test/PipeMergerTest/log/runproute.log,../gen/Tst_test/PipeMergerTest/log/runproute.sh,../gen/Tst_test/PipeMergerTest/plastisim/summary.csv,../gen/Tst_test/PipeMergerTest/pir/AccelMain.scala,../gen/Tst_test/PipeMergerTest/log/,../gen/Tst_test/PipeMergerTest/log/gentst.log,../gen/Tst_test/PipeMergerTest/pir/out/resource.csv,../gen/Tst_test/PipeMergerTest/log/maketst.log,../gen/Tst_test/PipeMergerTest/log/runp2p.log,../gen/Tst_test/PipeMergerTest/log/runhybrid.log,True,,,48.438112676,,18,18,1,36,7,59,36,36,162,162,,,,,,,,,,,,,,,,,,,,,,,2:23.02,922,,,False,True,,1.11063,0.0,0:01.41,,,,False,False,,,,,True
4997453a,aeea2065,2019-07-24 11:45:59,PropUses,test,Tst,1000000000.0,../gen/Tst_test/PropUses/log/runproute.log,../gen/Tst_test/PropUses/log/runproute.sh,../gen/Tst_test/PropUses/plastisim/summary.csv,../gen/Tst_test/PropUses/pir/AccelMain.scala,../gen/Tst_test/PropUses/log/,../gen/Tst_test/PropUses/log/gentst.log,../gen/Tst_test/PropUses/pir/out/resource.csv,../gen/Tst_test/PropUses/log/maketst.log,../gen/Tst_test/PropUses/log/runp2p.log,../gen/Tst_test/PropUses/log/runhybrid.log,True,,"[0m[[0m[31merror[0m] [0m[0m/local/ssd/home/yaqiz/ASPLOS2020/sim/spatial/gen/Tst_test/PropUses/pir/AccelMain.scala:62:51: not found: value x161_x[0m
",,,,,,,,,,,,,,,,,,,,,,,,,,,,,,,,,,,,,,,False,False,,,,,,,,False,False,,,,,False
4997453a,aeea2065,2019-07-24 11:45:59,RandomInPlaceUpdate,test,Tst,1000000000.0,../gen/Tst_test/RandomInPlaceUpdate/log/runproute.log,../gen/Tst_test/RandomInPlaceUpdate/log/runproute.sh,../gen/Tst_test/RandomInPlaceUpdate/plastisim/summary.csv,../gen/Tst_test/RandomInPlaceUpdate/pir/AccelMain.scala,../gen/Tst_test/RandomInPlaceUpdate/log/,../gen/Tst_test/RandomInPlaceUpdate/log/gentst.log,../gen/Tst_test/RandomInPlaceUpdate/pir/out/resource.csv,../gen/Tst_test/RandomInPlaceUpdate/log/maketst.log,../gen/Tst_test/RandomInPlaceUpdate/log/runp2p.log,../gen/Tst_test/RandomInPlaceUpdate/log/runhybrid.log,True,,,11.55003303,,18,18,3,3,3,3,36,36,162,162,,,,,,,,,,,,,,,,,,,,,,,0:35.86,274,,,False,True,,0.934307,0.467153,0:00.32,,,,False,False,,,,,True
4997453a,aeea2065,2019-07-24 11:45:59,RandomInPlaceUpdate2,test,Tst,1000000000.0,../gen/Tst_test/RandomInPlaceUpdate2/log/runproute.log,../gen/Tst_test/RandomInPlaceUpdate2/log/runproute.sh,../gen/Tst_test/RandomInPlaceUpdate2/plastisim/summary.csv,../gen/Tst_test/RandomInPlaceUpdate2/pir/AccelMain.scala,../gen/Tst_test/RandomInPlaceUpdate2/log/,../gen/Tst_test/RandomInPlaceUpdate2/log/gentst.log,../gen/Tst_test/RandomInPlaceUpdate2/pir/out/resource.csv,../gen/Tst_test/RandomInPlaceUpdate2/log/maketst.log,../gen/Tst_test/RandomInPlaceUpdate2/log/runp2p.log,../gen/Tst_test/RandomInPlaceUpdate2/log/runhybrid.log,True,,"[[31merror[0m] Constrain failed on MemoryContainer271
",8.202894533,,18,18,,,,,,,,,,,,,,,,,,,,,,,,,,,,,,,,,,,False,False,,,,,,,,False,False,,,,,False
4997453a,aeea2065,2019-07-24 11:45:59,ReadBroadcast,test,Tst,1000000000.0,../gen/Tst_test/ReadBroadcast/log/runproute.log,../gen/Tst_test/ReadBroadcast/log/runproute.sh,../gen/Tst_test/ReadBroadcast/plastisim/summary.csv,../gen/Tst_test/ReadBroadcast/pir/AccelMain.scala,../gen/Tst_test/ReadBroadcast/log/,../gen/Tst_test/ReadBroadcast/log/gentst.log,../gen/Tst_test/ReadBroadcast/pir/out/resource.csv,../gen/Tst_test/ReadBroadcast/log/maketst.log,../gen/Tst_test/ReadBroadcast/log/runp2p.log,../gen/Tst_test/ReadBroadcast/log/runhybrid.log,True,,,,,,,,,,,,,,,,,,,,,,,,,,,,,,,,,,,,,,,,,False,False,,,,,,,,False,False,,,,,False
4997453a,aeea2065,2019-07-24 11:45:59,ReadCSV1D,test,Tst,1000000000.0,../gen/Tst_test/ReadCSV1D/log/runproute.log,../gen/Tst_test/ReadCSV1D/log/runproute.sh,../gen/Tst_test/ReadCSV1D/plastisim/summary.csv,../gen/Tst_test/ReadCSV1D/pir/AccelMain.scala,../gen/Tst_test/ReadCSV1D/log/,../gen/Tst_test/ReadCSV1D/log/gentst.log,../gen/Tst_test/ReadCSV1D/pir/out/resource.csv,../gen/Tst_test/ReadCSV1D/log/maketst.log,../gen/Tst_test/ReadCSV1D/log/runp2p.log,../gen/Tst_test/ReadCSV1D/log/runhybrid.log,True,,,9.285413081,,18,18,1,1,1,2,36,36,162,162,,,,,,,,,,,,,,,,,,,,,,,0:28.62,156,,,False,True,,1.64103,0.0,0:00.30,,,,False,False,,,,,True
4997453a,aeea2065,2019-07-24 11:45:59,ReadCSV2D,test,Tst,1000000000.0,../gen/Tst_test/ReadCSV2D/log/runproute.log,../gen/Tst_test/ReadCSV2D/log/runproute.sh,../gen/Tst_test/ReadCSV2D/plastisim/summary.csv,../gen/Tst_test/ReadCSV2D/pir/AccelMain.scala,../gen/Tst_test/ReadCSV2D/log/,../gen/Tst_test/ReadCSV2D/log/gentst.log,../gen/Tst_test/ReadCSV2D/pir/out/resource.csv,../gen/Tst_test/ReadCSV2D/log/maketst.log,../gen/Tst_test/ReadCSV2D/log/runp2p.log,../gen/Tst_test/ReadCSV2D/log/runhybrid.log,True,,,10.10745825,,18,18,1,1,1,2,36,36,162,162,,,,,,,,,,,,,,,,,,,,,,,0:30.33,242,,True,False,True,,2.1157,0.0,0:00.30,,,,False,False,,,,,True
4997453a,aeea2065,2019-07-24 11:45:59,ReadSSV1D,test,Tst,1000000000.0,../gen/Tst_test/ReadSSV1D/log/runproute.log,../gen/Tst_test/ReadSSV1D/log/runproute.sh,../gen/Tst_test/ReadSSV1D/plastisim/summary.csv,../gen/Tst_test/ReadSSV1D/pir/AccelMain.scala,../gen/Tst_test/ReadSSV1D/log/,../gen/Tst_test/ReadSSV1D/log/gentst.log,../gen/Tst_test/ReadSSV1D/pir/out/resource.csv,../gen/Tst_test/ReadSSV1D/log/maketst.log,../gen/Tst_test/ReadSSV1D/log/runp2p.log,../gen/Tst_test/ReadSSV1D/log/runhybrid.log,True,,,9.656409058,,18,18,1,1,1,2,36,36,162,162,,,,,,,,,,,,,,,,,,,,,,,0:29.15,156,,True,False,True,,1.64103,0.0,0:00.31,,,,False,False,,,,,True
4997453a,aeea2065,2019-07-24 11:45:59,ReadSSV2D,test,Tst,1000000000.0,../gen/Tst_test/ReadSSV2D/log/runproute.log,../gen/Tst_test/ReadSSV2D/log/runproute.sh,../gen/Tst_test/ReadSSV2D/plastisim/summary.csv,../gen/Tst_test/ReadSSV2D/pir/AccelMain.scala,../gen/Tst_test/ReadSSV2D/log/,../gen/Tst_test/ReadSSV2D/log/gentst.log,../gen/Tst_test/ReadSSV2D/pir/out/resource.csv,../gen/Tst_test/ReadSSV2D/log/maketst.log,../gen/Tst_test/ReadSSV2D/log/runp2p.log,../gen/Tst_test/ReadSSV2D/log/runhybrid.log,True,,,10.153571854,,18,18,1,1,1,2,36,36,162,162,,,,,,,,,,,,,,,,,,,,,,,0:31.42,242,,True,False,True,,2.1157,0.0,0:00.27,,,,False,False,,,,,True
4997453a,aeea2065,2019-07-24 11:45:59,ReduceAccumTiny,test,Tst,1000000000.0,../gen/Tst_test/ReduceAccumTiny/log/runproute.log,../gen/Tst_test/ReduceAccumTiny/log/runproute.sh,../gen/Tst_test/ReduceAccumTiny/plastisim/summary.csv,../gen/Tst_test/ReduceAccumTiny/pir/AccelMain.scala,../gen/Tst_test/ReduceAccumTiny/log/,../gen/Tst_test/ReduceAccumTiny/log/gentst.log,../gen/Tst_test/ReduceAccumTiny/pir/out/resource.csv,../gen/Tst_test/ReduceAccumTiny/log/maketst.log,../gen/Tst_test/ReduceAccumTiny/log/runp2p.log,../gen/Tst_test/ReduceAccumTiny/log/runhybrid.log,True,,,6.772613017,,18,18,0,1,0,1,36,36,162,162,,,,,,,,,,,,,,,,,,,,,,,0:24.70,25,,,False,True,,0.0,0.0,0:00.25,,,,False,False,,,,,True
4997453a,aeea2065,2019-07-24 11:45:59,ReduceArbitraryLambda,test,Tst,1000000000.0,../gen/Tst_test/ReduceArbitraryLambda/log/runproute.log,../gen/Tst_test/ReduceArbitraryLambda/log/runproute.sh,../gen/Tst_test/ReduceArbitraryLambda/plastisim/summary.csv,../gen/Tst_test/ReduceArbitraryLambda/pir/AccelMain.scala,../gen/Tst_test/ReduceArbitraryLambda/log/,../gen/Tst_test/ReduceArbitraryLambda/log/gentst.log,../gen/Tst_test/ReduceArbitraryLambda/pir/out/resource.csv,../gen/Tst_test/ReduceArbitraryLambda/log/maketst.log,../gen/Tst_test/ReduceArbitraryLambda/log/runp2p.log,../gen/Tst_test/ReduceArbitraryLambda/log/runhybrid.log,True,,,8.246934324,,18,18,0,0,0,3,36,36,162,162,,,,,,,,,,,,,,,,,,,,,,,0:26.17,71,,,False,True,,0.0,0.0,0:00.27,,,,False,False,,,,,True
4997453a,aeea2065,2019-07-24 11:45:59,ReduceOptimized,test,Tst,1000000000.0,../gen/Tst_test/ReduceOptimized/log/runproute.log,../gen/Tst_test/ReduceOptimized/log/runproute.sh,../gen/Tst_test/ReduceOptimized/plastisim/summary.csv,../gen/Tst_test/ReduceOptimized/pir/AccelMain.scala,../gen/Tst_test/ReduceOptimized/log/,../gen/Tst_test/ReduceOptimized/log/gentst.log,../gen/Tst_test/ReduceOptimized/pir/out/resource.csv,../gen/Tst_test/ReduceOptimized/log/maketst.log,../gen/Tst_test/ReduceOptimized/log/runp2p.log,../gen/Tst_test/ReduceOptimized/log/runhybrid.log,True,,,8.281558296,,18,18,0,3,0,1,36,36,162,162,,,,,,,,,,,,,,,,,,,,,,,0:26.29,5072,,True,False,True,,0.0,0.0,0:00.41,,,,False,False,,,,,True
4997453a,aeea2065,2019-07-24 11:45:59,ReduceReverse,test,Tst,1000000000.0,../gen/Tst_test/ReduceReverse/log/runproute.log,../gen/Tst_test/ReduceReverse/log/runproute.sh,../gen/Tst_test/ReduceReverse/plastisim/summary.csv,../gen/Tst_test/ReduceReverse/pir/AccelMain.scala,../gen/Tst_test/ReduceReverse/log/,../gen/Tst_test/ReduceReverse/log/gentst.log,../gen/Tst_test/ReduceReverse/pir/out/resource.csv,../gen/Tst_test/ReduceReverse/log/maketst.log,../gen/Tst_test/ReduceReverse/log/runp2p.log,../gen/Tst_test/ReduceReverse/log/runhybrid.log,True,,,6.598637039,,18,18,0,0,0,1,36,36,162,162,,,,,,,,,,,,,,,,,,,,,,,0:24.98,28,,,False,True,,0.0,0.0,0:00.30,,,,False,False,,,,,True
4997453a,aeea2065,2019-07-24 11:45:59,ReduceSimple,test,Tst,1000000000.0,../gen/Tst_test/ReduceSimple/log/runproute.log,../gen/Tst_test/ReduceSimple/log/runproute.sh,../gen/Tst_test/ReduceSimple/plastisim/summary.csv,../gen/Tst_test/ReduceSimple/pir/AccelMain.scala,../gen/Tst_test/ReduceSimple/log/,../gen/Tst_test/ReduceSimple/log/gentst.log,../gen/Tst_test/ReduceSimple/pir/out/resource.csv,../gen/Tst_test/ReduceSimple/log/maketst.log,../gen/Tst_test/ReduceSimple/log/runp2p.log,../gen/Tst_test/ReduceSimple/log/runhybrid.log,True,,,6.841028654,,18,18,0,0,0,1,36,36,162,162,,,,,,,,,,,,,,,,,,,,,,,0:24.92,108,,True,False,True,,0.0,0.0,0:00.28,,,,False,False,,,,,True
4997453a,aeea2065,2019-07-24 11:45:59,ReduceSpecialization,test,Tst,1000000000.0,../gen/Tst_test/ReduceSpecialization/log/runproute.log,../gen/Tst_test/ReduceSpecialization/log/runproute.sh,../gen/Tst_test/ReduceSpecialization/plastisim/summary.csv,../gen/Tst_test/ReduceSpecialization/pir/AccelMain.scala,../gen/Tst_test/ReduceSpecialization/log/,../gen/Tst_test/ReduceSpecialization/log/gentst.log,../gen/Tst_test/ReduceSpecialization/pir/out/resource.csv,../gen/Tst_test/ReduceSpecialization/log/maketst.log,../gen/Tst_test/ReduceSpecialization/log/runp2p.log,../gen/Tst_test/ReduceSpecialization/log/runhybrid.log,True,,,,,,,,,,,,,,,,,,,,,,,,,,,,,,,,,,,,,,,,,False,False,,,,,,,,False,False,,,,,False
4997453a,aeea2065,2019-07-24 11:45:59,ReduceStruct,test,Tst,1000000000.0,../gen/Tst_test/ReduceStruct/log/runproute.log,../gen/Tst_test/ReduceStruct/log/runproute.sh,../gen/Tst_test/ReduceStruct/plastisim/summary.csv,../gen/Tst_test/ReduceStruct/pir/AccelMain.scala,../gen/Tst_test/ReduceStruct/log/,../gen/Tst_test/ReduceStruct/log/gentst.log,../gen/Tst_test/ReduceStruct/pir/out/resource.csv,../gen/Tst_test/ReduceStruct/log/maketst.log,../gen/Tst_test/ReduceStruct/log/runp2p.log,../gen/Tst_test/ReduceStruct/log/runhybrid.log,True,,"[0m[[0m[31merror[0m] [0m[0m/local/ssd/home/yaqiz/ASPLOS2020/sim/spatial/gen/Tst_test/ReduceStruct/pir/AccelMain.scala:120:54: not found: value x213_min[0m
",,,,,,,,,,,,,,,,,,,,,,,,,,,,,,,,,,,,,,,False,False,,,,,,,,False,False,,,,,False
4997453a,aeea2065,2019-07-24 11:45:59,ReduceTiny,test,Tst,1000000000.0,../gen/Tst_test/ReduceTiny/log/runproute.log,../gen/Tst_test/ReduceTiny/log/runproute.sh,../gen/Tst_test/ReduceTiny/plastisim/summary.csv,../gen/Tst_test/ReduceTiny/pir/AccelMain.scala,../gen/Tst_test/ReduceTiny/log/,../gen/Tst_test/ReduceTiny/log/gentst.log,../gen/Tst_test/ReduceTiny/pir/out/resource.csv,../gen/Tst_test/ReduceTiny/log/maketst.log,../gen/Tst_test/ReduceTiny/log/runp2p.log,../gen/Tst_test/ReduceTiny/log/runhybrid.log,True,,,7.565001065,,18,18,0,0,1,1,36,36,162,162,,,,,,,,,,,,,,,,,,,,,,,0:27.51,47,,,False,True,,0.0,0.0,0:00.31,,,,False,False,,,,,True
4997453a,aeea2065,2019-07-24 11:45:59,ReduceTreeUnrolling,test,Tst,1000000000.0,../gen/Tst_test/ReduceTreeUnrolling/log/runproute.log,../gen/Tst_test/ReduceTreeUnrolling/log/runproute.sh,../gen/Tst_test/ReduceTreeUnrolling/plastisim/summary.csv,../gen/Tst_test/ReduceTreeUnrolling/pir/AccelMain.scala,../gen/Tst_test/ReduceTreeUnrolling/log/,../gen/Tst_test/ReduceTreeUnrolling/log/gentst.log,../gen/Tst_test/ReduceTreeUnrolling/pir/out/resource.csv,../gen/Tst_test/ReduceTreeUnrolling/log/maketst.log,../gen/Tst_test/ReduceTreeUnrolling/log/runp2p.log,../gen/Tst_test/ReduceTreeUnrolling/log/runhybrid.log,True,,,8.77495678,,18,18,1,1,1,1,36,36,162,162,,,,,,,,,,,,,,,,,,,,,,,0:28.27,87,,,False,True,,0.735632,0.0,0:00.29,,,,False,False,,,,,True
4997453a,aeea2065,2019-07-24 11:45:59,RegCoalescing,test,Tst,1000000000.0,../gen/Tst_test/RegCoalescing/log/runproute.log,../gen/Tst_test/RegCoalescing/log/runproute.sh,../gen/Tst_test/RegCoalescing/plastisim/summary.csv,../gen/Tst_test/RegCoalescing/pir/AccelMain.scala,../gen/Tst_test/RegCoalescing/log/,../gen/Tst_test/RegCoalescing/log/gentst.log,../gen/Tst_test/RegCoalescing/pir/out/resource.csv,../gen/Tst_test/RegCoalescing/log/maketst.log,../gen/Tst_test/RegCoalescing/log/runp2p.log,../gen/Tst_test/RegCoalescing/log/runhybrid.log,True,,,,,,,,,,,,,,,,,,,,,,,,,,,,,,,,,,,,,,,,,False,False,,,,,,,,False,False,,,,,False
4997453a,aeea2065,2019-07-24 11:45:59,RegTiny,test,Tst,1000000000.0,../gen/Tst_test/RegTiny/log/runproute.log,../gen/Tst_test/RegTiny/log/runproute.sh,../gen/Tst_test/RegTiny/plastisim/summary.csv,../gen/Tst_test/RegTiny/pir/AccelMain.scala,../gen/Tst_test/RegTiny/log/,../gen/Tst_test/RegTiny/log/gentst.log,../gen/Tst_test/RegTiny/pir/out/resource.csv,../gen/Tst_test/RegTiny/log/maketst.log,../gen/Tst_test/RegTiny/log/runp2p.log,../gen/Tst_test/RegTiny/log/runhybrid.log,True,,,6.488566516,,18,18,0,0,0,1,36,36,162,162,,,,,,,,,,,,,,,,,,,,,,,0:23.87,13,,,False,True,,0.0,0.0,0:00.30,,,,False,False,,,,,True
4997453a,aeea2065,2019-07-24 11:45:59,RegTinyReadWrite,test,Tst,1000000000.0,../gen/Tst_test/RegTinyReadWrite/log/runproute.log,../gen/Tst_test/RegTinyReadWrite/log/runproute.sh,../gen/Tst_test/RegTinyReadWrite/plastisim/summary.csv,../gen/Tst_test/RegTinyReadWrite/pir/AccelMain.scala,../gen/Tst_test/RegTinyReadWrite/log/,../gen/Tst_test/RegTinyReadWrite/log/gentst.log,../gen/Tst_test/RegTinyReadWrite/pir/out/resource.csv,../gen/Tst_test/RegTinyReadWrite/log/maketst.log,../gen/Tst_test/RegTinyReadWrite/log/runp2p.log,../gen/Tst_test/RegTinyReadWrite/log/runhybrid.log,True,,,5.540588374,,18,18,0,0,0,0,36,36,162,162,,,,,,,,,,,,,,,,,,,,,,,0:23.21,1,,,False,True,,0.0,0.0,0:00.33,,,,False,False,,,,,True
4997453a,aeea2065,2019-07-24 11:45:59,Rendering3D,test,Tst,1000000000.0,../gen/Tst_test/Rendering3D/log/runproute.log,../gen/Tst_test/Rendering3D/log/runproute.sh,../gen/Tst_test/Rendering3D/plastisim/summary.csv,../gen/Tst_test/Rendering3D/pir/AccelMain.scala,../gen/Tst_test/Rendering3D/log/,../gen/Tst_test/Rendering3D/log/gentst.log,../gen/Tst_test/Rendering3D/pir/out/resource.csv,../gen/Tst_test/Rendering3D/log/maketst.log,../gen/Tst_test/Rendering3D/log/runp2p.log,../gen/Tst_test/Rendering3D/log/runhybrid.log,True,,,,,,,,,,,,,,,,,,,,,,,,,,,,,,,,,,,,,,,,,False,False,,,,,,,,False,False,,,,,False
4997453a,aeea2065,2019-07-24 11:45:59,Rendering3DTmp2,test,Tst,1000000000.0,../gen/Tst_test/Rendering3DTmp2/log/runproute.log,../gen/Tst_test/Rendering3DTmp2/log/runproute.sh,../gen/Tst_test/Rendering3DTmp2/plastisim/summary.csv,../gen/Tst_test/Rendering3DTmp2/pir/AccelMain.scala,../gen/Tst_test/Rendering3DTmp2/log/,../gen/Tst_test/Rendering3DTmp2/log/gentst.log,../gen/Tst_test/Rendering3DTmp2/pir/out/resource.csv,../gen/Tst_test/Rendering3DTmp2/log/maketst.log,../gen/Tst_test/Rendering3DTmp2/log/runp2p.log,../gen/Tst_test/Rendering3DTmp2/log/runhybrid.log,False,[bug] Encountered exception while updating node,,,,,,,,,,,,,,,,,,,,,,,,,,,,,,,,,,,,,,,,False,False,,,,,,,,False,False,,,,,False
4997453a,aeea2065,2019-07-24 11:45:59,RetimeLoop,test,Tst,1000000000.0,../gen/Tst_test/RetimeLoop/log/runproute.log,../gen/Tst_test/RetimeLoop/log/runproute.sh,../gen/Tst_test/RetimeLoop/plastisim/summary.csv,../gen/Tst_test/RetimeLoop/pir/AccelMain.scala,../gen/Tst_test/RetimeLoop/log/,../gen/Tst_test/RetimeLoop/log/gentst.log,../gen/Tst_test/RetimeLoop/pir/out/resource.csv,../gen/Tst_test/RetimeLoop/log/maketst.log,../gen/Tst_test/RetimeLoop/log/runp2p.log,../gen/Tst_test/RetimeLoop/log/runhybrid.log,True,,,9.70830883,,18,18,1,1,1,4,36,36,162,162,,,,,,,,,,,,,,,,,,,,,,,0:30.07,570,,,False,True,,0.0,1.79649,0:00.36,,,,False,False,,,,,True
4997453a,aeea2065,2019-07-24 11:45:59,RetimeNestedPipe,test,Tst,1000000000.0,../gen/Tst_test/RetimeNestedPipe/log/runproute.log,../gen/Tst_test/RetimeNestedPipe/log/runproute.sh,../gen/Tst_test/RetimeNestedPipe/plastisim/summary.csv,../gen/Tst_test/RetimeNestedPipe/pir/AccelMain.scala,../gen/Tst_test/RetimeNestedPipe/log/,../gen/Tst_test/RetimeNestedPipe/log/gentst.log,../gen/Tst_test/RetimeNestedPipe/pir/out/resource.csv,../gen/Tst_test/RetimeNestedPipe/log/maketst.log,../gen/Tst_test/RetimeNestedPipe/log/runp2p.log,../gen/Tst_test/RetimeNestedPipe/log/runhybrid.log,True,,,6.902314492,,18,18,0,0,0,1,36,36,162,162,,,,,,,,,,,,,,,,,,,,,,,0:25.32,62,,,False,True,,0.0,0.0,0:00.30,,,,False,False,,,,,True
4997453a,aeea2065,2019-07-24 11:45:59,RetimeRandomTest,test,Tst,1000000000.0,../gen/Tst_test/RetimeRandomTest/log/runproute.log,../gen/Tst_test/RetimeRandomTest/log/runproute.sh,../gen/Tst_test/RetimeRandomTest/plastisim/summary.csv,../gen/Tst_test/RetimeRandomTest/pir/AccelMain.scala,../gen/Tst_test/RetimeRandomTest/log/,../gen/Tst_test/RetimeRandomTest/log/gentst.log,../gen/Tst_test/RetimeRandomTest/pir/out/resource.csv,../gen/Tst_test/RetimeRandomTest/log/maketst.log,../gen/Tst_test/RetimeRandomTest/log/runp2p.log,../gen/Tst_test/RetimeRandomTest/log/runhybrid.log,True,,"[[31merror[0m] 04-GraphInitialization throw [pir] Don't know how to infer vec of OpDef10
",5.227368104,,18,18,0,0,0,0,36,36,162,162,,,,,,,,,,,,,,,,,,,,,,,,,,,False,False,,,,,,,,False,False,,,,,False
4997453a,aeea2065,2019-07-24 11:45:59,SGD,test,Tst,1000000000.0,../gen/Tst_test/SGD/log/runproute.log,../gen/Tst_test/SGD/log/runproute.sh,../gen/Tst_test/SGD/plastisim/summary.csv,../gen/Tst_test/SGD/pir/AccelMain.scala,../gen/Tst_test/SGD/log/,../gen/Tst_test/SGD/log/gentst.log,../gen/Tst_test/SGD/pir/out/resource.csv,../gen/Tst_test/SGD/log/maketst.log,../gen/Tst_test/SGD/log/runp2p.log,../gen/Tst_test/SGD/log/runhybrid.log,True,,"[0m[[0m[31merror[0m] [0m[0m/local/ssd/home/yaqiz/ASPLOS2020/sim/spatial/gen/Tst_test/SGD/pir/AccelMain.scala:647:49: not found: value x1154[0m
",,,,,,,,,,,,,,,,,,,,,,,,,,,,,,,,,,,,,,,False,False,,,,,,,,False,False,,,,,False
4997453a,aeea2065,2019-07-24 11:45:59,SGD_minibatch,test,Tst,1000000000.0,../gen/Tst_test/SGD_minibatch/log/runproute.log,../gen/Tst_test/SGD_minibatch/log/runproute.sh,../gen/Tst_test/SGD_minibatch/plastisim/summary.csv,../gen/Tst_test/SGD_minibatch/pir/AccelMain.scala,../gen/Tst_test/SGD_minibatch/log/,../gen/Tst_test/SGD_minibatch/log/gentst.log,../gen/Tst_test/SGD_minibatch/pir/out/resource.csv,../gen/Tst_test/SGD_minibatch/log/maketst.log,../gen/Tst_test/SGD_minibatch/log/runp2p.log,../gen/Tst_test/SGD_minibatch/log/runhybrid.log,True,,,21.922206299,,18,18,3,9,7,4,36,36,162,162,,,,,,,,,,,,,,,,,,,,,,,0:54.03,70190,,True,False,True,,2.81932,0.000911811,0:14.67,,,,False,False,,,,,True
4997453a,aeea2065,2019-07-24 11:45:59,SHA1,test,Tst,1000000000.0,../gen/Tst_test/SHA1/log/runproute.log,../gen/Tst_test/SHA1/log/runproute.sh,../gen/Tst_test/SHA1/plastisim/summary.csv,../gen/Tst_test/SHA1/pir/AccelMain.scala,../gen/Tst_test/SHA1/log/,../gen/Tst_test/SHA1/log/gentst.log,../gen/Tst_test/SHA1/pir/out/resource.csv,../gen/Tst_test/SHA1/log/maketst.log,../gen/Tst_test/SHA1/log/runp2p.log,../gen/Tst_test/SHA1/log/runhybrid.log,True,,,,,,,,,,,,,,,,,,,,,,,,,,,,,,,,,,,,,,,,,False,False,,,,,,,,False,False,,,,,False
4997453a,aeea2065,2019-07-24 11:45:59,SPMV_CRS,test,Tst,1000000000.0,../gen/Tst_test/SPMV_CRS/log/runproute.log,../gen/Tst_test/SPMV_CRS/log/runproute.sh,../gen/Tst_test/SPMV_CRS/plastisim/summary.csv,../gen/Tst_test/SPMV_CRS/pir/AccelMain.scala,../gen/Tst_test/SPMV_CRS/log/,../gen/Tst_test/SPMV_CRS/log/gentst.log,../gen/Tst_test/SPMV_CRS/pir/out/resource.csv,../gen/Tst_test/SPMV_CRS/log/maketst.log,../gen/Tst_test/SPMV_CRS/log/runp2p.log,../gen/Tst_test/SPMV_CRS/log/runhybrid.log,True,,"[[31merror[0m] Multiple accesses to the same memory in the same basic block will deadlock on plasticine.
",24.806136997,,18,18,5,18,8,8,36,36,162,162,,,,,,,,,,,,,,,,,,,,,,,,,,,False,False,,,,,,,,False,False,,,,,False
4997453a,aeea2065,2019-07-24 11:45:59,SPMV_DumbPack,test,Tst,1000000000.0,../gen/Tst_test/SPMV_DumbPack/log/runproute.log,../gen/Tst_test/SPMV_DumbPack/log/runproute.sh,../gen/Tst_test/SPMV_DumbPack/plastisim/summary.csv,../gen/Tst_test/SPMV_DumbPack/pir/AccelMain.scala,../gen/Tst_test/SPMV_DumbPack/log/,../gen/Tst_test/SPMV_DumbPack/log/gentst.log,../gen/Tst_test/SPMV_DumbPack/pir/out/resource.csv,../gen/Tst_test/SPMV_DumbPack/log/maketst.log,../gen/Tst_test/SPMV_DumbPack/log/runp2p.log,../gen/Tst_test/SPMV_DumbPack/log/runhybrid.log,True,,"[[31merror[0m] Multiple accesses to the same memory in the same basic block will deadlock on plasticine.
",35.706539645,,18,18,10,25,13,9,36,36,162,162,,,,,,,,,,,,,,,,,,,,,,,,,,,False,False,,,,,,,,False,False,,,,,False
4997453a,aeea2065,2019-07-24 11:45:59,SPMV_ELL,test,Tst,1000000000.0,../gen/Tst_test/SPMV_ELL/log/runproute.log,../gen/Tst_test/SPMV_ELL/log/runproute.sh,../gen/Tst_test/SPMV_ELL/plastisim/summary.csv,../gen/Tst_test/SPMV_ELL/pir/AccelMain.scala,../gen/Tst_test/SPMV_ELL/log/,../gen/Tst_test/SPMV_ELL/log/gentst.log,../gen/Tst_test/SPMV_ELL/pir/out/resource.csv,../gen/Tst_test/SPMV_ELL/log/maketst.log,../gen/Tst_test/SPMV_ELL/log/runp2p.log,../gen/Tst_test/SPMV_ELL/log/runhybrid.log,True,,,18.114122103,,18,18,4,4,5,12,36,36,162,162,,,,,,,,,,,,,,,,,,,,,,,0:47.44,20588,,True,False,True,,20.0505,0.0963668,0:03.83,,,,False,False,,,,,True
4997453a,aeea2065,2019-07-24 11:45:59,SRAM1D,test,Tst,1000000000.0,../gen/Tst_test/SRAM1D/log/runproute.log,../gen/Tst_test/SRAM1D/log/runproute.sh,../gen/Tst_test/SRAM1D/plastisim/summary.csv,../gen/Tst_test/SRAM1D/pir/AccelMain.scala,../gen/Tst_test/SRAM1D/log/,../gen/Tst_test/SRAM1D/log/gentst.log,../gen/Tst_test/SRAM1D/pir/out/resource.csv,../gen/Tst_test/SRAM1D/log/maketst.log,../gen/Tst_test/SRAM1D/log/runp2p.log,../gen/Tst_test/SRAM1D/log/runhybrid.log,True,,,6.968866431,,18,18,0,0,1,2,36,36,162,162,,,,,,,,,,,,,,,,,,,,,,,0:23.64,406,,,False,True,,0.0,0.0,0:00.28,,,,False,False,,,,,True
4997453a,aeea2065,2019-07-24 11:45:59,SRAM2D,test,Tst,1000000000.0,../gen/Tst_test/SRAM2D/log/runproute.log,../gen/Tst_test/SRAM2D/log/runproute.sh,../gen/Tst_test/SRAM2D/plastisim/summary.csv,../gen/Tst_test/SRAM2D/pir/AccelMain.scala,../gen/Tst_test/SRAM2D/log/,../gen/Tst_test/SRAM2D/log/gentst.log,../gen/Tst_test/SRAM2D/pir/out/resource.csv,../gen/Tst_test/SRAM2D/log/maketst.log,../gen/Tst_test/SRAM2D/log/runp2p.log,../gen/Tst_test/SRAM2D/log/runhybrid.log,True,,,8.032028327,,18,18,0,0,1,2,36,36,162,162,,,,,,,,,,,,,,,,,,,,,,,0:28.47,8220,,,False,True,,0.0,0.0,0:00.42,,,,False,False,,,,,True
4997453a,aeea2065,2019-07-24 11:45:59,SRAMCoalescing,test,Tst,1000000000.0,../gen/Tst_test/SRAMCoalescing/log/runproute.log,../gen/Tst_test/SRAMCoalescing/log/runproute.sh,../gen/Tst_test/SRAMCoalescing/plastisim/summary.csv,../gen/Tst_test/SRAMCoalescing/pir/AccelMain.scala,../gen/Tst_test/SRAMCoalescing/log/,../gen/Tst_test/SRAMCoalescing/log/gentst.log,../gen/Tst_test/SRAMCoalescing/pir/out/resource.csv,../gen/Tst_test/SRAMCoalescing/log/maketst.log,../gen/Tst_test/SRAMCoalescing/log/runp2p.log,../gen/Tst_test/SRAMCoalescing/log/runhybrid.log,True,,,9.330716096,,18,18,0,1,2,2,36,36,162,162,,,,,,,,,,,,,,,,,,,,,,,0:30.14,294,,,False,True,,0.0,0.0,0:00.30,,,,False,False,,,,,True
4997453a,aeea2065,2019-07-24 11:45:59,SRAMMaskedWrite,test,Tst,1000000000.0,../gen/Tst_test/SRAMMaskedWrite/log/runproute.log,../gen/Tst_test/SRAMMaskedWrite/log/runproute.sh,../gen/Tst_test/SRAMMaskedWrite/plastisim/summary.csv,../gen/Tst_test/SRAMMaskedWrite/pir/AccelMain.scala,../gen/Tst_test/SRAMMaskedWrite/log/,../gen/Tst_test/SRAMMaskedWrite/log/gentst.log,../gen/Tst_test/SRAMMaskedWrite/pir/out/resource.csv,../gen/Tst_test/SRAMMaskedWrite/log/maketst.log,../gen/Tst_test/SRAMMaskedWrite/log/runp2p.log,../gen/Tst_test/SRAMMaskedWrite/log/runhybrid.log,True,,,8.476715748,,18,18,1,1,1,2,36,36,162,162,,,,,,,,,,,,,,,,,,,,,,,0:30.23,669,,True,False,True,,0.0,0.765321,0:00.35,,,,False,False,,,,,True
4997453a,aeea2065,2019-07-24 11:45:59,SRAMTiny,test,Tst,1000000000.0,../gen/Tst_test/SRAMTiny/log/runproute.log,../gen/Tst_test/SRAMTiny/log/runproute.sh,../gen/Tst_test/SRAMTiny/plastisim/summary.csv,../gen/Tst_test/SRAMTiny/pir/AccelMain.scala,../gen/Tst_test/SRAMTiny/log/,../gen/Tst_test/SRAMTiny/log/gentst.log,../gen/Tst_test/SRAMTiny/pir/out/resource.csv,../gen/Tst_test/SRAMTiny/log/maketst.log,../gen/Tst_test/SRAMTiny/log/runp2p.log,../gen/Tst_test/SRAMTiny/log/runhybrid.log,True,,,6.290336712,,18,18,0,0,0,1,36,36,162,162,,,,,,,,,,,,,,,,,,,,,,,0:25.14,10,,,False,True,,0.0,0.0,0:00.39,,,,False,False,,,,,True
4997453a,aeea2065,2019-07-24 11:45:59,SRAMWithB2,test,Tst,1000000000.0,../gen/Tst_test/SRAMWithB2/log/runproute.log,../gen/Tst_test/SRAMWithB2/log/runproute.sh,../gen/Tst_test/SRAMWithB2/plastisim/summary.csv,../gen/Tst_test/SRAMWithB2/pir/AccelMain.scala,../gen/Tst_test/SRAMWithB2/log/,../gen/Tst_test/SRAMWithB2/log/gentst.log,../gen/Tst_test/SRAMWithB2/pir/out/resource.csv,../gen/Tst_test/SRAMWithB2/log/maketst.log,../gen/Tst_test/SRAMWithB2/log/runp2p.log,../gen/Tst_test/SRAMWithB2/log/runhybrid.log,True,,,13.674592497,,18,18,1,9,1,1,36,36,162,162,,,,,,,,,,,,,,,,,,,,,,,0:33.17,13737,,,False,True,,1.67722,1.72381,0:01.29,,,,False,False,,,,,True
4997453a,aeea2065,2019-07-24 11:45:59,SVRG,test,Tst,1000000000.0,../gen/Tst_test/SVRG/log/runproute.log,../gen/Tst_test/SVRG/log/runproute.sh,../gen/Tst_test/SVRG/plastisim/summary.csv,../gen/Tst_test/SVRG/pir/AccelMain.scala,../gen/Tst_test/SVRG/log/,../gen/Tst_test/SVRG/log/gentst.log,../gen/Tst_test/SVRG/pir/out/resource.csv,../gen/Tst_test/SVRG/log/maketst.log,../gen/Tst_test/SVRG/log/runp2p.log,../gen/Tst_test/SVRG/log/runhybrid.log,True,,"[0m[[0m[31merror[0m] [0m[0m/local/ssd/home/yaqiz/ASPLOS2020/sim/spatial/gen/Tst_test/SVRG/pir/AccelMain.scala:980:49: not found: value x1729[0m
",,,,,,,,,,,,,,,,,,,,,,,,,,,,,,,,,,,,,,,False,False,,,,,,,,False,False,,,,,False
4997453a,aeea2065,2019-07-24 11:45:59,SW_alg,test,Tst,1000000000.0,../gen/Tst_test/SW_alg/log/runproute.log,../gen/Tst_test/SW_alg/log/runproute.sh,../gen/Tst_test/SW_alg/plastisim/summary.csv,../gen/Tst_test/SW_alg/pir/AccelMain.scala,../gen/Tst_test/SW_alg/log/,../gen/Tst_test/SW_alg/log/gentst.log,../gen/Tst_test/SW_alg/pir/out/resource.csv,../gen/Tst_test/SW_alg/log/maketst.log,../gen/Tst_test/SW_alg/log/runp2p.log,../gen/Tst_test/SW_alg/log/runhybrid.log,False,[error] //TODO: Plasticine does not support unbanked unrolled access at the moment. ,,,,,,,,,,,,,,,,,,,,,,,,,,,,,,,,,,,,,,,,False,False,,,,,,,,False,False,,,,,False
4997453a,aeea2065,2019-07-24 11:45:59,SYRK_col,test,Tst,1000000000.0,../gen/Tst_test/SYRK_col/log/runproute.log,../gen/Tst_test/SYRK_col/log/runproute.sh,../gen/Tst_test/SYRK_col/plastisim/summary.csv,../gen/Tst_test/SYRK_col/pir/AccelMain.scala,../gen/Tst_test/SYRK_col/log/,../gen/Tst_test/SYRK_col/log/gentst.log,../gen/Tst_test/SYRK_col/pir/out/resource.csv,../gen/Tst_test/SYRK_col/log/maketst.log,../gen/Tst_test/SYRK_col/log/runp2p.log,../gen/Tst_test/SYRK_col/log/runhybrid.log,True,,,30.515812195,,18,18,6,4,8,21,36,36,162,162,,,,,,,,,,,,,,,,,,,,,,,1:32.87,,"Assertion fail:
",True,False,False,,0.819394,0.0,0:13.90,,,,False,False,,,,,False
4997453a,aeea2065,2019-07-24 11:45:59,ScanLines,test,Tst,1000000000.0,../gen/Tst_test/ScanLines/log/runproute.log,../gen/Tst_test/ScanLines/log/runproute.sh,../gen/Tst_test/ScanLines/plastisim/summary.csv,../gen/Tst_test/ScanLines/pir/AccelMain.scala,../gen/Tst_test/ScanLines/log/,../gen/Tst_test/ScanLines/log/gentst.log,../gen/Tst_test/ScanLines/pir/out/resource.csv,../gen/Tst_test/ScanLines/log/maketst.log,../gen/Tst_test/ScanLines/log/runp2p.log,../gen/Tst_test/ScanLines/log/runhybrid.log,True,,"[[31merror[0m] Not enough resource of type PMUParam1418321923,DramAGParam512959267,PCUParam1721108716. Required 457. Possesed 360
",151.901701992,"[[31merror[0m] Not enough resource of type PMUParam1418321923,DramAGParam512959267,PCUParam1721108716. Required 457. Possesed 360
",18,18,,,,,,,,,,,,,,,,,,,,,,,,,,,,,,,,,,,False,False,,,,,,,,False,False,,,,,False
4997453a,aeea2065,2019-07-24 11:45:59,Scan_fifofull,test,Tst,1000000000.0,../gen/Tst_test/Scan_fifofull/log/runproute.log,../gen/Tst_test/Scan_fifofull/log/runproute.sh,../gen/Tst_test/Scan_fifofull/plastisim/summary.csv,../gen/Tst_test/Scan_fifofull/pir/AccelMain.scala,../gen/Tst_test/Scan_fifofull/log/,../gen/Tst_test/Scan_fifofull/log/gentst.log,../gen/Tst_test/Scan_fifofull/pir/out/resource.csv,../gen/Tst_test/Scan_fifofull/log/maketst.log,../gen/Tst_test/Scan_fifofull/log/runp2p.log,../gen/Tst_test/Scan_fifofull/log/runhybrid.log,True,,"[0m[[0m[31merror[0m] [0m[0m/local/ssd/home/yaqiz/ASPLOS2020/sim/spatial/gen/Tst_test/Scan_fifofull/pir/AccelMain.scala:128:52: not found: value x499[0m
",,,,,,,,,,,,,,,,,,,,,,,,,,,,,,,,,,,,,,,False,False,,,,,,,,False,False,,,,,False
4997453a,aeea2065,2019-07-24 11:45:59,Scan_fillfifo,test,Tst,1000000000.0,../gen/Tst_test/Scan_fillfifo/log/runproute.log,../gen/Tst_test/Scan_fillfifo/log/runproute.sh,../gen/Tst_test/Scan_fillfifo/plastisim/summary.csv,../gen/Tst_test/Scan_fillfifo/pir/AccelMain.scala,../gen/Tst_test/Scan_fillfifo/log/,../gen/Tst_test/Scan_fillfifo/log/gentst.log,../gen/Tst_test/Scan_fillfifo/pir/out/resource.csv,../gen/Tst_test/Scan_fillfifo/log/maketst.log,../gen/Tst_test/Scan_fillfifo/log/runp2p.log,../gen/Tst_test/Scan_fillfifo/log/runhybrid.log,True,,"[0m[[0m[31merror[0m] [0m[0m/local/ssd/home/yaqiz/ASPLOS2020/sim/spatial/gen/Tst_test/Scan_fillfifo/pir/AccelMain.scala:125:60: not found: value x315[0m
",,,,,,,,,,,,,,,,,,,,,,,,,,,,,,,,,,,,,,,False,False,,,,,,,,False,False,,,,,False
4997453a,aeea2065,2019-07-24 11:45:59,Scan_filter,test,Tst,1000000000.0,../gen/Tst_test/Scan_filter/log/runproute.log,../gen/Tst_test/Scan_filter/log/runproute.sh,../gen/Tst_test/Scan_filter/plastisim/summary.csv,../gen/Tst_test/Scan_filter/pir/AccelMain.scala,../gen/Tst_test/Scan_filter/log/,../gen/Tst_test/Scan_filter/log/gentst.log,../gen/Tst_test/Scan_filter/pir/out/resource.csv,../gen/Tst_test/Scan_filter/log/maketst.log,../gen/Tst_test/Scan_filter/log/runp2p.log,../gen/Tst_test/Scan_filter/log/runhybrid.log,True,,,10.356160434,,18,18,2,2,2,3,36,36,162,162,,,,,,,,,,,,,,,,,,,,,,,0:30.84,342,,,False,True,,1.49708,1.49708,0:00.32,,,,False,False,,,,,True
4997453a,aeea2065,2019-07-24 11:45:59,Scan_filter_wait,test,Tst,1000000000.0,../gen/Tst_test/Scan_filter_wait/log/runproute.log,../gen/Tst_test/Scan_filter_wait/log/runproute.sh,../gen/Tst_test/Scan_filter_wait/plastisim/summary.csv,../gen/Tst_test/Scan_filter_wait/pir/AccelMain.scala,../gen/Tst_test/Scan_filter_wait/log/,../gen/Tst_test/Scan_filter_wait/log/gentst.log,../gen/Tst_test/Scan_filter_wait/pir/out/resource.csv,../gen/Tst_test/Scan_filter_wait/log/maketst.log,../gen/Tst_test/Scan_filter_wait/log/runp2p.log,../gen/Tst_test/Scan_filter_wait/log/runhybrid.log,True,,,11.757435733,,18,18,2,2,2,4,36,36,162,162,,,,,,,,,,,,,,,,,,,,,,,0:32.06,345,,,False,True,,1.48406,1.48406,0:00.26,,,,False,False,,,,,True
4997453a,aeea2065,2019-07-24 11:45:59,ScatterGatherSRAM,test,Tst,1000000000.0,../gen/Tst_test/ScatterGatherSRAM/log/runproute.log,../gen/Tst_test/ScatterGatherSRAM/log/runproute.sh,../gen/Tst_test/ScatterGatherSRAM/plastisim/summary.csv,../gen/Tst_test/ScatterGatherSRAM/pir/AccelMain.scala,../gen/Tst_test/ScatterGatherSRAM/log/,../gen/Tst_test/ScatterGatherSRAM/log/gentst.log,../gen/Tst_test/ScatterGatherSRAM/pir/out/resource.csv,../gen/Tst_test/ScatterGatherSRAM/log/maketst.log,../gen/Tst_test/ScatterGatherSRAM/log/runp2p.log,../gen/Tst_test/ScatterGatherSRAM/log/runhybrid.log,True,,,11.61710751,,18,18,3,3,3,1,36,36,162,162,,,,,,,,,,,,,,,,,,,,,,,0:34.49,37023,,True,False,True,,5.47638,2.65521,0:02.43,,,,False,False,,,,,True
4997453a,aeea2065,2019-07-24 11:45:59,ScatterGatherSRAM2,test,Tst,1000000000.0,../gen/Tst_test/ScatterGatherSRAM2/log/runproute.log,../gen/Tst_test/ScatterGatherSRAM2/log/runproute.sh,../gen/Tst_test/ScatterGatherSRAM2/plastisim/summary.csv,../gen/Tst_test/ScatterGatherSRAM2/pir/AccelMain.scala,../gen/Tst_test/ScatterGatherSRAM2/log/,../gen/Tst_test/ScatterGatherSRAM2/log/gentst.log,../gen/Tst_test/ScatterGatherSRAM2/pir/out/resource.csv,../gen/Tst_test/ScatterGatherSRAM2/log/maketst.log,../gen/Tst_test/ScatterGatherSRAM2/log/runp2p.log,../gen/Tst_test/ScatterGatherSRAM2/log/runhybrid.log,True,,,11.432538779,,18,18,3,3,3,1,36,36,162,162,,,,,,,,,,,,,,,,,,,,,,,0:34.73,6525,,,False,True,,3.23678,1.56935,0:00.66,,,,False,False,,,,,True
4997453a,aeea2065,2019-07-24 11:45:59,ScatterGatherSRAM3,test,Tst,1000000000.0,../gen/Tst_test/ScatterGatherSRAM3/log/runproute.log,../gen/Tst_test/ScatterGatherSRAM3/log/runproute.sh,../gen/Tst_test/ScatterGatherSRAM3/plastisim/summary.csv,../gen/Tst_test/ScatterGatherSRAM3/pir/AccelMain.scala,../gen/Tst_test/ScatterGatherSRAM3/log/,../gen/Tst_test/ScatterGatherSRAM3/log/gentst.log,../gen/Tst_test/ScatterGatherSRAM3/pir/out/resource.csv,../gen/Tst_test/ScatterGatherSRAM3/log/maketst.log,../gen/Tst_test/ScatterGatherSRAM3/log/runp2p.log,../gen/Tst_test/ScatterGatherSRAM3/log/runhybrid.log,True,,,11.567936428,,18,18,3,3,3,1,36,36,162,162,,,,,,,,,,,,,,,,,,,,,,,0:34.38,6525,,,False,True,,3.33487,1.56935,0:00.69,,,,False,False,,,,,True
4997453a,aeea2065,2019-07-24 11:45:59,ScatterGather_Bias,test,Tst,1000000000.0,../gen/Tst_test/ScatterGather_Bias/log/runproute.log,../gen/Tst_test/ScatterGather_Bias/log/runproute.sh,../gen/Tst_test/ScatterGather_Bias/plastisim/summary.csv,../gen/Tst_test/ScatterGather_Bias/pir/AccelMain.scala,../gen/Tst_test/ScatterGather_Bias/log/,../gen/Tst_test/ScatterGather_Bias/log/gentst.log,../gen/Tst_test/ScatterGather_Bias/pir/out/resource.csv,../gen/Tst_test/ScatterGather_Bias/log/maketst.log,../gen/Tst_test/ScatterGather_Bias/log/runp2p.log,../gen/Tst_test/ScatterGather_Bias/log/runhybrid.log,True,,,13.043336816,,18,18,3,2,3,3,36,36,162,162,,,,,,,,,,,,,,,,,,,,,,,0:37.26,12995,,,False,True,,3.34898,1.57599,0:01.37,,,,False,False,,,,,True
4997453a,aeea2065,2019-07-24 11:45:59,ScatterInterference,test,Tst,1000000000.0,../gen/Tst_test/ScatterInterference/log/runproute.log,../gen/Tst_test/ScatterInterference/log/runproute.sh,../gen/Tst_test/ScatterInterference/plastisim/summary.csv,../gen/Tst_test/ScatterInterference/pir/AccelMain.scala,../gen/Tst_test/ScatterInterference/log/,../gen/Tst_test/ScatterInterference/log/gentst.log,../gen/Tst_test/ScatterInterference/pir/out/resource.csv,../gen/Tst_test/ScatterInterference/log/maketst.log,../gen/Tst_test/ScatterInterference/log/runp2p.log,../gen/Tst_test/ScatterInterference/log/runhybrid.log,True,,"[0m[[0m[31merror[0m] [0m[0m/local/ssd/home/yaqiz/ASPLOS2020/sim/spatial/gen/Tst_test/ScatterInterference/pir/AccelMain.scala:531:68: not found: value x720[0m
",,,,,,,,,,,,,,,,,,,,,,,,,,,,,,,,,,,,,,,False,False,,,,,,,,False,False,,,,,False
4997453a,aeea2065,2019-07-24 11:45:59,ScatterMixed,test,Tst,1000000000.0,../gen/Tst_test/ScatterMixed/log/runproute.log,../gen/Tst_test/ScatterMixed/log/runproute.sh,../gen/Tst_test/ScatterMixed/plastisim/summary.csv,../gen/Tst_test/ScatterMixed/pir/AccelMain.scala,../gen/Tst_test/ScatterMixed/log/,../gen/Tst_test/ScatterMixed/log/gentst.log,../gen/Tst_test/ScatterMixed/pir/out/resource.csv,../gen/Tst_test/ScatterMixed/log/maketst.log,../gen/Tst_test/ScatterMixed/log/runp2p.log,../gen/Tst_test/ScatterMixed/log/runhybrid.log,True,,"[0m[[0m[31merror[0m] [0m[0m/local/ssd/home/yaqiz/ASPLOS2020/sim/spatial/gen/Tst_test/ScatterMixed/pir/AccelMain.scala:36:68: not found: value x403[0m
",,,,,,,,,,,,,,,,,,,,,,,,,,,,,,,,,,,,,,,False,False,,,,,,,,False,False,,,,,False
4997453a,aeea2065,2019-07-24 11:45:59,SequentialWrites,test,Tst,1000000000.0,../gen/Tst_test/SequentialWrites/log/runproute.log,../gen/Tst_test/SequentialWrites/log/runproute.sh,../gen/Tst_test/SequentialWrites/plastisim/summary.csv,../gen/Tst_test/SequentialWrites/pir/AccelMain.scala,../gen/Tst_test/SequentialWrites/log/,../gen/Tst_test/SequentialWrites/log/gentst.log,../gen/Tst_test/SequentialWrites/pir/out/resource.csv,../gen/Tst_test/SequentialWrites/log/maketst.log,../gen/Tst_test/SequentialWrites/log/runp2p.log,../gen/Tst_test/SequentialWrites/log/runhybrid.log,True,,,12.016473785,,18,18,2,2,3,4,36,36,162,162,,,,,,,,,,,,,,,,,,,,,,,0:35.90,812,,True,False,True,,0.472906,0.472906,0:00.37,,,,False,False,,,,,True
4997453a,aeea2065,2019-07-24 11:45:59,ShiftRegs,test,Tst,1000000000.0,../gen/Tst_test/ShiftRegs/log/runproute.log,../gen/Tst_test/ShiftRegs/log/runproute.sh,../gen/Tst_test/ShiftRegs/plastisim/summary.csv,../gen/Tst_test/ShiftRegs/pir/AccelMain.scala,../gen/Tst_test/ShiftRegs/log/,../gen/Tst_test/ShiftRegs/log/gentst.log,../gen/Tst_test/ShiftRegs/pir/out/resource.csv,../gen/Tst_test/ShiftRegs/log/maketst.log,../gen/Tst_test/ShiftRegs/log/runp2p.log,../gen/Tst_test/ShiftRegs/log/runhybrid.log,True,,"[[31merror[0m] 04-GraphInitialization throw [pir] Don't know how to infer vec of BankedRead110
",11.053480854,,18,18,0,0,0,1,36,36,162,162,,,,,,,,,,,,,,,,,,,,,,,,,,,False,False,,,,,,,,False,False,,,,,False
4997453a,aeea2065,2019-07-24 11:45:59,ShiftTest,test,Tst,1000000000.0,../gen/Tst_test/ShiftTest/log/runproute.log,../gen/Tst_test/ShiftTest/log/runproute.sh,../gen/Tst_test/ShiftTest/plastisim/summary.csv,../gen/Tst_test/ShiftTest/pir/AccelMain.scala,../gen/Tst_test/ShiftTest/log/,../gen/Tst_test/ShiftTest/log/gentst.log,../gen/Tst_test/ShiftTest/pir/out/resource.csv,../gen/Tst_test/ShiftTest/log/maketst.log,../gen/Tst_test/ShiftTest/log/runp2p.log,../gen/Tst_test/ShiftTest/log/runhybrid.log,True,,,11.665076539,,18,18,0,11,0,4,36,36,162,162,,,,,,,,,,,,,,,,,,,,,,,0:36.74,50,"Assertion fail:
",,False,False,,0.0,0.0,0:00.58,,,,False,False,,,,,False
4997453a,aeea2065,2019-07-24 11:45:59,SigmoidFloat,test,Tst,1000000000.0,../gen/Tst_test/SigmoidFloat/log/runproute.log,../gen/Tst_test/SigmoidFloat/log/runproute.sh,../gen/Tst_test/SigmoidFloat/plastisim/summary.csv,../gen/Tst_test/SigmoidFloat/pir/AccelMain.scala,../gen/Tst_test/SigmoidFloat/log/,../gen/Tst_test/SigmoidFloat/log/gentst.log,../gen/Tst_test/SigmoidFloat/pir/out/resource.csv,../gen/Tst_test/SigmoidFloat/log/maketst.log,../gen/Tst_test/SigmoidFloat/log/runp2p.log,../gen/Tst_test/SigmoidFloat/log/runhybrid.log,True,,,14.373713162,,18,18,2,2,2,11,36,36,162,162,,,,,,,,,,,,,,,,,,,,,,,0:37.74,241,,,False,True,,1.59336,1.59336,0:00.29,,,,False,False,,,,,True
4997453a,aeea2065,2019-07-24 11:45:59,SimpleGatherStore,test,Tst,1000000000.0,../gen/Tst_test/SimpleGatherStore/log/runproute.log,../gen/Tst_test/SimpleGatherStore/log/runproute.sh,../gen/Tst_test/SimpleGatherStore/plastisim/summary.csv,../gen/Tst_test/SimpleGatherStore/pir/AccelMain.scala,../gen/Tst_test/SimpleGatherStore/log/,../gen/Tst_test/SimpleGatherStore/log/gentst.log,../gen/Tst_test/SimpleGatherStore/pir/out/resource.csv,../gen/Tst_test/SimpleGatherStore/log/maketst.log,../gen/Tst_test/SimpleGatherStore/log/runp2p.log,../gen/Tst_test/SimpleGatherStore/log/runhybrid.log,True,,,11.532842254,,18,18,3,2,2,3,36,36,162,162,,,,,,,,,,,,,,,,,,,,,,,0:32.98,209,,True,False,True,,20.823,1.22488,0:00.29,,,,False,False,,,,,True
4997453a,aeea2065,2019-07-24 11:45:59,SimpleMap,test,Tst,1000000000.0,../gen/Tst_test/SimpleMap/log/runproute.log,../gen/Tst_test/SimpleMap/log/runproute.sh,../gen/Tst_test/SimpleMap/plastisim/summary.csv,../gen/Tst_test/SimpleMap/pir/AccelMain.scala,../gen/Tst_test/SimpleMap/log/,../gen/Tst_test/SimpleMap/log/gentst.log,../gen/Tst_test/SimpleMap/pir/out/resource.csv,../gen/Tst_test/SimpleMap/log/maketst.log,../gen/Tst_test/SimpleMap/log/runp2p.log,../gen/Tst_test/SimpleMap/log/runhybrid.log,True,,,9.868349892,,18,18,2,2,2,3,36,36,162,162,,,,,,,,,,,,,,,,,,,,,,,0:32.41,1133,"Assertion fail:
",,True,False,,0.903795,0.451898,0:00.56,,,,False,False,,,,,False
4997453a,aeea2065,2019-07-24 11:45:59,SimplePipeRetime2,test,Tst,1000000000.0,../gen/Tst_test/SimplePipeRetime2/log/runproute.log,../gen/Tst_test/SimplePipeRetime2/log/runproute.sh,../gen/Tst_test/SimplePipeRetime2/plastisim/summary.csv,../gen/Tst_test/SimplePipeRetime2/pir/AccelMain.scala,../gen/Tst_test/SimplePipeRetime2/log/,../gen/Tst_test/SimplePipeRetime2/log/gentst.log,../gen/Tst_test/SimplePipeRetime2/pir/out/resource.csv,../gen/Tst_test/SimplePipeRetime2/log/maketst.log,../gen/Tst_test/SimplePipeRetime2/log/runp2p.log,../gen/Tst_test/SimplePipeRetime2/log/runhybrid.log,True,,,6.462236803,,18,18,0,0,0,1,36,36,162,162,,,,,,,,,,,,,,,,,,,,,,,0:25.11,13,,,False,True,,0.0,0.0,0:00.39,,,,False,False,,,,,True
4997453a,aeea2065,2019-07-24 11:45:59,SimplePipelined,test,Tst,1000000000.0,../gen/Tst_test/SimplePipelined/log/runproute.log,../gen/Tst_test/SimplePipelined/log/runproute.sh,../gen/Tst_test/SimplePipelined/plastisim/summary.csv,../gen/Tst_test/SimplePipelined/pir/AccelMain.scala,../gen/Tst_test/SimplePipelined/log/,../gen/Tst_test/SimplePipelined/log/gentst.log,../gen/Tst_test/SimplePipelined/pir/out/resource.csv,../gen/Tst_test/SimplePipelined/log/maketst.log,../gen/Tst_test/SimplePipelined/log/runp2p.log,../gen/Tst_test/SimplePipelined/log/runhybrid.log,True,,,11.117731872,,18,18,0,0,4,5,36,36,162,162,,,,,,,,,,,,,,,,,,,,,,,0:29.48,382,,True,False,True,,0.0,0.0,0:00.34,,,,False,False,,,,,True
4997453a,aeea2065,2019-07-24 11:45:59,SimpleRetimePipe,test,Tst,1000000000.0,../gen/Tst_test/SimpleRetimePipe/log/runproute.log,../gen/Tst_test/SimpleRetimePipe/log/runproute.sh,../gen/Tst_test/SimpleRetimePipe/plastisim/summary.csv,../gen/Tst_test/SimpleRetimePipe/pir/AccelMain.scala,../gen/Tst_test/SimpleRetimePipe/log/,../gen/Tst_test/SimpleRetimePipe/log/gentst.log,../gen/Tst_test/SimpleRetimePipe/pir/out/resource.csv,../gen/Tst_test/SimpleRetimePipe/log/maketst.log,../gen/Tst_test/SimpleRetimePipe/log/runp2p.log,../gen/Tst_test/SimpleRetimePipe/log/runhybrid.log,True,,,,,,,,,,,,,,,,,,,,,,,,,,,,,,,,,,,,,,,,,False,False,,,,,,,,False,False,,,,,False
4997453a,aeea2065,2019-07-24 11:45:59,SimpleScatter,test,Tst,1000000000.0,../gen/Tst_test/SimpleScatter/log/runproute.log,../gen/Tst_test/SimpleScatter/log/runproute.sh,../gen/Tst_test/SimpleScatter/plastisim/summary.csv,../gen/Tst_test/SimpleScatter/pir/AccelMain.scala,../gen/Tst_test/SimpleScatter/log/,../gen/Tst_test/SimpleScatter/log/gentst.log,../gen/Tst_test/SimpleScatter/pir/out/resource.csv,../gen/Tst_test/SimpleScatter/log/maketst.log,../gen/Tst_test/SimpleScatter/log/runp2p.log,../gen/Tst_test/SimpleScatter/log/runhybrid.log,True,,,10.2802059,,18,18,3,2,2,2,36,36,162,162,,,,,,,,,,,,,,,,,,,,,,,0:31.94,,"Command terminated by signal 11
",,False,False,,,,0:00.58,,,,False,False,,,,,False
4997453a,aeea2065,2019-07-24 11:45:59,SimpleSequential,test,Tst,1000000000.0,../gen/Tst_test/SimpleSequential/log/runproute.log,../gen/Tst_test/SimpleSequential/log/runproute.sh,../gen/Tst_test/SimpleSequential/plastisim/summary.csv,../gen/Tst_test/SimpleSequential/pir/AccelMain.scala,../gen/Tst_test/SimpleSequential/log/,../gen/Tst_test/SimpleSequential/log/gentst.log,../gen/Tst_test/SimpleSequential/pir/out/resource.csv,../gen/Tst_test/SimpleSequential/log/maketst.log,../gen/Tst_test/SimpleSequential/log/runp2p.log,../gen/Tst_test/SimpleSequential/log/runhybrid.log,True,,"[[31merror[0m] Multiple accesses to the same memory in the same basic block will deadlock on plasticine.
",7.885962417,,18,18,0,0,1,1,36,36,162,162,,,,,,,,,,,,,,,,,,,,,,,,,,,False,False,,,,,,,,False,False,,,,,False
4997453a,aeea2065,2019-07-24 11:45:59,SimpleStructTest,test,Tst,1000000000.0,../gen/Tst_test/SimpleStructTest/log/runproute.log,../gen/Tst_test/SimpleStructTest/log/runproute.sh,../gen/Tst_test/SimpleStructTest/plastisim/summary.csv,../gen/Tst_test/SimpleStructTest/pir/AccelMain.scala,../gen/Tst_test/SimpleStructTest/log/,../gen/Tst_test/SimpleStructTest/log/gentst.log,../gen/Tst_test/SimpleStructTest/pir/out/resource.csv,../gen/Tst_test/SimpleStructTest/log/maketst.log,../gen/Tst_test/SimpleStructTest/log/runp2p.log,../gen/Tst_test/SimpleStructTest/log/runhybrid.log,True,,,5.073087233,,18,18,0,0,0,0,36,36,162,162,,,,,,,,,,,,,,,,,,,,,,,0:14.94,,,,False,True,,,,0:00.01,,,,False,False,,,,,True
4997453a,aeea2065,2019-07-24 11:45:59,SingleLayerConv_IRCO,test,Tst,1000000000.0,../gen/Tst_test/SingleLayerConv_IRCO/log/runproute.log,../gen/Tst_test/SingleLayerConv_IRCO/log/runproute.sh,../gen/Tst_test/SingleLayerConv_IRCO/plastisim/summary.csv,../gen/Tst_test/SingleLayerConv_IRCO/pir/AccelMain.scala,../gen/Tst_test/SingleLayerConv_IRCO/log/,../gen/Tst_test/SingleLayerConv_IRCO/log/gentst.log,../gen/Tst_test/SingleLayerConv_IRCO/pir/out/resource.csv,../gen/Tst_test/SingleLayerConv_IRCO/log/maketst.log,../gen/Tst_test/SingleLayerConv_IRCO/log/runp2p.log,../gen/Tst_test/SingleLayerConv_IRCO/log/runhybrid.log,True,,"[0m[[0m[31merror[0m] [0m[0m/local/ssd/home/yaqiz/ASPLOS2020/sim/spatial/gen/Tst_test/SingleLayerConv_IRCO/pir/AccelMain.scala:785:31: not found: value x2224[0m
",,,,,,,,,,,,,,,,,,,,,,,,,,,,,,,,,,,,,,,False,False,,,,,,,,False,False,,,,,False
4997453a,aeea2065,2019-07-24 11:45:59,SingleLayerConv_OIRC,test,Tst,1000000000.0,../gen/Tst_test/SingleLayerConv_OIRC/log/runproute.log,../gen/Tst_test/SingleLayerConv_OIRC/log/runproute.sh,../gen/Tst_test/SingleLayerConv_OIRC/plastisim/summary.csv,../gen/Tst_test/SingleLayerConv_OIRC/pir/AccelMain.scala,../gen/Tst_test/SingleLayerConv_OIRC/log/,../gen/Tst_test/SingleLayerConv_OIRC/log/gentst.log,../gen/Tst_test/SingleLayerConv_OIRC/pir/out/resource.csv,../gen/Tst_test/SingleLayerConv_OIRC/log/maketst.log,../gen/Tst_test/SingleLayerConv_OIRC/log/runp2p.log,../gen/Tst_test/SingleLayerConv_OIRC/log/runhybrid.log,True,,"[0m[[0m[31merror[0m] [0m[0m/local/ssd/home/yaqiz/ASPLOS2020/sim/spatial/gen/Tst_test/SingleLayerConv_OIRC/pir/AccelMain.scala:760:31: not found: value x2112[0m
",,,,,,,,,,,,,,,,,,,,,,,,,,,,,,,,,,,,,,,False,False,,,,,,,,False,False,,,,,False
4997453a,aeea2065,2019-07-24 11:45:59,SingleLayerConv_RCIO,test,Tst,1000000000.0,../gen/Tst_test/SingleLayerConv_RCIO/log/runproute.log,../gen/Tst_test/SingleLayerConv_RCIO/log/runproute.sh,../gen/Tst_test/SingleLayerConv_RCIO/plastisim/summary.csv,../gen/Tst_test/SingleLayerConv_RCIO/pir/AccelMain.scala,../gen/Tst_test/SingleLayerConv_RCIO/log/,../gen/Tst_test/SingleLayerConv_RCIO/log/gentst.log,../gen/Tst_test/SingleLayerConv_RCIO/pir/out/resource.csv,../gen/Tst_test/SingleLayerConv_RCIO/log/maketst.log,../gen/Tst_test/SingleLayerConv_RCIO/log/runp2p.log,../gen/Tst_test/SingleLayerConv_RCIO/log/runhybrid.log,True,,,,,,,,,,,,,,,,,,,,,,,,,,,,,,,,,,,,,,,,,False,False,,,,,,,,False,False,,,,,False
4997453a,aeea2065,2019-07-24 11:45:59,SingleLayerConv_RCIO_NoPad,test,Tst,1000000000.0,../gen/Tst_test/SingleLayerConv_RCIO_NoPad/log/runproute.log,../gen/Tst_test/SingleLayerConv_RCIO_NoPad/log/runproute.sh,../gen/Tst_test/SingleLayerConv_RCIO_NoPad/plastisim/summary.csv,../gen/Tst_test/SingleLayerConv_RCIO_NoPad/pir/AccelMain.scala,../gen/Tst_test/SingleLayerConv_RCIO_NoPad/log/,../gen/Tst_test/SingleLayerConv_RCIO_NoPad/log/gentst.log,../gen/Tst_test/SingleLayerConv_RCIO_NoPad/pir/out/resource.csv,../gen/Tst_test/SingleLayerConv_RCIO_NoPad/log/maketst.log,../gen/Tst_test/SingleLayerConv_RCIO_NoPad/log/runp2p.log,../gen/Tst_test/SingleLayerConv_RCIO_NoPad/log/runhybrid.log,True,,,,,,,,,,,,,,,,,,,,,,,,,,,,,,,,,,,,,,,,,False,False,,,,,,,,False,False,,,,,False
4997453a,aeea2065,2019-07-24 11:45:59,SmallTensorLoad,test,Tst,1000000000.0,../gen/Tst_test/SmallTensorLoad/log/runproute.log,../gen/Tst_test/SmallTensorLoad/log/runproute.sh,../gen/Tst_test/SmallTensorLoad/plastisim/summary.csv,../gen/Tst_test/SmallTensorLoad/pir/AccelMain.scala,../gen/Tst_test/SmallTensorLoad/log/,../gen/Tst_test/SmallTensorLoad/log/gentst.log,../gen/Tst_test/SmallTensorLoad/pir/out/resource.csv,../gen/Tst_test/SmallTensorLoad/log/maketst.log,../gen/Tst_test/SmallTensorLoad/log/runp2p.log,../gen/Tst_test/SmallTensorLoad/log/runhybrid.log,True,,,15.89859255,,18,18,2,10,4,4,36,36,162,162,,,,,,,,,,,,,,,,,,,,,,,0:47.55,49087,,True,False,True,,1.06391,0.556726,0:09.18,,,,False,False,,,,,True
4997453a,aeea2065,2019-07-24 11:45:59,SmallTypeTransfers,test,Tst,1000000000.0,../gen/Tst_test/SmallTypeTransfers/log/runproute.log,../gen/Tst_test/SmallTypeTransfers/log/runproute.sh,../gen/Tst_test/SmallTypeTransfers/plastisim/summary.csv,../gen/Tst_test/SmallTypeTransfers/pir/AccelMain.scala,../gen/Tst_test/SmallTypeTransfers/log/,../gen/Tst_test/SmallTypeTransfers/log/gentst.log,../gen/Tst_test/SmallTypeTransfers/pir/out/resource.csv,../gen/Tst_test/SmallTypeTransfers/log/maketst.log,../gen/Tst_test/SmallTypeTransfers/log/runp2p.log,../gen/Tst_test/SmallTypeTransfers/log/runhybrid.log,True,,"[[31merror[0m] 54-TungstenPIRGen throw scala.MatchError: Fix(false,8,8) (of class pir.node.Fix)
",12.517688966,,18,18,4,4,4,6,36,36,162,162,,,,,,,,,,,,,,,,,,,,,,,,,,,False,False,,,,,,,,False,False,,,,,False
4997453a,aeea2065,2019-07-24 11:45:59,Sobel,test,Tst,1000000000.0,../gen/Tst_test/Sobel/log/runproute.log,../gen/Tst_test/Sobel/log/runproute.sh,../gen/Tst_test/Sobel/plastisim/summary.csv,../gen/Tst_test/Sobel/pir/AccelMain.scala,../gen/Tst_test/Sobel/log/,../gen/Tst_test/Sobel/log/gentst.log,../gen/Tst_test/Sobel/pir/out/resource.csv,../gen/Tst_test/Sobel/log/maketst.log,../gen/Tst_test/Sobel/log/runp2p.log,../gen/Tst_test/Sobel/log/runhybrid.log,True,,"[0m[[0m[31merror[0m] [0m[0m/local/ssd/home/yaqiz/ASPLOS2020/sim/spatial/gen/Tst_test/Sobel/pir/AccelMain.scala:199:29: not found: value x620[0m
",,,,,,,,,,,,,,,,,,,,,,,,,,,,,,,,,,,,,,,False,False,,,,,,,,False,False,,,,,False
4997453a,aeea2065,2019-07-24 11:45:59,Sort_Merge,test,Tst,1000000000.0,../gen/Tst_test/Sort_Merge/log/runproute.log,../gen/Tst_test/Sort_Merge/log/runproute.sh,../gen/Tst_test/Sort_Merge/plastisim/summary.csv,../gen/Tst_test/Sort_Merge/pir/AccelMain.scala,../gen/Tst_test/Sort_Merge/log/,../gen/Tst_test/Sort_Merge/log/gentst.log,../gen/Tst_test/Sort_Merge/pir/out/resource.csv,../gen/Tst_test/Sort_Merge/log/maketst.log,../gen/Tst_test/Sort_Merge/log/runp2p.log,../gen/Tst_test/Sort_Merge/log/runhybrid.log,True,,,9.716205115,,18,18,2,2,1,2,36,36,162,162,,,,,,,,,,,,,,,,,,,,,,,0:30.89,584,"Assertion fail:
",True,False,False,,14.0274,14.0274,0:00.59,,,,False,False,,,,,False
4997453a,aeea2065,2019-07-24 11:45:59,Sort_Merge_Native,test,Tst,1000000000.0,../gen/Tst_test/Sort_Merge_Native/log/runproute.log,../gen/Tst_test/Sort_Merge_Native/log/runproute.sh,../gen/Tst_test/Sort_Merge_Native/plastisim/summary.csv,../gen/Tst_test/Sort_Merge_Native/pir/AccelMain.scala,../gen/Tst_test/Sort_Merge_Native/log/,../gen/Tst_test/Sort_Merge_Native/log/gentst.log,../gen/Tst_test/Sort_Merge_Native/pir/out/resource.csv,../gen/Tst_test/Sort_Merge_Native/log/maketst.log,../gen/Tst_test/Sort_Merge_Native/log/runp2p.log,../gen/Tst_test/Sort_Merge_Native/log/runhybrid.log,True,,"[0m[[0m[31merror[0m] [0m[0m/local/ssd/home/yaqiz/ASPLOS2020/sim/spatial/gen/Tst_test/Sort_Merge_Native/pir/AccelMain.scala:176:29: not found: value x904[0m
",,,,,,,,,,,,,,,,,,,,,,,,,,,,,,,,,,,,,,,False,False,,,,,,,,False,False,,,,,False
4997453a,aeea2065,2019-07-24 11:45:59,Sort_Radix,test,Tst,1000000000.0,../gen/Tst_test/Sort_Radix/log/runproute.log,../gen/Tst_test/Sort_Radix/log/runproute.sh,../gen/Tst_test/Sort_Radix/plastisim/summary.csv,../gen/Tst_test/Sort_Radix/pir/AccelMain.scala,../gen/Tst_test/Sort_Radix/log/,../gen/Tst_test/Sort_Radix/log/gentst.log,../gen/Tst_test/Sort_Radix/pir/out/resource.csv,../gen/Tst_test/Sort_Radix/log/maketst.log,../gen/Tst_test/Sort_Radix/log/runp2p.log,../gen/Tst_test/Sort_Radix/log/runhybrid.log,True,,"[[31merror[0m] Constrain failed on MemoryContainer1244
",75.992816435,,18,18,,,,,,,,,,,,,,,,,,,,,,,,,,,,,,,,,,,False,False,,,,,,,,False,False,,,,,False
4997453a,aeea2065,2019-07-24 11:45:59,SpamFiltering,test,Tst,1000000000.0,../gen/Tst_test/SpamFiltering/log/runproute.log,../gen/Tst_test/SpamFiltering/log/runproute.sh,../gen/Tst_test/SpamFiltering/plastisim/summary.csv,../gen/Tst_test/SpamFiltering/pir/AccelMain.scala,../gen/Tst_test/SpamFiltering/log/,../gen/Tst_test/SpamFiltering/log/gentst.log,../gen/Tst_test/SpamFiltering/pir/out/resource.csv,../gen/Tst_test/SpamFiltering/log/maketst.log,../gen/Tst_test/SpamFiltering/log/runp2p.log,../gen/Tst_test/SpamFiltering/log/runhybrid.log,True,,,,,,,,,,,,,,,,,,,,,,,,,,,,,,,,,,,,,,,,,False,False,,,,,,,,False,False,,,,,False
4997453a,aeea2065,2019-07-24 11:45:59,SparseMatrixCOO,test,Tst,1000000000.0,../gen/Tst_test/SparseMatrixCOO/log/runproute.log,../gen/Tst_test/SparseMatrixCOO/log/runproute.sh,../gen/Tst_test/SparseMatrixCOO/plastisim/summary.csv,../gen/Tst_test/SparseMatrixCOO/pir/AccelMain.scala,../gen/Tst_test/SparseMatrixCOO/log/,../gen/Tst_test/SparseMatrixCOO/log/gentst.log,../gen/Tst_test/SparseMatrixCOO/pir/out/resource.csv,../gen/Tst_test/SparseMatrixCOO/log/maketst.log,../gen/Tst_test/SparseMatrixCOO/log/runp2p.log,../gen/Tst_test/SparseMatrixCOO/log/runhybrid.log,True,,"[[31merror[0m] 15-MemoryLowering throw [pir] FIFO230 (None, Some(SparseMatrixCOO.scala:48:9)) has read enables at 
",8.04230427,,18,18,,,,,,,,,,,,,,,,,,,,,,,,,,,,,,,,,,,False,False,,,,,,,,False,False,,,,,False
4997453a,aeea2065,2019-07-24 11:45:59,SpecialMath,test,Tst,1000000000.0,../gen/Tst_test/SpecialMath/log/runproute.log,../gen/Tst_test/SpecialMath/log/runproute.sh,../gen/Tst_test/SpecialMath/plastisim/summary.csv,../gen/Tst_test/SpecialMath/pir/AccelMain.scala,../gen/Tst_test/SpecialMath/log/,../gen/Tst_test/SpecialMath/log/gentst.log,../gen/Tst_test/SpecialMath/pir/out/resource.csv,../gen/Tst_test/SpecialMath/log/maketst.log,../gen/Tst_test/SpecialMath/log/runp2p.log,../gen/Tst_test/SpecialMath/log/runhybrid.log,True,,"[[31merror[0m] 54-TungstenPIRGen throw scala.MatchError: Fix(false,4,4) (of class pir.node.Fix)
",12.272578152,,18,18,2,2,2,10,36,36,162,162,,,,,,,,,,,,,,,,,,,,,,,,,,,False,False,,,,,,,,False,False,,,,,False
4997453a,aeea2065,2019-07-24 11:45:59,Stencil2D,test,Tst,1000000000.0,../gen/Tst_test/Stencil2D/log/runproute.log,../gen/Tst_test/Stencil2D/log/runproute.sh,../gen/Tst_test/Stencil2D/plastisim/summary.csv,../gen/Tst_test/Stencil2D/pir/AccelMain.scala,../gen/Tst_test/Stencil2D/log/,../gen/Tst_test/Stencil2D/log/gentst.log,../gen/Tst_test/Stencil2D/pir/out/resource.csv,../gen/Tst_test/Stencil2D/log/maketst.log,../gen/Tst_test/Stencil2D/log/runp2p.log,../gen/Tst_test/Stencil2D/log/runhybrid.log,True,,"[0m[[0m[31merror[0m] [0m[0m/local/ssd/home/yaqiz/ASPLOS2020/sim/spatial/gen/Tst_test/Stencil2D/pir/AccelMain.scala:80:29: not found: value x313[0m
",,,,,,,,,,,,,,,,,,,,,,,,,,,,,,,,,,,,,,,False,False,,,,,,,,False,False,,,,,False
4997453a,aeea2065,2019-07-24 11:45:59,Stencil3D,test,Tst,1000000000.0,../gen/Tst_test/Stencil3D/log/runproute.log,../gen/Tst_test/Stencil3D/log/runproute.sh,../gen/Tst_test/Stencil3D/plastisim/summary.csv,../gen/Tst_test/Stencil3D/pir/AccelMain.scala,../gen/Tst_test/Stencil3D/log/,../gen/Tst_test/Stencil3D/log/gentst.log,../gen/Tst_test/Stencil3D/pir/out/resource.csv,../gen/Tst_test/Stencil3D/log/maketst.log,../gen/Tst_test/Stencil3D/log/runp2p.log,../gen/Tst_test/Stencil3D/log/runhybrid.log,True,,"[0m[[0m[31merror[0m] [0m[0m/local/ssd/home/yaqiz/ASPLOS2020/sim/spatial/gen/Tst_test/Stencil3D/pir/AccelMain.scala:117:29: not found: value x526[0m
",,,,,,,,,,,,,,,,,,,,,,,,,,,,,,,,,,,,,,,False,False,,,,,,,,False,False,,,,,False
4997453a,aeea2065,2019-07-24 11:45:59,StreamFIFO,test,Tst,1000000000.0,../gen/Tst_test/StreamFIFO/log/runproute.log,../gen/Tst_test/StreamFIFO/log/runproute.sh,../gen/Tst_test/StreamFIFO/plastisim/summary.csv,../gen/Tst_test/StreamFIFO/pir/AccelMain.scala,../gen/Tst_test/StreamFIFO/log/,../gen/Tst_test/StreamFIFO/log/gentst.log,../gen/Tst_test/StreamFIFO/pir/out/resource.csv,../gen/Tst_test/StreamFIFO/log/maketst.log,../gen/Tst_test/StreamFIFO/log/runp2p.log,../gen/Tst_test/StreamFIFO/log/runhybrid.log,True,,"[[31merror[0m] 15-MemoryLowering throw [pir] FIFO8 (Some(fifo1_0), Some(StreamFIFO.scala:20:26)) has read enables at 
",4.611925377,,18,18,,,,,,,,,,,,,,,,,,,,,,,,,,,,,,,,,,,False,False,,,,,,,,False,False,,,,,False
4997453a,aeea2065,2019-07-24 11:45:59,StreamMultiFIFO,test,Tst,1000000000.0,../gen/Tst_test/StreamMultiFIFO/log/runproute.log,../gen/Tst_test/StreamMultiFIFO/log/runproute.sh,../gen/Tst_test/StreamMultiFIFO/plastisim/summary.csv,../gen/Tst_test/StreamMultiFIFO/pir/AccelMain.scala,../gen/Tst_test/StreamMultiFIFO/log/,../gen/Tst_test/StreamMultiFIFO/log/gentst.log,../gen/Tst_test/StreamMultiFIFO/pir/out/resource.csv,../gen/Tst_test/StreamMultiFIFO/log/maketst.log,../gen/Tst_test/StreamMultiFIFO/log/runp2p.log,../gen/Tst_test/StreamMultiFIFO/log/runhybrid.log,True,,"[[31merror[0m] 15-MemoryLowering throw [pir] FIFO12 (Some(fifo2_0), Some(StreamFIFO.scala:57:26)) has read enables at 
",3.859426047,,18,18,,,,,,,,,,,,,,,,,,,,,,,,,,,,,,,,,,,False,False,,,,,,,,False,False,,,,,False
4997453a,aeea2065,2019-07-24 11:45:59,StridedLoad,test,Tst,1000000000.0,../gen/Tst_test/StridedLoad/log/runproute.log,../gen/Tst_test/StridedLoad/log/runproute.sh,../gen/Tst_test/StridedLoad/plastisim/summary.csv,../gen/Tst_test/StridedLoad/pir/AccelMain.scala,../gen/Tst_test/StridedLoad/log/,../gen/Tst_test/StridedLoad/log/gentst.log,../gen/Tst_test/StridedLoad/pir/out/resource.csv,../gen/Tst_test/StridedLoad/log/maketst.log,../gen/Tst_test/StridedLoad/log/runp2p.log,../gen/Tst_test/StridedLoad/log/runhybrid.log,True,,,15.262459673,,18,18,5,5,2,9,36,36,162,162,,,,,,,,,,,,,,,,,,,,,,,0:36.54,8035,,True,False,True,,3.05862,3.05862,0:01.18,,,,False,False,,,,,True
4997453a,aeea2065,2019-07-24 11:45:59,StridedRowConvolution,test,Tst,1000000000.0,../gen/Tst_test/StridedRowConvolution/log/runproute.log,../gen/Tst_test/StridedRowConvolution/log/runproute.sh,../gen/Tst_test/StridedRowConvolution/plastisim/summary.csv,../gen/Tst_test/StridedRowConvolution/pir/AccelMain.scala,../gen/Tst_test/StridedRowConvolution/log/,../gen/Tst_test/StridedRowConvolution/log/gentst.log,../gen/Tst_test/StridedRowConvolution/pir/out/resource.csv,../gen/Tst_test/StridedRowConvolution/log/maketst.log,../gen/Tst_test/StridedRowConvolution/log/runp2p.log,../gen/Tst_test/StridedRowConvolution/log/runhybrid.log,True,,"[0m[[0m[31merror[0m] [0m[0m/local/ssd/home/yaqiz/ASPLOS2020/sim/spatial/gen/Tst_test/StridedRowConvolution/pir/AccelMain.scala:107:29: not found: value x425[0m
",,,,,,,,,,,,,,,,,,,,,,,,,,,,,,,,,,,,,,,False,False,,,,,,,,False,False,,,,,False
4997453a,aeea2065,2019-07-24 11:45:59,StructReg,test,Tst,1000000000.0,../gen/Tst_test/StructReg/log/runproute.log,../gen/Tst_test/StructReg/log/runproute.sh,../gen/Tst_test/StructReg/plastisim/summary.csv,../gen/Tst_test/StructReg/pir/AccelMain.scala,../gen/Tst_test/StructReg/log/,../gen/Tst_test/StructReg/log/gentst.log,../gen/Tst_test/StructReg/pir/out/resource.csv,../gen/Tst_test/StructReg/log/maketst.log,../gen/Tst_test/StructReg/log/runp2p.log,../gen/Tst_test/StructReg/log/runhybrid.log,True,,"[0m[[0m[31merror[0m] [0m[0m/local/ssd/home/yaqiz/ASPLOS2020/sim/spatial/gen/Tst_test/StructReg/pir/AccelMain.scala:19:50: not found: value x69__1[0m
",,,,,,,,,,,,,,,,,,,,,,,,,,,,,,,,,,,,,,,False,False,,,,,,,,False,False,,,,,False
4997453a,aeea2065,2019-07-24 11:45:59,SwitchCaseController,test,Tst,1000000000.0,../gen/Tst_test/SwitchCaseController/log/runproute.log,../gen/Tst_test/SwitchCaseController/log/runproute.sh,../gen/Tst_test/SwitchCaseController/plastisim/summary.csv,../gen/Tst_test/SwitchCaseController/pir/AccelMain.scala,../gen/Tst_test/SwitchCaseController/log/,../gen/Tst_test/SwitchCaseController/log/gentst.log,../gen/Tst_test/SwitchCaseController/pir/out/resource.csv,../gen/Tst_test/SwitchCaseController/log/maketst.log,../gen/Tst_test/SwitchCaseController/log/runp2p.log,../gen/Tst_test/SwitchCaseController/log/runhybrid.log,True,,,13.516010491,,18,18,1,1,2,10,36,36,162,162,,,,,,,,,,,,,,,,,,,,,,"src/Context310.h:46:24: error: â€˜MemRead104â€™ was not declared in this scope
",0:07.87,,,,False,False,,,,,,,,False,False,,,,,False
4997453a,aeea2065,2019-07-24 11:45:59,SwitchCondReuse,test,Tst,1000000000.0,../gen/Tst_test/SwitchCondReuse/log/runproute.log,../gen/Tst_test/SwitchCondReuse/log/runproute.sh,../gen/Tst_test/SwitchCondReuse/plastisim/summary.csv,../gen/Tst_test/SwitchCondReuse/pir/AccelMain.scala,../gen/Tst_test/SwitchCondReuse/log/,../gen/Tst_test/SwitchCondReuse/log/gentst.log,../gen/Tst_test/SwitchCondReuse/pir/out/resource.csv,../gen/Tst_test/SwitchCondReuse/log/maketst.log,../gen/Tst_test/SwitchCondReuse/log/runp2p.log,../gen/Tst_test/SwitchCondReuse/log/runhybrid.log,True,,,14.319044575,,18,18,1,1,4,10,36,36,162,162,,,,,,,,,,,,,,,,,,,,,,,0:35.42,92,,True,False,True,,0.0,0.695652,0:00.28,,,,False,False,,,,,True
4997453a,aeea2065,2019-07-24 11:45:59,SwitchedBroadcastRead,test,Tst,1000000000.0,../gen/Tst_test/SwitchedBroadcastRead/log/runproute.log,../gen/Tst_test/SwitchedBroadcastRead/log/runproute.sh,../gen/Tst_test/SwitchedBroadcastRead/plastisim/summary.csv,../gen/Tst_test/SwitchedBroadcastRead/pir/AccelMain.scala,../gen/Tst_test/SwitchedBroadcastRead/log/,../gen/Tst_test/SwitchedBroadcastRead/log/gentst.log,../gen/Tst_test/SwitchedBroadcastRead/pir/out/resource.csv,../gen/Tst_test/SwitchedBroadcastRead/log/maketst.log,../gen/Tst_test/SwitchedBroadcastRead/log/runp2p.log,../gen/Tst_test/SwitchedBroadcastRead/log/runhybrid.log,True,,,15.221968222,,18,18,2,2,4,6,36,36,162,162,,,,,,,,,,,,,,,,,,,,,,,0:38.87,2105,"Assertion fail:
",,True,False,,1.94584,0.0,0:00.73,,,,False,False,,,,,False
4997453a,aeea2065,2019-07-24 11:45:59,SynchronizedStartsTest,test,Tst,1000000000.0,../gen/Tst_test/SynchronizedStartsTest/log/runproute.log,../gen/Tst_test/SynchronizedStartsTest/log/runproute.sh,../gen/Tst_test/SynchronizedStartsTest/plastisim/summary.csv,../gen/Tst_test/SynchronizedStartsTest/pir/AccelMain.scala,../gen/Tst_test/SynchronizedStartsTest/log/,../gen/Tst_test/SynchronizedStartsTest/log/gentst.log,../gen/Tst_test/SynchronizedStartsTest/pir/out/resource.csv,../gen/Tst_test/SynchronizedStartsTest/log/maketst.log,../gen/Tst_test/SynchronizedStartsTest/log/runp2p.log,../gen/Tst_test/SynchronizedStartsTest/log/runhybrid.log,True,,,42.535343987,,18,18,0,0,0,0,36,36,162,162,,,,,,,,,,,,,,,,,,,,,,,0:18.24,1,,,False,True,,0.0,0.0,0:00.24,,,,False,False,,,,,True
4997453a,aeea2065,2019-07-24 11:45:59,SystolishArray,test,Tst,1000000000.0,../gen/Tst_test/SystolishArray/log/runproute.log,../gen/Tst_test/SystolishArray/log/runproute.sh,../gen/Tst_test/SystolishArray/plastisim/summary.csv,../gen/Tst_test/SystolishArray/pir/AccelMain.scala,../gen/Tst_test/SystolishArray/log/,../gen/Tst_test/SystolishArray/log/gentst.log,../gen/Tst_test/SystolishArray/pir/out/resource.csv,../gen/Tst_test/SystolishArray/log/maketst.log,../gen/Tst_test/SystolishArray/log/runp2p.log,../gen/Tst_test/SystolishArray/log/runhybrid.log,True,,,13.957795704,,18,18,0,10,5,3,36,36,162,162,,,,,,,,,,,,,,,,,,,,,,"src/Context267.h:66:24: error: â€˜MemRead154â€™ was not declared in this scope
",0:07.78,,,,False,False,,,,,,,,False,False,,,,,False
4997453a,aeea2065,2019-07-24 11:45:59,TPCHQ6,test,Tst,1000000000.0,../gen/Tst_test/TPCHQ6/log/runproute.log,../gen/Tst_test/TPCHQ6/log/runproute.sh,../gen/Tst_test/TPCHQ6/plastisim/summary.csv,../gen/Tst_test/TPCHQ6/pir/AccelMain.scala,../gen/Tst_test/TPCHQ6/log/,../gen/Tst_test/TPCHQ6/log/gentst.log,../gen/Tst_test/TPCHQ6/pir/out/resource.csv,../gen/Tst_test/TPCHQ6/log/maketst.log,../gen/Tst_test/TPCHQ6/log/runp2p.log,../gen/Tst_test/TPCHQ6/log/runhybrid.log,True,,,22.223579799,,18,18,8,9,8,9,36,36,162,162,,,,,,,,,,,,,,,,,,,,,,,0:58.24,5336,,True,False,True,,11.5142,0.0,0:02.36,,,,False,False,,,,,True
4997453a,aeea2065,2019-07-24 11:45:59,TRSM,test,Tst,1000000000.0,../gen/Tst_test/TRSM/log/runproute.log,../gen/Tst_test/TRSM/log/runproute.sh,../gen/Tst_test/TRSM/plastisim/summary.csv,../gen/Tst_test/TRSM/pir/AccelMain.scala,../gen/Tst_test/TRSM/log/,../gen/Tst_test/TRSM/log/gentst.log,../gen/Tst_test/TRSM/pir/out/resource.csv,../gen/Tst_test/TRSM/log/maketst.log,../gen/Tst_test/TRSM/log/runp2p.log,../gen/Tst_test/TRSM/log/runhybrid.log,True,,"[[31merror[0m] Constrain failed on MemoryContainer436
",20.698796775,,18,18,,,,,,,,,,,,,,,,,,,,,,,,,,,,,,,,,,,False,False,,,,,,,,False,False,,,,,False
4997453a,aeea2065,2019-07-24 11:45:59,Tensor3D,test,Tst,1000000000.0,../gen/Tst_test/Tensor3D/log/runproute.log,../gen/Tst_test/Tensor3D/log/runproute.sh,../gen/Tst_test/Tensor3D/plastisim/summary.csv,../gen/Tst_test/Tensor3D/pir/AccelMain.scala,../gen/Tst_test/Tensor3D/log/,../gen/Tst_test/Tensor3D/log/gentst.log,../gen/Tst_test/Tensor3D/pir/out/resource.csv,../gen/Tst_test/Tensor3D/log/maketst.log,../gen/Tst_test/Tensor3D/log/runp2p.log,../gen/Tst_test/Tensor3D/log/runhybrid.log,True,,,13.319331721,,18,18,2,3,1,4,36,36,162,162,,,,,,,,,,,,,,,,,,,,,,,0:34.14,664,,,False,True,,3.08434,3.08434,0:00.37,,,,False,False,,,,,True
4997453a,aeea2065,2019-07-24 11:45:59,Tensor4D,test,Tst,1000000000.0,../gen/Tst_test/Tensor4D/log/runproute.log,../gen/Tst_test/Tensor4D/log/runproute.sh,../gen/Tst_test/Tensor4D/plastisim/summary.csv,../gen/Tst_test/Tensor4D/pir/AccelMain.scala,../gen/Tst_test/Tensor4D/log/,../gen/Tst_test/Tensor4D/log/gentst.log,../gen/Tst_test/Tensor4D/pir/out/resource.csv,../gen/Tst_test/Tensor4D/log/maketst.log,../gen/Tst_test/Tensor4D/log/runp2p.log,../gen/Tst_test/Tensor4D/log/runhybrid.log,True,,,14.581710812,,18,18,2,0,5,5,36,36,162,162,,,,,,,,,,,,,,,,,,,,,,,0:40.50,2264,,,False,True,,3.61837,3.61837,0:00.68,,,,False,False,,,,,True
4997453a,aeea2065,2019-07-24 11:45:59,Tensor5D,test,Tst,1000000000.0,../gen/Tst_test/Tensor5D/log/runproute.log,../gen/Tst_test/Tensor5D/log/runproute.sh,../gen/Tst_test/Tensor5D/plastisim/summary.csv,../gen/Tst_test/Tensor5D/pir/AccelMain.scala,../gen/Tst_test/Tensor5D/log/,../gen/Tst_test/Tensor5D/log/gentst.log,../gen/Tst_test/Tensor5D/pir/out/resource.csv,../gen/Tst_test/Tensor5D/log/maketst.log,../gen/Tst_test/Tensor5D/log/runp2p.log,../gen/Tst_test/Tensor5D/log/runhybrid.log,True,,,19.96516633,,18,18,2,0,12,4,36,36,162,162,,,,,,,,,,,,,,,,,,,,,,,0:54.03,15931,,,False,True,,2.05687,2.05687,0:03.52,,,,False,False,,,,,True
4997453a,aeea2065,2019-07-24 11:45:59,TensorConstructors,test,Tst,1000000000.0,../gen/Tst_test/TensorConstructors/log/runproute.log,../gen/Tst_test/TensorConstructors/log/runproute.sh,../gen/Tst_test/TensorConstructors/plastisim/summary.csv,../gen/Tst_test/TensorConstructors/pir/AccelMain.scala,../gen/Tst_test/TensorConstructors/log/,../gen/Tst_test/TensorConstructors/log/gentst.log,../gen/Tst_test/TensorConstructors/pir/out/resource.csv,../gen/Tst_test/TensorConstructors/log/maketst.log,../gen/Tst_test/TensorConstructors/log/runp2p.log,../gen/Tst_test/TensorConstructors/log/runhybrid.log,True,,,4.910641766,,18,18,0,0,0,0,36,36,162,162,,,,,,,,,,,,,,,,,,,,,,,0:22.09,1,,,False,True,,0.0,0.0,0:00.29,,,,False,False,,,,,True
4997453a,aeea2065,2019-07-24 11:45:59,TestPopcnt,test,Tst,1000000000.0,../gen/Tst_test/TestPopcnt/log/runproute.log,../gen/Tst_test/TestPopcnt/log/runproute.sh,../gen/Tst_test/TestPopcnt/plastisim/summary.csv,../gen/Tst_test/TestPopcnt/pir/AccelMain.scala,../gen/Tst_test/TestPopcnt/log/,../gen/Tst_test/TestPopcnt/log/gentst.log,../gen/Tst_test/TestPopcnt/pir/out/resource.csv,../gen/Tst_test/TestPopcnt/log/maketst.log,../gen/Tst_test/TestPopcnt/log/runp2p.log,../gen/Tst_test/TestPopcnt/log/runhybrid.log,True,,,,,,,,,,,,,,,,,,,,,,,,,,,,,,,,,,,,,,,,,False,False,,,,,,,,False,False,,,,,False
4997453a,aeea2065,2019-07-24 11:45:59,TileLoadStoreSimple,test,Tst,1000000000.0,../gen/Tst_test/TileLoadStoreSimple/log/runproute.log,../gen/Tst_test/TileLoadStoreSimple/log/runproute.sh,../gen/Tst_test/TileLoadStoreSimple/plastisim/summary.csv,../gen/Tst_test/TileLoadStoreSimple/pir/AccelMain.scala,../gen/Tst_test/TileLoadStoreSimple/log/,../gen/Tst_test/TileLoadStoreSimple/log/gentst.log,../gen/Tst_test/TileLoadStoreSimple/pir/out/resource.csv,../gen/Tst_test/TileLoadStoreSimple/log/maketst.log,../gen/Tst_test/TileLoadStoreSimple/log/runp2p.log,../gen/Tst_test/TileLoadStoreSimple/log/runhybrid.log,True,,,10.714173825,,18,18,2,2,2,3,36,36,162,162,,,,,,,,,,,,,,,,,,,,,,,0:30.02,566,,True,False,True,,1.35689,1.35689,0:00.34,,,,False,False,,,,,True
4997453a,aeea2065,2019-07-24 11:45:59,TransferArray,test,Tst,1000000000.0,../gen/Tst_test/TransferArray/log/runproute.log,../gen/Tst_test/TransferArray/log/runproute.sh,../gen/Tst_test/TransferArray/plastisim/summary.csv,../gen/Tst_test/TransferArray/pir/AccelMain.scala,../gen/Tst_test/TransferArray/log/,../gen/Tst_test/TransferArray/log/gentst.log,../gen/Tst_test/TransferArray/pir/out/resource.csv,../gen/Tst_test/TransferArray/log/maketst.log,../gen/Tst_test/TransferArray/log/runp2p.log,../gen/Tst_test/TransferArray/log/runhybrid.log,True,,,5.229952644,,18,18,0,0,0,0,36,36,162,162,,,,,,,,,,,,,,,,,,,,,,,0:23.91,1,,,False,True,,0.0,0.0,0:00.32,,,,False,False,,,,,True
4997453a,aeea2065,2019-07-24 11:45:59,TransferStruct,test,Tst,1000000000.0,../gen/Tst_test/TransferStruct/log/runproute.log,../gen/Tst_test/TransferStruct/log/runproute.sh,../gen/Tst_test/TransferStruct/plastisim/summary.csv,../gen/Tst_test/TransferStruct/pir/AccelMain.scala,../gen/Tst_test/TransferStruct/log/,../gen/Tst_test/TransferStruct/log/gentst.log,../gen/Tst_test/TransferStruct/pir/out/resource.csv,../gen/Tst_test/TransferStruct/log/maketst.log,../gen/Tst_test/TransferStruct/log/runp2p.log,../gen/Tst_test/TransferStruct/log/runhybrid.log,True,,"[0m[[0m[31merror[0m] [0m[0m/local/ssd/home/yaqiz/ASPLOS2020/sim/spatial/gen/Tst_test/TransferStruct/pir/AccelMain.scala:12:67: not found: value Velocity[0m
",,,,,,,,,,,,,,,,,,,,,,,,,,,,,,,,,,,,,,,False,False,,,,,,,,False,False,,,,,False
4997453a,aeea2065,2019-07-24 11:45:59,TransferSubByteTypes,test,Tst,1000000000.0,../gen/Tst_test/TransferSubByteTypes/log/runproute.log,../gen/Tst_test/TransferSubByteTypes/log/runproute.sh,../gen/Tst_test/TransferSubByteTypes/plastisim/summary.csv,../gen/Tst_test/TransferSubByteTypes/pir/AccelMain.scala,../gen/Tst_test/TransferSubByteTypes/log/,../gen/Tst_test/TransferSubByteTypes/log/gentst.log,../gen/Tst_test/TransferSubByteTypes/pir/out/resource.csv,../gen/Tst_test/TransferSubByteTypes/log/maketst.log,../gen/Tst_test/TransferSubByteTypes/log/runp2p.log,../gen/Tst_test/TransferSubByteTypes/log/runhybrid.log,True,,"[[31merror[0m] 15-MemoryLowering throw [pir] FIFO33 (None, Some(TransferSubByteTypes.scala:33:18)) has read enables at 
",8.32004768,,18,18,,,,,,,,,,,,,,,,,,,,,,,,,,,,,,,,,,,False,False,,,,,,,,False,False,,,,,False
4997453a,aeea2065,2019-07-24 11:45:59,TwiddlingWithStructs,test,Tst,1000000000.0,../gen/Tst_test/TwiddlingWithStructs/log/runproute.log,../gen/Tst_test/TwiddlingWithStructs/log/runproute.sh,../gen/Tst_test/TwiddlingWithStructs/plastisim/summary.csv,../gen/Tst_test/TwiddlingWithStructs/pir/AccelMain.scala,../gen/Tst_test/TwiddlingWithStructs/log/,../gen/Tst_test/TwiddlingWithStructs/log/gentst.log,../gen/Tst_test/TwiddlingWithStructs/pir/out/resource.csv,../gen/Tst_test/TwiddlingWithStructs/log/maketst.log,../gen/Tst_test/TwiddlingWithStructs/log/runp2p.log,../gen/Tst_test/TwiddlingWithStructs/log/runhybrid.log,True,,,,,,,,,,,,,,,,,,,,,,,,,,,,,,,,,,,,,,,,,False,False,,,,,,,,False,False,,,,,False
4997453a,aeea2065,2019-07-24 11:45:59,TwoDuplicatesPachinko,test,Tst,1000000000.0,../gen/Tst_test/TwoDuplicatesPachinko/log/runproute.log,../gen/Tst_test/TwoDuplicatesPachinko/log/runproute.sh,../gen/Tst_test/TwoDuplicatesPachinko/plastisim/summary.csv,../gen/Tst_test/TwoDuplicatesPachinko/pir/AccelMain.scala,../gen/Tst_test/TwoDuplicatesPachinko/log/,../gen/Tst_test/TwoDuplicatesPachinko/log/gentst.log,../gen/Tst_test/TwoDuplicatesPachinko/pir/out/resource.csv,../gen/Tst_test/TwoDuplicatesPachinko/log/maketst.log,../gen/Tst_test/TwoDuplicatesPachinko/log/runp2p.log,../gen/Tst_test/TwoDuplicatesPachinko/log/runhybrid.log,True,,,9.688340954,,18,18,1,2,1,2,36,36,162,162,,,,,,,,,,,,,,,,,,,,,,,0:29.35,339,,,False,True,,3.02065,0.0,0:00.30,,,,False,False,,,,,True
4997453a,aeea2065,2019-07-24 11:45:59,TwoDuplicatesSimple,test,Tst,1000000000.0,../gen/Tst_test/TwoDuplicatesSimple/log/runproute.log,../gen/Tst_test/TwoDuplicatesSimple/log/runproute.sh,../gen/Tst_test/TwoDuplicatesSimple/plastisim/summary.csv,../gen/Tst_test/TwoDuplicatesSimple/pir/AccelMain.scala,../gen/Tst_test/TwoDuplicatesSimple/log/,../gen/Tst_test/TwoDuplicatesSimple/log/gentst.log,../gen/Tst_test/TwoDuplicatesSimple/pir/out/resource.csv,../gen/Tst_test/TwoDuplicatesSimple/log/maketst.log,../gen/Tst_test/TwoDuplicatesSimple/log/runp2p.log,../gen/Tst_test/TwoDuplicatesSimple/log/runhybrid.log,True,,,10.729740423,,18,18,2,4,2,3,36,36,162,162,,,,,,,,,,,,,,,,,,,,,,,0:33.00,49,,,False,True,,0.0,5.22449,0:00.32,,,,False,False,,,,,True
4997453a,aeea2065,2019-07-24 11:45:59,UnalignedLoad1D,test,Tst,1000000000.0,../gen/Tst_test/UnalignedLoad1D/log/runproute.log,../gen/Tst_test/UnalignedLoad1D/log/runproute.sh,../gen/Tst_test/UnalignedLoad1D/plastisim/summary.csv,../gen/Tst_test/UnalignedLoad1D/pir/AccelMain.scala,../gen/Tst_test/UnalignedLoad1D/log/,../gen/Tst_test/UnalignedLoad1D/log/gentst.log,../gen/Tst_test/UnalignedLoad1D/pir/out/resource.csv,../gen/Tst_test/UnalignedLoad1D/log/maketst.log,../gen/Tst_test/UnalignedLoad1D/log/runp2p.log,../gen/Tst_test/UnalignedLoad1D/log/runhybrid.log,True,,,12.003647473,,18,18,1,6,1,2,36,36,162,162,,,,,,,,,,,,,,,,,,,,,,,0:34.62,2527,,True,False,True,,3.79897,0.0,0:00.46,,,,False,False,,,,,True
4997453a,aeea2065,2019-07-24 11:45:59,UnalignedLoad1D_2,test,Tst,1000000000.0,../gen/Tst_test/UnalignedLoad1D_2/log/runproute.log,../gen/Tst_test/UnalignedLoad1D_2/log/runproute.sh,../gen/Tst_test/UnalignedLoad1D_2/plastisim/summary.csv,../gen/Tst_test/UnalignedLoad1D_2/pir/AccelMain.scala,../gen/Tst_test/UnalignedLoad1D_2/log/,../gen/Tst_test/UnalignedLoad1D_2/log/gentst.log,../gen/Tst_test/UnalignedLoad1D_2/pir/out/resource.csv,../gen/Tst_test/UnalignedLoad1D_2/log/maketst.log,../gen/Tst_test/UnalignedLoad1D_2/log/runp2p.log,../gen/Tst_test/UnalignedLoad1D_2/log/runhybrid.log,True,,,11.064626154,,18,18,1,6,1,2,36,36,162,162,,,,,,,,,,,,,,,,,,,,,,,0:33.51,1726,,True,False,True,,3.708,0.0,0:00.44,,,,False,False,,,,,True
4997453a,aeea2065,2019-07-24 11:45:59,UnalignedLoadStore2D,test,Tst,1000000000.0,../gen/Tst_test/UnalignedLoadStore2D/log/runproute.log,../gen/Tst_test/UnalignedLoadStore2D/log/runproute.sh,../gen/Tst_test/UnalignedLoadStore2D/plastisim/summary.csv,../gen/Tst_test/UnalignedLoadStore2D/pir/AccelMain.scala,../gen/Tst_test/UnalignedLoadStore2D/log/,../gen/Tst_test/UnalignedLoadStore2D/log/gentst.log,../gen/Tst_test/UnalignedLoadStore2D/pir/out/resource.csv,../gen/Tst_test/UnalignedLoadStore2D/log/maketst.log,../gen/Tst_test/UnalignedLoadStore2D/log/runp2p.log,../gen/Tst_test/UnalignedLoadStore2D/log/runhybrid.log,True,,,10.302147849,,18,18,2,2,1,3,36,36,162,162,,,,,,,,,,,,,,,,,,,,,,,0:31.29,414,,,False,True,,3.09179,3.09179,0:00.33,,,,False,False,,,,,True
4997453a,aeea2065,2019-07-24 11:45:59,UnalignedMemCopyFIFO,test,Tst,1000000000.0,../gen/Tst_test/UnalignedMemCopyFIFO/log/runproute.log,../gen/Tst_test/UnalignedMemCopyFIFO/log/runproute.sh,../gen/Tst_test/UnalignedMemCopyFIFO/plastisim/summary.csv,../gen/Tst_test/UnalignedMemCopyFIFO/pir/AccelMain.scala,../gen/Tst_test/UnalignedMemCopyFIFO/log/,../gen/Tst_test/UnalignedMemCopyFIFO/log/gentst.log,../gen/Tst_test/UnalignedMemCopyFIFO/pir/out/resource.csv,../gen/Tst_test/UnalignedMemCopyFIFO/log/maketst.log,../gen/Tst_test/UnalignedMemCopyFIFO/log/runp2p.log,../gen/Tst_test/UnalignedMemCopyFIFO/log/runhybrid.log,True,,"[0m[[0m[31merror[0m] [0m[0m/local/ssd/home/yaqiz/ASPLOS2020/sim/spatial/gen/Tst_test/UnalignedMemCopyFIFO/pir/AccelMain.scala:119:29: not found: value RegReset[0m
",,,,,,,,,,,,,,,,,,,,,,,,,,,,,,,,,,,,,,,False,False,,,,,,,,False,False,,,,,False
4997453a,aeea2065,2019-07-24 11:45:59,UnalignedTileLoadStore,test,Tst,1000000000.0,../gen/Tst_test/UnalignedTileLoadStore/log/runproute.log,../gen/Tst_test/UnalignedTileLoadStore/log/runproute.sh,../gen/Tst_test/UnalignedTileLoadStore/plastisim/summary.csv,../gen/Tst_test/UnalignedTileLoadStore/pir/AccelMain.scala,../gen/Tst_test/UnalignedTileLoadStore/log/,../gen/Tst_test/UnalignedTileLoadStore/log/gentst.log,../gen/Tst_test/UnalignedTileLoadStore/pir/out/resource.csv,../gen/Tst_test/UnalignedTileLoadStore/log/maketst.log,../gen/Tst_test/UnalignedTileLoadStore/log/runp2p.log,../gen/Tst_test/UnalignedTileLoadStore/log/runhybrid.log,True,,,25.582471881,,18,18,8,8,4,27,36,36,162,162,,,,,,,,,,,,,,,,,,,,,,"src/Context703.h:231:36: error: invalid operands of types â€˜boolâ€™ and â€˜bool [8]â€™ to binary â€˜operator&â€™
",0:07.84,,,,False,False,,,,,,,,False,False,,,,,False
4997453a,aeea2065,2019-07-24 11:45:59,UniqueParallelLoad,test,Tst,1000000000.0,../gen/Tst_test/UniqueParallelLoad/log/runproute.log,../gen/Tst_test/UniqueParallelLoad/log/runproute.sh,../gen/Tst_test/UniqueParallelLoad/plastisim/summary.csv,../gen/Tst_test/UniqueParallelLoad/pir/AccelMain.scala,../gen/Tst_test/UniqueParallelLoad/log/,../gen/Tst_test/UniqueParallelLoad/log/gentst.log,../gen/Tst_test/UniqueParallelLoad/pir/out/resource.csv,../gen/Tst_test/UniqueParallelLoad/log/maketst.log,../gen/Tst_test/UniqueParallelLoad/log/runp2p.log,../gen/Tst_test/UniqueParallelLoad/log/runhybrid.log,True,,,11.110716041,,18,18,2,2,2,3,36,36,162,162,,,,,,,,,,,,,,,,,,,,,,,0:25.39,27730,,True,False,True,,3.32348,0.0,0:01.17,,,,False,False,,,,,True
4997453a,aeea2065,2019-07-24 11:45:59,UnrAccessCycleDetection,test,Tst,1000000000.0,../gen/Tst_test/UnrAccessCycleDetection/log/runproute.log,../gen/Tst_test/UnrAccessCycleDetection/log/runproute.sh,../gen/Tst_test/UnrAccessCycleDetection/plastisim/summary.csv,../gen/Tst_test/UnrAccessCycleDetection/pir/AccelMain.scala,../gen/Tst_test/UnrAccessCycleDetection/log/,../gen/Tst_test/UnrAccessCycleDetection/log/gentst.log,../gen/Tst_test/UnrAccessCycleDetection/pir/out/resource.csv,../gen/Tst_test/UnrAccessCycleDetection/log/maketst.log,../gen/Tst_test/UnrAccessCycleDetection/log/runp2p.log,../gen/Tst_test/UnrAccessCycleDetection/log/runhybrid.log,True,,,17.719868149,,18,18,1,5,11,2,36,36,162,162,,,,,,,,,,,,,,,,,,,,,,,0:50.52,190,"Assertion fail:
",,False,False,,0.0,0.673684,0:00.69,,,,False,False,,,,,False
4997453a,aeea2065,2019-07-24 11:45:59,UnrollingTest,test,Tst,1000000000.0,../gen/Tst_test/UnrollingTest/log/runproute.log,../gen/Tst_test/UnrollingTest/log/runproute.sh,../gen/Tst_test/UnrollingTest/plastisim/summary.csv,../gen/Tst_test/UnrollingTest/pir/AccelMain.scala,../gen/Tst_test/UnrollingTest/log/,../gen/Tst_test/UnrollingTest/log/gentst.log,../gen/Tst_test/UnrollingTest/pir/out/resource.csv,../gen/Tst_test/UnrollingTest/log/maketst.log,../gen/Tst_test/UnrollingTest/log/runp2p.log,../gen/Tst_test/UnrollingTest/log/runhybrid.log,True,,,5.894313537,,18,18,0,0,0,0,36,36,162,162,,,,,,,,,,,,,,,,,,,,,,,0:23.36,1,,True,False,True,,0.0,0.0,0:00.33,,,,False,False,,,,,True
4997453a,aeea2065,2019-07-24 11:45:59,UserVectors,test,Tst,1000000000.0,../gen/Tst_test/UserVectors/log/runproute.log,../gen/Tst_test/UserVectors/log/runproute.sh,../gen/Tst_test/UserVectors/plastisim/summary.csv,../gen/Tst_test/UserVectors/pir/AccelMain.scala,../gen/Tst_test/UserVectors/log/,../gen/Tst_test/UserVectors/log/gentst.log,../gen/Tst_test/UserVectors/pir/out/resource.csv,../gen/Tst_test/UserVectors/log/maketst.log,../gen/Tst_test/UserVectors/log/runp2p.log,../gen/Tst_test/UserVectors/log/runhybrid.log,True,,,,,,,,,,,,,,,,,,,,,,,,,,,,,,,,,,,,,,,,,False,False,,,,,,,,False,False,,,,,False
4997453a,aeea2065,2019-07-24 11:45:59,Viterbi,test,Tst,1000000000.0,../gen/Tst_test/Viterbi/log/runproute.log,../gen/Tst_test/Viterbi/log/runproute.sh,../gen/Tst_test/Viterbi/plastisim/summary.csv,../gen/Tst_test/Viterbi/pir/AccelMain.scala,../gen/Tst_test/Viterbi/log/,../gen/Tst_test/Viterbi/log/gentst.log,../gen/Tst_test/Viterbi/pir/out/resource.csv,../gen/Tst_test/Viterbi/log/maketst.log,../gen/Tst_test/Viterbi/log/runp2p.log,../gen/Tst_test/Viterbi/log/runhybrid.log,True,,"[0m[[0m[31merror[0m] [0m[0m/local/ssd/home/yaqiz/ASPLOS2020/sim/spatial/gen/Tst_test/Viterbi/pir/AccelMain.scala:260:29: not found: value RegReset[0m
",,,,,,,,,,,,,,,,,,,,,,,,,,,,,,,,,,,,,,,False,False,,,,,,,,False,False,,,,,False
