spatial_sha,pir_sha,time,app,project,backend,freq,runproute,proutesh,prouteSummary,AccelMain,logpath,gentst,maketst,runp2p,runhybrid,genpir,genpir_err,gentst_err,gentst_time,gentst_notFit,gentst_MC,gentst_DAG,gentst_PMU,gentst_PCU,gentst_row,gentst_col,proutesh_algo,proutesh_pattern,proutesh_slink,proutesh_vlink,proutesh_prtime,proutesh_vcLimit,runproute_err,runproute_time,DynHopsVec,DynHopsScal,StatHopsVec,StatHopsScal,Score,NetVC,TotPkts,LinkLim,InjectLim,EjectLim,LongRoute,Q0Pct,Q0Lim,maketst_err,maketst_time,runp2p_cycle,runp2p_err,runp2p_pass,runp2p_deadlock,runp2p_complete,runp2p_dram_power,runp2p_rbw,runp2p_wbw,runp2p_time,runhybrid_cycle,runhybrid_err,runhybrid_pass,runhybrid_deadlock,runhybrid_complete,runhybrid_dram_power,runhybrid_rbw,runhybrid_wbw,runhybrid_time,succeeded
61638b6a,c306d37a,2019-07-17 03:24:15,AES,test,Tst,1000000000.0,../gen/Tst_test/AES/log/runproute.log,../gen/Tst_test/AES/log/runproute.sh,../gen/Tst_test/AES/plastisim/summary.csv,../gen/Tst_test/AES/pir/AccelMain.scala,../gen/Tst_test/AES/log/,../gen/Tst_test/AES/log/gentst.log,../gen/Tst_test/AES/log/maketst.log,../gen/Tst_test/AES/log/runp2p.log,../gen/Tst_test/AES/log/runhybrid.log,True,,"[[31merror[0m] 04-GraphInitialization throw [pir] Don't know how to infer vec of BankedWrite262
",14.276376434,,,,,,18,18,,,,,,,,,,,,,,,,,,,,,,,,,,,False,False,,,,,,,,False,False,,,,,False
61638b6a,c306d37a,2019-07-17 03:24:15,AXICommandSplit,test,Tst,1000000000.0,../gen/Tst_test/AXICommandSplit/log/runproute.log,../gen/Tst_test/AXICommandSplit/log/runproute.sh,../gen/Tst_test/AXICommandSplit/plastisim/summary.csv,../gen/Tst_test/AXICommandSplit/pir/AccelMain.scala,../gen/Tst_test/AXICommandSplit/log/,../gen/Tst_test/AXICommandSplit/log/gentst.log,../gen/Tst_test/AXICommandSplit/log/maketst.log,../gen/Tst_test/AXICommandSplit/log/runp2p.log,../gen/Tst_test/AXICommandSplit/log/runhybrid.log,True,,,9.358809521,,,,,,18,18,,,,,,,,,,,,,,,,,,,,,,,0:29.28,8414,,True,False,True,,23.3668,23.3668,0:00.87,,,,False,False,,,,,True
61638b6a,c306d37a,2019-07-17 03:24:15,AliasProp,test,Tst,1000000000.0,../gen/Tst_test/AliasProp/log/runproute.log,../gen/Tst_test/AliasProp/log/runproute.sh,../gen/Tst_test/AliasProp/plastisim/summary.csv,../gen/Tst_test/AliasProp/pir/AccelMain.scala,../gen/Tst_test/AliasProp/log/,../gen/Tst_test/AliasProp/log/gentst.log,../gen/Tst_test/AliasProp/log/maketst.log,../gen/Tst_test/AliasProp/log/runp2p.log,../gen/Tst_test/AliasProp/log/runhybrid.log,True,,,4.39233636,,,,,,18,18,,,,,,,,,,,,,,,,,,,,,,,0:17.67,1,,,False,True,,0.0,0.0,0:00.26,,,,False,False,,,,,True
61638b6a,c306d37a,2019-07-17 03:24:15,Aliases3Dto2DTransfers,test,Tst,1000000000.0,../gen/Tst_test/Aliases3Dto2DTransfers/log/runproute.log,../gen/Tst_test/Aliases3Dto2DTransfers/log/runproute.sh,../gen/Tst_test/Aliases3Dto2DTransfers/plastisim/summary.csv,../gen/Tst_test/Aliases3Dto2DTransfers/pir/AccelMain.scala,../gen/Tst_test/Aliases3Dto2DTransfers/log/,../gen/Tst_test/Aliases3Dto2DTransfers/log/gentst.log,../gen/Tst_test/Aliases3Dto2DTransfers/log/maketst.log,../gen/Tst_test/Aliases3Dto2DTransfers/log/runp2p.log,../gen/Tst_test/Aliases3Dto2DTransfers/log/runhybrid.log,True,,,14.728153658,,,,,,18,18,,,,,,,,,,,,,,,,,,,,,,,0:32.85,4277,,,False,True,,9.57681,8.61913,0:00.75,,,,False,False,,,,,True
61638b6a,c306d37a,2019-07-17 03:24:15,ArgInOut,test,Tst,1000000000.0,../gen/Tst_test/ArgInOut/log/runproute.log,../gen/Tst_test/ArgInOut/log/runproute.sh,../gen/Tst_test/ArgInOut/plastisim/summary.csv,../gen/Tst_test/ArgInOut/pir/AccelMain.scala,../gen/Tst_test/ArgInOut/log/,../gen/Tst_test/ArgInOut/log/gentst.log,../gen/Tst_test/ArgInOut/log/maketst.log,../gen/Tst_test/ArgInOut/log/runp2p.log,../gen/Tst_test/ArgInOut/log/runhybrid.log,True,,,5.210595045,,,,,,18,18,,,,,,,,,,,,,,,,,,,,,,,0:21.27,13,,True,False,True,,0.0,0.0,0:00.24,,,,False,False,,,,,True
61638b6a,c306d37a,2019-07-17 03:24:15,BFS,test,Tst,1000000000.0,../gen/Tst_test/BFS/log/runproute.log,../gen/Tst_test/BFS/log/runproute.sh,../gen/Tst_test/BFS/plastisim/summary.csv,../gen/Tst_test/BFS/pir/AccelMain.scala,../gen/Tst_test/BFS/log/,../gen/Tst_test/BFS/log/gentst.log,../gen/Tst_test/BFS/log/maketst.log,../gen/Tst_test/BFS/log/runp2p.log,../gen/Tst_test/BFS/log/runhybrid.log,True,,"[[31merror[0m] Multiple accesses to the same memory in the same basic block will deadlock on plasticine.
",23.985244131,,,,,,18,18,,,,,,,,,,,,,,,,,,,,,,,,,,,False,False,,,,,,,,False,False,,,,,False
61638b6a,c306d37a,2019-07-17 03:24:15,BFS_Bulk,test,Tst,1000000000.0,../gen/Tst_test/BFS_Bulk/log/runproute.log,../gen/Tst_test/BFS_Bulk/log/runproute.sh,../gen/Tst_test/BFS_Bulk/plastisim/summary.csv,../gen/Tst_test/BFS_Bulk/pir/AccelMain.scala,../gen/Tst_test/BFS_Bulk/log/,../gen/Tst_test/BFS_Bulk/log/gentst.log,../gen/Tst_test/BFS_Bulk/log/maketst.log,../gen/Tst_test/BFS_Bulk/log/runp2p.log,../gen/Tst_test/BFS_Bulk/log/runhybrid.log,True,,,8.764679908,,,,,,18,18,,,,,,,,,,,,,,,,,,,,,,,0:26.10,74,"Assertion fail:
",True,False,False,,0.0,0.864865,0:00.62,,,,False,False,,,,,False
61638b6a,c306d37a,2019-07-17 03:24:15,BFS_Queue,test,Tst,1000000000.0,../gen/Tst_test/BFS_Queue/log/runproute.log,../gen/Tst_test/BFS_Queue/log/runproute.sh,../gen/Tst_test/BFS_Queue/plastisim/summary.csv,../gen/Tst_test/BFS_Queue/pir/AccelMain.scala,../gen/Tst_test/BFS_Queue/log/,../gen/Tst_test/BFS_Queue/log/gentst.log,../gen/Tst_test/BFS_Queue/log/maketst.log,../gen/Tst_test/BFS_Queue/log/runp2p.log,../gen/Tst_test/BFS_Queue/log/runhybrid.log,True,,,8.654110316,,,,,,18,18,,,,,,,,,,,,,,,,,,,,,,,0:28.00,74,"Assertion fail:
",True,False,False,,0.0,0.864865,0:00.58,,,,False,False,,,,,False
61638b6a,c306d37a,2019-07-17 03:24:15,BTC,test,Tst,1000000000.0,../gen/Tst_test/BTC/log/runproute.log,../gen/Tst_test/BTC/log/runproute.sh,../gen/Tst_test/BTC/plastisim/summary.csv,../gen/Tst_test/BTC/pir/AccelMain.scala,../gen/Tst_test/BTC/log/,../gen/Tst_test/BTC/log/gentst.log,../gen/Tst_test/BTC/log/maketst.log,../gen/Tst_test/BTC/log/runp2p.log,../gen/Tst_test/BTC/log/runhybrid.log,True,,,,,,,,,,,,,,,,,,,,,,,,,,,,,,,,,,,,,False,False,,,,,,,,False,False,,,,,False
61638b6a,c306d37a,2019-07-17 03:24:15,Backprop,test,Tst,1000000000.0,../gen/Tst_test/Backprop/log/runproute.log,../gen/Tst_test/Backprop/log/runproute.sh,../gen/Tst_test/Backprop/plastisim/summary.csv,../gen/Tst_test/Backprop/pir/AccelMain.scala,../gen/Tst_test/Backprop/log/,../gen/Tst_test/Backprop/log/gentst.log,../gen/Tst_test/Backprop/log/maketst.log,../gen/Tst_test/Backprop/log/runp2p.log,../gen/Tst_test/Backprop/log/runhybrid.log,True,,"[[31merror[0m] Not enough resource of type PMUParam1751506418,DramAGParam193954991,PCUParam2071247419. Required 522. Possesed 360
",694.731850858,"[[31merror[0m] Not enough resource of type PMUParam1751506418,DramAGParam193954991,PCUParam2071247419. Required 522. Possesed 360
",,,,,18,18,,,,,,,,,,,,,,,,,,,,,,,,,,,False,False,,,,,,,,False,False,,,,,False
61638b6a,c306d37a,2019-07-17 03:24:15,Bank1D,test,Tst,1000000000.0,../gen/Tst_test/Bank1D/log/runproute.log,../gen/Tst_test/Bank1D/log/runproute.sh,../gen/Tst_test/Bank1D/plastisim/summary.csv,../gen/Tst_test/Bank1D/pir/AccelMain.scala,../gen/Tst_test/Bank1D/log/,../gen/Tst_test/Bank1D/log/gentst.log,../gen/Tst_test/Bank1D/log/maketst.log,../gen/Tst_test/Bank1D/log/runp2p.log,../gen/Tst_test/Bank1D/log/runhybrid.log,True,,,24.660664487,,,,,,18,18,,,,,,,,,,,,,,,,,,,,,,,1:18.03,1072,"Assertion fail:
",,True,False,,0.776119,0.0,0:01.04,,,,False,False,,,,,False
61638b6a,c306d37a,2019-07-17 03:24:15,Bank2DSimple,test,Tst,1000000000.0,../gen/Tst_test/Bank2DSimple/log/runproute.log,../gen/Tst_test/Bank2DSimple/log/runproute.sh,../gen/Tst_test/Bank2DSimple/plastisim/summary.csv,../gen/Tst_test/Bank2DSimple/pir/AccelMain.scala,../gen/Tst_test/Bank2DSimple/log/,../gen/Tst_test/Bank2DSimple/log/gentst.log,../gen/Tst_test/Bank2DSimple/log/maketst.log,../gen/Tst_test/Bank2DSimple/log/runp2p.log,../gen/Tst_test/Bank2DSimple/log/runhybrid.log,True,,"[[31merror[0m] Not enough resource of type PMUParam1093301588,PCUParam1098746634. Required 629. Possesed 324
",595.240461673,"[[31merror[0m] Not enough resource of type PMUParam1093301588,PCUParam1098746634. Required 629. Possesed 324
",,,,,18,18,,,,,,,,,,,,,,,,,,,,,,,,,,,False,False,,,,,,,,False,False,,,,,False
61638b6a,c306d37a,2019-07-17 03:24:15,Bank2DStrange,test,Tst,1000000000.0,../gen/Tst_test/Bank2DStrange/log/runproute.log,../gen/Tst_test/Bank2DStrange/log/runproute.sh,../gen/Tst_test/Bank2DStrange/plastisim/summary.csv,../gen/Tst_test/Bank2DStrange/pir/AccelMain.scala,../gen/Tst_test/Bank2DStrange/log/,../gen/Tst_test/Bank2DStrange/log/gentst.log,../gen/Tst_test/Bank2DStrange/log/maketst.log,../gen/Tst_test/Bank2DStrange/log/runp2p.log,../gen/Tst_test/Bank2DStrange/log/runhybrid.log,True,,"[[31merror[0m] Constrain failed on MemoryContainer336
",7.535638096,,,,,,18,18,,,,,,,,,,,,,,,,,,,,,,,,,,,False,False,,,,,,,,False,False,,,,,False
61638b6a,c306d37a,2019-07-17 03:24:15,Bank4DHard,test,Tst,1000000000.0,../gen/Tst_test/Bank4DHard/log/runproute.log,../gen/Tst_test/Bank4DHard/log/runproute.sh,../gen/Tst_test/Bank4DHard/plastisim/summary.csv,../gen/Tst_test/Bank4DHard/pir/AccelMain.scala,../gen/Tst_test/Bank4DHard/log/,../gen/Tst_test/Bank4DHard/log/gentst.log,../gen/Tst_test/Bank4DHard/log/maketst.log,../gen/Tst_test/Bank4DHard/log/runp2p.log,../gen/Tst_test/Bank4DHard/log/runhybrid.log,True,,"[[31merror[0m] Constrain failed on MemoryContainer179
",6.645034551,,,,,,18,18,,,,,,,,,,,,,,,,,,,,,,,,,,,False,False,,,,,,,,False,False,,,,,False
61638b6a,c306d37a,2019-07-17 03:24:15,BankLines,test,Tst,1000000000.0,../gen/Tst_test/BankLines/log/runproute.log,../gen/Tst_test/BankLines/log/runproute.sh,../gen/Tst_test/BankLines/plastisim/summary.csv,../gen/Tst_test/BankLines/pir/AccelMain.scala,../gen/Tst_test/BankLines/log/,../gen/Tst_test/BankLines/log/gentst.log,../gen/Tst_test/BankLines/log/maketst.log,../gen/Tst_test/BankLines/log/runp2p.log,../gen/Tst_test/BankLines/log/runhybrid.log,False,[error] //TODO: Plasticine does not support unbanked unrolled access at the moment. ,,,,,,,,,,,,,,,,,,,,,,,,,,,,,,,,,,,,False,False,,,,,,,,False,False,,,,,False
61638b6a,c306d37a,2019-07-17 03:24:15,BankLockstep,test,Tst,1000000000.0,../gen/Tst_test/BankLockstep/log/runproute.log,../gen/Tst_test/BankLockstep/log/runproute.sh,../gen/Tst_test/BankLockstep/plastisim/summary.csv,../gen/Tst_test/BankLockstep/pir/AccelMain.scala,../gen/Tst_test/BankLockstep/log/,../gen/Tst_test/BankLockstep/log/gentst.log,../gen/Tst_test/BankLockstep/log/maketst.log,../gen/Tst_test/BankLockstep/log/runp2p.log,../gen/Tst_test/BankLockstep/log/runhybrid.log,False,[error] //TODO: Plasticine does not support unbanked unrolled access at the moment. ,,,,,,,,,,,,,,,,,,,,,,,,,,,,,,,,,,,,False,False,,,,,,,,False,False,,,,,False
61638b6a,c306d37a,2019-07-17 03:24:15,BankNonbuffered,test,Tst,1000000000.0,../gen/Tst_test/BankNonbuffered/log/runproute.log,../gen/Tst_test/BankNonbuffered/log/runproute.sh,../gen/Tst_test/BankNonbuffered/plastisim/summary.csv,../gen/Tst_test/BankNonbuffered/pir/AccelMain.scala,../gen/Tst_test/BankNonbuffered/log/,../gen/Tst_test/BankNonbuffered/log/gentst.log,../gen/Tst_test/BankNonbuffered/log/maketst.log,../gen/Tst_test/BankNonbuffered/log/runp2p.log,../gen/Tst_test/BankNonbuffered/log/runhybrid.log,True,,,11.57197679,,,,,,18,18,,,,,,,,,,,,,,,,,,,,,,,0:33.25,190,,True,False,True,,0.673684,1.34737,0:00.26,,,,False,False,,,,,True
61638b6a,c306d37a,2019-07-17 03:24:15,Bankapalooza,test,Tst,1000000000.0,../gen/Tst_test/Bankapalooza/log/runproute.log,../gen/Tst_test/Bankapalooza/log/runproute.sh,../gen/Tst_test/Bankapalooza/plastisim/summary.csv,../gen/Tst_test/Bankapalooza/pir/AccelMain.scala,../gen/Tst_test/Bankapalooza/log/,../gen/Tst_test/Bankapalooza/log/gentst.log,../gen/Tst_test/Bankapalooza/log/maketst.log,../gen/Tst_test/Bankapalooza/log/runp2p.log,../gen/Tst_test/Bankapalooza/log/runhybrid.log,False,[bug] Encountered exception while updating node,,,,,,,,,,,,,,,,,,,,,,,,,,,,,,,,,,,,False,False,,,,,,,,False,False,,,,,False
61638b6a,c306d37a,2019-07-17 03:24:15,BasicBLAS,test,Tst,1000000000.0,../gen/Tst_test/BasicBLAS/log/runproute.log,../gen/Tst_test/BasicBLAS/log/runproute.sh,../gen/Tst_test/BasicBLAS/plastisim/summary.csv,../gen/Tst_test/BasicBLAS/pir/AccelMain.scala,../gen/Tst_test/BasicBLAS/log/,../gen/Tst_test/BasicBLAS/log/gentst.log,../gen/Tst_test/BasicBLAS/log/maketst.log,../gen/Tst_test/BasicBLAS/log/runp2p.log,../gen/Tst_test/BasicBLAS/log/runhybrid.log,True,,,121.072349395,,,,,,18,18,,,,,,,,,,,,,,,,,,,,,,,17:04.75,806087,"Assertion fail:
",,False,False,,0.160856,0.084239,23:22.14,,,,False,False,,,,,False
61638b6a,c306d37a,2019-07-17 03:24:15,BasicParamsV1,test,Tst,1000000000.0,../gen/Tst_test/BasicParamsV1/log/runproute.log,../gen/Tst_test/BasicParamsV1/log/runproute.sh,../gen/Tst_test/BasicParamsV1/plastisim/summary.csv,../gen/Tst_test/BasicParamsV1/pir/AccelMain.scala,../gen/Tst_test/BasicParamsV1/log/,../gen/Tst_test/BasicParamsV1/log/gentst.log,../gen/Tst_test/BasicParamsV1/log/maketst.log,../gen/Tst_test/BasicParamsV1/log/runp2p.log,../gen/Tst_test/BasicParamsV1/log/runhybrid.log,True,,,11.197035805,,,,,,18,18,,,,,,,,,,,,,,,,,,,,,,,0:34.55,1125,"Assertion fail:
",True,True,False,,4.32356,0.0,0:00.68,,,,False,False,,,,,False
61638b6a,c306d37a,2019-07-17 03:24:15,BasicParamsV2,test,Tst,1000000000.0,../gen/Tst_test/BasicParamsV2/log/runproute.log,../gen/Tst_test/BasicParamsV2/log/runproute.sh,../gen/Tst_test/BasicParamsV2/plastisim/summary.csv,../gen/Tst_test/BasicParamsV2/pir/AccelMain.scala,../gen/Tst_test/BasicParamsV2/log/,../gen/Tst_test/BasicParamsV2/log/gentst.log,../gen/Tst_test/BasicParamsV2/log/maketst.log,../gen/Tst_test/BasicParamsV2/log/runp2p.log,../gen/Tst_test/BasicParamsV2/log/runhybrid.log,True,,,9.35143542,,,,,,18,18,,,,,,,,,,,,,,,,,,,,,,,0:30.49,347,"Assertion fail:
",True,False,False,,16.2305,0.0,0:00.56,,,,False,False,,,,,False
61638b6a,c306d37a,2019-07-17 03:24:15,BasicParamsV3,test,Tst,1000000000.0,../gen/Tst_test/BasicParamsV3/log/runproute.log,../gen/Tst_test/BasicParamsV3/log/runproute.sh,../gen/Tst_test/BasicParamsV3/plastisim/summary.csv,../gen/Tst_test/BasicParamsV3/pir/AccelMain.scala,../gen/Tst_test/BasicParamsV3/log/,../gen/Tst_test/BasicParamsV3/log/gentst.log,../gen/Tst_test/BasicParamsV3/log/maketst.log,../gen/Tst_test/BasicParamsV3/log/runp2p.log,../gen/Tst_test/BasicParamsV3/log/runhybrid.log,True,,,20.316825741,,,,,,18,18,,,,,,,,,,,,,,,,,,,,,,,0:47.33,1165,"Assertion fail:
",True,True,False,,5.27382,0.0,0:00.74,,,,False,False,,,,,False
61638b6a,c306d37a,2019-07-17 03:24:15,BinaryFileIO,test,Tst,1000000000.0,../gen/Tst_test/BinaryFileIO/log/runproute.log,../gen/Tst_test/BinaryFileIO/log/runproute.sh,../gen/Tst_test/BinaryFileIO/plastisim/summary.csv,../gen/Tst_test/BinaryFileIO/pir/AccelMain.scala,../gen/Tst_test/BinaryFileIO/log/,../gen/Tst_test/BinaryFileIO/log/gentst.log,../gen/Tst_test/BinaryFileIO/log/maketst.log,../gen/Tst_test/BinaryFileIO/log/runp2p.log,../gen/Tst_test/BinaryFileIO/log/runhybrid.log,True,,,5.010036181,,,,,,18,18,,,,,,,,,,,,,,,,,,,,,,,0:26.73,1,,,False,True,,0.0,0.0,0:00.26,,,,False,False,,,,,True
61638b6a,c306d37a,2019-07-17 03:24:15,BitSelects,test,Tst,1000000000.0,../gen/Tst_test/BitSelects/log/runproute.log,../gen/Tst_test/BitSelects/log/runproute.sh,../gen/Tst_test/BitSelects/plastisim/summary.csv,../gen/Tst_test/BitSelects/pir/AccelMain.scala,../gen/Tst_test/BitSelects/log/,../gen/Tst_test/BitSelects/log/gentst.log,../gen/Tst_test/BitSelects/log/maketst.log,../gen/Tst_test/BitSelects/log/runp2p.log,../gen/Tst_test/BitSelects/log/runhybrid.log,True,,,,,,,,,,,,,,,,,,,,,,,,,,,,,,,,,,,,,False,False,,,,,,,,False,False,,,,,False
61638b6a,c306d37a,2019-07-17 03:24:15,BlackScholes,test,Tst,1000000000.0,../gen/Tst_test/BlackScholes/log/runproute.log,../gen/Tst_test/BlackScholes/log/runproute.sh,../gen/Tst_test/BlackScholes/plastisim/summary.csv,../gen/Tst_test/BlackScholes/pir/AccelMain.scala,../gen/Tst_test/BlackScholes/log/,../gen/Tst_test/BlackScholes/log/gentst.log,../gen/Tst_test/BlackScholes/log/maketst.log,../gen/Tst_test/BlackScholes/log/runp2p.log,../gen/Tst_test/BlackScholes/log/runhybrid.log,True,,,40.694735347,,,,,,18,18,,,,,,,,,,,,,,,,,,,,,,"src/Context1006.h:231:36: error: invalid operands of types â€˜boolâ€™ and â€˜bool [4]â€™ to binary â€˜operator&â€™
",0:08.94,,,,False,False,,,,,,,,False,False,,,,,False
61638b6a,c306d37a,2019-07-17 03:24:15,Blur,test,Tst,1000000000.0,../gen/Tst_test/Blur/log/runproute.log,../gen/Tst_test/Blur/log/runproute.sh,../gen/Tst_test/Blur/plastisim/summary.csv,../gen/Tst_test/Blur/pir/AccelMain.scala,../gen/Tst_test/Blur/log/,../gen/Tst_test/Blur/log/gentst.log,../gen/Tst_test/Blur/log/maketst.log,../gen/Tst_test/Blur/log/runp2p.log,../gen/Tst_test/Blur/log/runhybrid.log,False,[bug] Encountered exception while updating node,,,,,,,,,,,,,,,,,,,,,,,,,,,,,,,,,,,,False,False,,,,,,,,False,False,,,,,False
61638b6a,c306d37a,2019-07-17 03:24:15,Break,test,Tst,1000000000.0,../gen/Tst_test/Break/log/runproute.log,../gen/Tst_test/Break/log/runproute.sh,../gen/Tst_test/Break/plastisim/summary.csv,../gen/Tst_test/Break/pir/AccelMain.scala,../gen/Tst_test/Break/log/,../gen/Tst_test/Break/log/gentst.log,../gen/Tst_test/Break/log/maketst.log,../gen/Tst_test/Break/log/runp2p.log,../gen/Tst_test/Break/log/runhybrid.log,True,,,22.188967401,,,,,,18,18,,,,,,,,,,,,,,,,,,,,,,"src/Context670.h:60:24: error: â€˜MemRead59â€™ was not declared in this scope
",0:07.15,,,,False,False,,,,,,,,False,False,,,,,False
61638b6a,c306d37a,2019-07-17 03:24:15,Breakpoint,test,Tst,1000000000.0,../gen/Tst_test/Breakpoint/log/runproute.log,../gen/Tst_test/Breakpoint/log/runproute.sh,../gen/Tst_test/Breakpoint/plastisim/summary.csv,../gen/Tst_test/Breakpoint/pir/AccelMain.scala,../gen/Tst_test/Breakpoint/log/,../gen/Tst_test/Breakpoint/log/gentst.log,../gen/Tst_test/Breakpoint/log/maketst.log,../gen/Tst_test/Breakpoint/log/runp2p.log,../gen/Tst_test/Breakpoint/log/runhybrid.log,True,,"[0m[[0m[31merror[0m] [0m[0m/local/ssd/home/yaqiz/spatial/gen/Tst_test/Breakpoint/pir/AccelMain.scala:67:38: not found: value x131[0m
",,,,,,,,,,,,,,,,,,,,,,,,,,,,,,,,,,,False,False,,,,,,,,False,False,,,,,False
61638b6a,c306d37a,2019-07-17 03:24:15,Broadcast,test,Tst,1000000000.0,../gen/Tst_test/Broadcast/log/runproute.log,../gen/Tst_test/Broadcast/log/runproute.sh,../gen/Tst_test/Broadcast/plastisim/summary.csv,../gen/Tst_test/Broadcast/pir/AccelMain.scala,../gen/Tst_test/Broadcast/log/,../gen/Tst_test/Broadcast/log/gentst.log,../gen/Tst_test/Broadcast/log/maketst.log,../gen/Tst_test/Broadcast/log/runp2p.log,../gen/Tst_test/Broadcast/log/runhybrid.log,True,,,16.882006239,,,,,,18,18,,,,,,,,,,,,,,,,,,,,,,,0:37.15,3141,,,False,True,,0.652022,0.326011,0:00.71,,,,False,False,,,,,True
61638b6a,c306d37a,2019-07-17 03:24:15,BroadcastRandom,test,Tst,1000000000.0,../gen/Tst_test/BroadcastRandom/log/runproute.log,../gen/Tst_test/BroadcastRandom/log/runproute.sh,../gen/Tst_test/BroadcastRandom/plastisim/summary.csv,../gen/Tst_test/BroadcastRandom/pir/AccelMain.scala,../gen/Tst_test/BroadcastRandom/log/,../gen/Tst_test/BroadcastRandom/log/gentst.log,../gen/Tst_test/BroadcastRandom/log/maketst.log,../gen/Tst_test/BroadcastRandom/log/runp2p.log,../gen/Tst_test/BroadcastRandom/log/runhybrid.log,False,[bug] Encountered exception while updating node,,,,,,,,,,,,,,,,,,,,,,,,,,,,,,,,,,,,False,False,,,,,,,,False,False,,,,,False
61638b6a,c306d37a,2019-07-17 03:24:15,BroadcastStressTest,test,Tst,1000000000.0,../gen/Tst_test/BroadcastStressTest/log/runproute.log,../gen/Tst_test/BroadcastStressTest/log/runproute.sh,../gen/Tst_test/BroadcastStressTest/plastisim/summary.csv,../gen/Tst_test/BroadcastStressTest/pir/AccelMain.scala,../gen/Tst_test/BroadcastStressTest/log/,../gen/Tst_test/BroadcastStressTest/log/gentst.log,../gen/Tst_test/BroadcastStressTest/log/maketst.log,../gen/Tst_test/BroadcastStressTest/log/runp2p.log,../gen/Tst_test/BroadcastStressTest/log/runhybrid.log,False,[bug] Encountered exception while updating node,,,,,,,,,,,,,,,,,,,,,,,,,,,,,,,,,,,,False,False,,,,,,,,False,False,,,,,False
61638b6a,c306d37a,2019-07-17 03:24:15,BufferHazard,test,Tst,1000000000.0,../gen/Tst_test/BufferHazard/log/runproute.log,../gen/Tst_test/BufferHazard/log/runproute.sh,../gen/Tst_test/BufferHazard/plastisim/summary.csv,../gen/Tst_test/BufferHazard/pir/AccelMain.scala,../gen/Tst_test/BufferHazard/log/,../gen/Tst_test/BufferHazard/log/gentst.log,../gen/Tst_test/BufferHazard/log/maketst.log,../gen/Tst_test/BufferHazard/log/runp2p.log,../gen/Tst_test/BufferHazard/log/runhybrid.log,True,,,14.853926153,,,,,,18,18,,,,,,,,,,,,,,,,,,,,,,,0:36.09,1412,,True,False,True,,0.407932,0.498584,0:00.50,,,,False,False,,,,,True
61638b6a,c306d37a,2019-07-17 03:24:15,BufferRecalc,test,Tst,1000000000.0,../gen/Tst_test/BufferRecalc/log/runproute.log,../gen/Tst_test/BufferRecalc/log/runproute.sh,../gen/Tst_test/BufferRecalc/plastisim/summary.csv,../gen/Tst_test/BufferRecalc/pir/AccelMain.scala,../gen/Tst_test/BufferRecalc/log/,../gen/Tst_test/BufferRecalc/log/gentst.log,../gen/Tst_test/BufferRecalc/log/maketst.log,../gen/Tst_test/BufferRecalc/log/runp2p.log,../gen/Tst_test/BufferRecalc/log/runhybrid.log,True,,,8.098133259,,,,,,18,18,,,,,,,,,,,,,,,,,,,,,,,0:26.27,129,,,False,True,,0.0,0.992248,0:00.34,,,,False,False,,,,,True
61638b6a,c306d37a,2019-07-17 03:24:15,BufferedWrite,test,Tst,1000000000.0,../gen/Tst_test/BufferedWrite/log/runproute.log,../gen/Tst_test/BufferedWrite/log/runproute.sh,../gen/Tst_test/BufferedWrite/plastisim/summary.csv,../gen/Tst_test/BufferedWrite/pir/AccelMain.scala,../gen/Tst_test/BufferedWrite/log/,../gen/Tst_test/BufferedWrite/log/gentst.log,../gen/Tst_test/BufferedWrite/log/maketst.log,../gen/Tst_test/BufferedWrite/log/runp2p.log,../gen/Tst_test/BufferedWrite/log/runhybrid.log,True,,"[0m[[0m[31merror[0m] [0m[0m/local/ssd/home/yaqiz/spatial/gen/Tst_test/BufferedWrite/pir/AccelMain.scala:94:29: not found: value RegReset[0m
",,,,,,,,,,,,,,,,,,,,,,,,,,,,,,,,,,,False,False,,,,,,,,False,False,,,,,False
61638b6a,c306d37a,2019-07-17 03:24:15,BufferedWrite2,test,Tst,1000000000.0,../gen/Tst_test/BufferedWrite2/log/runproute.log,../gen/Tst_test/BufferedWrite2/log/runproute.sh,../gen/Tst_test/BufferedWrite2/plastisim/summary.csv,../gen/Tst_test/BufferedWrite2/pir/AccelMain.scala,../gen/Tst_test/BufferedWrite2/log/,../gen/Tst_test/BufferedWrite2/log/gentst.log,../gen/Tst_test/BufferedWrite2/log/maketst.log,../gen/Tst_test/BufferedWrite2/log/runp2p.log,../gen/Tst_test/BufferedWrite2/log/runhybrid.log,True,,,12.192932133,,,,,,18,18,,,,,,,,,,,,,,,,,,,,,,,0:34.61,4002,,True,False,True,,0.383808,0.95952,0:00.54,,,,False,False,,,,,True
61638b6a,c306d37a,2019-07-17 03:24:15,CLITest,test,Tst,1000000000.0,../gen/Tst_test/CLITest/log/runproute.log,../gen/Tst_test/CLITest/log/runproute.sh,../gen/Tst_test/CLITest/plastisim/summary.csv,../gen/Tst_test/CLITest/pir/AccelMain.scala,../gen/Tst_test/CLITest/log/,../gen/Tst_test/CLITest/log/gentst.log,../gen/Tst_test/CLITest/log/maketst.log,../gen/Tst_test/CLITest/log/runp2p.log,../gen/Tst_test/CLITest/log/runhybrid.log,True,,,4.410354952,,,,,,18,18,,,,,,,,,,,,,,,,,,,,,,,0:12.97,,,,False,False,,,,0:00.00,,,,False,False,,,,,False
61638b6a,c306d37a,2019-07-17 03:24:15,CSVFileIO,test,Tst,1000000000.0,../gen/Tst_test/CSVFileIO/log/runproute.log,../gen/Tst_test/CSVFileIO/log/runproute.sh,../gen/Tst_test/CSVFileIO/plastisim/summary.csv,../gen/Tst_test/CSVFileIO/pir/AccelMain.scala,../gen/Tst_test/CSVFileIO/log/,../gen/Tst_test/CSVFileIO/log/gentst.log,../gen/Tst_test/CSVFileIO/log/maketst.log,../gen/Tst_test/CSVFileIO/log/runp2p.log,../gen/Tst_test/CSVFileIO/log/runhybrid.log,True,,,4.625358763,,,,,,18,18,,,,,,,,,,,,,,,,,,,,,,,0:20.95,1,,,False,True,,0.0,0.0,0:00.33,,,,False,False,,,,,True
61638b6a,c306d37a,2019-07-17 03:24:15,CatTest,test,Tst,1000000000.0,../gen/Tst_test/CatTest/log/runproute.log,../gen/Tst_test/CatTest/log/runproute.sh,../gen/Tst_test/CatTest/plastisim/summary.csv,../gen/Tst_test/CatTest/pir/AccelMain.scala,../gen/Tst_test/CatTest/log/,../gen/Tst_test/CatTest/log/gentst.log,../gen/Tst_test/CatTest/log/maketst.log,../gen/Tst_test/CatTest/log/runp2p.log,../gen/Tst_test/CatTest/log/runhybrid.log,True,,,,,,,,,,,,,,,,,,,,,,,,,,,,,,,,,,,,,False,False,,,,,,,,False,False,,,,,False
61638b6a,c306d37a,2019-07-17 03:24:15,ChangingCtrBounds,test,Tst,1000000000.0,../gen/Tst_test/ChangingCtrBounds/log/runproute.log,../gen/Tst_test/ChangingCtrBounds/log/runproute.sh,../gen/Tst_test/ChangingCtrBounds/plastisim/summary.csv,../gen/Tst_test/ChangingCtrBounds/pir/AccelMain.scala,../gen/Tst_test/ChangingCtrBounds/log/,../gen/Tst_test/ChangingCtrBounds/log/gentst.log,../gen/Tst_test/ChangingCtrBounds/log/maketst.log,../gen/Tst_test/ChangingCtrBounds/log/runp2p.log,../gen/Tst_test/ChangingCtrBounds/log/runhybrid.log,True,,,14.567043015,,,,,,18,18,,,,,,,,,,,,,,,,,,,,,,,0:36.92,899,,,False,True,,1.13904,1.13904,0:00.45,,,,False,False,,,,,True
61638b6a,c306d37a,2019-07-17 03:24:15,ChangingCtrMax,test,Tst,1000000000.0,../gen/Tst_test/ChangingCtrMax/log/runproute.log,../gen/Tst_test/ChangingCtrMax/log/runproute.sh,../gen/Tst_test/ChangingCtrMax/plastisim/summary.csv,../gen/Tst_test/ChangingCtrMax/pir/AccelMain.scala,../gen/Tst_test/ChangingCtrMax/log/,../gen/Tst_test/ChangingCtrMax/log/gentst.log,../gen/Tst_test/ChangingCtrMax/log/maketst.log,../gen/Tst_test/ChangingCtrMax/log/runp2p.log,../gen/Tst_test/ChangingCtrMax/log/runhybrid.log,True,,,8.546819975,,,,,,18,18,,,,,,,,,,,,,,,,,,,,,,,0:27.00,170,,,False,True,,0.0,0.376471,0:00.28,,,,False,False,,,,,True
61638b6a,c306d37a,2019-07-17 03:24:15,ChangingCtrMax2,test,Tst,1000000000.0,../gen/Tst_test/ChangingCtrMax2/log/runproute.log,../gen/Tst_test/ChangingCtrMax2/log/runproute.sh,../gen/Tst_test/ChangingCtrMax2/plastisim/summary.csv,../gen/Tst_test/ChangingCtrMax2/pir/AccelMain.scala,../gen/Tst_test/ChangingCtrMax2/log/,../gen/Tst_test/ChangingCtrMax2/log/gentst.log,../gen/Tst_test/ChangingCtrMax2/log/maketst.log,../gen/Tst_test/ChangingCtrMax2/log/runp2p.log,../gen/Tst_test/ChangingCtrMax2/log/runhybrid.log,True,,"[[31merror[0m] 08-RewriteTransformer throw java.lang.AssertionError: assertion failed: Not exactly one element in List() for MemWrite54.InputField4217956_data.T=Node[_]
",3.481080438,,,,,,18,18,,,,,,,,,,,,,,,,,,,,,,,,,,,False,False,,,,,,,,False,False,,,,,False
61638b6a,c306d37a,2019-07-17 03:24:15,CompactingFIFO,test,Tst,1000000000.0,../gen/Tst_test/CompactingFIFO/log/runproute.log,../gen/Tst_test/CompactingFIFO/log/runproute.sh,../gen/Tst_test/CompactingFIFO/plastisim/summary.csv,../gen/Tst_test/CompactingFIFO/pir/AccelMain.scala,../gen/Tst_test/CompactingFIFO/log/,../gen/Tst_test/CompactingFIFO/log/gentst.log,../gen/Tst_test/CompactingFIFO/log/maketst.log,../gen/Tst_test/CompactingFIFO/log/runp2p.log,../gen/Tst_test/CompactingFIFO/log/runhybrid.log,True,,,9.811494187,,,,,,18,18,,,,,,,,,,,,,,,,,,,,,,"src/Context138.h:125:35: error: invalid operands of types â€˜boolâ€™ and â€˜bool [4]â€™ to binary â€˜operator&â€™
",0:07.81,,,,False,False,,,,,,,,False,False,,,,,False
61638b6a,c306d37a,2019-07-17 03:24:15,ComplicatedMuxPort,test,Tst,1000000000.0,../gen/Tst_test/ComplicatedMuxPort/log/runproute.log,../gen/Tst_test/ComplicatedMuxPort/log/runproute.sh,../gen/Tst_test/ComplicatedMuxPort/plastisim/summary.csv,../gen/Tst_test/ComplicatedMuxPort/pir/AccelMain.scala,../gen/Tst_test/ComplicatedMuxPort/log/,../gen/Tst_test/ComplicatedMuxPort/log/gentst.log,../gen/Tst_test/ComplicatedMuxPort/log/maketst.log,../gen/Tst_test/ComplicatedMuxPort/log/runp2p.log,../gen/Tst_test/ComplicatedMuxPort/log/runhybrid.log,True,,,10.690516829,,,,,,18,18,,,,,,,,,,,,,,,,,,,,,,,0:27.40,2922,,,False,True,,0.0,3.50445,0:00.45,,,,False,False,,,,,True
61638b6a,c306d37a,2019-07-17 03:24:15,ControlEnable,test,Tst,1000000000.0,../gen/Tst_test/ControlEnable/log/runproute.log,../gen/Tst_test/ControlEnable/log/runproute.sh,../gen/Tst_test/ControlEnable/plastisim/summary.csv,../gen/Tst_test/ControlEnable/pir/AccelMain.scala,../gen/Tst_test/ControlEnable/log/,../gen/Tst_test/ControlEnable/log/gentst.log,../gen/Tst_test/ControlEnable/log/maketst.log,../gen/Tst_test/ControlEnable/log/runp2p.log,../gen/Tst_test/ControlEnable/log/runhybrid.log,True,,,11.256287693,,,,,,18,18,,,,,,,,,,,,,,,,,,,,,,,0:29.90,,"Assertion fail:
",,False,False,,10.8936,0.0,0:00.55,,,,False,False,,,,,False
61638b6a,c306d37a,2019-07-17 03:24:15,Convolution,test,Tst,1000000000.0,../gen/Tst_test/Convolution/log/runproute.log,../gen/Tst_test/Convolution/log/runproute.sh,../gen/Tst_test/Convolution/plastisim/summary.csv,../gen/Tst_test/Convolution/pir/AccelMain.scala,../gen/Tst_test/Convolution/log/,../gen/Tst_test/Convolution/log/gentst.log,../gen/Tst_test/Convolution/log/maketst.log,../gen/Tst_test/Convolution/log/runp2p.log,../gen/Tst_test/Convolution/log/runhybrid.log,True,,,148.086950689,,,,,,18,18,,,,,,,,,,,,,,,,,,,,,,,30:20.03,822424,,True,False,True,,0.112059,0.0049804,29:02.75,,,,False,False,,,,,True
61638b6a,c306d37a,2019-07-17 03:24:15,ConvolutionFlat,test,Tst,1000000000.0,../gen/Tst_test/ConvolutionFlat/log/runproute.log,../gen/Tst_test/ConvolutionFlat/log/runproute.sh,../gen/Tst_test/ConvolutionFlat/plastisim/summary.csv,../gen/Tst_test/ConvolutionFlat/pir/AccelMain.scala,../gen/Tst_test/ConvolutionFlat/log/,../gen/Tst_test/ConvolutionFlat/log/gentst.log,../gen/Tst_test/ConvolutionFlat/log/maketst.log,../gen/Tst_test/ConvolutionFlat/log/runp2p.log,../gen/Tst_test/ConvolutionFlat/log/runhybrid.log,True,,"[[31merror[0m] Multiple accesses to the same memory in the same basic block will deadlock on plasticine.
",153.775924723,,,,,,18,18,,,,,,,,,,,,,,,,,,,,,,,,,,,False,False,,,,,,,,False,False,,,,,False
61638b6a,c306d37a,2019-07-17 03:24:15,ConvolutionFlatSRAM,test,Tst,1000000000.0,../gen/Tst_test/ConvolutionFlatSRAM/log/runproute.log,../gen/Tst_test/ConvolutionFlatSRAM/log/runproute.sh,../gen/Tst_test/ConvolutionFlatSRAM/plastisim/summary.csv,../gen/Tst_test/ConvolutionFlatSRAM/pir/AccelMain.scala,../gen/Tst_test/ConvolutionFlatSRAM/log/,../gen/Tst_test/ConvolutionFlatSRAM/log/gentst.log,../gen/Tst_test/ConvolutionFlatSRAM/log/maketst.log,../gen/Tst_test/ConvolutionFlatSRAM/log/runp2p.log,../gen/Tst_test/ConvolutionFlatSRAM/log/runhybrid.log,True,,"[[31merror[0m] Multiple accesses to the same memory in the same basic block will deadlock on plasticine.
",105.743916874,,,,,,18,18,,,,,,,,,,,,,,,,,,,,,,,,,,,False,False,,,,,,,,False,False,,,,,False
61638b6a,c306d37a,2019-07-17 03:24:15,ConvolutionStream,test,Tst,1000000000.0,../gen/Tst_test/ConvolutionStream/log/runproute.log,../gen/Tst_test/ConvolutionStream/log/runproute.sh,../gen/Tst_test/ConvolutionStream/plastisim/summary.csv,../gen/Tst_test/ConvolutionStream/pir/AccelMain.scala,../gen/Tst_test/ConvolutionStream/log/,../gen/Tst_test/ConvolutionStream/log/gentst.log,../gen/Tst_test/ConvolutionStream/log/maketst.log,../gen/Tst_test/ConvolutionStream/log/runp2p.log,../gen/Tst_test/ConvolutionStream/log/runhybrid.log,True,,,150.378491622,,,,,,18,18,,,,,,,,,,,,,,,,,,,,,,,33:57.57,1608935,,True,False,True,,0.0572801,0.00254578,59:28.19,,,,False,False,,,,,True
61638b6a,c306d37a,2019-07-17 03:24:15,ConvolutionStreamFlat,test,Tst,1000000000.0,../gen/Tst_test/ConvolutionStreamFlat/log/runproute.log,../gen/Tst_test/ConvolutionStreamFlat/log/runproute.sh,../gen/Tst_test/ConvolutionStreamFlat/plastisim/summary.csv,../gen/Tst_test/ConvolutionStreamFlat/pir/AccelMain.scala,../gen/Tst_test/ConvolutionStreamFlat/log/,../gen/Tst_test/ConvolutionStreamFlat/log/gentst.log,../gen/Tst_test/ConvolutionStreamFlat/log/maketst.log,../gen/Tst_test/ConvolutionStreamFlat/log/runp2p.log,../gen/Tst_test/ConvolutionStreamFlat/log/runhybrid.log,True,,"[[31merror[0m] Multiple accesses to the same memory in the same basic block will deadlock on plasticine.
",65.930426151,,,,,,18,18,,,,,,,,,,,,,,,,,,,,,,,,,,,False,False,,,,,,,,False,False,,,,,False
61638b6a,c306d37a,2019-07-17 03:24:15,ConvolutionStreamReclaim,test,Tst,1000000000.0,../gen/Tst_test/ConvolutionStreamReclaim/log/runproute.log,../gen/Tst_test/ConvolutionStreamReclaim/log/runproute.sh,../gen/Tst_test/ConvolutionStreamReclaim/plastisim/summary.csv,../gen/Tst_test/ConvolutionStreamReclaim/pir/AccelMain.scala,../gen/Tst_test/ConvolutionStreamReclaim/log/,../gen/Tst_test/ConvolutionStreamReclaim/log/gentst.log,../gen/Tst_test/ConvolutionStreamReclaim/log/maketst.log,../gen/Tst_test/ConvolutionStreamReclaim/log/runp2p.log,../gen/Tst_test/ConvolutionStreamReclaim/log/runhybrid.log,True,,"[[31merror[0m] 15-MemoryLowering throw java.lang.AssertionError: assertion failed: Not exactly one element in List(MemWrite289, MemWrite1528) for FIFO151.inAccesses
",13.078959569,,,,,,18,18,,,,,,,,,,,,,,,,,,,,,,,,,,,False,False,,,,,,,,False,False,,,,,False
61638b6a,c306d37a,2019-07-17 03:24:15,ConvolutionStreamReclaimFlat,test,Tst,1000000000.0,../gen/Tst_test/ConvolutionStreamReclaimFlat/log/runproute.log,../gen/Tst_test/ConvolutionStreamReclaimFlat/log/runproute.sh,../gen/Tst_test/ConvolutionStreamReclaimFlat/plastisim/summary.csv,../gen/Tst_test/ConvolutionStreamReclaimFlat/pir/AccelMain.scala,../gen/Tst_test/ConvolutionStreamReclaimFlat/log/,../gen/Tst_test/ConvolutionStreamReclaimFlat/log/gentst.log,../gen/Tst_test/ConvolutionStreamReclaimFlat/log/maketst.log,../gen/Tst_test/ConvolutionStreamReclaimFlat/log/runp2p.log,../gen/Tst_test/ConvolutionStreamReclaimFlat/log/runhybrid.log,True,,"[[31merror[0m] Multiple accesses to the same memory in the same basic block will deadlock on plasticine.
",16.330383556,,,,,,18,18,,,,,,,,,,,,,,,,,,,,,,,,,,,False,False,,,,,,,,False,False,,,,,False
61638b6a,c306d37a,2019-07-17 03:24:15,Convolution_FPGA,test,Tst,1000000000.0,../gen/Tst_test/Convolution_FPGA/log/runproute.log,../gen/Tst_test/Convolution_FPGA/log/runproute.sh,../gen/Tst_test/Convolution_FPGA/plastisim/summary.csv,../gen/Tst_test/Convolution_FPGA/pir/AccelMain.scala,../gen/Tst_test/Convolution_FPGA/log/,../gen/Tst_test/Convolution_FPGA/log/gentst.log,../gen/Tst_test/Convolution_FPGA/log/maketst.log,../gen/Tst_test/Convolution_FPGA/log/runp2p.log,../gen/Tst_test/Convolution_FPGA/log/runhybrid.log,True,,"[0m[[0m[31merror[0m] [0m[0m/local/ssd/home/yaqiz/spatial/gen/Tst_test/Convolution_FPGA/pir/AccelMain.scala:144:29: not found: value x530[0m
",,,,,,,,,,,,,,,,,,,,,,,,,,,,,,,,,,,False,False,,,,,,,,False,False,,,,,False
61638b6a,c306d37a,2019-07-17 03:24:15,Convolution_FPGA2,test,Tst,1000000000.0,../gen/Tst_test/Convolution_FPGA2/log/runproute.log,../gen/Tst_test/Convolution_FPGA2/log/runproute.sh,../gen/Tst_test/Convolution_FPGA2/plastisim/summary.csv,../gen/Tst_test/Convolution_FPGA2/pir/AccelMain.scala,../gen/Tst_test/Convolution_FPGA2/log/,../gen/Tst_test/Convolution_FPGA2/log/gentst.log,../gen/Tst_test/Convolution_FPGA2/log/maketst.log,../gen/Tst_test/Convolution_FPGA2/log/runp2p.log,../gen/Tst_test/Convolution_FPGA2/log/runhybrid.log,True,,"[0m[[0m[31merror[0m] [0m[0m/local/ssd/home/yaqiz/spatial/gen/Tst_test/Convolution_FPGA2/pir/AccelMain.scala:153:29: not found: value x624[0m
",,,,,,,,,,,,,,,,,,,,,,,,,,,,,,,,,,,False,False,,,,,,,,False,False,,,,,False
61638b6a,c306d37a,2019-07-17 03:24:15,Convolutions,test,Tst,1000000000.0,../gen/Tst_test/Convolutions/log/runproute.log,../gen/Tst_test/Convolutions/log/runproute.sh,../gen/Tst_test/Convolutions/plastisim/summary.csv,../gen/Tst_test/Convolutions/pir/AccelMain.scala,../gen/Tst_test/Convolutions/log/,../gen/Tst_test/Convolutions/log/gentst.log,../gen/Tst_test/Convolutions/log/maketst.log,../gen/Tst_test/Convolutions/log/runp2p.log,../gen/Tst_test/Convolutions/log/runhybrid.log,True,,,35.755295102,,,,,,18,18,,,,,,,,,,,,,,,,,,,,,,,1:48.99,1037086,,True,False,True,,2.77109,0.00246845,12:03.76,,,,False,False,,,,,True
61638b6a,c306d37a,2019-07-17 03:24:15,CounterRemovalOnRewrite,test,Tst,1000000000.0,../gen/Tst_test/CounterRemovalOnRewrite/log/runproute.log,../gen/Tst_test/CounterRemovalOnRewrite/log/runproute.sh,../gen/Tst_test/CounterRemovalOnRewrite/plastisim/summary.csv,../gen/Tst_test/CounterRemovalOnRewrite/pir/AccelMain.scala,../gen/Tst_test/CounterRemovalOnRewrite/log/,../gen/Tst_test/CounterRemovalOnRewrite/log/gentst.log,../gen/Tst_test/CounterRemovalOnRewrite/log/maketst.log,../gen/Tst_test/CounterRemovalOnRewrite/log/runp2p.log,../gen/Tst_test/CounterRemovalOnRewrite/log/runhybrid.log,True,,,4.811972053,,,,,,18,18,,,,,,,,,,,,,,,,,,,,,,,0:20.97,1,,,False,True,,0.0,0.0,0:00.27,,,,False,False,,,,,True
61638b6a,c306d37a,2019-07-17 03:24:15,CounterRemovalOnUnroll,test,Tst,1000000000.0,../gen/Tst_test/CounterRemovalOnUnroll/log/runproute.log,../gen/Tst_test/CounterRemovalOnUnroll/log/runproute.sh,../gen/Tst_test/CounterRemovalOnUnroll/plastisim/summary.csv,../gen/Tst_test/CounterRemovalOnUnroll/pir/AccelMain.scala,../gen/Tst_test/CounterRemovalOnUnroll/log/,../gen/Tst_test/CounterRemovalOnUnroll/log/gentst.log,../gen/Tst_test/CounterRemovalOnUnroll/log/maketst.log,../gen/Tst_test/CounterRemovalOnUnroll/log/runp2p.log,../gen/Tst_test/CounterRemovalOnUnroll/log/runhybrid.log,True,,,6.671986875,,,,,,18,18,,,,,,,,,,,,,,,,,,,,,,,0:24.39,25,,,False,True,,0.0,0.0,0:00.26,,,,False,False,,,,,True
61638b6a,c306d37a,2019-07-17 03:24:15,CrossRead,test,Tst,1000000000.0,../gen/Tst_test/CrossRead/log/runproute.log,../gen/Tst_test/CrossRead/log/runproute.sh,../gen/Tst_test/CrossRead/plastisim/summary.csv,../gen/Tst_test/CrossRead/pir/AccelMain.scala,../gen/Tst_test/CrossRead/log/,../gen/Tst_test/CrossRead/log/gentst.log,../gen/Tst_test/CrossRead/log/maketst.log,../gen/Tst_test/CrossRead/log/runp2p.log,../gen/Tst_test/CrossRead/log/runhybrid.log,True,,"[[31merror[0m] 04-GraphInitialization throw [pir] Don't know how to infer vec of BankedRead30
",3.790852456,,,,,,18,18,,,,,,,,,,,,,,,,,,,,,,,,,,,False,False,,,,,,,,False,False,,,,,False
61638b6a,c306d37a,2019-07-17 03:24:15,CtrCopyChunking,test,Tst,1000000000.0,../gen/Tst_test/CtrCopyChunking/log/runproute.log,../gen/Tst_test/CtrCopyChunking/log/runproute.sh,../gen/Tst_test/CtrCopyChunking/plastisim/summary.csv,../gen/Tst_test/CtrCopyChunking/pir/AccelMain.scala,../gen/Tst_test/CtrCopyChunking/log/,../gen/Tst_test/CtrCopyChunking/log/gentst.log,../gen/Tst_test/CtrCopyChunking/log/maketst.log,../gen/Tst_test/CtrCopyChunking/log/runp2p.log,../gen/Tst_test/CtrCopyChunking/log/runhybrid.log,True,,,7.565433236,,,,,,18,18,,,,,,,,,,,,,,,,,,,,,,,0:20.29,1,,,False,True,,0.0,0.0,0:00.30,,,,False,False,,,,,True
61638b6a,c306d37a,2019-07-17 03:24:15,Cyclic1D,test,Tst,1000000000.0,../gen/Tst_test/Cyclic1D/log/runproute.log,../gen/Tst_test/Cyclic1D/log/runproute.sh,../gen/Tst_test/Cyclic1D/plastisim/summary.csv,../gen/Tst_test/Cyclic1D/pir/AccelMain.scala,../gen/Tst_test/Cyclic1D/log/,../gen/Tst_test/Cyclic1D/log/gentst.log,../gen/Tst_test/Cyclic1D/log/maketst.log,../gen/Tst_test/Cyclic1D/log/runp2p.log,../gen/Tst_test/Cyclic1D/log/runhybrid.log,True,,,13.524925754,,,,,,18,18,,,,,,,,,,,,,,,,,,,,,,,0:31.41,310,,,False,True,,0.0,0.0,0:00.30,,,,False,False,,,,,True
61638b6a,c306d37a,2019-07-17 03:24:15,DRAMAccelTest,test,Tst,1000000000.0,../gen/Tst_test/DRAMAccelTest/log/runproute.log,../gen/Tst_test/DRAMAccelTest/log/runproute.sh,../gen/Tst_test/DRAMAccelTest/plastisim/summary.csv,../gen/Tst_test/DRAMAccelTest/pir/AccelMain.scala,../gen/Tst_test/DRAMAccelTest/log/,../gen/Tst_test/DRAMAccelTest/log/gentst.log,../gen/Tst_test/DRAMAccelTest/log/maketst.log,../gen/Tst_test/DRAMAccelTest/log/runp2p.log,../gen/Tst_test/DRAMAccelTest/log/runhybrid.log,True,,"[0m[[0m[31merror[0m] [0m[0m/local/ssd/home/yaqiz/spatial/gen/Tst_test/DRAMAccelTest/pir/AccelMain.scala:130:41: not found: value x241[0m
",,,,,,,,,,,,,,,,,,,,,,,,,,,,,,,,,,,False,False,,,,,,,,False,False,,,,,False
61638b6a,c306d37a,2019-07-17 03:24:15,DRAMBuffer,test,Tst,1000000000.0,../gen/Tst_test/DRAMBuffer/log/runproute.log,../gen/Tst_test/DRAMBuffer/log/runproute.sh,../gen/Tst_test/DRAMBuffer/plastisim/summary.csv,../gen/Tst_test/DRAMBuffer/pir/AccelMain.scala,../gen/Tst_test/DRAMBuffer/log/,../gen/Tst_test/DRAMBuffer/log/gentst.log,../gen/Tst_test/DRAMBuffer/log/maketst.log,../gen/Tst_test/DRAMBuffer/log/runp2p.log,../gen/Tst_test/DRAMBuffer/log/runhybrid.log,True,,,12.864223673,,,,,,18,18,,,,,,,,,,,,,,,,,,,,,,,0:34.89,594,"Assertion fail:
",,False,False,,3.44781,3.44781,0:00.59,,,,False,False,,,,,False
61638b6a,c306d37a,2019-07-17 03:24:15,DRAMRuntime,test,Tst,1000000000.0,../gen/Tst_test/DRAMRuntime/log/runproute.log,../gen/Tst_test/DRAMRuntime/log/runproute.sh,../gen/Tst_test/DRAMRuntime/plastisim/summary.csv,../gen/Tst_test/DRAMRuntime/pir/AccelMain.scala,../gen/Tst_test/DRAMRuntime/log/,../gen/Tst_test/DRAMRuntime/log/gentst.log,../gen/Tst_test/DRAMRuntime/log/maketst.log,../gen/Tst_test/DRAMRuntime/log/runp2p.log,../gen/Tst_test/DRAMRuntime/log/runhybrid.log,True,,,10.407112994,,,,,,18,18,,,,,,,,,,,,,,,,,,,,,,,0:30.87,145,,,False,True,,0.882759,0.0,0:00.27,,,,False,False,,,,,True
61638b6a,c306d37a,2019-07-17 03:24:15,DephasingDuplication,test,Tst,1000000000.0,../gen/Tst_test/DephasingDuplication/log/runproute.log,../gen/Tst_test/DephasingDuplication/log/runproute.sh,../gen/Tst_test/DephasingDuplication/plastisim/summary.csv,../gen/Tst_test/DephasingDuplication/pir/AccelMain.scala,../gen/Tst_test/DephasingDuplication/log/,../gen/Tst_test/DephasingDuplication/log/gentst.log,../gen/Tst_test/DephasingDuplication/log/maketst.log,../gen/Tst_test/DephasingDuplication/log/runp2p.log,../gen/Tst_test/DephasingDuplication/log/runhybrid.log,False,[error] //TODO: Plasticine does not support unbanked unrolled access at the moment. ,,,,,,,,,,,,,,,,,,,,,,,,,,,,,,,,,,,,False,False,,,,,,,,False,False,,,,,False
61638b6a,c306d37a,2019-07-17 03:24:15,DeviceMemcpy,test,Tst,1000000000.0,../gen/Tst_test/DeviceMemcpy/log/runproute.log,../gen/Tst_test/DeviceMemcpy/log/runproute.sh,../gen/Tst_test/DeviceMemcpy/plastisim/summary.csv,../gen/Tst_test/DeviceMemcpy/pir/AccelMain.scala,../gen/Tst_test/DeviceMemcpy/log/,../gen/Tst_test/DeviceMemcpy/log/gentst.log,../gen/Tst_test/DeviceMemcpy/log/maketst.log,../gen/Tst_test/DeviceMemcpy/log/runp2p.log,../gen/Tst_test/DeviceMemcpy/log/runhybrid.log,True,,,4.764662423,,,,,,18,18,,,,,,,,,,,,,,,,,,,,,,,0:21.72,1,,True,False,True,,0.0,0.0,0:00.31,,,,False,False,,,,,True
61638b6a,c306d37a,2019-07-17 03:24:15,DiagonalBanking,test,Tst,1000000000.0,../gen/Tst_test/DiagonalBanking/log/runproute.log,../gen/Tst_test/DiagonalBanking/log/runproute.sh,../gen/Tst_test/DiagonalBanking/plastisim/summary.csv,../gen/Tst_test/DiagonalBanking/pir/AccelMain.scala,../gen/Tst_test/DiagonalBanking/log/,../gen/Tst_test/DiagonalBanking/log/gentst.log,../gen/Tst_test/DiagonalBanking/log/maketst.log,../gen/Tst_test/DiagonalBanking/log/runp2p.log,../gen/Tst_test/DiagonalBanking/log/runhybrid.log,True,,,10.91128251,,,,,,18,18,,,,,,,,,,,,,,,,,,,,,,,0:32.07,1081,"Assertion fail:
",,True,False,,0.53284,0.0,0:00.63,,,,False,False,,,,,False
61638b6a,c306d37a,2019-07-17 03:24:15,Differentiator,test,Tst,1000000000.0,../gen/Tst_test/Differentiator/log/runproute.log,../gen/Tst_test/Differentiator/log/runproute.sh,../gen/Tst_test/Differentiator/plastisim/summary.csv,../gen/Tst_test/Differentiator/pir/AccelMain.scala,../gen/Tst_test/Differentiator/log/,../gen/Tst_test/Differentiator/log/gentst.log,../gen/Tst_test/Differentiator/log/maketst.log,../gen/Tst_test/Differentiator/log/runp2p.log,../gen/Tst_test/Differentiator/log/runhybrid.log,True,,"[[31merror[0m] 54-TungstenPIRGen throw [pir] Don't know varOf(RegFile11)
",11.134072951,,,,,,18,18,,,,,,,,,,,,,,,,,,,,,,,,,,,False,False,,,,,,,,False,False,,,,,False
61638b6a,c306d37a,2019-07-17 03:24:15,DigitRecognition,test,Tst,1000000000.0,../gen/Tst_test/DigitRecognition/log/runproute.log,../gen/Tst_test/DigitRecognition/log/runproute.sh,../gen/Tst_test/DigitRecognition/plastisim/summary.csv,../gen/Tst_test/DigitRecognition/pir/AccelMain.scala,../gen/Tst_test/DigitRecognition/log/,../gen/Tst_test/DigitRecognition/log/gentst.log,../gen/Tst_test/DigitRecognition/log/maketst.log,../gen/Tst_test/DigitRecognition/log/runp2p.log,../gen/Tst_test/DigitRecognition/log/runhybrid.log,False,[error] //TODO: Plasticine does not support unbanked unrolled access at the moment. ,,,,,,,,,,,,,,,,,,,,,,,,,,,,,,,,,,,,False,False,,,,,,,,False,False,,,,,False
61638b6a,c306d37a,2019-07-17 03:24:15,DotProduct,test,Tst,1000000000.0,../gen/Tst_test/DotProduct/log/runproute.log,../gen/Tst_test/DotProduct/log/runproute.sh,../gen/Tst_test/DotProduct/plastisim/summary.csv,../gen/Tst_test/DotProduct/pir/AccelMain.scala,../gen/Tst_test/DotProduct/log/,../gen/Tst_test/DotProduct/log/gentst.log,../gen/Tst_test/DotProduct/log/maketst.log,../gen/Tst_test/DotProduct/log/runp2p.log,../gen/Tst_test/DotProduct/log/runhybrid.log,True,,,11.547255043,,,,,,18,18,,,,,,,,,,,,,,,,,,,,,,,0:34.01,193,,True,False,True,,26.5285,0.0,0:00.32,,,,False,False,,,,,True
61638b6a,c306d37a,2019-07-17 03:24:15,DotProductFlt,test,Tst,1000000000.0,../gen/Tst_test/DotProductFlt/log/runproute.log,../gen/Tst_test/DotProductFlt/log/runproute.sh,../gen/Tst_test/DotProductFlt/plastisim/summary.csv,../gen/Tst_test/DotProductFlt/pir/AccelMain.scala,../gen/Tst_test/DotProductFlt/log/,../gen/Tst_test/DotProductFlt/log/gentst.log,../gen/Tst_test/DotProductFlt/log/maketst.log,../gen/Tst_test/DotProductFlt/log/runp2p.log,../gen/Tst_test/DotProductFlt/log/runhybrid.log,True,,,10.656710654,,,,,,18,18,,,,,,,,,,,,,,,,,,,,,,,0:29.71,252,,True,False,True,,20.3175,0.0,0:00.27,,,,False,False,,,,,True
61638b6a,c306d37a,2019-07-17 03:24:15,DotProductStream,test,Tst,1000000000.0,../gen/Tst_test/DotProductStream/log/runproute.log,../gen/Tst_test/DotProductStream/log/runproute.sh,../gen/Tst_test/DotProductStream/plastisim/summary.csv,../gen/Tst_test/DotProductStream/pir/AccelMain.scala,../gen/Tst_test/DotProductStream/log/,../gen/Tst_test/DotProductStream/log/gentst.log,../gen/Tst_test/DotProductStream/log/maketst.log,../gen/Tst_test/DotProductStream/log/runp2p.log,../gen/Tst_test/DotProductStream/log/runhybrid.log,True,,,12.310929744,,,,,,18,18,,,,,,,,,,,,,,,,,,,,,,"src/Context263.h:195:36: error: invalid operands of types â€˜boolâ€™ and â€˜bool [4]â€™ to binary â€˜operator&â€™
",0:06.84,,,,False,False,,,,,,,,False,False,,,,,False
61638b6a,c306d37a,2019-07-17 03:24:15,DummyWorkload,test,Tst,1000000000.0,../gen/Tst_test/DummyWorkload/log/runproute.log,../gen/Tst_test/DummyWorkload/log/runproute.sh,../gen/Tst_test/DummyWorkload/plastisim/summary.csv,../gen/Tst_test/DummyWorkload/pir/AccelMain.scala,../gen/Tst_test/DummyWorkload/log/,../gen/Tst_test/DummyWorkload/log/gentst.log,../gen/Tst_test/DummyWorkload/log/maketst.log,../gen/Tst_test/DummyWorkload/log/runp2p.log,../gen/Tst_test/DummyWorkload/log/runhybrid.log,True,,"[0m[[0m[31merror[0m] [0m[0m/local/ssd/home/yaqiz/spatial/gen/Tst_test/DummyWorkload/pir/AccelMain.scala:13:51: not found: value full_packet[0m
",,,,,,,,,,,,,,,,,,,,,,,,,,,,,,,,,,,False,False,,,,,,,,False,False,,,,,False
61638b6a,c306d37a,2019-07-17 03:24:15,EdgeDetector,test,Tst,1000000000.0,../gen/Tst_test/EdgeDetector/log/runproute.log,../gen/Tst_test/EdgeDetector/log/runproute.sh,../gen/Tst_test/EdgeDetector/plastisim/summary.csv,../gen/Tst_test/EdgeDetector/pir/AccelMain.scala,../gen/Tst_test/EdgeDetector/log/,../gen/Tst_test/EdgeDetector/log/gentst.log,../gen/Tst_test/EdgeDetector/log/maketst.log,../gen/Tst_test/EdgeDetector/log/runp2p.log,../gen/Tst_test/EdgeDetector/log/runhybrid.log,True,,"[0m[[0m[31merror[0m] [0m[0m/local/ssd/home/yaqiz/spatial/gen/Tst_test/EdgeDetector/pir/AccelMain.scala:166:57: not found: value x376[0m
",,,,,,,,,,,,,,,,,,,,,,,,,,,,,,,,,,,False,False,,,,,,,,False,False,,,,,False
61638b6a,c306d37a,2019-07-17 03:24:15,ExplicitII,test,Tst,1000000000.0,../gen/Tst_test/ExplicitII/log/runproute.log,../gen/Tst_test/ExplicitII/log/runproute.sh,../gen/Tst_test/ExplicitII/plastisim/summary.csv,../gen/Tst_test/ExplicitII/pir/AccelMain.scala,../gen/Tst_test/ExplicitII/log/,../gen/Tst_test/ExplicitII/log/gentst.log,../gen/Tst_test/ExplicitII/log/maketst.log,../gen/Tst_test/ExplicitII/log/runp2p.log,../gen/Tst_test/ExplicitII/log/runhybrid.log,True,,"[[31merror[0m] 08-RewriteTransformer throw java.lang.AssertionError: assertion failed: Not exactly one element in List() for MemWrite56.InputField444466042_data.T=Node[_]
",2.859740332,,,,,,18,18,,,,,,,,,,,,,,,,,,,,,,,,,,,False,False,,,,,,,,False,False,,,,,False
61638b6a,c306d37a,2019-07-17 03:24:15,FFT_Strided,test,Tst,1000000000.0,../gen/Tst_test/FFT_Strided/log/runproute.log,../gen/Tst_test/FFT_Strided/log/runproute.sh,../gen/Tst_test/FFT_Strided/plastisim/summary.csv,../gen/Tst_test/FFT_Strided/pir/AccelMain.scala,../gen/Tst_test/FFT_Strided/log/,../gen/Tst_test/FFT_Strided/log/gentst.log,../gen/Tst_test/FFT_Strided/log/maketst.log,../gen/Tst_test/FFT_Strided/log/runp2p.log,../gen/Tst_test/FFT_Strided/log/runhybrid.log,True,,"[[31merror[0m] 08-RewriteTransformer throw java.lang.AssertionError: assertion failed: Not exactly one element in List() for MemWrite208.InputField2069489481_data.T=Node[_]
",5.192387236,,,,,,18,18,,,,,,,,,,,,,,,,,,,,,,,,,,,False,False,,,,,,,,False,False,,,,,False
61638b6a,c306d37a,2019-07-17 03:24:15,FFT_Transpose,test,Tst,1000000000.0,../gen/Tst_test/FFT_Transpose/log/runproute.log,../gen/Tst_test/FFT_Transpose/log/runproute.sh,../gen/Tst_test/FFT_Transpose/plastisim/summary.csv,../gen/Tst_test/FFT_Transpose/pir/AccelMain.scala,../gen/Tst_test/FFT_Transpose/log/,../gen/Tst_test/FFT_Transpose/log/gentst.log,../gen/Tst_test/FFT_Transpose/log/maketst.log,../gen/Tst_test/FFT_Transpose/log/runp2p.log,../gen/Tst_test/FFT_Transpose/log/runhybrid.log,True,,,,,,,,,18,18,,,,,,,,,,,,,,,,,,,,,,,,,,,False,False,,,,,,,,False,False,,,,,False
61638b6a,c306d37a,2019-07-17 03:24:15,FIFOBanking,test,Tst,1000000000.0,../gen/Tst_test/FIFOBanking/log/runproute.log,../gen/Tst_test/FIFOBanking/log/runproute.sh,../gen/Tst_test/FIFOBanking/plastisim/summary.csv,../gen/Tst_test/FIFOBanking/pir/AccelMain.scala,../gen/Tst_test/FIFOBanking/log/,../gen/Tst_test/FIFOBanking/log/gentst.log,../gen/Tst_test/FIFOBanking/log/maketst.log,../gen/Tst_test/FIFOBanking/log/runp2p.log,../gen/Tst_test/FIFOBanking/log/runhybrid.log,True,,,5.503386785,,,,,,18,18,,,,,,,,,,,,,,,,,,,,,,"src/Context47.h:26:11: error: invalid conversion from â€˜int*â€™ to â€˜int32_tâ€™ {aka â€˜intâ€™} [-fpermissive]
",0:06.88,,,,False,False,,,,,,,,False,False,,,,,False
61638b6a,c306d37a,2019-07-17 03:24:15,FIFOBanking2,test,Tst,1000000000.0,../gen/Tst_test/FIFOBanking2/log/runproute.log,../gen/Tst_test/FIFOBanking2/log/runproute.sh,../gen/Tst_test/FIFOBanking2/plastisim/summary.csv,../gen/Tst_test/FIFOBanking2/pir/AccelMain.scala,../gen/Tst_test/FIFOBanking2/log/,../gen/Tst_test/FIFOBanking2/log/gentst.log,../gen/Tst_test/FIFOBanking2/log/maketst.log,../gen/Tst_test/FIFOBanking2/log/runp2p.log,../gen/Tst_test/FIFOBanking2/log/runhybrid.log,True,,"[[31merror[0m] 08-RewriteTransformer throw java.lang.AssertionError: assertion failed: Not exactly one element in List() for MemWrite32.InputField6922959_data.T=Node[_]
",4.58813445,,,,,,18,18,,,,,,,,,,,,,,,,,,,,,,,,,,,False,False,,,,,,,,False,False,,,,,False
61638b6a,c306d37a,2019-07-17 03:24:15,FIFOBranch,test,Tst,1000000000.0,../gen/Tst_test/FIFOBranch/log/runproute.log,../gen/Tst_test/FIFOBranch/log/runproute.sh,../gen/Tst_test/FIFOBranch/plastisim/summary.csv,../gen/Tst_test/FIFOBranch/pir/AccelMain.scala,../gen/Tst_test/FIFOBranch/log/,../gen/Tst_test/FIFOBranch/log/gentst.log,../gen/Tst_test/FIFOBranch/log/maketst.log,../gen/Tst_test/FIFOBranch/log/runp2p.log,../gen/Tst_test/FIFOBranch/log/runhybrid.log,True,,"[0m[[0m[31merror[0m] [0m[0m/local/ssd/home/yaqiz/spatial/gen/Tst_test/FIFOBranch/pir/AccelMain.scala:56:52: not found: value x136[0m
",,,,,,,,,,,,,,,,,,,,,,,,,,,,,,,,,,,False,False,,,,,,,,False,False,,,,,False
61638b6a,c306d37a,2019-07-17 03:24:15,FIFOLoad,test,Tst,1000000000.0,../gen/Tst_test/FIFOLoad/log/runproute.log,../gen/Tst_test/FIFOLoad/log/runproute.sh,../gen/Tst_test/FIFOLoad/plastisim/summary.csv,../gen/Tst_test/FIFOLoad/pir/AccelMain.scala,../gen/Tst_test/FIFOLoad/log/,../gen/Tst_test/FIFOLoad/log/gentst.log,../gen/Tst_test/FIFOLoad/log/maketst.log,../gen/Tst_test/FIFOLoad/log/runp2p.log,../gen/Tst_test/FIFOLoad/log/runhybrid.log,True,,,9.664215921,,,,,,18,18,,,,,,,,,,,,,,,,,,,,,,,0:28.39,1991,,True,False,True,,1.92868,1.92868,0:00.33,,,,False,False,,,,,True
61638b6a,c306d37a,2019-07-17 03:24:15,FIFOLoadSRAMStore,test,Tst,1000000000.0,../gen/Tst_test/FIFOLoadSRAMStore/log/runproute.log,../gen/Tst_test/FIFOLoadSRAMStore/log/runproute.sh,../gen/Tst_test/FIFOLoadSRAMStore/plastisim/summary.csv,../gen/Tst_test/FIFOLoadSRAMStore/pir/AccelMain.scala,../gen/Tst_test/FIFOLoadSRAMStore/log/,../gen/Tst_test/FIFOLoadSRAMStore/log/gentst.log,../gen/Tst_test/FIFOLoadSRAMStore/log/maketst.log,../gen/Tst_test/FIFOLoadSRAMStore/log/runp2p.log,../gen/Tst_test/FIFOLoadSRAMStore/log/runhybrid.log,True,,"[0m[[0m[31merror[0m] [0m[0m/local/ssd/home/yaqiz/spatial/gen/Tst_test/FIFOLoadSRAMStore/pir/AccelMain.scala:73:142: not found: value x168[0m
",,,,,,,,,,,,,,,,,,,,,,,,,,,,,,,,,,,False,False,,,,,,,,False,False,,,,,False
61638b6a,c306d37a,2019-07-17 03:24:15,FIFOLoadStore,test,Tst,1000000000.0,../gen/Tst_test/FIFOLoadStore/log/runproute.log,../gen/Tst_test/FIFOLoadStore/log/runproute.sh,../gen/Tst_test/FIFOLoadStore/plastisim/summary.csv,../gen/Tst_test/FIFOLoadStore/pir/AccelMain.scala,../gen/Tst_test/FIFOLoadStore/log/,../gen/Tst_test/FIFOLoadStore/log/gentst.log,../gen/Tst_test/FIFOLoadStore/log/maketst.log,../gen/Tst_test/FIFOLoadStore/log/runp2p.log,../gen/Tst_test/FIFOLoadStore/log/runhybrid.log,True,,,8.57450693,,,,,,18,18,,,,,,,,,,,,,,,,,,,,,,,0:23.84,254,,True,False,True,,3.02362,3.02362,0:00.24,,,,False,False,,,,,True
61638b6a,c306d37a,2019-07-17 03:24:15,FIFOPushPop,test,Tst,1000000000.0,../gen/Tst_test/FIFOPushPop/log/runproute.log,../gen/Tst_test/FIFOPushPop/log/runproute.sh,../gen/Tst_test/FIFOPushPop/plastisim/summary.csv,../gen/Tst_test/FIFOPushPop/pir/AccelMain.scala,../gen/Tst_test/FIFOPushPop/log/,../gen/Tst_test/FIFOPushPop/log/gentst.log,../gen/Tst_test/FIFOPushPop/log/maketst.log,../gen/Tst_test/FIFOPushPop/log/runp2p.log,../gen/Tst_test/FIFOPushPop/log/runhybrid.log,True,,,7.728740742,,,,,,18,18,,,,,,,,,,,,,,,,,,,,,,,0:23.85,414,,True,False,True,,0.0,0.0,0:00.29,,,,False,False,,,,,True
61638b6a,c306d37a,2019-07-17 03:24:15,FIFOPushPop2,test,Tst,1000000000.0,../gen/Tst_test/FIFOPushPop2/log/runproute.log,../gen/Tst_test/FIFOPushPop2/log/runproute.sh,../gen/Tst_test/FIFOPushPop2/plastisim/summary.csv,../gen/Tst_test/FIFOPushPop2/pir/AccelMain.scala,../gen/Tst_test/FIFOPushPop2/log/,../gen/Tst_test/FIFOPushPop2/log/gentst.log,../gen/Tst_test/FIFOPushPop2/log/maketst.log,../gen/Tst_test/FIFOPushPop2/log/runp2p.log,../gen/Tst_test/FIFOPushPop2/log/runhybrid.log,True,,"[[31merror[0m] 15-MemoryLowering throw java.lang.AssertionError: assertion failed: Not exactly one element in List(MemWrite41, MemWrite64) for FIFO12.inAccesses
",3.800016451,,,,,,18,18,,,,,,,,,,,,,,,,,,,,,,,,,,,False,False,,,,,,,,False,False,,,,,False
61638b6a,c306d37a,2019-07-17 03:24:15,FIFORing,test,Tst,1000000000.0,../gen/Tst_test/FIFORing/log/runproute.log,../gen/Tst_test/FIFORing/log/runproute.sh,../gen/Tst_test/FIFORing/plastisim/summary.csv,../gen/Tst_test/FIFORing/pir/AccelMain.scala,../gen/Tst_test/FIFORing/log/,../gen/Tst_test/FIFORing/log/gentst.log,../gen/Tst_test/FIFORing/log/maketst.log,../gen/Tst_test/FIFORing/log/runp2p.log,../gen/Tst_test/FIFORing/log/runhybrid.log,True,,"[[31merror[0m] Multiple accesses to the same memory in the same basic block will deadlock on plasticine.
",5.619697576,,,,,,18,18,,,,,,,,,,,,,,,,,,,,,,,,,,,False,False,,,,,,,,False,False,,,,,False
61638b6a,c306d37a,2019-07-17 03:24:15,FMAInLoop,test,Tst,1000000000.0,../gen/Tst_test/FMAInLoop/log/runproute.log,../gen/Tst_test/FMAInLoop/log/runproute.sh,../gen/Tst_test/FMAInLoop/plastisim/summary.csv,../gen/Tst_test/FMAInLoop/pir/AccelMain.scala,../gen/Tst_test/FMAInLoop/log/,../gen/Tst_test/FMAInLoop/log/gentst.log,../gen/Tst_test/FMAInLoop/log/maketst.log,../gen/Tst_test/FMAInLoop/log/runp2p.log,../gen/Tst_test/FMAInLoop/log/runhybrid.log,True,,"[0m[[0m[31merror[0m] [0m[0m/local/ssd/home/yaqiz/spatial/gen/Tst_test/FMAInLoop/pir/AccelMain.scala:72:51: not found: value x91_a[0m
",,,,,,,,,,,,,,,,,,,,,,,,,,,,,,,,,,,False,False,,,,,,,,False,False,,,,,False
61638b6a,c306d37a,2019-07-17 03:24:15,FSMBasic,test,Tst,1000000000.0,../gen/Tst_test/FSMBasic/log/runproute.log,../gen/Tst_test/FSMBasic/log/runproute.sh,../gen/Tst_test/FSMBasic/plastisim/summary.csv,../gen/Tst_test/FSMBasic/pir/AccelMain.scala,../gen/Tst_test/FSMBasic/log/,../gen/Tst_test/FSMBasic/log/gentst.log,../gen/Tst_test/FSMBasic/log/maketst.log,../gen/Tst_test/FSMBasic/log/runp2p.log,../gen/Tst_test/FSMBasic/log/runhybrid.log,True,,,7.357733217,,,,,,18,18,,,,,,,,,,,,,,,,,,,,,,,0:27.21,65,"Assertion fail:
",,False,False,,0.0,1.96923,0:00.50,,,,False,False,,,,,False
61638b6a,c306d37a,2019-07-17 03:24:15,FSMBasic2,test,Tst,1000000000.0,../gen/Tst_test/FSMBasic2/log/runproute.log,../gen/Tst_test/FSMBasic2/log/runproute.sh,../gen/Tst_test/FSMBasic2/plastisim/summary.csv,../gen/Tst_test/FSMBasic2/pir/AccelMain.scala,../gen/Tst_test/FSMBasic2/log/,../gen/Tst_test/FSMBasic2/log/gentst.log,../gen/Tst_test/FSMBasic2/log/maketst.log,../gen/Tst_test/FSMBasic2/log/runp2p.log,../gen/Tst_test/FSMBasic2/log/runhybrid.log,True,,,8.14169526,,,,,,18,18,,,,,,,,,,,,,,,,,,,,,,,0:27.40,41,"Assertion fail:
",,False,False,,0.0,3.12195,0:00.54,,,,False,False,,,,,False
61638b6a,c306d37a,2019-07-17 03:24:15,FSMBasicCond,test,Tst,1000000000.0,../gen/Tst_test/FSMBasicCond/log/runproute.log,../gen/Tst_test/FSMBasicCond/log/runproute.sh,../gen/Tst_test/FSMBasicCond/plastisim/summary.csv,../gen/Tst_test/FSMBasicCond/pir/AccelMain.scala,../gen/Tst_test/FSMBasicCond/log/,../gen/Tst_test/FSMBasicCond/log/gentst.log,../gen/Tst_test/FSMBasicCond/log/maketst.log,../gen/Tst_test/FSMBasicCond/log/runp2p.log,../gen/Tst_test/FSMBasicCond/log/runhybrid.log,True,,,7.209998094,,,,,,18,18,,,,,,,,,,,,,,,,,,,,,,,0:27.12,65,"Assertion fail:
",,False,False,,0.0,1.96923,0:00.56,,,,False,False,,,,,False
61638b6a,c306d37a,2019-07-17 03:24:15,FSMBasicCond2,test,Tst,1000000000.0,../gen/Tst_test/FSMBasicCond2/log/runproute.log,../gen/Tst_test/FSMBasicCond2/log/runproute.sh,../gen/Tst_test/FSMBasicCond2/plastisim/summary.csv,../gen/Tst_test/FSMBasicCond2/pir/AccelMain.scala,../gen/Tst_test/FSMBasicCond2/log/,../gen/Tst_test/FSMBasicCond2/log/gentst.log,../gen/Tst_test/FSMBasicCond2/log/maketst.log,../gen/Tst_test/FSMBasicCond2/log/runp2p.log,../gen/Tst_test/FSMBasicCond2/log/runhybrid.log,True,,,7.285473661,,,,,,18,18,,,,,,,,,,,,,,,,,,,,,,,0:26.15,41,"Assertion fail:
",,False,False,,0.0,3.12195,0:00.58,,,,False,False,,,,,False
61638b6a,c306d37a,2019-07-17 03:24:15,FSMDotProduct,test,Tst,1000000000.0,../gen/Tst_test/FSMDotProduct/log/runproute.log,../gen/Tst_test/FSMDotProduct/log/runproute.sh,../gen/Tst_test/FSMDotProduct/plastisim/summary.csv,../gen/Tst_test/FSMDotProduct/pir/AccelMain.scala,../gen/Tst_test/FSMDotProduct/log/,../gen/Tst_test/FSMDotProduct/log/gentst.log,../gen/Tst_test/FSMDotProduct/log/maketst.log,../gen/Tst_test/FSMDotProduct/log/runp2p.log,../gen/Tst_test/FSMDotProduct/log/runhybrid.log,True,,,4.410050227,,,,,,18,18,,,,,,,,,,,,,,,,,,,,,,,0:21.53,1,"Assertion fail:
",,False,False,,0.0,0.0,0:00.48,,,,False,False,,,,,False
61638b6a,c306d37a,2019-07-17 03:24:15,FSMDotProduct2,test,Tst,1000000000.0,../gen/Tst_test/FSMDotProduct2/log/runproute.log,../gen/Tst_test/FSMDotProduct2/log/runproute.sh,../gen/Tst_test/FSMDotProduct2/plastisim/summary.csv,../gen/Tst_test/FSMDotProduct2/pir/AccelMain.scala,../gen/Tst_test/FSMDotProduct2/log/,../gen/Tst_test/FSMDotProduct2/log/gentst.log,../gen/Tst_test/FSMDotProduct2/log/maketst.log,../gen/Tst_test/FSMDotProduct2/log/runp2p.log,../gen/Tst_test/FSMDotProduct2/log/runhybrid.log,True,,,5.324287435,,,,,,18,18,,,,,,,,,,,,,,,,,,,,,,,0:21.03,4,"Assertion fail:
",,False,False,,0.0,0.0,0:00.52,,,,False,False,,,,,False
61638b6a,c306d37a,2019-07-17 03:24:15,FSMFIFOStack,test,Tst,1000000000.0,../gen/Tst_test/FSMFIFOStack/log/runproute.log,../gen/Tst_test/FSMFIFOStack/log/runproute.sh,../gen/Tst_test/FSMFIFOStack/plastisim/summary.csv,../gen/Tst_test/FSMFIFOStack/pir/AccelMain.scala,../gen/Tst_test/FSMFIFOStack/log/,../gen/Tst_test/FSMFIFOStack/log/gentst.log,../gen/Tst_test/FSMFIFOStack/log/maketst.log,../gen/Tst_test/FSMFIFOStack/log/runp2p.log,../gen/Tst_test/FSMFIFOStack/log/runhybrid.log,True,,,6.464475216,,,,,,18,18,,,,,,,,,,,,,,,,,,,,,,,0:20.20,4,"Assertion fail:
",True,False,False,,0.0,0.0,0:00.46,,,,False,False,,,,,False
61638b6a,c306d37a,2019-07-17 03:24:15,FSMOuterSwitch,test,Tst,1000000000.0,../gen/Tst_test/FSMOuterSwitch/log/runproute.log,../gen/Tst_test/FSMOuterSwitch/log/runproute.sh,../gen/Tst_test/FSMOuterSwitch/plastisim/summary.csv,../gen/Tst_test/FSMOuterSwitch/pir/AccelMain.scala,../gen/Tst_test/FSMOuterSwitch/log/,../gen/Tst_test/FSMOuterSwitch/log/gentst.log,../gen/Tst_test/FSMOuterSwitch/log/maketst.log,../gen/Tst_test/FSMOuterSwitch/log/runp2p.log,../gen/Tst_test/FSMOuterSwitch/log/runhybrid.log,True,,,5.956895353,,,,,,18,18,,,,,,,,,,,,,,,,,,,,,,,0:21.67,4,"Assertion fail:
",,False,False,,0.0,0.0,0:00.53,,,,False,False,,,,,False
61638b6a,c306d37a,2019-07-17 03:24:15,FatConstructor,test,Tst,1000000000.0,../gen/Tst_test/FatConstructor/log/runproute.log,../gen/Tst_test/FatConstructor/log/runproute.sh,../gen/Tst_test/FatConstructor/plastisim/summary.csv,../gen/Tst_test/FatConstructor/pir/AccelMain.scala,../gen/Tst_test/FatConstructor/log/,../gen/Tst_test/FatConstructor/log/gentst.log,../gen/Tst_test/FatConstructor/log/maketst.log,../gen/Tst_test/FatConstructor/log/runp2p.log,../gen/Tst_test/FatConstructor/log/runhybrid.log,True,,"[[31merror[0m] Not enough resource of type PMUParam69461307. Required 287. Possesed 162
",965.142342421,"[[31merror[0m] Not enough resource of type PMUParam69461307. Required 287. Possesed 162
",,,,,18,18,,,,,,,,,,,,,,,,,,,,,,,,,,,False,False,,,,,,,,False,False,,,,,False
61638b6a,c306d37a,2019-07-17 03:24:15,FilterTest,test,Tst,1000000000.0,../gen/Tst_test/FilterTest/log/runproute.log,../gen/Tst_test/FilterTest/log/runproute.sh,../gen/Tst_test/FilterTest/plastisim/summary.csv,../gen/Tst_test/FilterTest/pir/AccelMain.scala,../gen/Tst_test/FilterTest/log/,../gen/Tst_test/FilterTest/log/gentst.log,../gen/Tst_test/FilterTest/log/maketst.log,../gen/Tst_test/FilterTest/log/runp2p.log,../gen/Tst_test/FilterTest/log/runhybrid.log,False,[bug] Encountered exception while updating node,,,,,,,,,,,,,,,,,,,,,,,,,,,,,,,,,,,,False,False,,,,,,,,False,False,,,,,False
61638b6a,c306d37a,2019-07-17 03:24:15,FixBasics,test,Tst,1000000000.0,../gen/Tst_test/FixBasics/log/runproute.log,../gen/Tst_test/FixBasics/log/runproute.sh,../gen/Tst_test/FixBasics/plastisim/summary.csv,../gen/Tst_test/FixBasics/pir/AccelMain.scala,../gen/Tst_test/FixBasics/log/,../gen/Tst_test/FixBasics/log/gentst.log,../gen/Tst_test/FixBasics/log/maketst.log,../gen/Tst_test/FixBasics/log/runp2p.log,../gen/Tst_test/FixBasics/log/runhybrid.log,True,,,29.953487901,,,,,,18,18,,,,,,,,,,,,,,,,,,,,,,,2:01.43,213,"Assertion fail:
",,False,False,,0.600939,1.20188,0:00.75,,,,False,False,,,,,False
61638b6a,c306d37a,2019-07-17 03:24:15,FixBasics2,test,Tst,1000000000.0,../gen/Tst_test/FixBasics2/log/runproute.log,../gen/Tst_test/FixBasics2/log/runproute.sh,../gen/Tst_test/FixBasics2/plastisim/summary.csv,../gen/Tst_test/FixBasics2/pir/AccelMain.scala,../gen/Tst_test/FixBasics2/log/,../gen/Tst_test/FixBasics2/log/gentst.log,../gen/Tst_test/FixBasics2/log/maketst.log,../gen/Tst_test/FixBasics2/log/runp2p.log,../gen/Tst_test/FixBasics2/log/runhybrid.log,True,,"[[31merror[0m] Constrain failed on MemoryContainer1243
",18.808452655,,,,,,18,18,,,,,,,,,,,,,,,,,,,,,,,,,,,False,False,,,,,,,,False,False,,,,,False
61638b6a,c306d37a,2019-07-17 03:24:15,FixBasics3,test,Tst,1000000000.0,../gen/Tst_test/FixBasics3/log/runproute.log,../gen/Tst_test/FixBasics3/log/runproute.sh,../gen/Tst_test/FixBasics3/plastisim/summary.csv,../gen/Tst_test/FixBasics3/pir/AccelMain.scala,../gen/Tst_test/FixBasics3/log/,../gen/Tst_test/FixBasics3/log/gentst.log,../gen/Tst_test/FixBasics3/log/maketst.log,../gen/Tst_test/FixBasics3/log/runp2p.log,../gen/Tst_test/FixBasics3/log/runhybrid.log,True,,,19.052149261,,,,,,18,18,,,,,,,,,,,,,,,,,,,,,,,0:53.79,5835,"Assertion fail:
",,True,False,,0.175493,2.54464,0:02.44,,,,False,False,,,,,False
61638b6a,c306d37a,2019-07-17 03:24:15,FixPtArgInOut,test,Tst,1000000000.0,../gen/Tst_test/FixPtArgInOut/log/runproute.log,../gen/Tst_test/FixPtArgInOut/log/runproute.sh,../gen/Tst_test/FixPtArgInOut/plastisim/summary.csv,../gen/Tst_test/FixPtArgInOut/pir/AccelMain.scala,../gen/Tst_test/FixPtArgInOut/log/,../gen/Tst_test/FixPtArgInOut/log/gentst.log,../gen/Tst_test/FixPtArgInOut/log/maketst.log,../gen/Tst_test/FixPtArgInOut/log/runp2p.log,../gen/Tst_test/FixPtArgInOut/log/runhybrid.log,True,,,5.589812579,,,,,,18,18,,,,,,,,,,,,,,,,,,,,,,,0:23.27,13,,,False,True,,0.0,0.0,0:00.32,,,,False,False,,,,,True
61638b6a,c306d37a,2019-07-17 03:24:15,FlagExample,test,Tst,1000000000.0,../gen/Tst_test/FlagExample/log/runproute.log,../gen/Tst_test/FlagExample/log/runproute.sh,../gen/Tst_test/FlagExample/plastisim/summary.csv,../gen/Tst_test/FlagExample/pir/AccelMain.scala,../gen/Tst_test/FlagExample/log/,../gen/Tst_test/FlagExample/log/gentst.log,../gen/Tst_test/FlagExample/log/maketst.log,../gen/Tst_test/FlagExample/log/runp2p.log,../gen/Tst_test/FlagExample/log/runhybrid.log,True,,,4.696267469,,,,,,18,18,,,,,,,,,,,,,,,,,,,,,,,0:21.09,1,,,False,True,,0.0,0.0,0:00.25,,,,False,False,,,,,True
61638b6a,c306d37a,2019-07-17 03:24:15,FlatAffineAccess,test,Tst,1000000000.0,../gen/Tst_test/FlatAffineAccess/log/runproute.log,../gen/Tst_test/FlatAffineAccess/log/runproute.sh,../gen/Tst_test/FlatAffineAccess/plastisim/summary.csv,../gen/Tst_test/FlatAffineAccess/pir/AccelMain.scala,../gen/Tst_test/FlatAffineAccess/log/,../gen/Tst_test/FlatAffineAccess/log/gentst.log,../gen/Tst_test/FlatAffineAccess/log/maketst.log,../gen/Tst_test/FlatAffineAccess/log/runp2p.log,../gen/Tst_test/FlatAffineAccess/log/runhybrid.log,False,[error] //TODO: Plasticine does not support unbanked unrolled access at the moment. ,,,,,,,,,,,,,,,,,,,,,,,,,,,,,,,,,,,,False,False,,,,,,,,False,False,,,,,False
61638b6a,c306d37a,2019-07-17 03:24:15,Float32ToInt8,test,Tst,1000000000.0,../gen/Tst_test/Float32ToInt8/log/runproute.log,../gen/Tst_test/Float32ToInt8/log/runproute.sh,../gen/Tst_test/Float32ToInt8/plastisim/summary.csv,../gen/Tst_test/Float32ToInt8/pir/AccelMain.scala,../gen/Tst_test/Float32ToInt8/log/,../gen/Tst_test/Float32ToInt8/log/gentst.log,../gen/Tst_test/Float32ToInt8/log/maketst.log,../gen/Tst_test/Float32ToInt8/log/runp2p.log,../gen/Tst_test/Float32ToInt8/log/runhybrid.log,True,,,12.026661505,,,,,,18,18,,,,,,,,,,,,,,,,,,,,,,,0:33.41,2304,,,False,True,,3.55556,0.444444,0:00.41,,,,False,False,,,,,True
61638b6a,c306d37a,2019-07-17 03:24:15,FloatBasics,test,Tst,1000000000.0,../gen/Tst_test/FloatBasics/log/runproute.log,../gen/Tst_test/FloatBasics/log/runproute.sh,../gen/Tst_test/FloatBasics/plastisim/summary.csv,../gen/Tst_test/FloatBasics/pir/AccelMain.scala,../gen/Tst_test/FloatBasics/log/,../gen/Tst_test/FloatBasics/log/gentst.log,../gen/Tst_test/FloatBasics/log/maketst.log,../gen/Tst_test/FloatBasics/log/runp2p.log,../gen/Tst_test/FloatBasics/log/runhybrid.log,True,,,7.098651933,,,,,,18,18,,,,,,,,,,,,,,,,,,,,,,,0:26.43,22,,True,False,True,,0.0,0.0,0:00.29,,,,False,False,,,,,True
61638b6a,c306d37a,2019-07-17 03:24:15,FloatBasics2,test,Tst,1000000000.0,../gen/Tst_test/FloatBasics2/log/runproute.log,../gen/Tst_test/FloatBasics2/log/runproute.sh,../gen/Tst_test/FloatBasics2/plastisim/summary.csv,../gen/Tst_test/FloatBasics2/pir/AccelMain.scala,../gen/Tst_test/FloatBasics2/log/,../gen/Tst_test/FloatBasics2/log/gentst.log,../gen/Tst_test/FloatBasics2/log/maketst.log,../gen/Tst_test/FloatBasics2/log/runp2p.log,../gen/Tst_test/FloatBasics2/log/runhybrid.log,True,,"[[31merror[0m] Constrain failed on MemoryContainer682
",14.943761314,,,,,,18,18,,,,,,,,,,,,,,,,,,,,,,,,,,,False,False,,,,,,,,False,False,,,,,False
61638b6a,c306d37a,2019-07-17 03:24:15,FloatBasics3,test,Tst,1000000000.0,../gen/Tst_test/FloatBasics3/log/runproute.log,../gen/Tst_test/FloatBasics3/log/runproute.sh,../gen/Tst_test/FloatBasics3/plastisim/summary.csv,../gen/Tst_test/FloatBasics3/pir/AccelMain.scala,../gen/Tst_test/FloatBasics3/log/,../gen/Tst_test/FloatBasics3/log/gentst.log,../gen/Tst_test/FloatBasics3/log/maketst.log,../gen/Tst_test/FloatBasics3/log/runp2p.log,../gen/Tst_test/FloatBasics3/log/runhybrid.log,True,,,,,,,,,,,,,,,,,,,,,,,,,,,,,,,,,,,,,False,False,,,,,,,,False,False,,,,,False
61638b6a,c306d37a,2019-07-17 03:24:15,FloatTransfer,test,Tst,1000000000.0,../gen/Tst_test/FloatTransfer/log/runproute.log,../gen/Tst_test/FloatTransfer/log/runproute.sh,../gen/Tst_test/FloatTransfer/plastisim/summary.csv,../gen/Tst_test/FloatTransfer/pir/AccelMain.scala,../gen/Tst_test/FloatTransfer/log/,../gen/Tst_test/FloatTransfer/log/gentst.log,../gen/Tst_test/FloatTransfer/log/maketst.log,../gen/Tst_test/FloatTransfer/log/runp2p.log,../gen/Tst_test/FloatTransfer/log/runhybrid.log,True,,,9.174675184,,,,,,18,18,,,,,,,,,,,,,,,,,,,,,,,0:30.43,540,,True,False,True,,1.8963,1.8963,0:00.34,,,,False,False,,,,,True
61638b6a,c306d37a,2019-07-17 03:24:15,FltPtArgInOut,test,Tst,1000000000.0,../gen/Tst_test/FltPtArgInOut/log/runproute.log,../gen/Tst_test/FltPtArgInOut/log/runproute.sh,../gen/Tst_test/FltPtArgInOut/plastisim/summary.csv,../gen/Tst_test/FltPtArgInOut/pir/AccelMain.scala,../gen/Tst_test/FltPtArgInOut/log/,../gen/Tst_test/FltPtArgInOut/log/gentst.log,../gen/Tst_test/FltPtArgInOut/log/maketst.log,../gen/Tst_test/FltPtArgInOut/log/runp2p.log,../gen/Tst_test/FltPtArgInOut/log/runhybrid.log,True,,,5.893412257,,,,,,18,18,,,,,,,,,,,,,,,,,,,,,,,0:23.40,13,,,False,True,,0.0,0.0,0:00.24,,,,False,False,,,,,True
61638b6a,c306d37a,2019-07-17 03:24:15,FoldSimple,test,Tst,1000000000.0,../gen/Tst_test/FoldSimple/log/runproute.log,../gen/Tst_test/FoldSimple/log/runproute.sh,../gen/Tst_test/FoldSimple/plastisim/summary.csv,../gen/Tst_test/FoldSimple/pir/AccelMain.scala,../gen/Tst_test/FoldSimple/log/,../gen/Tst_test/FoldSimple/log/gentst.log,../gen/Tst_test/FoldSimple/log/maketst.log,../gen/Tst_test/FoldSimple/log/runp2p.log,../gen/Tst_test/FoldSimple/log/runhybrid.log,True,,,8.032512819,,,,,,18,18,,,,,,,,,,,,,,,,,,,,,,,0:25.92,1997,,,False,True,,3.84577,0.0,0:00.35,,,,False,False,,,,,True
61638b6a,c306d37a,2019-07-17 03:24:15,FoldSimple2,test,Tst,1000000000.0,../gen/Tst_test/FoldSimple2/log/runproute.log,../gen/Tst_test/FoldSimple2/log/runproute.sh,../gen/Tst_test/FoldSimple2/plastisim/summary.csv,../gen/Tst_test/FoldSimple2/pir/AccelMain.scala,../gen/Tst_test/FoldSimple2/log/,../gen/Tst_test/FoldSimple2/log/gentst.log,../gen/Tst_test/FoldSimple2/log/maketst.log,../gen/Tst_test/FoldSimple2/log/runp2p.log,../gen/Tst_test/FoldSimple2/log/runhybrid.log,True,,,10.511743516,,,,,,18,18,,,,,,,,,,,,,,,,,,,,,,,0:28.08,3797,,,False,True,,2.02265,0.0,0:00.38,,,,False,False,,,,,True
61638b6a,c306d37a,2019-07-17 03:24:15,ForeachSimple,test,Tst,1000000000.0,../gen/Tst_test/ForeachSimple/log/runproute.log,../gen/Tst_test/ForeachSimple/log/runproute.sh,../gen/Tst_test/ForeachSimple/plastisim/summary.csv,../gen/Tst_test/ForeachSimple/pir/AccelMain.scala,../gen/Tst_test/ForeachSimple/log/,../gen/Tst_test/ForeachSimple/log/gentst.log,../gen/Tst_test/ForeachSimple/log/maketst.log,../gen/Tst_test/ForeachSimple/log/runp2p.log,../gen/Tst_test/ForeachSimple/log/runhybrid.log,True,,,7.207613537,,,,,,18,18,,,,,,,,,,,,,,,,,,,,,,,0:24.74,118,,True,False,True,,0.0,0.0,0:00.29,,,,False,False,,,,,True
61638b6a,c306d37a,2019-07-17 03:24:15,ForeachSimple2,test,Tst,1000000000.0,../gen/Tst_test/ForeachSimple2/log/runproute.log,../gen/Tst_test/ForeachSimple2/log/runproute.sh,../gen/Tst_test/ForeachSimple2/plastisim/summary.csv,../gen/Tst_test/ForeachSimple2/pir/AccelMain.scala,../gen/Tst_test/ForeachSimple2/log/,../gen/Tst_test/ForeachSimple2/log/gentst.log,../gen/Tst_test/ForeachSimple2/log/maketst.log,../gen/Tst_test/ForeachSimple2/log/runp2p.log,../gen/Tst_test/ForeachSimple2/log/runhybrid.log,True,,,7.476328572,,,,,,18,18,,,,,,,,,,,,,,,,,,,,,,,0:25.60,118,,True,False,True,,0.0,0.0,0:00.34,,,,False,False,,,,,True
61638b6a,c306d37a,2019-07-17 03:24:15,ForeachWithBranch,test,Tst,1000000000.0,../gen/Tst_test/ForeachWithBranch/log/runproute.log,../gen/Tst_test/ForeachWithBranch/log/runproute.sh,../gen/Tst_test/ForeachWithBranch/plastisim/summary.csv,../gen/Tst_test/ForeachWithBranch/pir/AccelMain.scala,../gen/Tst_test/ForeachWithBranch/log/,../gen/Tst_test/ForeachWithBranch/log/gentst.log,../gen/Tst_test/ForeachWithBranch/log/maketst.log,../gen/Tst_test/ForeachWithBranch/log/runp2p.log,../gen/Tst_test/ForeachWithBranch/log/runhybrid.log,True,,,7.373928167,,,,,,18,18,,,,,,,,,,,,,,,,,,,,,,,0:26.44,,"Assertion fail:
",True,False,False,,0.0,0.0,0:00.54,,,,False,False,,,,,False
61638b6a,c306d37a,2019-07-17 03:24:15,FriendlyTest,test,Tst,1000000000.0,../gen/Tst_test/FriendlyTest/log/runproute.log,../gen/Tst_test/FriendlyTest/log/runproute.sh,../gen/Tst_test/FriendlyTest/plastisim/summary.csv,../gen/Tst_test/FriendlyTest/pir/AccelMain.scala,../gen/Tst_test/FriendlyTest/log/,../gen/Tst_test/FriendlyTest/log/gentst.log,../gen/Tst_test/FriendlyTest/log/maketst.log,../gen/Tst_test/FriendlyTest/log/runp2p.log,../gen/Tst_test/FriendlyTest/log/runhybrid.log,True,,,5.955077802,,,,,,18,18,,,,,,,,,,,,,,,,,,,,,,,0:22.38,13,,,False,True,,0.0,0.0,0:00.32,,,,False,False,,,,,True
61638b6a,c306d37a,2019-07-17 03:24:15,FunctionApproximations,test,Tst,1000000000.0,../gen/Tst_test/FunctionApproximations/log/runproute.log,../gen/Tst_test/FunctionApproximations/log/runproute.sh,../gen/Tst_test/FunctionApproximations/plastisim/summary.csv,../gen/Tst_test/FunctionApproximations/pir/AccelMain.scala,../gen/Tst_test/FunctionApproximations/log/,../gen/Tst_test/FunctionApproximations/log/gentst.log,../gen/Tst_test/FunctionApproximations/log/maketst.log,../gen/Tst_test/FunctionApproximations/log/runp2p.log,../gen/Tst_test/FunctionApproximations/log/runhybrid.log,True,,,19.152488909,,,,,,18,18,,,,,,,,,,,,,,,,,,,,,,,0:53.55,6311,"Assertion fail:
",True,True,False,,0.162256,2.35272,0:01.88,,,,False,False,,,,,False
61638b6a,c306d37a,2019-07-17 03:24:15,GDA,test,Tst,1000000000.0,../gen/Tst_test/GDA/log/runproute.log,../gen/Tst_test/GDA/log/runproute.sh,../gen/Tst_test/GDA/plastisim/summary.csv,../gen/Tst_test/GDA/pir/AccelMain.scala,../gen/Tst_test/GDA/log/,../gen/Tst_test/GDA/log/gentst.log,../gen/Tst_test/GDA/log/maketst.log,../gen/Tst_test/GDA/log/runp2p.log,../gen/Tst_test/GDA/log/runhybrid.log,True,,,62.04512706,,,,,,18,18,,,,,,,,,,,,,,,,,,,,,,,2:26.22,11654,"Assertion fail:
",True,True,False,,1.36194,0.0,0:10.57,,,,False,False,,,,,False
61638b6a,c306d37a,2019-07-17 03:24:15,GEMMLibFloatParTest,test,Tst,1000000000.0,../gen/Tst_test/GEMMLibFloatParTest/log/runproute.log,../gen/Tst_test/GEMMLibFloatParTest/log/runproute.sh,../gen/Tst_test/GEMMLibFloatParTest/plastisim/summary.csv,../gen/Tst_test/GEMMLibFloatParTest/pir/AccelMain.scala,../gen/Tst_test/GEMMLibFloatParTest/log/,../gen/Tst_test/GEMMLibFloatParTest/log/gentst.log,../gen/Tst_test/GEMMLibFloatParTest/log/maketst.log,../gen/Tst_test/GEMMLibFloatParTest/log/runp2p.log,../gen/Tst_test/GEMMLibFloatParTest/log/runhybrid.log,True,,,18.530089341,,,,,,18,18,,,,,,,,,,,,,,,,,,,,,,,0:44.64,2262,,,False,True,,1.13174,0.226348,0:00.73,,,,False,False,,,,,True
61638b6a,c306d37a,2019-07-17 03:24:15,GEMMLibFloatTest,test,Tst,1000000000.0,../gen/Tst_test/GEMMLibFloatTest/log/runproute.log,../gen/Tst_test/GEMMLibFloatTest/log/runproute.sh,../gen/Tst_test/GEMMLibFloatTest/plastisim/summary.csv,../gen/Tst_test/GEMMLibFloatTest/pir/AccelMain.scala,../gen/Tst_test/GEMMLibFloatTest/log/,../gen/Tst_test/GEMMLibFloatTest/log/gentst.log,../gen/Tst_test/GEMMLibFloatTest/log/maketst.log,../gen/Tst_test/GEMMLibFloatTest/log/runp2p.log,../gen/Tst_test/GEMMLibFloatTest/log/runhybrid.log,True,,,18.733367967,,,,,,18,18,,,,,,,,,,,,,,,,,,,,,,,0:45.78,2271,,,False,True,,1.12726,0.225451,0:00.76,,,,False,False,,,,,True
61638b6a,c306d37a,2019-07-17 03:24:15,GEMMLibHalfParTest,test,Tst,1000000000.0,../gen/Tst_test/GEMMLibHalfParTest/log/runproute.log,../gen/Tst_test/GEMMLibHalfParTest/log/runproute.sh,../gen/Tst_test/GEMMLibHalfParTest/plastisim/summary.csv,../gen/Tst_test/GEMMLibHalfParTest/pir/AccelMain.scala,../gen/Tst_test/GEMMLibHalfParTest/log/,../gen/Tst_test/GEMMLibHalfParTest/log/gentst.log,../gen/Tst_test/GEMMLibHalfParTest/log/maketst.log,../gen/Tst_test/GEMMLibHalfParTest/log/runp2p.log,../gen/Tst_test/GEMMLibHalfParTest/log/runhybrid.log,True,,,19.366801693,,,,,,18,18,,,,,,,,,,,,,,,,,,,,,,,0:47.61,1568,"Assertion fail:
",,True,False,,1.22449,0.0,0:00.94,,,,False,False,,,,,False
61638b6a,c306d37a,2019-07-17 03:24:15,GEMMLibHalfTest,test,Tst,1000000000.0,../gen/Tst_test/GEMMLibHalfTest/log/runproute.log,../gen/Tst_test/GEMMLibHalfTest/log/runproute.sh,../gen/Tst_test/GEMMLibHalfTest/plastisim/summary.csv,../gen/Tst_test/GEMMLibHalfTest/pir/AccelMain.scala,../gen/Tst_test/GEMMLibHalfTest/log/,../gen/Tst_test/GEMMLibHalfTest/log/gentst.log,../gen/Tst_test/GEMMLibHalfTest/log/maketst.log,../gen/Tst_test/GEMMLibHalfTest/log/runp2p.log,../gen/Tst_test/GEMMLibHalfTest/log/runhybrid.log,True,,,19.307560213,,,,,,18,18,,,,,,,,,,,,,,,,,,,,,,,0:45.94,1568,"Assertion fail:
",,True,False,,1.22449,0.0,0:00.92,,,,False,False,,,,,False
61638b6a,c306d37a,2019-07-17 03:24:15,GEMMLibIntParTest,test,Tst,1000000000.0,../gen/Tst_test/GEMMLibIntParTest/log/runproute.log,../gen/Tst_test/GEMMLibIntParTest/log/runproute.sh,../gen/Tst_test/GEMMLibIntParTest/plastisim/summary.csv,../gen/Tst_test/GEMMLibIntParTest/pir/AccelMain.scala,../gen/Tst_test/GEMMLibIntParTest/log/,../gen/Tst_test/GEMMLibIntParTest/log/gentst.log,../gen/Tst_test/GEMMLibIntParTest/log/maketst.log,../gen/Tst_test/GEMMLibIntParTest/log/runp2p.log,../gen/Tst_test/GEMMLibIntParTest/log/runhybrid.log,True,,,17.644320024,,,,,,18,18,,,,,,,,,,,,,,,,,,,,,,,0:48.95,2262,,,False,True,,1.13174,0.226348,0:00.71,,,,False,False,,,,,True
61638b6a,c306d37a,2019-07-17 03:24:15,GEMMLibIntTest,test,Tst,1000000000.0,../gen/Tst_test/GEMMLibIntTest/log/runproute.log,../gen/Tst_test/GEMMLibIntTest/log/runproute.sh,../gen/Tst_test/GEMMLibIntTest/plastisim/summary.csv,../gen/Tst_test/GEMMLibIntTest/pir/AccelMain.scala,../gen/Tst_test/GEMMLibIntTest/log/,../gen/Tst_test/GEMMLibIntTest/log/gentst.log,../gen/Tst_test/GEMMLibIntTest/log/maketst.log,../gen/Tst_test/GEMMLibIntTest/log/runp2p.log,../gen/Tst_test/GEMMLibIntTest/log/runhybrid.log,True,,,19.745063222,,,,,,18,18,,,,,,,,,,,,,,,,,,,,,,,0:48.23,2271,,,False,True,,1.12726,0.225451,0:00.80,,,,False,False,,,,,True
61638b6a,c306d37a,2019-07-17 03:24:15,GEMM_Blocked,test,Tst,1000000000.0,../gen/Tst_test/GEMM_Blocked/log/runproute.log,../gen/Tst_test/GEMM_Blocked/log/runproute.sh,../gen/Tst_test/GEMM_Blocked/plastisim/summary.csv,../gen/Tst_test/GEMM_Blocked/pir/AccelMain.scala,../gen/Tst_test/GEMM_Blocked/log/,../gen/Tst_test/GEMM_Blocked/log/gentst.log,../gen/Tst_test/GEMM_Blocked/log/maketst.log,../gen/Tst_test/GEMM_Blocked/log/runp2p.log,../gen/Tst_test/GEMM_Blocked/log/runhybrid.log,True,,,21.669795436,,,,,,18,18,,,,,,,,,,,,,,,,,,,,,,,0:53.32,4065696,,True,False,True,,0.161193,0.0161193,14:50.41,,,,False,False,,,,,True
61638b6a,c306d37a,2019-07-17 03:24:15,GEMM_NCubed,test,Tst,1000000000.0,../gen/Tst_test/GEMM_NCubed/log/runproute.log,../gen/Tst_test/GEMM_NCubed/log/runproute.sh,../gen/Tst_test/GEMM_NCubed/plastisim/summary.csv,../gen/Tst_test/GEMM_NCubed/pir/AccelMain.scala,../gen/Tst_test/GEMM_NCubed/log/,../gen/Tst_test/GEMM_NCubed/log/gentst.log,../gen/Tst_test/GEMM_NCubed/log/maketst.log,../gen/Tst_test/GEMM_NCubed/log/runp2p.log,../gen/Tst_test/GEMM_NCubed/log/runhybrid.log,True,,,11.734838317,,,,,,18,18,,,,,,,,,,,,,,,,,,,,,,,0:30.39,270434,,True,False,True,,0.121168,0.0605841,0:14.27,,,,False,False,,,,,True
61638b6a,c306d37a,2019-07-17 03:24:15,GEMV,test,Tst,1000000000.0,../gen/Tst_test/GEMV/log/runproute.log,../gen/Tst_test/GEMV/log/runproute.sh,../gen/Tst_test/GEMV/plastisim/summary.csv,../gen/Tst_test/GEMV/pir/AccelMain.scala,../gen/Tst_test/GEMV/log/,../gen/Tst_test/GEMV/log/gentst.log,../gen/Tst_test/GEMV/log/maketst.log,../gen/Tst_test/GEMV/log/runp2p.log,../gen/Tst_test/GEMV/log/runhybrid.log,True,,,13.417228929,,,,,,18,18,,,,,,,,,,,,,,,,,,,,,,,0:34.68,262379,,,False,True,,7.99283,0.0078055,0:25.04,,,,False,False,,,,,True
61638b6a,c306d37a,2019-07-17 03:24:15,GatherFIFO,test,Tst,1000000000.0,../gen/Tst_test/GatherFIFO/log/runproute.log,../gen/Tst_test/GatherFIFO/log/runproute.sh,../gen/Tst_test/GatherFIFO/plastisim/summary.csv,../gen/Tst_test/GatherFIFO/pir/AccelMain.scala,../gen/Tst_test/GatherFIFO/log/,../gen/Tst_test/GatherFIFO/log/gentst.log,../gen/Tst_test/GatherFIFO/log/maketst.log,../gen/Tst_test/GatherFIFO/log/runp2p.log,../gen/Tst_test/GatherFIFO/log/runhybrid.log,True,,"[0m[[0m[31merror[0m] [0m[0m/local/ssd/home/yaqiz/spatial/gen/Tst_test/GatherFIFO/pir/AccelMain.scala:93:68: not found: value x285[0m
",,,,,,,,,,,,,,,,,,,,,,,,,,,,,,,,,,,False,False,,,,,,,,False,False,,,,,False
61638b6a,c306d37a,2019-07-17 03:24:15,GatherStore,test,Tst,1000000000.0,../gen/Tst_test/GatherStore/log/runproute.log,../gen/Tst_test/GatherStore/log/runproute.sh,../gen/Tst_test/GatherStore/plastisim/summary.csv,../gen/Tst_test/GatherStore/pir/AccelMain.scala,../gen/Tst_test/GatherStore/log/,../gen/Tst_test/GatherStore/log/gentst.log,../gen/Tst_test/GatherStore/log/maketst.log,../gen/Tst_test/GatherStore/log/runp2p.log,../gen/Tst_test/GatherStore/log/runhybrid.log,True,,,10.35856092,,,,,,18,18,,,,,,,,,,,,,,,,,,,,,,,0:32.08,57930,,True,False,True,,15.1985,0.883825,0:03.35,,,,False,False,,,,,True
61638b6a,c306d37a,2019-07-17 03:24:15,GatherStore2,test,Tst,1000000000.0,../gen/Tst_test/GatherStore2/log/runproute.log,../gen/Tst_test/GatherStore2/log/runproute.sh,../gen/Tst_test/GatherStore2/plastisim/summary.csv,../gen/Tst_test/GatherStore2/pir/AccelMain.scala,../gen/Tst_test/GatherStore2/log/,../gen/Tst_test/GatherStore2/log/gentst.log,../gen/Tst_test/GatherStore2/log/maketst.log,../gen/Tst_test/GatherStore2/log/runp2p.log,../gen/Tst_test/GatherStore2/log/runhybrid.log,False,[bug] Encountered exception while updating node,,,,,,,,,,,,,,,,,,,,,,,,,,,,,,,,,,,,False,False,,,,,,,,False,False,,,,,False
61638b6a,c306d37a,2019-07-17 03:24:15,Gibbs_Ising2D,test,Tst,1000000000.0,../gen/Tst_test/Gibbs_Ising2D/log/runproute.log,../gen/Tst_test/Gibbs_Ising2D/log/runproute.sh,../gen/Tst_test/Gibbs_Ising2D/plastisim/summary.csv,../gen/Tst_test/Gibbs_Ising2D/pir/AccelMain.scala,../gen/Tst_test/Gibbs_Ising2D/log/,../gen/Tst_test/Gibbs_Ising2D/log/gentst.log,../gen/Tst_test/Gibbs_Ising2D/log/maketst.log,../gen/Tst_test/Gibbs_Ising2D/log/runp2p.log,../gen/Tst_test/Gibbs_Ising2D/log/runhybrid.log,False,[error] //TODO: Plasticine does not support unbanked unrolled access at the moment. ,,,,,,,,,,,,,,,,,,,,,,,,,,,,,,,,,,,,False,False,,,,,,,,False,False,,,,,False
61638b6a,c306d37a,2019-07-17 03:24:15,HalfBasics,test,Tst,1000000000.0,../gen/Tst_test/HalfBasics/log/runproute.log,../gen/Tst_test/HalfBasics/log/runproute.sh,../gen/Tst_test/HalfBasics/plastisim/summary.csv,../gen/Tst_test/HalfBasics/pir/AccelMain.scala,../gen/Tst_test/HalfBasics/log/,../gen/Tst_test/HalfBasics/log/gentst.log,../gen/Tst_test/HalfBasics/log/maketst.log,../gen/Tst_test/HalfBasics/log/runp2p.log,../gen/Tst_test/HalfBasics/log/runhybrid.log,True,,"[[31merror[0m] Constrain failed on MemoryContainer1351
",19.724742472,,,,,,18,18,,,,,,,,,,,,,,,,,,,,,,,,,,,False,False,,,,,,,,False,False,,,,,False
61638b6a,c306d37a,2019-07-17 03:24:15,HalfTest,test,Tst,1000000000.0,../gen/Tst_test/HalfTest/log/runproute.log,../gen/Tst_test/HalfTest/log/runproute.sh,../gen/Tst_test/HalfTest/plastisim/summary.csv,../gen/Tst_test/HalfTest/pir/AccelMain.scala,../gen/Tst_test/HalfTest/log/,../gen/Tst_test/HalfTest/log/gentst.log,../gen/Tst_test/HalfTest/log/maketst.log,../gen/Tst_test/HalfTest/log/runp2p.log,../gen/Tst_test/HalfTest/log/runhybrid.log,True,,,6.382731295,,,,,,18,18,,,,,,,,,,,,,,,,,,,,,,,0:22.75,13,,,False,True,,0.0,0.0,0:00.27,,,,False,False,,,,,True
61638b6a,c306d37a,2019-07-17 03:24:15,HostIOLoop,test,Tst,1000000000.0,../gen/Tst_test/HostIOLoop/log/runproute.log,../gen/Tst_test/HostIOLoop/log/runproute.sh,../gen/Tst_test/HostIOLoop/plastisim/summary.csv,../gen/Tst_test/HostIOLoop/pir/AccelMain.scala,../gen/Tst_test/HostIOLoop/log/,../gen/Tst_test/HostIOLoop/log/gentst.log,../gen/Tst_test/HostIOLoop/log/maketst.log,../gen/Tst_test/HostIOLoop/log/runp2p.log,../gen/Tst_test/HostIOLoop/log/runhybrid.log,True,,"[0m[[0m[31merror[0m] [0m[0m/local/ssd/home/yaqiz/spatial/gen/Tst_test/HostIOLoop/pir/AccelMain.scala:13:44: not found: value x33[0m
",,,,,,,,,,,,,,,,,,,,,,,,,,,,,,,,,,,False,False,,,,,,,,False,False,,,,,False
61638b6a,c306d37a,2019-07-17 03:24:15,IfThenElseBoolean,test,Tst,1000000000.0,../gen/Tst_test/IfThenElseBoolean/log/runproute.log,../gen/Tst_test/IfThenElseBoolean/log/runproute.sh,../gen/Tst_test/IfThenElseBoolean/plastisim/summary.csv,../gen/Tst_test/IfThenElseBoolean/pir/AccelMain.scala,../gen/Tst_test/IfThenElseBoolean/log/,../gen/Tst_test/IfThenElseBoolean/log/gentst.log,../gen/Tst_test/IfThenElseBoolean/log/maketst.log,../gen/Tst_test/IfThenElseBoolean/log/runp2p.log,../gen/Tst_test/IfThenElseBoolean/log/runhybrid.log,True,,,4.467890654,,,,,,18,18,,,,,,,,,,,,,,,,,,,,,,,0:13.62,,,,False,True,,,,0:00.00,,,,False,False,,,,,True
61638b6a,c306d37a,2019-07-17 03:24:15,IfThenElseDouble,test,Tst,1000000000.0,../gen/Tst_test/IfThenElseDouble/log/runproute.log,../gen/Tst_test/IfThenElseDouble/log/runproute.sh,../gen/Tst_test/IfThenElseDouble/plastisim/summary.csv,../gen/Tst_test/IfThenElseDouble/pir/AccelMain.scala,../gen/Tst_test/IfThenElseDouble/log/,../gen/Tst_test/IfThenElseDouble/log/gentst.log,../gen/Tst_test/IfThenElseDouble/log/maketst.log,../gen/Tst_test/IfThenElseDouble/log/runp2p.log,../gen/Tst_test/IfThenElseDouble/log/runhybrid.log,True,,,4.599142295,,,,,,18,18,,,,,,,,,,,,,,,,,,,,,,,0:12.88,,,,False,True,,,,0:00.01,,,,False,False,,,,,True
61638b6a,c306d37a,2019-07-17 03:24:15,IfThenElseFloat,test,Tst,1000000000.0,../gen/Tst_test/IfThenElseFloat/log/runproute.log,../gen/Tst_test/IfThenElseFloat/log/runproute.sh,../gen/Tst_test/IfThenElseFloat/plastisim/summary.csv,../gen/Tst_test/IfThenElseFloat/pir/AccelMain.scala,../gen/Tst_test/IfThenElseFloat/log/,../gen/Tst_test/IfThenElseFloat/log/gentst.log,../gen/Tst_test/IfThenElseFloat/log/maketst.log,../gen/Tst_test/IfThenElseFloat/log/runp2p.log,../gen/Tst_test/IfThenElseFloat/log/runhybrid.log,True,,,4.462619886,,,,,,18,18,,,,,,,,,,,,,,,,,,,,,,,0:13.64,,,,False,True,,,,0:00.01,,,,False,False,,,,,True
61638b6a,c306d37a,2019-07-17 03:24:15,IfThenElseInt,test,Tst,1000000000.0,../gen/Tst_test/IfThenElseInt/log/runproute.log,../gen/Tst_test/IfThenElseInt/log/runproute.sh,../gen/Tst_test/IfThenElseInt/plastisim/summary.csv,../gen/Tst_test/IfThenElseInt/pir/AccelMain.scala,../gen/Tst_test/IfThenElseInt/log/,../gen/Tst_test/IfThenElseInt/log/gentst.log,../gen/Tst_test/IfThenElseInt/log/maketst.log,../gen/Tst_test/IfThenElseInt/log/runp2p.log,../gen/Tst_test/IfThenElseInt/log/runhybrid.log,True,,,4.305800887,,,,,,18,18,,,,,,,,,,,,,,,,,,,,,,,0:12.07,,,,False,True,,,,0:00.01,,,,False,False,,,,,True
61638b6a,c306d37a,2019-07-17 03:24:15,IfThenElseString,test,Tst,1000000000.0,../gen/Tst_test/IfThenElseString/log/runproute.log,../gen/Tst_test/IfThenElseString/log/runproute.sh,../gen/Tst_test/IfThenElseString/plastisim/summary.csv,../gen/Tst_test/IfThenElseString/pir/AccelMain.scala,../gen/Tst_test/IfThenElseString/log/,../gen/Tst_test/IfThenElseString/log/gentst.log,../gen/Tst_test/IfThenElseString/log/maketst.log,../gen/Tst_test/IfThenElseString/log/runp2p.log,../gen/Tst_test/IfThenElseString/log/runhybrid.log,True,,,4.102190992,,,,,,18,18,,,,,,,,,,,,,,,,,,,,,,,0:11.90,,,,False,True,,,,0:00.01,,,,False,False,,,,,True
61638b6a,c306d37a,2019-07-17 03:24:15,IndirectLoad,test,Tst,1000000000.0,../gen/Tst_test/IndirectLoad/log/runproute.log,../gen/Tst_test/IndirectLoad/log/runproute.sh,../gen/Tst_test/IndirectLoad/plastisim/summary.csv,../gen/Tst_test/IndirectLoad/pir/AccelMain.scala,../gen/Tst_test/IndirectLoad/log/,../gen/Tst_test/IndirectLoad/log/gentst.log,../gen/Tst_test/IndirectLoad/log/maketst.log,../gen/Tst_test/IndirectLoad/log/runp2p.log,../gen/Tst_test/IndirectLoad/log/runhybrid.log,True,,,12.049696147,,,,,,18,18,,,,,,,,,,,,,,,,,,,,,,,0:33.71,466,,True,False,True,,2.33476,2.19742,0:00.34,,,,False,False,,,,,True
61638b6a,c306d37a,2019-07-17 03:24:15,InlineSwitch,test,Tst,1000000000.0,../gen/Tst_test/InlineSwitch/log/runproute.log,../gen/Tst_test/InlineSwitch/log/runproute.sh,../gen/Tst_test/InlineSwitch/plastisim/summary.csv,../gen/Tst_test/InlineSwitch/pir/AccelMain.scala,../gen/Tst_test/InlineSwitch/log/,../gen/Tst_test/InlineSwitch/log/gentst.log,../gen/Tst_test/InlineSwitch/log/maketst.log,../gen/Tst_test/InlineSwitch/log/runp2p.log,../gen/Tst_test/InlineSwitch/log/runhybrid.log,True,,,6.524413204,,,,,,18,18,,,,,,,,,,,,,,,,,,,,,,,0:22.57,13,,,False,True,,0.0,0.0,0:00.29,,,,False,False,,,,,True
61638b6a,c306d37a,2019-07-17 03:24:15,InnerSwitchUnrolling,test,Tst,1000000000.0,../gen/Tst_test/InnerSwitchUnrolling/log/runproute.log,../gen/Tst_test/InnerSwitchUnrolling/log/runproute.sh,../gen/Tst_test/InnerSwitchUnrolling/plastisim/summary.csv,../gen/Tst_test/InnerSwitchUnrolling/pir/AccelMain.scala,../gen/Tst_test/InnerSwitchUnrolling/log/,../gen/Tst_test/InnerSwitchUnrolling/log/gentst.log,../gen/Tst_test/InnerSwitchUnrolling/log/maketst.log,../gen/Tst_test/InnerSwitchUnrolling/log/runp2p.log,../gen/Tst_test/InnerSwitchUnrolling/log/runhybrid.log,False,[bug] Encountered exception while updating node,,,,,,,,,,,,,,,,,,,,,,,,,,,,,,,,,,,,False,False,,,,,,,,False,False,,,,,False
61638b6a,c306d37a,2019-07-17 03:24:15,IntPrinting,test,Tst,1000000000.0,../gen/Tst_test/IntPrinting/log/runproute.log,../gen/Tst_test/IntPrinting/log/runproute.sh,../gen/Tst_test/IntPrinting/plastisim/summary.csv,../gen/Tst_test/IntPrinting/pir/AccelMain.scala,../gen/Tst_test/IntPrinting/log/,../gen/Tst_test/IntPrinting/log/gentst.log,../gen/Tst_test/IntPrinting/log/maketst.log,../gen/Tst_test/IntPrinting/log/runp2p.log,../gen/Tst_test/IntPrinting/log/runhybrid.log,True,,,4.038728017,,,,,,18,18,,,,,,,,,,,,,,,,,,,,,,,0:21.01,1,,,False,True,,0.0,0.0,0:00.24,,,,False,False,,,,,True
61638b6a,c306d37a,2019-07-17 03:24:15,IterationDiffs,test,Tst,1000000000.0,../gen/Tst_test/IterationDiffs/log/runproute.log,../gen/Tst_test/IterationDiffs/log/runproute.sh,../gen/Tst_test/IterationDiffs/plastisim/summary.csv,../gen/Tst_test/IterationDiffs/pir/AccelMain.scala,../gen/Tst_test/IterationDiffs/log/,../gen/Tst_test/IterationDiffs/log/gentst.log,../gen/Tst_test/IterationDiffs/log/maketst.log,../gen/Tst_test/IterationDiffs/log/runp2p.log,../gen/Tst_test/IterationDiffs/log/runhybrid.log,False,[error] Cannot group by unrolled access for banking on x176 (InitiationIntervals.scala:125:25) due to dependency between iterations,,,,,,,,,,,,,,,,,,,,,,,,,,,,,,,,,,,,False,False,,,,,,,,False,False,,,,,False
61638b6a,c306d37a,2019-07-17 03:24:15,JPEG_Decompress,test,Tst,1000000000.0,../gen/Tst_test/JPEG_Decompress/log/runproute.log,../gen/Tst_test/JPEG_Decompress/log/runproute.sh,../gen/Tst_test/JPEG_Decompress/plastisim/summary.csv,../gen/Tst_test/JPEG_Decompress/pir/AccelMain.scala,../gen/Tst_test/JPEG_Decompress/log/,../gen/Tst_test/JPEG_Decompress/log/gentst.log,../gen/Tst_test/JPEG_Decompress/log/maketst.log,../gen/Tst_test/JPEG_Decompress/log/runp2p.log,../gen/Tst_test/JPEG_Decompress/log/runhybrid.log,True,,"[[31merror[0m] 54-TungstenPIRGen throw scala.MatchError: Fix(false,2,0) (of class pir.node.Fix)
",105.655416438,,,,,,18,18,,,,,,,,,,,,,,,,,,,,,,,,,,,False,False,,,,,,,,False,False,,,,,False
61638b6a,c306d37a,2019-07-17 03:24:15,JPEG_Markers,test,Tst,1000000000.0,../gen/Tst_test/JPEG_Markers/log/runproute.log,../gen/Tst_test/JPEG_Markers/log/runproute.sh,../gen/Tst_test/JPEG_Markers/plastisim/summary.csv,../gen/Tst_test/JPEG_Markers/pir/AccelMain.scala,../gen/Tst_test/JPEG_Markers/log/,../gen/Tst_test/JPEG_Markers/log/gentst.log,../gen/Tst_test/JPEG_Markers/log/maketst.log,../gen/Tst_test/JPEG_Markers/log/runp2p.log,../gen/Tst_test/JPEG_Markers/log/runhybrid.log,True,,"[[31merror[0m] 54-TungstenPIRGen throw scala.MatchError: Fix(false,2,0) (of class pir.node.Fix)
",16.59559576,,,,,,18,18,,,,,,,,,,,,,,,,,,,,,,,,,,,False,False,,,,,,,,False,False,,,,,False
61638b6a,c306d37a,2019-07-17 03:24:15,KMP,test,Tst,1000000000.0,../gen/Tst_test/KMP/log/runproute.log,../gen/Tst_test/KMP/log/runproute.sh,../gen/Tst_test/KMP/plastisim/summary.csv,../gen/Tst_test/KMP/pir/AccelMain.scala,../gen/Tst_test/KMP/log/,../gen/Tst_test/KMP/log/gentst.log,../gen/Tst_test/KMP/log/maketst.log,../gen/Tst_test/KMP/log/runp2p.log,../gen/Tst_test/KMP/log/runhybrid.log,True,,,81.600315245,,,,,,18,18,,,,,,,,,,,,,,,,,,,,,,"src/Context1673.h:46:25: error: â€˜MemRead1079â€™ was not declared in this scope
",0:10.56,,,,False,False,,,,,,,,False,False,,,,,False
61638b6a,c306d37a,2019-07-17 03:24:15,Kmeans_fast,test,Tst,1000000000.0,../gen/Tst_test/Kmeans_fast/log/runproute.log,../gen/Tst_test/Kmeans_fast/log/runproute.sh,../gen/Tst_test/Kmeans_fast/plastisim/summary.csv,../gen/Tst_test/Kmeans_fast/pir/AccelMain.scala,../gen/Tst_test/Kmeans_fast/log/,../gen/Tst_test/Kmeans_fast/log/gentst.log,../gen/Tst_test/Kmeans_fast/log/maketst.log,../gen/Tst_test/Kmeans_fast/log/runp2p.log,../gen/Tst_test/Kmeans_fast/log/runhybrid.log,True,,"[0m[[0m[31merror[0m] [0m[0m/local/ssd/home/yaqiz/spatial/gen/Tst_test/Kmeans_fast/pir/AccelMain.scala:177:52: not found: value x506__1[0m
",,,,,,,,,,,,,,,,,,,,,,,,,,,,,,,,,,,False,False,,,,,,,,False,False,,,,,False
61638b6a,c306d37a,2019-07-17 03:24:15,Kmeans_slow,test,Tst,1000000000.0,../gen/Tst_test/Kmeans_slow/log/runproute.log,../gen/Tst_test/Kmeans_slow/log/runproute.sh,../gen/Tst_test/Kmeans_slow/plastisim/summary.csv,../gen/Tst_test/Kmeans_slow/pir/AccelMain.scala,../gen/Tst_test/Kmeans_slow/log/,../gen/Tst_test/Kmeans_slow/log/gentst.log,../gen/Tst_test/Kmeans_slow/log/maketst.log,../gen/Tst_test/Kmeans_slow/log/runp2p.log,../gen/Tst_test/Kmeans_slow/log/runhybrid.log,True,,"[0m[[0m[31merror[0m] [0m[0m/local/ssd/home/yaqiz/spatial/gen/Tst_test/Kmeans_slow/pir/AccelMain.scala:206:52: not found: value x581__1[0m
",,,,,,,,,,,,,,,,,,,,,,,,,,,,,,,,,,,False,False,,,,,,,,False,False,,,,,False
61638b6a,c306d37a,2019-07-17 03:24:15,LP_SGD,test,Tst,1000000000.0,../gen/Tst_test/LP_SGD/log/runproute.log,../gen/Tst_test/LP_SGD/log/runproute.sh,../gen/Tst_test/LP_SGD/plastisim/summary.csv,../gen/Tst_test/LP_SGD/pir/AccelMain.scala,../gen/Tst_test/LP_SGD/log/,../gen/Tst_test/LP_SGD/log/gentst.log,../gen/Tst_test/LP_SGD/log/maketst.log,../gen/Tst_test/LP_SGD/log/runp2p.log,../gen/Tst_test/LP_SGD/log/runhybrid.log,True,,"[0m[[0m[31merror[0m] [0m[0m/local/ssd/home/yaqiz/spatial/gen/Tst_test/LP_SGD/pir/AccelMain.scala:669:49: not found: value x1714[0m
",,,,,,,,,,,,,,,,,,,,,,,,,,,,,,,,,,,False,False,,,,,,,,False,False,,,,,False
61638b6a,c306d37a,2019-07-17 03:24:15,LP_SVRG,test,Tst,1000000000.0,../gen/Tst_test/LP_SVRG/log/runproute.log,../gen/Tst_test/LP_SVRG/log/runproute.sh,../gen/Tst_test/LP_SVRG/plastisim/summary.csv,../gen/Tst_test/LP_SVRG/pir/AccelMain.scala,../gen/Tst_test/LP_SVRG/log/,../gen/Tst_test/LP_SVRG/log/gentst.log,../gen/Tst_test/LP_SVRG/log/maketst.log,../gen/Tst_test/LP_SVRG/log/runp2p.log,../gen/Tst_test/LP_SVRG/log/runhybrid.log,True,,"[0m[[0m[31merror[0m] [0m[0m/local/ssd/home/yaqiz/spatial/gen/Tst_test/LP_SVRG/pir/AccelMain.scala:1105:49: not found: value x2141[0m
",,,,,,,,,,,,,,,,,,,,,,,,,,,,,,,,,,,False,False,,,,,,,,False,False,,,,,False
61638b6a,c306d37a,2019-07-17 03:24:15,LUTFromFile,test,Tst,1000000000.0,../gen/Tst_test/LUTFromFile/log/runproute.log,../gen/Tst_test/LUTFromFile/log/runproute.sh,../gen/Tst_test/LUTFromFile/plastisim/summary.csv,../gen/Tst_test/LUTFromFile/pir/AccelMain.scala,../gen/Tst_test/LUTFromFile/log/,../gen/Tst_test/LUTFromFile/log/gentst.log,../gen/Tst_test/LUTFromFile/log/maketst.log,../gen/Tst_test/LUTFromFile/log/runp2p.log,../gen/Tst_test/LUTFromFile/log/runhybrid.log,True,,,6.429619259,,,,,,18,18,,,,,,,,,,,,,,,,,,,,,,,0:23.47,13,,True,False,True,,0.0,0.0,0:00.26,,,,False,False,,,,,True
61638b6a,c306d37a,2019-07-17 03:24:15,LUTSimple,test,Tst,1000000000.0,../gen/Tst_test/LUTSimple/log/runproute.log,../gen/Tst_test/LUTSimple/log/runproute.sh,../gen/Tst_test/LUTSimple/plastisim/summary.csv,../gen/Tst_test/LUTSimple/pir/AccelMain.scala,../gen/Tst_test/LUTSimple/log/,../gen/Tst_test/LUTSimple/log/gentst.log,../gen/Tst_test/LUTSimple/log/maketst.log,../gen/Tst_test/LUTSimple/log/runp2p.log,../gen/Tst_test/LUTSimple/log/runhybrid.log,True,,,6.399370217,,,,,,18,18,,,,,,,,,,,,,,,,,,,,,,"src/Context44.h:43:73: error: invalid operands of types â€˜floatâ€™ and â€˜floatâ€™ to binary â€˜operator^â€™
",0:07.02,,,,False,False,,,,,,,,False,False,,,,,False
61638b6a,c306d37a,2019-07-17 03:24:15,LiftBoolean,test,Tst,1000000000.0,../gen/Tst_test/LiftBoolean/log/runproute.log,../gen/Tst_test/LiftBoolean/log/runproute.sh,../gen/Tst_test/LiftBoolean/plastisim/summary.csv,../gen/Tst_test/LiftBoolean/pir/AccelMain.scala,../gen/Tst_test/LiftBoolean/log/,../gen/Tst_test/LiftBoolean/log/gentst.log,../gen/Tst_test/LiftBoolean/log/maketst.log,../gen/Tst_test/LiftBoolean/log/runp2p.log,../gen/Tst_test/LiftBoolean/log/runhybrid.log,True,,,4.931126523,,,,,,18,18,,,,,,,,,,,,,,,,,,,,,,,0:13.87,,,,False,True,,,,0:00.00,,,,False,False,,,,,True
61638b6a,c306d37a,2019-07-17 03:24:15,LiftByte,test,Tst,1000000000.0,../gen/Tst_test/LiftByte/log/runproute.log,../gen/Tst_test/LiftByte/log/runproute.sh,../gen/Tst_test/LiftByte/plastisim/summary.csv,../gen/Tst_test/LiftByte/pir/AccelMain.scala,../gen/Tst_test/LiftByte/log/,../gen/Tst_test/LiftByte/log/gentst.log,../gen/Tst_test/LiftByte/log/maketst.log,../gen/Tst_test/LiftByte/log/runp2p.log,../gen/Tst_test/LiftByte/log/runhybrid.log,True,,,4.637631144,,,,,,18,18,,,,,,,,,,,,,,,,,,,,,,,0:13.61,,,,False,True,,,,0:00.01,,,,False,False,,,,,True
61638b6a,c306d37a,2019-07-17 03:24:15,LiftDouble,test,Tst,1000000000.0,../gen/Tst_test/LiftDouble/log/runproute.log,../gen/Tst_test/LiftDouble/log/runproute.sh,../gen/Tst_test/LiftDouble/plastisim/summary.csv,../gen/Tst_test/LiftDouble/pir/AccelMain.scala,../gen/Tst_test/LiftDouble/log/,../gen/Tst_test/LiftDouble/log/gentst.log,../gen/Tst_test/LiftDouble/log/maketst.log,../gen/Tst_test/LiftDouble/log/runp2p.log,../gen/Tst_test/LiftDouble/log/runhybrid.log,True,,,4.364122476,,,,,,18,18,,,,,,,,,,,,,,,,,,,,,,,0:13.53,,,,False,True,,,,0:00.01,,,,False,False,,,,,True
61638b6a,c306d37a,2019-07-17 03:24:15,LiftFloat,test,Tst,1000000000.0,../gen/Tst_test/LiftFloat/log/runproute.log,../gen/Tst_test/LiftFloat/log/runproute.sh,../gen/Tst_test/LiftFloat/plastisim/summary.csv,../gen/Tst_test/LiftFloat/pir/AccelMain.scala,../gen/Tst_test/LiftFloat/log/,../gen/Tst_test/LiftFloat/log/gentst.log,../gen/Tst_test/LiftFloat/log/maketst.log,../gen/Tst_test/LiftFloat/log/runp2p.log,../gen/Tst_test/LiftFloat/log/runhybrid.log,True,,,4.043744941,,,,,,18,18,,,,,,,,,,,,,,,,,,,,,,,0:13.27,,,,False,True,,,,0:00.00,,,,False,False,,,,,True
61638b6a,c306d37a,2019-07-17 03:24:15,LiftInt,test,Tst,1000000000.0,../gen/Tst_test/LiftInt/log/runproute.log,../gen/Tst_test/LiftInt/log/runproute.sh,../gen/Tst_test/LiftInt/plastisim/summary.csv,../gen/Tst_test/LiftInt/pir/AccelMain.scala,../gen/Tst_test/LiftInt/log/,../gen/Tst_test/LiftInt/log/gentst.log,../gen/Tst_test/LiftInt/log/maketst.log,../gen/Tst_test/LiftInt/log/runp2p.log,../gen/Tst_test/LiftInt/log/runhybrid.log,True,,,4.111852112,,,,,,18,18,,,,,,,,,,,,,,,,,,,,,,,0:11.73,,,,False,True,,,,0:00.01,,,,False,False,,,,,True
61638b6a,c306d37a,2019-07-17 03:24:15,LiftLong,test,Tst,1000000000.0,../gen/Tst_test/LiftLong/log/runproute.log,../gen/Tst_test/LiftLong/log/runproute.sh,../gen/Tst_test/LiftLong/plastisim/summary.csv,../gen/Tst_test/LiftLong/pir/AccelMain.scala,../gen/Tst_test/LiftLong/log/,../gen/Tst_test/LiftLong/log/gentst.log,../gen/Tst_test/LiftLong/log/maketst.log,../gen/Tst_test/LiftLong/log/runp2p.log,../gen/Tst_test/LiftLong/log/runhybrid.log,True,,,4.413803808,,,,,,18,18,,,,,,,,,,,,,,,,,,,,,,,0:13.10,,,,False,True,,,,0:00.01,,,,False,False,,,,,True
61638b6a,c306d37a,2019-07-17 03:24:15,LiftShort,test,Tst,1000000000.0,../gen/Tst_test/LiftShort/log/runproute.log,../gen/Tst_test/LiftShort/log/runproute.sh,../gen/Tst_test/LiftShort/plastisim/summary.csv,../gen/Tst_test/LiftShort/pir/AccelMain.scala,../gen/Tst_test/LiftShort/log/,../gen/Tst_test/LiftShort/log/gentst.log,../gen/Tst_test/LiftShort/log/maketst.log,../gen/Tst_test/LiftShort/log/runp2p.log,../gen/Tst_test/LiftShort/log/runhybrid.log,True,,,4.346340069,,,,,,18,18,,,,,,,,,,,,,,,,,,,,,,,0:12.41,,,,False,True,,,,0:00.00,,,,False,False,,,,,True
61638b6a,c306d37a,2019-07-17 03:24:15,LineBufs,test,Tst,1000000000.0,../gen/Tst_test/LineBufs/log/runproute.log,../gen/Tst_test/LineBufs/log/runproute.sh,../gen/Tst_test/LineBufs/plastisim/summary.csv,../gen/Tst_test/LineBufs/pir/AccelMain.scala,../gen/Tst_test/LineBufs/log/,../gen/Tst_test/LineBufs/log/gentst.log,../gen/Tst_test/LineBufs/log/maketst.log,../gen/Tst_test/LineBufs/log/runp2p.log,../gen/Tst_test/LineBufs/log/runhybrid.log,True,,"[0m[[0m[31merror[0m] [0m[0m/local/ssd/home/yaqiz/spatial/gen/Tst_test/LineBufs/pir/AccelMain.scala:130:31: not found: value x1025[0m
",,,,,,,,,,,,,,,,,,,,,,,,,,,,,,,,,,,False,False,,,,,,,,False,False,,,,,False
61638b6a,c306d37a,2019-07-17 03:24:15,LinearWriteRandomRead,test,Tst,1000000000.0,../gen/Tst_test/LinearWriteRandomRead/log/runproute.log,../gen/Tst_test/LinearWriteRandomRead/log/runproute.sh,../gen/Tst_test/LinearWriteRandomRead/plastisim/summary.csv,../gen/Tst_test/LinearWriteRandomRead/pir/AccelMain.scala,../gen/Tst_test/LinearWriteRandomRead/log/,../gen/Tst_test/LinearWriteRandomRead/log/gentst.log,../gen/Tst_test/LinearWriteRandomRead/log/maketst.log,../gen/Tst_test/LinearWriteRandomRead/log/runp2p.log,../gen/Tst_test/LinearWriteRandomRead/log/runhybrid.log,False,[bug] Encountered exception while updating node,,,,,,,,,,,,,,,,,,,,,,,,,,,,,,,,,,,,False,False,,,,,,,,False,False,,,,,False
61638b6a,c306d37a,2019-07-17 03:24:15,LiteralMath,test,Tst,1000000000.0,../gen/Tst_test/LiteralMath/log/runproute.log,../gen/Tst_test/LiteralMath/log/runproute.sh,../gen/Tst_test/LiteralMath/plastisim/summary.csv,../gen/Tst_test/LiteralMath/pir/AccelMain.scala,../gen/Tst_test/LiteralMath/log/,../gen/Tst_test/LiteralMath/log/gentst.log,../gen/Tst_test/LiteralMath/log/maketst.log,../gen/Tst_test/LiteralMath/log/runp2p.log,../gen/Tst_test/LiteralMath/log/runhybrid.log,True,,,4.413551608,,,,,,18,18,,,,,,,,,,,,,,,,,,,,,,,0:22.28,1,,,False,True,,0.0,0.0,0:00.29,,,,False,False,,,,,True
61638b6a,c306d37a,2019-07-17 03:24:15,LogReg,test,Tst,1000000000.0,../gen/Tst_test/LogReg/log/runproute.log,../gen/Tst_test/LogReg/log/runproute.sh,../gen/Tst_test/LogReg/plastisim/summary.csv,../gen/Tst_test/LogReg/pir/AccelMain.scala,../gen/Tst_test/LogReg/log/,../gen/Tst_test/LogReg/log/gentst.log,../gen/Tst_test/LogReg/log/maketst.log,../gen/Tst_test/LogReg/log/runp2p.log,../gen/Tst_test/LogReg/log/runhybrid.log,True,,,393.455392421,,,,,,18,18,,,,,,,,,,,,,,,,,,,,,,,26:04.95,,"Assertion fail:
",True,False,False,,22.6835,0.0,0:01.44,,,,False,False,,,,,False
61638b6a,c306d37a,2019-07-17 03:24:15,LoopInvariantCycle,test,Tst,1000000000.0,../gen/Tst_test/LoopInvariantCycle/log/runproute.log,../gen/Tst_test/LoopInvariantCycle/log/runproute.sh,../gen/Tst_test/LoopInvariantCycle/plastisim/summary.csv,../gen/Tst_test/LoopInvariantCycle/pir/AccelMain.scala,../gen/Tst_test/LoopInvariantCycle/log/,../gen/Tst_test/LoopInvariantCycle/log/gentst.log,../gen/Tst_test/LoopInvariantCycle/log/maketst.log,../gen/Tst_test/LoopInvariantCycle/log/runp2p.log,../gen/Tst_test/LoopInvariantCycle/log/runhybrid.log,True,,,21.891968335,,,,,,18,18,,,,,,,,,,,,,,,,,,,,,,,0:57.31,2136,"Assertion fail:
",,False,False,,0.269663,0.389513,0:01.33,,,,False,False,,,,,False
61638b6a,c306d37a,2019-07-17 03:24:15,LowPrecisionRep,test,Tst,1000000000.0,../gen/Tst_test/LowPrecisionRep/log/runproute.log,../gen/Tst_test/LowPrecisionRep/log/runproute.sh,../gen/Tst_test/LowPrecisionRep/plastisim/summary.csv,../gen/Tst_test/LowPrecisionRep/pir/AccelMain.scala,../gen/Tst_test/LowPrecisionRep/log/,../gen/Tst_test/LowPrecisionRep/log/gentst.log,../gen/Tst_test/LowPrecisionRep/log/maketst.log,../gen/Tst_test/LowPrecisionRep/log/runp2p.log,../gen/Tst_test/LowPrecisionRep/log/runhybrid.log,True,,,11.409063407,,,,,,18,18,,,,,,,,,,,,,,,,,,,,,,,0:33.89,2304,"Assertion fail:
",,False,False,,3.55556,0.444444,0:00.68,,,,False,False,,,,,False
61638b6a,c306d37a,2019-07-17 03:24:15,MD_Grid,test,Tst,1000000000.0,../gen/Tst_test/MD_Grid/log/runproute.log,../gen/Tst_test/MD_Grid/log/runproute.sh,../gen/Tst_test/MD_Grid/plastisim/summary.csv,../gen/Tst_test/MD_Grid/pir/AccelMain.scala,../gen/Tst_test/MD_Grid/log/,../gen/Tst_test/MD_Grid/log/gentst.log,../gen/Tst_test/MD_Grid/log/maketst.log,../gen/Tst_test/MD_Grid/log/runp2p.log,../gen/Tst_test/MD_Grid/log/runhybrid.log,True,,,,,,,,,,,,,,,,,,,,,,,,,,,,,,,,,,,,,False,False,,,,,,,,False,False,,,,,False
61638b6a,c306d37a,2019-07-17 03:24:15,MD_KNN,test,Tst,1000000000.0,../gen/Tst_test/MD_KNN/log/runproute.log,../gen/Tst_test/MD_KNN/log/runproute.sh,../gen/Tst_test/MD_KNN/plastisim/summary.csv,../gen/Tst_test/MD_KNN/pir/AccelMain.scala,../gen/Tst_test/MD_KNN/log/,../gen/Tst_test/MD_KNN/log/gentst.log,../gen/Tst_test/MD_KNN/log/maketst.log,../gen/Tst_test/MD_KNN/log/runp2p.log,../gen/Tst_test/MD_KNN/log/runhybrid.log,True,,"[0m[[0m[31merror[0m] [0m[0m/local/ssd/home/yaqiz/spatial/gen/Tst_test/MD_KNN/pir/AccelMain.scala:246:50: not found: value x579_x[0m
",,,,,,,,,,,,,,,,,,,,,,,,,,,,,,,,,,,False,False,,,,,,,,False,False,,,,,False
61638b6a,c306d37a,2019-07-17 03:24:15,ManualConflictDephasing,test,Tst,1000000000.0,../gen/Tst_test/ManualConflictDephasing/log/runproute.log,../gen/Tst_test/ManualConflictDephasing/log/runproute.sh,../gen/Tst_test/ManualConflictDephasing/plastisim/summary.csv,../gen/Tst_test/ManualConflictDephasing/pir/AccelMain.scala,../gen/Tst_test/ManualConflictDephasing/log/,../gen/Tst_test/ManualConflictDephasing/log/gentst.log,../gen/Tst_test/ManualConflictDephasing/log/maketst.log,../gen/Tst_test/ManualConflictDephasing/log/runp2p.log,../gen/Tst_test/ManualConflictDephasing/log/runhybrid.log,False,[error] //TODO: Plasticine does not support unbanked unrolled access at the moment. ,,,,,,,,,,,,,,,,,,,,,,,,,,,,,,,,,,,,False,False,,,,,,,,False,False,,,,,False
61638b6a,c306d37a,2019-07-17 03:24:15,MatMult_hierarchy,test,Tst,1000000000.0,../gen/Tst_test/MatMult_hierarchy/log/runproute.log,../gen/Tst_test/MatMult_hierarchy/log/runproute.sh,../gen/Tst_test/MatMult_hierarchy/plastisim/summary.csv,../gen/Tst_test/MatMult_hierarchy/pir/AccelMain.scala,../gen/Tst_test/MatMult_hierarchy/log/,../gen/Tst_test/MatMult_hierarchy/log/gentst.log,../gen/Tst_test/MatMult_hierarchy/log/maketst.log,../gen/Tst_test/MatMult_hierarchy/log/runp2p.log,../gen/Tst_test/MatMult_hierarchy/log/runhybrid.log,True,,"[[31merror[0m] 04-GraphInitialization throw [pir] Don't know how to infer vec of BankedWrite270
",9.331369145,,,,,,18,18,,,,,,,,,,,,,,,,,,,,,,,,,,,False,False,,,,,,,,False,False,,,,,False
61638b6a,c306d37a,2019-07-17 03:24:15,MatMult_inner,test,Tst,1000000000.0,../gen/Tst_test/MatMult_inner/log/runproute.log,../gen/Tst_test/MatMult_inner/log/runproute.sh,../gen/Tst_test/MatMult_inner/plastisim/summary.csv,../gen/Tst_test/MatMult_inner/pir/AccelMain.scala,../gen/Tst_test/MatMult_inner/log/,../gen/Tst_test/MatMult_inner/log/gentst.log,../gen/Tst_test/MatMult_inner/log/maketst.log,../gen/Tst_test/MatMult_inner/log/runp2p.log,../gen/Tst_test/MatMult_inner/log/runhybrid.log,False,[error] //TODO: Plasticine does not support unbanked unrolled access at the moment. ,,,,,,,,,,,,,,,,,,,,,,,,,,,,,,,,,,,,False,False,,,,,,,,False,False,,,,,False
61638b6a,c306d37a,2019-07-17 03:24:15,MatMult_outer,test,Tst,1000000000.0,../gen/Tst_test/MatMult_outer/log/runproute.log,../gen/Tst_test/MatMult_outer/log/runproute.sh,../gen/Tst_test/MatMult_outer/plastisim/summary.csv,../gen/Tst_test/MatMult_outer/pir/AccelMain.scala,../gen/Tst_test/MatMult_outer/log/,../gen/Tst_test/MatMult_outer/log/gentst.log,../gen/Tst_test/MatMult_outer/log/maketst.log,../gen/Tst_test/MatMult_outer/log/runp2p.log,../gen/Tst_test/MatMult_outer/log/runhybrid.log,True,,,20.834237464,,,,,,18,18,,,,,,,,,,,,,,,,,,,,,,,0:52.06,542327,,,False,True,,0.332316,0.0302106,1:56.33,,,,False,False,,,,,True
61638b6a,c306d37a,2019-07-17 03:24:15,MaxFloat,test,Tst,1000000000.0,../gen/Tst_test/MaxFloat/log/runproute.log,../gen/Tst_test/MaxFloat/log/runproute.sh,../gen/Tst_test/MaxFloat/plastisim/summary.csv,../gen/Tst_test/MaxFloat/pir/AccelMain.scala,../gen/Tst_test/MaxFloat/log/,../gen/Tst_test/MaxFloat/log/gentst.log,../gen/Tst_test/MaxFloat/log/maketst.log,../gen/Tst_test/MaxFloat/log/runp2p.log,../gen/Tst_test/MaxFloat/log/runhybrid.log,True,,,10.613321599,,,,,,18,18,,,,,,,,,,,,,,,,,,,,,,,0:32.65,342,,,False,True,,2.99415,1.49708,0:00.33,,,,False,False,,,,,True
61638b6a,c306d37a,2019-07-17 03:24:15,MemCopyFIFO,test,Tst,1000000000.0,../gen/Tst_test/MemCopyFIFO/log/runproute.log,../gen/Tst_test/MemCopyFIFO/log/runproute.sh,../gen/Tst_test/MemCopyFIFO/plastisim/summary.csv,../gen/Tst_test/MemCopyFIFO/pir/AccelMain.scala,../gen/Tst_test/MemCopyFIFO/log/,../gen/Tst_test/MemCopyFIFO/log/gentst.log,../gen/Tst_test/MemCopyFIFO/log/maketst.log,../gen/Tst_test/MemCopyFIFO/log/runp2p.log,../gen/Tst_test/MemCopyFIFO/log/runhybrid.log,True,,,6.973430054,,,,,,18,18,,,,,,,,,,,,,,,,,,,,,,,0:19.45,72,,True,False,True,,1.77778,1.77778,0:00.24,,,,False,False,,,,,True
61638b6a,c306d37a,2019-07-17 03:24:15,MemCopyLIFO,test,Tst,1000000000.0,../gen/Tst_test/MemCopyLIFO/log/runproute.log,../gen/Tst_test/MemCopyLIFO/log/runproute.sh,../gen/Tst_test/MemCopyLIFO/plastisim/summary.csv,../gen/Tst_test/MemCopyLIFO/pir/AccelMain.scala,../gen/Tst_test/MemCopyLIFO/log/,../gen/Tst_test/MemCopyLIFO/log/gentst.log,../gen/Tst_test/MemCopyLIFO/log/maketst.log,../gen/Tst_test/MemCopyLIFO/log/runp2p.log,../gen/Tst_test/MemCopyLIFO/log/runhybrid.log,True,,"[0m[[0m[31merror[0m] [0m[0m/local/ssd/home/yaqiz/spatial/gen/Tst_test/MemCopyLIFO/pir/AccelMain.scala:78:29: not found: value x129[0m
",,,,,,,,,,,,,,,,,,,,,,,,,,,,,,,,,,,False,False,,,,,,,,False,False,,,,,False
61638b6a,c306d37a,2019-07-17 03:24:15,MemCopySRAM1D,test,Tst,1000000000.0,../gen/Tst_test/MemCopySRAM1D/log/runproute.log,../gen/Tst_test/MemCopySRAM1D/log/runproute.sh,../gen/Tst_test/MemCopySRAM1D/plastisim/summary.csv,../gen/Tst_test/MemCopySRAM1D/pir/AccelMain.scala,../gen/Tst_test/MemCopySRAM1D/log/,../gen/Tst_test/MemCopySRAM1D/log/gentst.log,../gen/Tst_test/MemCopySRAM1D/log/maketst.log,../gen/Tst_test/MemCopySRAM1D/log/runp2p.log,../gen/Tst_test/MemCopySRAM1D/log/runhybrid.log,True,,,11.429559483,,,,,,18,18,,,,,,,,,,,,,,,,,,,,,,,0:30.28,264,,,False,True,,2.90909,2.90909,0:00.31,,,,False,False,,,,,True
61638b6a,c306d37a,2019-07-17 03:24:15,MemCopySRAM2D,test,Tst,1000000000.0,../gen/Tst_test/MemCopySRAM2D/log/runproute.log,../gen/Tst_test/MemCopySRAM2D/log/runproute.sh,../gen/Tst_test/MemCopySRAM2D/plastisim/summary.csv,../gen/Tst_test/MemCopySRAM2D/pir/AccelMain.scala,../gen/Tst_test/MemCopySRAM2D/log/,../gen/Tst_test/MemCopySRAM2D/log/gentst.log,../gen/Tst_test/MemCopySRAM2D/log/maketst.log,../gen/Tst_test/MemCopySRAM2D/log/runp2p.log,../gen/Tst_test/MemCopySRAM2D/log/runhybrid.log,True,,,9.325373678,,,,,,18,18,,,,,,,,,,,,,,,,,,,,,,,0:25.94,589,,,False,True,,1.73854,1.73854,0:00.30,,,,False,False,,,,,True
61638b6a,c306d37a,2019-07-17 03:24:15,MemCopySRAM2D_2,test,Tst,1000000000.0,../gen/Tst_test/MemCopySRAM2D_2/log/runproute.log,../gen/Tst_test/MemCopySRAM2D_2/log/runproute.sh,../gen/Tst_test/MemCopySRAM2D_2/plastisim/summary.csv,../gen/Tst_test/MemCopySRAM2D_2/pir/AccelMain.scala,../gen/Tst_test/MemCopySRAM2D_2/log/,../gen/Tst_test/MemCopySRAM2D_2/log/gentst.log,../gen/Tst_test/MemCopySRAM2D_2/log/maketst.log,../gen/Tst_test/MemCopySRAM2D_2/log/runp2p.log,../gen/Tst_test/MemCopySRAM2D_2/log/runhybrid.log,True,,,10.422219448,,,,,,18,18,,,,,,,,,,,,,,,,,,,,,,,0:28.78,860,,,False,True,,1.1907,1.1907,0:00.32,,,,False,False,,,,,True
61638b6a,c306d37a,2019-07-17 03:24:15,MemReduce1D,test,Tst,1000000000.0,../gen/Tst_test/MemReduce1D/log/runproute.log,../gen/Tst_test/MemReduce1D/log/runproute.sh,../gen/Tst_test/MemReduce1D/plastisim/summary.csv,../gen/Tst_test/MemReduce1D/pir/AccelMain.scala,../gen/Tst_test/MemReduce1D/log/,../gen/Tst_test/MemReduce1D/log/gentst.log,../gen/Tst_test/MemReduce1D/log/maketst.log,../gen/Tst_test/MemReduce1D/log/runp2p.log,../gen/Tst_test/MemReduce1D/log/runhybrid.log,True,,,13.435533411,,,,,,18,18,,,,,,,,,,,,,,,,,,,,,,,0:36.69,1123,"Assertion fail:
",,True,False,,1.82369,0.0,0:00.70,,,,False,False,,,,,False
61638b6a,c306d37a,2019-07-17 03:24:15,MemReduce2D,test,Tst,1000000000.0,../gen/Tst_test/MemReduce2D/log/runproute.log,../gen/Tst_test/MemReduce2D/log/runproute.sh,../gen/Tst_test/MemReduce2D/plastisim/summary.csv,../gen/Tst_test/MemReduce2D/pir/AccelMain.scala,../gen/Tst_test/MemReduce2D/log/,../gen/Tst_test/MemReduce2D/log/gentst.log,../gen/Tst_test/MemReduce2D/log/maketst.log,../gen/Tst_test/MemReduce2D/log/runp2p.log,../gen/Tst_test/MemReduce2D/log/runhybrid.log,True,,,14.217052671,,,,,,18,18,,,,,,,,,,,,,,,,,,,,,,,0:39.34,1585,"Assertion fail:
",,True,False,,4.07823,0.0,0:00.66,,,,False,False,,,,,False
61638b6a,c306d37a,2019-07-17 03:24:15,MemReduceFIFO,test,Tst,1000000000.0,../gen/Tst_test/MemReduceFIFO/log/runproute.log,../gen/Tst_test/MemReduceFIFO/log/runproute.sh,../gen/Tst_test/MemReduceFIFO/plastisim/summary.csv,../gen/Tst_test/MemReduceFIFO/pir/AccelMain.scala,../gen/Tst_test/MemReduceFIFO/log/,../gen/Tst_test/MemReduceFIFO/log/gentst.log,../gen/Tst_test/MemReduceFIFO/log/maketst.log,../gen/Tst_test/MemReduceFIFO/log/runp2p.log,../gen/Tst_test/MemReduceFIFO/log/runhybrid.log,True,,"[[31merror[0m] 54-TungstenPIRGen throw [pir] BufferRead218.inits is empty
",9.567590538,,,,,,18,18,,,,,,,,,,,,,,,,,,,,,,,,,,,False,False,,,,,,,,False,False,,,,,False
61638b6a,c306d37a,2019-07-17 03:24:15,MemReduceSimple,test,Tst,1000000000.0,../gen/Tst_test/MemReduceSimple/log/runproute.log,../gen/Tst_test/MemReduceSimple/log/runproute.sh,../gen/Tst_test/MemReduceSimple/plastisim/summary.csv,../gen/Tst_test/MemReduceSimple/pir/AccelMain.scala,../gen/Tst_test/MemReduceSimple/log/,../gen/Tst_test/MemReduceSimple/log/gentst.log,../gen/Tst_test/MemReduceSimple/log/maketst.log,../gen/Tst_test/MemReduceSimple/log/runp2p.log,../gen/Tst_test/MemReduceSimple/log/runhybrid.log,True,,,10.957670798,,,,,,18,18,,,,,,,,,,,,,,,,,,,,,,,0:29.31,220,,True,False,True,,0.0,0.581818,0:00.28,,,,False,False,,,,,True
61638b6a,c306d37a,2019-07-17 03:24:15,MemReduceTiny,test,Tst,1000000000.0,../gen/Tst_test/MemReduceTiny/log/runproute.log,../gen/Tst_test/MemReduceTiny/log/runproute.sh,../gen/Tst_test/MemReduceTiny/plastisim/summary.csv,../gen/Tst_test/MemReduceTiny/pir/AccelMain.scala,../gen/Tst_test/MemReduceTiny/log/,../gen/Tst_test/MemReduceTiny/log/gentst.log,../gen/Tst_test/MemReduceTiny/log/maketst.log,../gen/Tst_test/MemReduceTiny/log/runp2p.log,../gen/Tst_test/MemReduceTiny/log/runhybrid.log,True,,,9.909648323,,,,,,18,18,,,,,,,,,,,,,,,,,,,,,,,0:27.27,35522,,True,False,True,,0.0,0.115309,0:01.83,,,,False,False,,,,,True
61638b6a,c306d37a,2019-07-17 03:24:15,MemReduceToUnitPipe,test,Tst,1000000000.0,../gen/Tst_test/MemReduceToUnitPipe/log/runproute.log,../gen/Tst_test/MemReduceToUnitPipe/log/runproute.sh,../gen/Tst_test/MemReduceToUnitPipe/plastisim/summary.csv,../gen/Tst_test/MemReduceToUnitPipe/pir/AccelMain.scala,../gen/Tst_test/MemReduceToUnitPipe/log/,../gen/Tst_test/MemReduceToUnitPipe/log/gentst.log,../gen/Tst_test/MemReduceToUnitPipe/log/maketst.log,../gen/Tst_test/MemReduceToUnitPipe/log/runp2p.log,../gen/Tst_test/MemReduceToUnitPipe/log/runhybrid.log,True,,,21.253306096,,,,,,18,18,,,,,,,,,,,,,,,,,,,,,,,0:48.66,874,,,False,True,,0.585812,2.34325,0:00.43,,,,False,False,,,,,True
61638b6a,c306d37a,2019-07-17 03:24:15,MergeSort,test,Tst,1000000000.0,../gen/Tst_test/MergeSort/log/runproute.log,../gen/Tst_test/MergeSort/log/runproute.sh,../gen/Tst_test/MergeSort/plastisim/summary.csv,../gen/Tst_test/MergeSort/pir/AccelMain.scala,../gen/Tst_test/MergeSort/log/,../gen/Tst_test/MergeSort/log/gentst.log,../gen/Tst_test/MergeSort/log/maketst.log,../gen/Tst_test/MergeSort/log/runp2p.log,../gen/Tst_test/MergeSort/log/runhybrid.log,True,,"[0m[[0m[31merror[0m] [0m[0m/local/ssd/home/yaqiz/spatial/gen/Tst_test/MergeSort/pir/AccelMain.scala:244:31: not found: value x1381[0m
",,,,,,,,,,,,,,,,,,,,,,,,,,,,,,,,,,,False,False,,,,,,,,False,False,,,,,False
61638b6a,c306d37a,2019-07-17 03:24:15,MetaprogrammedConflict,test,Tst,1000000000.0,../gen/Tst_test/MetaprogrammedConflict/log/runproute.log,../gen/Tst_test/MetaprogrammedConflict/log/runproute.sh,../gen/Tst_test/MetaprogrammedConflict/plastisim/summary.csv,../gen/Tst_test/MetaprogrammedConflict/pir/AccelMain.scala,../gen/Tst_test/MetaprogrammedConflict/log/,../gen/Tst_test/MetaprogrammedConflict/log/gentst.log,../gen/Tst_test/MetaprogrammedConflict/log/maketst.log,../gen/Tst_test/MetaprogrammedConflict/log/runp2p.log,../gen/Tst_test/MetaprogrammedConflict/log/runhybrid.log,True,,"[[31merror[0m] Constrain failed on MemoryContainer448
",10.740809092,,,,,,18,18,,,,,,,,,,,,,,,,,,,,,,,,,,,False,False,,,,,,,,False,False,,,,,False
61638b6a,c306d37a,2019-07-17 03:24:15,MismatchedDiagonalBanking,test,Tst,1000000000.0,../gen/Tst_test/MismatchedDiagonalBanking/log/runproute.log,../gen/Tst_test/MismatchedDiagonalBanking/log/runproute.sh,../gen/Tst_test/MismatchedDiagonalBanking/plastisim/summary.csv,../gen/Tst_test/MismatchedDiagonalBanking/pir/AccelMain.scala,../gen/Tst_test/MismatchedDiagonalBanking/log/,../gen/Tst_test/MismatchedDiagonalBanking/log/gentst.log,../gen/Tst_test/MismatchedDiagonalBanking/log/maketst.log,../gen/Tst_test/MismatchedDiagonalBanking/log/runp2p.log,../gen/Tst_test/MismatchedDiagonalBanking/log/runhybrid.log,True,,,11.091070971,,,,,,18,18,,,,,,,,,,,,,,,,,,,,,,,0:33.38,2644,,,False,True,,3.09834,3.09834,0:00.44,,,,False,False,,,,,True
61638b6a,c306d37a,2019-07-17 03:24:15,MixedIO,test,Tst,1000000000.0,../gen/Tst_test/MixedIO/log/runproute.log,../gen/Tst_test/MixedIO/log/runproute.sh,../gen/Tst_test/MixedIO/plastisim/summary.csv,../gen/Tst_test/MixedIO/pir/AccelMain.scala,../gen/Tst_test/MixedIO/log/,../gen/Tst_test/MixedIO/log/gentst.log,../gen/Tst_test/MixedIO/log/maketst.log,../gen/Tst_test/MixedIO/log/runp2p.log,../gen/Tst_test/MixedIO/log/runhybrid.log,True,,"[0m[[0m[31merror[0m] [0m[0m/local/ssd/home/yaqiz/spatial/gen/Tst_test/MixedIO/pir/AccelMain.scala:28:46: not found: value x204[0m
",,,,,,,,,,,,,,,,,,,,,,,,,,,,,,,,,,,False,False,,,,,,,,False,False,,,,,False
61638b6a,c306d37a,2019-07-17 03:24:15,ModuloIndexing,test,Tst,1000000000.0,../gen/Tst_test/ModuloIndexing/log/runproute.log,../gen/Tst_test/ModuloIndexing/log/runproute.sh,../gen/Tst_test/ModuloIndexing/plastisim/summary.csv,../gen/Tst_test/ModuloIndexing/pir/AccelMain.scala,../gen/Tst_test/ModuloIndexing/log/,../gen/Tst_test/ModuloIndexing/log/gentst.log,../gen/Tst_test/ModuloIndexing/log/maketst.log,../gen/Tst_test/ModuloIndexing/log/runp2p.log,../gen/Tst_test/ModuloIndexing/log/runhybrid.log,False,[error] //TODO: Plasticine does not support unbanked unrolled access at the moment. ,,,,,,,,,,,,,,,,,,,,,,,,,,,,,,,,,,,,False,False,,,,,,,,False,False,,,,,False
61638b6a,c306d37a,2019-07-17 03:24:15,MultiArgOut,test,Tst,1000000000.0,../gen/Tst_test/MultiArgOut/log/runproute.log,../gen/Tst_test/MultiArgOut/log/runproute.sh,../gen/Tst_test/MultiArgOut/plastisim/summary.csv,../gen/Tst_test/MultiArgOut/pir/AccelMain.scala,../gen/Tst_test/MultiArgOut/log/,../gen/Tst_test/MultiArgOut/log/gentst.log,../gen/Tst_test/MultiArgOut/log/maketst.log,../gen/Tst_test/MultiArgOut/log/runp2p.log,../gen/Tst_test/MultiArgOut/log/runhybrid.log,True,,,5.159327454,,,,,,18,18,,,,,,,,,,,,,,,,,,,,,,,0:22.13,2,,True,False,True,,0.0,0.0,0:00.35,,,,False,False,,,,,True
61638b6a,c306d37a,2019-07-17 03:24:15,MultiTriplet,test,Tst,1000000000.0,../gen/Tst_test/MultiTriplet/log/runproute.log,../gen/Tst_test/MultiTriplet/log/runproute.sh,../gen/Tst_test/MultiTriplet/plastisim/summary.csv,../gen/Tst_test/MultiTriplet/pir/AccelMain.scala,../gen/Tst_test/MultiTriplet/log/,../gen/Tst_test/MultiTriplet/log/gentst.log,../gen/Tst_test/MultiTriplet/log/maketst.log,../gen/Tst_test/MultiTriplet/log/runp2p.log,../gen/Tst_test/MultiTriplet/log/runhybrid.log,True,,,7.728513827,,,,,,18,18,,,,,,,,,,,,,,,,,,,,,,"src/Context73.h:58:23: error: â€˜MemRead25â€™ was not declared in this scope
",0:06.25,,,,False,False,,,,,,,,False,False,,,,,False
61638b6a,c306d37a,2019-07-17 03:24:15,MultiWriteBuffer,test,Tst,1000000000.0,../gen/Tst_test/MultiWriteBuffer/log/runproute.log,../gen/Tst_test/MultiWriteBuffer/log/runproute.sh,../gen/Tst_test/MultiWriteBuffer/plastisim/summary.csv,../gen/Tst_test/MultiWriteBuffer/pir/AccelMain.scala,../gen/Tst_test/MultiWriteBuffer/log/,../gen/Tst_test/MultiWriteBuffer/log/gentst.log,../gen/Tst_test/MultiWriteBuffer/log/maketst.log,../gen/Tst_test/MultiWriteBuffer/log/runp2p.log,../gen/Tst_test/MultiWriteBuffer/log/runhybrid.log,True,,,11.370003138,,,,,,18,18,,,,,,,,,,,,,,,,,,,,,,,0:31.60,4985,,True,False,True,,0.0,0.205416,0:00.53,,,,False,False,,,,,True
61638b6a,c306d37a,2019-07-17 03:24:15,MultilevelPar,test,Tst,1000000000.0,../gen/Tst_test/MultilevelPar/log/runproute.log,../gen/Tst_test/MultilevelPar/log/runproute.sh,../gen/Tst_test/MultilevelPar/plastisim/summary.csv,../gen/Tst_test/MultilevelPar/pir/AccelMain.scala,../gen/Tst_test/MultilevelPar/log/,../gen/Tst_test/MultilevelPar/log/gentst.log,../gen/Tst_test/MultilevelPar/log/maketst.log,../gen/Tst_test/MultilevelPar/log/runp2p.log,../gen/Tst_test/MultilevelPar/log/runhybrid.log,True,,,15.602833579,,,,,,18,18,,,,,,,,,,,,,,,,,,,,,,,0:36.05,1195,,,False,True,,0.0,1.71381,0:00.35,,,,False,False,,,,,True
61638b6a,c306d37a,2019-07-17 03:24:15,MultiplexedSRAMAccum,test,Tst,1000000000.0,../gen/Tst_test/MultiplexedSRAMAccum/log/runproute.log,../gen/Tst_test/MultiplexedSRAMAccum/log/runproute.sh,../gen/Tst_test/MultiplexedSRAMAccum/plastisim/summary.csv,../gen/Tst_test/MultiplexedSRAMAccum/pir/AccelMain.scala,../gen/Tst_test/MultiplexedSRAMAccum/log/,../gen/Tst_test/MultiplexedSRAMAccum/log/gentst.log,../gen/Tst_test/MultiplexedSRAMAccum/log/maketst.log,../gen/Tst_test/MultiplexedSRAMAccum/log/runp2p.log,../gen/Tst_test/MultiplexedSRAMAccum/log/runhybrid.log,True,,,11.130372918,,,,,,18,18,,,,,,,,,,,,,,,,,,,,,,,0:33.56,3137,,,False,True,,0.0408033,0.0408033,0:00.51,,,,False,False,,,,,True
61638b6a,c306d37a,2019-07-17 03:24:15,MultiplexedWrites,test,Tst,1000000000.0,../gen/Tst_test/MultiplexedWrites/log/runproute.log,../gen/Tst_test/MultiplexedWrites/log/runproute.sh,../gen/Tst_test/MultiplexedWrites/plastisim/summary.csv,../gen/Tst_test/MultiplexedWrites/pir/AccelMain.scala,../gen/Tst_test/MultiplexedWrites/log/,../gen/Tst_test/MultiplexedWrites/log/gentst.log,../gen/Tst_test/MultiplexedWrites/log/maketst.log,../gen/Tst_test/MultiplexedWrites/log/runp2p.log,../gen/Tst_test/MultiplexedWrites/log/runhybrid.log,True,,,13.253825323,,,,,,18,18,,,,,,,,,,,,,,,,,,,,,,,0:32.96,7102,,,False,True,,0.216277,0.540693,0:00.95,,,,False,False,,,,,True
61638b6a,c306d37a,2019-07-17 03:24:15,MuxTest,test,Tst,1000000000.0,../gen/Tst_test/MuxTest/log/runproute.log,../gen/Tst_test/MuxTest/log/runproute.sh,../gen/Tst_test/MuxTest/plastisim/summary.csv,../gen/Tst_test/MuxTest/pir/AccelMain.scala,../gen/Tst_test/MuxTest/log/,../gen/Tst_test/MuxTest/log/gentst.log,../gen/Tst_test/MuxTest/log/maketst.log,../gen/Tst_test/MuxTest/log/runp2p.log,../gen/Tst_test/MuxTest/log/runhybrid.log,True,,"[0m[[0m[31merror[0m] [0m[0m/local/ssd/home/yaqiz/spatial/gen/Tst_test/MuxTest/pir/AccelMain.scala:44:38: not found: value OneHotMux5[0m
",,,,,,,,,,,,,,,,,,,,,,,,,,,,,,,,,,,False,False,,,,,,,,False,False,,,,,False
61638b6a,c306d37a,2019-07-17 03:24:15,NIter,test,Tst,1000000000.0,../gen/Tst_test/NIter/log/runproute.log,../gen/Tst_test/NIter/log/runproute.sh,../gen/Tst_test/NIter/plastisim/summary.csv,../gen/Tst_test/NIter/pir/AccelMain.scala,../gen/Tst_test/NIter/log/,../gen/Tst_test/NIter/log/gentst.log,../gen/Tst_test/NIter/log/maketst.log,../gen/Tst_test/NIter/log/runp2p.log,../gen/Tst_test/NIter/log/runhybrid.log,True,,,5.411237021,,,,,,18,18,,,,,,,,,,,,,,,,,,,,,,,0:22.03,204,,True,False,True,,0.0,0.0,0:00.31,,,,False,False,,,,,True
61638b6a,c306d37a,2019-07-17 03:24:15,NIter2,test,Tst,1000000000.0,../gen/Tst_test/NIter2/log/runproute.log,../gen/Tst_test/NIter2/log/runproute.sh,../gen/Tst_test/NIter2/plastisim/summary.csv,../gen/Tst_test/NIter2/pir/AccelMain.scala,../gen/Tst_test/NIter2/log/,../gen/Tst_test/NIter2/log/gentst.log,../gen/Tst_test/NIter2/log/maketst.log,../gen/Tst_test/NIter2/log/runp2p.log,../gen/Tst_test/NIter2/log/runhybrid.log,True,,,6.305141584,,,,,,18,18,,,,,,,,,,,,,,,,,,,,,,,0:23.54,121,,,False,True,,0.0,0.0,0:00.33,,,,False,False,,,,,True
61638b6a,c306d37a,2019-07-17 03:24:15,NW_alg,test,Tst,1000000000.0,../gen/Tst_test/NW_alg/log/runproute.log,../gen/Tst_test/NW_alg/log/runproute.sh,../gen/Tst_test/NW_alg/plastisim/summary.csv,../gen/Tst_test/NW_alg/pir/AccelMain.scala,../gen/Tst_test/NW_alg/log/,../gen/Tst_test/NW_alg/log/gentst.log,../gen/Tst_test/NW_alg/log/maketst.log,../gen/Tst_test/NW_alg/log/runp2p.log,../gen/Tst_test/NW_alg/log/runhybrid.log,True,,"[0m[[0m[31merror[0m] [0m[0m/local/ssd/home/yaqiz/spatial/gen/Tst_test/NW_alg/pir/AccelMain.scala:304:58: not found: value x713_score[0m
",,,,,,,,,,,,,,,,,,,,,,,,,,,,,,,,,,,False,False,,,,,,,,False,False,,,,,False
61638b6a,c306d37a,2019-07-17 03:24:15,NestedAlias,test,Tst,1000000000.0,../gen/Tst_test/NestedAlias/log/runproute.log,../gen/Tst_test/NestedAlias/log/runproute.sh,../gen/Tst_test/NestedAlias/plastisim/summary.csv,../gen/Tst_test/NestedAlias/pir/AccelMain.scala,../gen/Tst_test/NestedAlias/log/,../gen/Tst_test/NestedAlias/log/gentst.log,../gen/Tst_test/NestedAlias/log/maketst.log,../gen/Tst_test/NestedAlias/log/runp2p.log,../gen/Tst_test/NestedAlias/log/runhybrid.log,True,,,5.840864182,,,,,,18,18,,,,,,,,,,,,,,,,,,,,,,,0:25.29,1,,,False,True,,0.0,0.0,0:00.24,,,,False,False,,,,,True
61638b6a,c306d37a,2019-07-17 03:24:15,NestedIfs,test,Tst,1000000000.0,../gen/Tst_test/NestedIfs/log/runproute.log,../gen/Tst_test/NestedIfs/log/runproute.sh,../gen/Tst_test/NestedIfs/plastisim/summary.csv,../gen/Tst_test/NestedIfs/pir/AccelMain.scala,../gen/Tst_test/NestedIfs/log/,../gen/Tst_test/NestedIfs/log/gentst.log,../gen/Tst_test/NestedIfs/log/maketst.log,../gen/Tst_test/NestedIfs/log/runp2p.log,../gen/Tst_test/NestedIfs/log/runhybrid.log,True,,,7.441253171,,,,,,18,18,,,,,,,,,,,,,,,,,,,,,,,0:26.83,31,,,False,True,,0.0,0.0,0:00.25,,,,False,False,,,,,True
61638b6a,c306d37a,2019-07-17 03:24:15,NoMerge1D,test,Tst,1000000000.0,../gen/Tst_test/NoMerge1D/log/runproute.log,../gen/Tst_test/NoMerge1D/log/runproute.sh,../gen/Tst_test/NoMerge1D/plastisim/summary.csv,../gen/Tst_test/NoMerge1D/pir/AccelMain.scala,../gen/Tst_test/NoMerge1D/log/,../gen/Tst_test/NoMerge1D/log/gentst.log,../gen/Tst_test/NoMerge1D/log/maketst.log,../gen/Tst_test/NoMerge1D/log/runp2p.log,../gen/Tst_test/NoMerge1D/log/runhybrid.log,True,,"[[31merror[0m] 15-MemoryLowering throw java.lang.AssertionError: assertion failed: Not exactly one element in Set(MemWrite71, MemWrite85) for Reg11.access group
",3.338244754,,,,,,18,18,,,,,,,,,,,,,,,,,,,,,,,,,,,False,False,,,,,,,,False,False,,,,,False
61638b6a,c306d37a,2019-07-17 03:24:15,OOBTest,test,Tst,1000000000.0,../gen/Tst_test/OOBTest/log/runproute.log,../gen/Tst_test/OOBTest/log/runproute.sh,../gen/Tst_test/OOBTest/plastisim/summary.csv,../gen/Tst_test/OOBTest/pir/AccelMain.scala,../gen/Tst_test/OOBTest/log/,../gen/Tst_test/OOBTest/log/gentst.log,../gen/Tst_test/OOBTest/log/maketst.log,../gen/Tst_test/OOBTest/log/runp2p.log,../gen/Tst_test/OOBTest/log/runhybrid.log,True,,,8.89124681,,,,,,18,18,,,,,,,,,,,,,,,,,,,,,,,0:26.39,,"Assertion fail:
",,False,False,,0.761905,0.0,0:00.53,,,,False,False,,,,,False
61638b6a,c306d37a,2019-07-17 03:24:15,OpticalFlow,test,Tst,1000000000.0,../gen/Tst_test/OpticalFlow/log/runproute.log,../gen/Tst_test/OpticalFlow/log/runproute.sh,../gen/Tst_test/OpticalFlow/plastisim/summary.csv,../gen/Tst_test/OpticalFlow/pir/AccelMain.scala,../gen/Tst_test/OpticalFlow/log/,../gen/Tst_test/OpticalFlow/log/gentst.log,../gen/Tst_test/OpticalFlow/log/maketst.log,../gen/Tst_test/OpticalFlow/log/runp2p.log,../gen/Tst_test/OpticalFlow/log/runhybrid.log,True,,,,,,,,,,,,,,,,,,,,,,,,,,,,,,,,,,,,,False,False,,,,,,,,False,False,,,,,False
61638b6a,c306d37a,2019-07-17 03:24:15,OuterForeachUnrolling,test,Tst,1000000000.0,../gen/Tst_test/OuterForeachUnrolling/log/runproute.log,../gen/Tst_test/OuterForeachUnrolling/log/runproute.sh,../gen/Tst_test/OuterForeachUnrolling/plastisim/summary.csv,../gen/Tst_test/OuterForeachUnrolling/pir/AccelMain.scala,../gen/Tst_test/OuterForeachUnrolling/log/,../gen/Tst_test/OuterForeachUnrolling/log/gentst.log,../gen/Tst_test/OuterForeachUnrolling/log/maketst.log,../gen/Tst_test/OuterForeachUnrolling/log/runp2p.log,../gen/Tst_test/OuterForeachUnrolling/log/runhybrid.log,True,,,9.125278732,,,,,,18,18,,,,,,,,,,,,,,,,,,,,,,,0:29.77,74,,True,False,True,,0.0,1.72973,0:00.25,,,,False,False,,,,,True
61638b6a,c306d37a,2019-07-17 03:24:15,OuterForeachUnrolling2,test,Tst,1000000000.0,../gen/Tst_test/OuterForeachUnrolling2/log/runproute.log,../gen/Tst_test/OuterForeachUnrolling2/log/runproute.sh,../gen/Tst_test/OuterForeachUnrolling2/plastisim/summary.csv,../gen/Tst_test/OuterForeachUnrolling2/pir/AccelMain.scala,../gen/Tst_test/OuterForeachUnrolling2/log/,../gen/Tst_test/OuterForeachUnrolling2/log/gentst.log,../gen/Tst_test/OuterForeachUnrolling2/log/maketst.log,../gen/Tst_test/OuterForeachUnrolling2/log/runp2p.log,../gen/Tst_test/OuterForeachUnrolling2/log/runhybrid.log,True,,,21.051956235,,,,,,18,18,,,,,,,,,,,,,,,,,,,,,,,0:48.38,594,,True,False,True,,3.6633,3.6633,0:00.39,,,,False,False,,,,,True
61638b6a,c306d37a,2019-07-17 03:24:15,OuterForeachUnrolling2POM,test,Tst,1000000000.0,../gen/Tst_test/OuterForeachUnrolling2POM/log/runproute.log,../gen/Tst_test/OuterForeachUnrolling2POM/log/runproute.sh,../gen/Tst_test/OuterForeachUnrolling2POM/plastisim/summary.csv,../gen/Tst_test/OuterForeachUnrolling2POM/pir/AccelMain.scala,../gen/Tst_test/OuterForeachUnrolling2POM/log/,../gen/Tst_test/OuterForeachUnrolling2POM/log/gentst.log,../gen/Tst_test/OuterForeachUnrolling2POM/log/maketst.log,../gen/Tst_test/OuterForeachUnrolling2POM/log/runp2p.log,../gen/Tst_test/OuterForeachUnrolling2POM/log/runhybrid.log,True,,,22.850334962,,,,,,18,18,,,,,,,,,,,,,,,,,,,,,,,0:47.73,594,,True,False,True,,3.6633,3.6633,0:00.40,,,,False,False,,,,,True
61638b6a,c306d37a,2019-07-17 03:24:15,OuterForeachUnrollingFlagged,test,Tst,1000000000.0,../gen/Tst_test/OuterForeachUnrollingFlagged/log/runproute.log,../gen/Tst_test/OuterForeachUnrollingFlagged/log/runproute.sh,../gen/Tst_test/OuterForeachUnrollingFlagged/plastisim/summary.csv,../gen/Tst_test/OuterForeachUnrollingFlagged/pir/AccelMain.scala,../gen/Tst_test/OuterForeachUnrollingFlagged/log/,../gen/Tst_test/OuterForeachUnrollingFlagged/log/gentst.log,../gen/Tst_test/OuterForeachUnrollingFlagged/log/maketst.log,../gen/Tst_test/OuterForeachUnrollingFlagged/log/runp2p.log,../gen/Tst_test/OuterForeachUnrollingFlagged/log/runhybrid.log,True,,,12.234483964,,,,,,18,18,,,,,,,,,,,,,,,,,,,,,,,0:35.24,74,,True,False,True,,0.0,3.45946,0:00.33,,,,False,False,,,,,True
61638b6a,c306d37a,2019-07-17 03:24:15,OuterForeachUnrollingFlaggedPOM,test,Tst,1000000000.0,../gen/Tst_test/OuterForeachUnrollingFlaggedPOM/log/runproute.log,../gen/Tst_test/OuterForeachUnrollingFlaggedPOM/log/runproute.sh,../gen/Tst_test/OuterForeachUnrollingFlaggedPOM/plastisim/summary.csv,../gen/Tst_test/OuterForeachUnrollingFlaggedPOM/pir/AccelMain.scala,../gen/Tst_test/OuterForeachUnrollingFlaggedPOM/log/,../gen/Tst_test/OuterForeachUnrollingFlaggedPOM/log/gentst.log,../gen/Tst_test/OuterForeachUnrollingFlaggedPOM/log/maketst.log,../gen/Tst_test/OuterForeachUnrollingFlaggedPOM/log/runp2p.log,../gen/Tst_test/OuterForeachUnrollingFlaggedPOM/log/runhybrid.log,True,,,12.669379854,,,,,,18,18,,,,,,,,,,,,,,,,,,,,,,,0:33.17,74,,True,False,True,,0.0,3.45946,0:00.26,,,,False,False,,,,,True
61638b6a,c306d37a,2019-07-17 03:24:15,OuterForeachUnrollingPOM,test,Tst,1000000000.0,../gen/Tst_test/OuterForeachUnrollingPOM/log/runproute.log,../gen/Tst_test/OuterForeachUnrollingPOM/log/runproute.sh,../gen/Tst_test/OuterForeachUnrollingPOM/plastisim/summary.csv,../gen/Tst_test/OuterForeachUnrollingPOM/pir/AccelMain.scala,../gen/Tst_test/OuterForeachUnrollingPOM/log/,../gen/Tst_test/OuterForeachUnrollingPOM/log/gentst.log,../gen/Tst_test/OuterForeachUnrollingPOM/log/maketst.log,../gen/Tst_test/OuterForeachUnrollingPOM/log/runp2p.log,../gen/Tst_test/OuterForeachUnrollingPOM/log/runhybrid.log,True,,,8.659604214,,,,,,18,18,,,,,,,,,,,,,,,,,,,,,,,0:28.39,74,,True,False,True,,0.0,1.72973,0:00.24,,,,False,False,,,,,True
61638b6a,c306d37a,2019-07-17 03:24:15,OuterProduct,test,Tst,1000000000.0,../gen/Tst_test/OuterProduct/log/runproute.log,../gen/Tst_test/OuterProduct/log/runproute.sh,../gen/Tst_test/OuterProduct/plastisim/summary.csv,../gen/Tst_test/OuterProduct/pir/AccelMain.scala,../gen/Tst_test/OuterProduct/log/,../gen/Tst_test/OuterProduct/log/gentst.log,../gen/Tst_test/OuterProduct/log/maketst.log,../gen/Tst_test/OuterProduct/log/runp2p.log,../gen/Tst_test/OuterProduct/log/runhybrid.log,True,,,11.204870297,,,,,,18,18,,,,,,,,,,,,,,,,,,,,,,,0:33.97,72324,,True,False,True,,4.87761,22.6536,0:08.33,,,,False,False,,,,,True
61638b6a,c306d37a,2019-07-17 03:24:15,OuterReduceUnrolling,test,Tst,1000000000.0,../gen/Tst_test/OuterReduceUnrolling/log/runproute.log,../gen/Tst_test/OuterReduceUnrolling/log/runproute.sh,../gen/Tst_test/OuterReduceUnrolling/plastisim/summary.csv,../gen/Tst_test/OuterReduceUnrolling/pir/AccelMain.scala,../gen/Tst_test/OuterReduceUnrolling/log/,../gen/Tst_test/OuterReduceUnrolling/log/gentst.log,../gen/Tst_test/OuterReduceUnrolling/log/maketst.log,../gen/Tst_test/OuterReduceUnrolling/log/runp2p.log,../gen/Tst_test/OuterReduceUnrolling/log/runhybrid.log,True,,,7.764819195,,,,,,18,18,,,,,,,,,,,,,,,,,,,,,,,0:26.09,44,,True,False,True,,0.0,0.0,0:00.34,,,,False,False,,,,,True
61638b6a,c306d37a,2019-07-17 03:24:15,OuterReduceUnrolling2,test,Tst,1000000000.0,../gen/Tst_test/OuterReduceUnrolling2/log/runproute.log,../gen/Tst_test/OuterReduceUnrolling2/log/runproute.sh,../gen/Tst_test/OuterReduceUnrolling2/plastisim/summary.csv,../gen/Tst_test/OuterReduceUnrolling2/pir/AccelMain.scala,../gen/Tst_test/OuterReduceUnrolling2/log/,../gen/Tst_test/OuterReduceUnrolling2/log/gentst.log,../gen/Tst_test/OuterReduceUnrolling2/log/maketst.log,../gen/Tst_test/OuterReduceUnrolling2/log/runp2p.log,../gen/Tst_test/OuterReduceUnrolling2/log/runhybrid.log,True,,,8.980593801,,,,,,18,18,,,,,,,,,,,,,,,,,,,,,,,0:24.18,50,,True,False,True,,0.0,0.0,0:00.28,,,,False,False,,,,,True
61638b6a,c306d37a,2019-07-17 03:24:15,OuterSwitch,test,Tst,1000000000.0,../gen/Tst_test/OuterSwitch/log/runproute.log,../gen/Tst_test/OuterSwitch/log/runproute.sh,../gen/Tst_test/OuterSwitch/plastisim/summary.csv,../gen/Tst_test/OuterSwitch/pir/AccelMain.scala,../gen/Tst_test/OuterSwitch/log/,../gen/Tst_test/OuterSwitch/log/gentst.log,../gen/Tst_test/OuterSwitch/log/maketst.log,../gen/Tst_test/OuterSwitch/log/runp2p.log,../gen/Tst_test/OuterSwitch/log/runhybrid.log,True,,,8.610095505,,,,,,18,18,,,,,,,,,,,,,,,,,,,,,,,0:28.18,121,,,False,True,,0.0,1.05785,0:00.27,,,,False,False,,,,,True
61638b6a,c306d37a,2019-07-17 03:24:15,PageBoundaryStraddle,test,Tst,1000000000.0,../gen/Tst_test/PageBoundaryStraddle/log/runproute.log,../gen/Tst_test/PageBoundaryStraddle/log/runproute.sh,../gen/Tst_test/PageBoundaryStraddle/plastisim/summary.csv,../gen/Tst_test/PageBoundaryStraddle/pir/AccelMain.scala,../gen/Tst_test/PageBoundaryStraddle/log/,../gen/Tst_test/PageBoundaryStraddle/log/gentst.log,../gen/Tst_test/PageBoundaryStraddle/log/maketst.log,../gen/Tst_test/PageBoundaryStraddle/log/runp2p.log,../gen/Tst_test/PageBoundaryStraddle/log/runhybrid.log,True,,,12.845936309,,,,,,18,18,,,,,,,,,,,,,,,,,,,,,,,0:36.27,949,,True,False,True,,3.64173,7.28346,0:00.39,,,,False,False,,,,,True
61638b6a,c306d37a,2019-07-17 03:24:15,PageRank,test,Tst,1000000000.0,../gen/Tst_test/PageRank/log/runproute.log,../gen/Tst_test/PageRank/log/runproute.sh,../gen/Tst_test/PageRank/plastisim/summary.csv,../gen/Tst_test/PageRank/pir/AccelMain.scala,../gen/Tst_test/PageRank/log/,../gen/Tst_test/PageRank/log/gentst.log,../gen/Tst_test/PageRank/log/maketst.log,../gen/Tst_test/PageRank/log/runp2p.log,../gen/Tst_test/PageRank/log/runhybrid.log,True,,"[0m[[0m[31merror[0m] [0m[0m/local/ssd/home/yaqiz/spatial/gen/Tst_test/PageRank/pir/AccelMain.scala:616:71: not found: value x1275[0m
",,,,,,,,,,,,,,,,,,,,,,,,,,,,,,,,,,,False,False,,,,,,,,False,False,,,,,False
61638b6a,c306d37a,2019-07-17 03:24:15,PageRank_Bulk,test,Tst,1000000000.0,../gen/Tst_test/PageRank_Bulk/log/runproute.log,../gen/Tst_test/PageRank_Bulk/log/runproute.sh,../gen/Tst_test/PageRank_Bulk/plastisim/summary.csv,../gen/Tst_test/PageRank_Bulk/pir/AccelMain.scala,../gen/Tst_test/PageRank_Bulk/log/,../gen/Tst_test/PageRank_Bulk/log/gentst.log,../gen/Tst_test/PageRank_Bulk/log/maketst.log,../gen/Tst_test/PageRank_Bulk/log/runp2p.log,../gen/Tst_test/PageRank_Bulk/log/runhybrid.log,True,,"[0m[[0m[31merror[0m] [0m[0m/local/ssd/home/yaqiz/spatial/gen/Tst_test/PageRank_Bulk/pir/AccelMain.scala:475:71: not found: value x1218[0m
",,,,,,,,,,,,,,,,,,,,,,,,,,,,,,,,,,,False,False,,,,,,,,False,False,,,,,False
61638b6a,c306d37a,2019-07-17 03:24:15,ParFIFOLoad,test,Tst,1000000000.0,../gen/Tst_test/ParFIFOLoad/log/runproute.log,../gen/Tst_test/ParFIFOLoad/log/runproute.sh,../gen/Tst_test/ParFIFOLoad/plastisim/summary.csv,../gen/Tst_test/ParFIFOLoad/pir/AccelMain.scala,../gen/Tst_test/ParFIFOLoad/log/,../gen/Tst_test/ParFIFOLoad/log/gentst.log,../gen/Tst_test/ParFIFOLoad/log/maketst.log,../gen/Tst_test/ParFIFOLoad/log/runp2p.log,../gen/Tst_test/ParFIFOLoad/log/runhybrid.log,True,,,8.077458682,,,,,,18,18,,,,,,,,,,,,,,,,,,,,,,,0:25.41,253,,,False,True,,6.07115,0.0,0:00.28,,,,False,False,,,,,True
61638b6a,c306d37a,2019-07-17 03:24:15,ParFIFOLoad2,test,Tst,1000000000.0,../gen/Tst_test/ParFIFOLoad2/log/runproute.log,../gen/Tst_test/ParFIFOLoad2/log/runproute.sh,../gen/Tst_test/ParFIFOLoad2/plastisim/summary.csv,../gen/Tst_test/ParFIFOLoad2/pir/AccelMain.scala,../gen/Tst_test/ParFIFOLoad2/log/,../gen/Tst_test/ParFIFOLoad2/log/gentst.log,../gen/Tst_test/ParFIFOLoad2/log/maketst.log,../gen/Tst_test/ParFIFOLoad2/log/runp2p.log,../gen/Tst_test/ParFIFOLoad2/log/runhybrid.log,True,,,7.523997511,,,,,,18,18,,,,,,,,,,,,,,,,,,,,,,,0:19.12,445,,,False,True,,10.3551,0.0,0:00.27,,,,False,False,,,,,True
61638b6a,c306d37a,2019-07-17 03:24:15,ParLaneMask,test,Tst,1000000000.0,../gen/Tst_test/ParLaneMask/log/runproute.log,../gen/Tst_test/ParLaneMask/log/runproute.sh,../gen/Tst_test/ParLaneMask/plastisim/summary.csv,../gen/Tst_test/ParLaneMask/pir/AccelMain.scala,../gen/Tst_test/ParLaneMask/log/,../gen/Tst_test/ParLaneMask/log/gentst.log,../gen/Tst_test/ParLaneMask/log/maketst.log,../gen/Tst_test/ParLaneMask/log/runp2p.log,../gen/Tst_test/ParLaneMask/log/runhybrid.log,True,,"[[31merror[0m] 54-TungstenPIRGen throw java.lang.AssertionError: assertion failed: More than one element in List(UnitController8342, UnitController8341) for LoopController8331.childCtrlers
",27.420386182,,,,,,18,18,,,,,,,,,,,,,,,,,,,,,,,,,,,False,False,,,,,,,,False,False,,,,,False
61638b6a,c306d37a,2019-07-17 03:24:15,ParallelLCA,test,Tst,1000000000.0,../gen/Tst_test/ParallelLCA/log/runproute.log,../gen/Tst_test/ParallelLCA/log/runproute.sh,../gen/Tst_test/ParallelLCA/plastisim/summary.csv,../gen/Tst_test/ParallelLCA/pir/AccelMain.scala,../gen/Tst_test/ParallelLCA/log/,../gen/Tst_test/ParallelLCA/log/gentst.log,../gen/Tst_test/ParallelLCA/log/maketst.log,../gen/Tst_test/ParallelLCA/log/runp2p.log,../gen/Tst_test/ParallelLCA/log/runhybrid.log,True,,,16.676510383,,,,,,18,18,,,,,,,,,,,,,,,,,,,,,,,0:36.70,332,,,False,True,,0.192771,0.192771,0:00.35,,,,False,False,,,,,True
61638b6a,c306d37a,2019-07-17 03:24:15,ParallelPipeInsertion,test,Tst,1000000000.0,../gen/Tst_test/ParallelPipeInsertion/log/runproute.log,../gen/Tst_test/ParallelPipeInsertion/log/runproute.sh,../gen/Tst_test/ParallelPipeInsertion/plastisim/summary.csv,../gen/Tst_test/ParallelPipeInsertion/pir/AccelMain.scala,../gen/Tst_test/ParallelPipeInsertion/log/,../gen/Tst_test/ParallelPipeInsertion/log/gentst.log,../gen/Tst_test/ParallelPipeInsertion/log/maketst.log,../gen/Tst_test/ParallelPipeInsertion/log/runp2p.log,../gen/Tst_test/ParallelPipeInsertion/log/runhybrid.log,True,,,,,,,,,,,,,,,,,,,,,,,,,,,,,,,,,,,,,False,False,,,,,,,,False,False,,,,,False
61638b6a,c306d37a,2019-07-17 03:24:15,PartialMemReduce1D,test,Tst,1000000000.0,../gen/Tst_test/PartialMemReduce1D/log/runproute.log,../gen/Tst_test/PartialMemReduce1D/log/runproute.sh,../gen/Tst_test/PartialMemReduce1D/plastisim/summary.csv,../gen/Tst_test/PartialMemReduce1D/pir/AccelMain.scala,../gen/Tst_test/PartialMemReduce1D/log/,../gen/Tst_test/PartialMemReduce1D/log/gentst.log,../gen/Tst_test/PartialMemReduce1D/log/maketst.log,../gen/Tst_test/PartialMemReduce1D/log/runp2p.log,../gen/Tst_test/PartialMemReduce1D/log/runhybrid.log,True,,,12.897345821,,,,,,18,18,,,,,,,,,,,,,,,,,,,,,,,0:37.28,2462,,True,False,True,,3.11942,0.311942,0:00.58,,,,False,False,,,,,True
61638b6a,c306d37a,2019-07-17 03:24:15,PartialMemReduce2D,test,Tst,1000000000.0,../gen/Tst_test/PartialMemReduce2D/log/runproute.log,../gen/Tst_test/PartialMemReduce2D/log/runproute.sh,../gen/Tst_test/PartialMemReduce2D/plastisim/summary.csv,../gen/Tst_test/PartialMemReduce2D/pir/AccelMain.scala,../gen/Tst_test/PartialMemReduce2D/log/,../gen/Tst_test/PartialMemReduce2D/log/gentst.log,../gen/Tst_test/PartialMemReduce2D/log/maketst.log,../gen/Tst_test/PartialMemReduce2D/log/runp2p.log,../gen/Tst_test/PartialMemReduce2D/log/runhybrid.log,True,,,20.866980425,,,,,,18,18,,,,,,,,,,,,,,,,,,,,,,,0:56.84,3434,"Assertion fail:
",,True,False,,1.88235,1.19278,0:01.50,,,,False,False,,,,,False
61638b6a,c306d37a,2019-07-17 03:24:15,PartialTileLoadStore,test,Tst,1000000000.0,../gen/Tst_test/PartialTileLoadStore/log/runproute.log,../gen/Tst_test/PartialTileLoadStore/log/runproute.sh,../gen/Tst_test/PartialTileLoadStore/plastisim/summary.csv,../gen/Tst_test/PartialTileLoadStore/pir/AccelMain.scala,../gen/Tst_test/PartialTileLoadStore/log/,../gen/Tst_test/PartialTileLoadStore/log/gentst.log,../gen/Tst_test/PartialTileLoadStore/log/maketst.log,../gen/Tst_test/PartialTileLoadStore/log/runp2p.log,../gen/Tst_test/PartialTileLoadStore/log/runhybrid.log,True,,,11.775746207,,,,,,18,18,,,,,,,,,,,,,,,,,,,,,,,0:29.71,682,,True,False,True,,1.50147,1.50147,0:00.36,,,,False,False,,,,,True
61638b6a,c306d37a,2019-07-17 03:24:15,PartialXBar,test,Tst,1000000000.0,../gen/Tst_test/PartialXBar/log/runproute.log,../gen/Tst_test/PartialXBar/log/runproute.sh,../gen/Tst_test/PartialXBar/plastisim/summary.csv,../gen/Tst_test/PartialXBar/pir/AccelMain.scala,../gen/Tst_test/PartialXBar/log/,../gen/Tst_test/PartialXBar/log/gentst.log,../gen/Tst_test/PartialXBar/log/maketst.log,../gen/Tst_test/PartialXBar/log/runp2p.log,../gen/Tst_test/PartialXBar/log/runhybrid.log,True,,,6.73044466,,,,,,18,18,,,,,,,,,,,,,,,,,,,,,,,0:24.80,33,,,False,True,,0.0,0.0,0:00.26,,,,False,False,,,,,True
61638b6a,c306d37a,2019-07-17 03:24:15,Perfection,test,Tst,1000000000.0,../gen/Tst_test/Perfection/log/runproute.log,../gen/Tst_test/Perfection/log/runproute.sh,../gen/Tst_test/Perfection/plastisim/summary.csv,../gen/Tst_test/Perfection/pir/AccelMain.scala,../gen/Tst_test/Perfection/log/,../gen/Tst_test/Perfection/log/gentst.log,../gen/Tst_test/Perfection/log/maketst.log,../gen/Tst_test/Perfection/log/runp2p.log,../gen/Tst_test/Perfection/log/runhybrid.log,True,,,8.448636539,,,,,,18,18,,,,,,,,,,,,,,,,,,,,,,,0:25.49,219,,,False,True,,0.0,0.292237,0:00.25,,,,False,False,,,,,True
61638b6a,c306d37a,2019-07-17 03:24:15,PipeMergerTest,test,Tst,1000000000.0,../gen/Tst_test/PipeMergerTest/log/runproute.log,../gen/Tst_test/PipeMergerTest/log/runproute.sh,../gen/Tst_test/PipeMergerTest/plastisim/summary.csv,../gen/Tst_test/PipeMergerTest/pir/AccelMain.scala,../gen/Tst_test/PipeMergerTest/log/,../gen/Tst_test/PipeMergerTest/log/gentst.log,../gen/Tst_test/PipeMergerTest/log/maketst.log,../gen/Tst_test/PipeMergerTest/log/runp2p.log,../gen/Tst_test/PipeMergerTest/log/runhybrid.log,True,,,42.052038654,,,,,,18,18,,,,,,,,,,,,,,,,,,,,,,,2:07.56,920,,,False,True,,1.11304,0.0,0:01.21,,,,False,False,,,,,True
61638b6a,c306d37a,2019-07-17 03:24:15,PropUses,test,Tst,1000000000.0,../gen/Tst_test/PropUses/log/runproute.log,../gen/Tst_test/PropUses/log/runproute.sh,../gen/Tst_test/PropUses/plastisim/summary.csv,../gen/Tst_test/PropUses/pir/AccelMain.scala,../gen/Tst_test/PropUses/log/,../gen/Tst_test/PropUses/log/gentst.log,../gen/Tst_test/PropUses/log/maketst.log,../gen/Tst_test/PropUses/log/runp2p.log,../gen/Tst_test/PropUses/log/runhybrid.log,True,,"[0m[[0m[31merror[0m] [0m[0m/local/ssd/home/yaqiz/spatial/gen/Tst_test/PropUses/pir/AccelMain.scala:61:51: not found: value x161_x[0m
",,,,,,,,,,,,,,,,,,,,,,,,,,,,,,,,,,,False,False,,,,,,,,False,False,,,,,False
61638b6a,c306d37a,2019-07-17 03:24:15,RandomInPlaceUpdate,test,Tst,1000000000.0,../gen/Tst_test/RandomInPlaceUpdate/log/runproute.log,../gen/Tst_test/RandomInPlaceUpdate/log/runproute.sh,../gen/Tst_test/RandomInPlaceUpdate/plastisim/summary.csv,../gen/Tst_test/RandomInPlaceUpdate/pir/AccelMain.scala,../gen/Tst_test/RandomInPlaceUpdate/log/,../gen/Tst_test/RandomInPlaceUpdate/log/gentst.log,../gen/Tst_test/RandomInPlaceUpdate/log/maketst.log,../gen/Tst_test/RandomInPlaceUpdate/log/runp2p.log,../gen/Tst_test/RandomInPlaceUpdate/log/runhybrid.log,True,,,10.796818598,,,,,,18,18,,,,,,,,,,,,,,,,,,,,,,,0:32.80,274,,,False,True,,0.934307,0.467153,0:00.35,,,,False,False,,,,,True
61638b6a,c306d37a,2019-07-17 03:24:15,RandomInPlaceUpdate2,test,Tst,1000000000.0,../gen/Tst_test/RandomInPlaceUpdate2/log/runproute.log,../gen/Tst_test/RandomInPlaceUpdate2/log/runproute.sh,../gen/Tst_test/RandomInPlaceUpdate2/plastisim/summary.csv,../gen/Tst_test/RandomInPlaceUpdate2/pir/AccelMain.scala,../gen/Tst_test/RandomInPlaceUpdate2/log/,../gen/Tst_test/RandomInPlaceUpdate2/log/gentst.log,../gen/Tst_test/RandomInPlaceUpdate2/log/maketst.log,../gen/Tst_test/RandomInPlaceUpdate2/log/runp2p.log,../gen/Tst_test/RandomInPlaceUpdate2/log/runhybrid.log,True,,"[[31merror[0m] Constrain failed on MemoryContainer263
",6.880498321,,,,,,18,18,,,,,,,,,,,,,,,,,,,,,,,,,,,False,False,,,,,,,,False,False,,,,,False
61638b6a,c306d37a,2019-07-17 03:24:15,ReadBroadcast,test,Tst,1000000000.0,../gen/Tst_test/ReadBroadcast/log/runproute.log,../gen/Tst_test/ReadBroadcast/log/runproute.sh,../gen/Tst_test/ReadBroadcast/plastisim/summary.csv,../gen/Tst_test/ReadBroadcast/pir/AccelMain.scala,../gen/Tst_test/ReadBroadcast/log/,../gen/Tst_test/ReadBroadcast/log/gentst.log,../gen/Tst_test/ReadBroadcast/log/maketst.log,../gen/Tst_test/ReadBroadcast/log/runp2p.log,../gen/Tst_test/ReadBroadcast/log/runhybrid.log,True,,,,,,,,,,,,,,,,,,,,,,,,,,,,,,,,,,,,,False,False,,,,,,,,False,False,,,,,False
61638b6a,c306d37a,2019-07-17 03:24:15,ReadCSV1D,test,Tst,1000000000.0,../gen/Tst_test/ReadCSV1D/log/runproute.log,../gen/Tst_test/ReadCSV1D/log/runproute.sh,../gen/Tst_test/ReadCSV1D/plastisim/summary.csv,../gen/Tst_test/ReadCSV1D/pir/AccelMain.scala,../gen/Tst_test/ReadCSV1D/log/,../gen/Tst_test/ReadCSV1D/log/gentst.log,../gen/Tst_test/ReadCSV1D/log/maketst.log,../gen/Tst_test/ReadCSV1D/log/runp2p.log,../gen/Tst_test/ReadCSV1D/log/runhybrid.log,True,,,8.124254749,,,,,,18,18,,,,,,,,,,,,,,,,,,,,,,,0:26.85,156,,,False,True,,1.64103,0.0,0:00.34,,,,False,False,,,,,True
61638b6a,c306d37a,2019-07-17 03:24:15,ReadCSV2D,test,Tst,1000000000.0,../gen/Tst_test/ReadCSV2D/log/runproute.log,../gen/Tst_test/ReadCSV2D/log/runproute.sh,../gen/Tst_test/ReadCSV2D/plastisim/summary.csv,../gen/Tst_test/ReadCSV2D/pir/AccelMain.scala,../gen/Tst_test/ReadCSV2D/log/,../gen/Tst_test/ReadCSV2D/log/gentst.log,../gen/Tst_test/ReadCSV2D/log/maketst.log,../gen/Tst_test/ReadCSV2D/log/runp2p.log,../gen/Tst_test/ReadCSV2D/log/runhybrid.log,True,,,9.906193987,,,,,,18,18,,,,,,,,,,,,,,,,,,,,,,,0:28.08,242,,True,False,True,,2.1157,0.0,0:00.28,,,,False,False,,,,,True
61638b6a,c306d37a,2019-07-17 03:24:15,ReadSSV1D,test,Tst,1000000000.0,../gen/Tst_test/ReadSSV1D/log/runproute.log,../gen/Tst_test/ReadSSV1D/log/runproute.sh,../gen/Tst_test/ReadSSV1D/plastisim/summary.csv,../gen/Tst_test/ReadSSV1D/pir/AccelMain.scala,../gen/Tst_test/ReadSSV1D/log/,../gen/Tst_test/ReadSSV1D/log/gentst.log,../gen/Tst_test/ReadSSV1D/log/maketst.log,../gen/Tst_test/ReadSSV1D/log/runp2p.log,../gen/Tst_test/ReadSSV1D/log/runhybrid.log,True,,,8.08808275,,,,,,18,18,,,,,,,,,,,,,,,,,,,,,,,0:25.72,156,,True,False,True,,1.64103,0.0,0:00.27,,,,False,False,,,,,True
61638b6a,c306d37a,2019-07-17 03:24:15,ReadSSV2D,test,Tst,1000000000.0,../gen/Tst_test/ReadSSV2D/log/runproute.log,../gen/Tst_test/ReadSSV2D/log/runproute.sh,../gen/Tst_test/ReadSSV2D/plastisim/summary.csv,../gen/Tst_test/ReadSSV2D/pir/AccelMain.scala,../gen/Tst_test/ReadSSV2D/log/,../gen/Tst_test/ReadSSV2D/log/gentst.log,../gen/Tst_test/ReadSSV2D/log/maketst.log,../gen/Tst_test/ReadSSV2D/log/runp2p.log,../gen/Tst_test/ReadSSV2D/log/runhybrid.log,True,,,9.292968682,,,,,,18,18,,,,,,,,,,,,,,,,,,,,,,,0:25.16,242,,True,False,True,,2.1157,0.0,0:00.30,,,,False,False,,,,,True
61638b6a,c306d37a,2019-07-17 03:24:15,ReduceAccumTiny,test,Tst,1000000000.0,../gen/Tst_test/ReduceAccumTiny/log/runproute.log,../gen/Tst_test/ReduceAccumTiny/log/runproute.sh,../gen/Tst_test/ReduceAccumTiny/plastisim/summary.csv,../gen/Tst_test/ReduceAccumTiny/pir/AccelMain.scala,../gen/Tst_test/ReduceAccumTiny/log/,../gen/Tst_test/ReduceAccumTiny/log/gentst.log,../gen/Tst_test/ReduceAccumTiny/log/maketst.log,../gen/Tst_test/ReduceAccumTiny/log/runp2p.log,../gen/Tst_test/ReduceAccumTiny/log/runhybrid.log,True,,,6.908707186,,,,,,18,18,,,,,,,,,,,,,,,,,,,,,,,0:21.90,25,,,False,True,,0.0,0.0,0:00.23,,,,False,False,,,,,True
61638b6a,c306d37a,2019-07-17 03:24:15,ReduceArbitraryLambda,test,Tst,1000000000.0,../gen/Tst_test/ReduceArbitraryLambda/log/runproute.log,../gen/Tst_test/ReduceArbitraryLambda/log/runproute.sh,../gen/Tst_test/ReduceArbitraryLambda/plastisim/summary.csv,../gen/Tst_test/ReduceArbitraryLambda/pir/AccelMain.scala,../gen/Tst_test/ReduceArbitraryLambda/log/,../gen/Tst_test/ReduceArbitraryLambda/log/gentst.log,../gen/Tst_test/ReduceArbitraryLambda/log/maketst.log,../gen/Tst_test/ReduceArbitraryLambda/log/runp2p.log,../gen/Tst_test/ReduceArbitraryLambda/log/runhybrid.log,True,,,7.503768283,,,,,,18,18,,,,,,,,,,,,,,,,,,,,,,,0:22.55,71,,,False,True,,0.0,0.0,0:00.26,,,,False,False,,,,,True
61638b6a,c306d37a,2019-07-17 03:24:15,ReduceOptimized,test,Tst,1000000000.0,../gen/Tst_test/ReduceOptimized/log/runproute.log,../gen/Tst_test/ReduceOptimized/log/runproute.sh,../gen/Tst_test/ReduceOptimized/plastisim/summary.csv,../gen/Tst_test/ReduceOptimized/pir/AccelMain.scala,../gen/Tst_test/ReduceOptimized/log/,../gen/Tst_test/ReduceOptimized/log/gentst.log,../gen/Tst_test/ReduceOptimized/log/maketst.log,../gen/Tst_test/ReduceOptimized/log/runp2p.log,../gen/Tst_test/ReduceOptimized/log/runhybrid.log,True,,,7.851430918,,,,,,18,18,,,,,,,,,,,,,,,,,,,,,,,0:24.07,5072,,True,False,True,,0.0,0.0,0:00.33,,,,False,False,,,,,True
61638b6a,c306d37a,2019-07-17 03:24:15,ReduceReverse,test,Tst,1000000000.0,../gen/Tst_test/ReduceReverse/log/runproute.log,../gen/Tst_test/ReduceReverse/log/runproute.sh,../gen/Tst_test/ReduceReverse/plastisim/summary.csv,../gen/Tst_test/ReduceReverse/pir/AccelMain.scala,../gen/Tst_test/ReduceReverse/log/,../gen/Tst_test/ReduceReverse/log/gentst.log,../gen/Tst_test/ReduceReverse/log/maketst.log,../gen/Tst_test/ReduceReverse/log/runp2p.log,../gen/Tst_test/ReduceReverse/log/runhybrid.log,True,,,5.630450532,,,,,,18,18,,,,,,,,,,,,,,,,,,,,,,,0:22.27,28,,,False,True,,0.0,0.0,0:00.21,,,,False,False,,,,,True
61638b6a,c306d37a,2019-07-17 03:24:15,ReduceSimple,test,Tst,1000000000.0,../gen/Tst_test/ReduceSimple/log/runproute.log,../gen/Tst_test/ReduceSimple/log/runproute.sh,../gen/Tst_test/ReduceSimple/plastisim/summary.csv,../gen/Tst_test/ReduceSimple/pir/AccelMain.scala,../gen/Tst_test/ReduceSimple/log/,../gen/Tst_test/ReduceSimple/log/gentst.log,../gen/Tst_test/ReduceSimple/log/maketst.log,../gen/Tst_test/ReduceSimple/log/runp2p.log,../gen/Tst_test/ReduceSimple/log/runhybrid.log,True,,,6.10882775,,,,,,18,18,,,,,,,,,,,,,,,,,,,,,,,0:24.69,108,,True,False,True,,0.0,0.0,0:00.25,,,,False,False,,,,,True
61638b6a,c306d37a,2019-07-17 03:24:15,ReduceSpecialization,test,Tst,1000000000.0,../gen/Tst_test/ReduceSpecialization/log/runproute.log,../gen/Tst_test/ReduceSpecialization/log/runproute.sh,../gen/Tst_test/ReduceSpecialization/plastisim/summary.csv,../gen/Tst_test/ReduceSpecialization/pir/AccelMain.scala,../gen/Tst_test/ReduceSpecialization/log/,../gen/Tst_test/ReduceSpecialization/log/gentst.log,../gen/Tst_test/ReduceSpecialization/log/maketst.log,../gen/Tst_test/ReduceSpecialization/log/runp2p.log,../gen/Tst_test/ReduceSpecialization/log/runhybrid.log,True,,,,,,,,,,,,,,,,,,,,,,,,,,,,,,,,,,,,,False,False,,,,,,,,False,False,,,,,False
61638b6a,c306d37a,2019-07-17 03:24:15,ReduceStruct,test,Tst,1000000000.0,../gen/Tst_test/ReduceStruct/log/runproute.log,../gen/Tst_test/ReduceStruct/log/runproute.sh,../gen/Tst_test/ReduceStruct/plastisim/summary.csv,../gen/Tst_test/ReduceStruct/pir/AccelMain.scala,../gen/Tst_test/ReduceStruct/log/,../gen/Tst_test/ReduceStruct/log/gentst.log,../gen/Tst_test/ReduceStruct/log/maketst.log,../gen/Tst_test/ReduceStruct/log/runp2p.log,../gen/Tst_test/ReduceStruct/log/runhybrid.log,True,,"[0m[[0m[31merror[0m] [0m[0m/local/ssd/home/yaqiz/spatial/gen/Tst_test/ReduceStruct/pir/AccelMain.scala:120:54: not found: value x213_min[0m
",,,,,,,,,,,,,,,,,,,,,,,,,,,,,,,,,,,False,False,,,,,,,,False,False,,,,,False
61638b6a,c306d37a,2019-07-17 03:24:15,ReduceTiny,test,Tst,1000000000.0,../gen/Tst_test/ReduceTiny/log/runproute.log,../gen/Tst_test/ReduceTiny/log/runproute.sh,../gen/Tst_test/ReduceTiny/plastisim/summary.csv,../gen/Tst_test/ReduceTiny/pir/AccelMain.scala,../gen/Tst_test/ReduceTiny/log/,../gen/Tst_test/ReduceTiny/log/gentst.log,../gen/Tst_test/ReduceTiny/log/maketst.log,../gen/Tst_test/ReduceTiny/log/runp2p.log,../gen/Tst_test/ReduceTiny/log/runhybrid.log,True,,,6.748934992,,,,,,18,18,,,,,,,,,,,,,,,,,,,,,,,0:24.71,47,,,False,True,,0.0,0.0,0:00.28,,,,False,False,,,,,True
61638b6a,c306d37a,2019-07-17 03:24:15,ReduceTreeUnrolling,test,Tst,1000000000.0,../gen/Tst_test/ReduceTreeUnrolling/log/runproute.log,../gen/Tst_test/ReduceTreeUnrolling/log/runproute.sh,../gen/Tst_test/ReduceTreeUnrolling/plastisim/summary.csv,../gen/Tst_test/ReduceTreeUnrolling/pir/AccelMain.scala,../gen/Tst_test/ReduceTreeUnrolling/log/,../gen/Tst_test/ReduceTreeUnrolling/log/gentst.log,../gen/Tst_test/ReduceTreeUnrolling/log/maketst.log,../gen/Tst_test/ReduceTreeUnrolling/log/runp2p.log,../gen/Tst_test/ReduceTreeUnrolling/log/runhybrid.log,True,,,8.095180598,,,,,,18,18,,,,,,,,,,,,,,,,,,,,,,,0:24.58,87,,,False,True,,0.735632,0.0,0:00.29,,,,False,False,,,,,True
61638b6a,c306d37a,2019-07-17 03:24:15,RegCoalescing,test,Tst,1000000000.0,../gen/Tst_test/RegCoalescing/log/runproute.log,../gen/Tst_test/RegCoalescing/log/runproute.sh,../gen/Tst_test/RegCoalescing/plastisim/summary.csv,../gen/Tst_test/RegCoalescing/pir/AccelMain.scala,../gen/Tst_test/RegCoalescing/log/,../gen/Tst_test/RegCoalescing/log/gentst.log,../gen/Tst_test/RegCoalescing/log/maketst.log,../gen/Tst_test/RegCoalescing/log/runp2p.log,../gen/Tst_test/RegCoalescing/log/runhybrid.log,True,,,,,,,,,,,,,,,,,,,,,,,,,,,,,,,,,,,,,False,False,,,,,,,,False,False,,,,,False
61638b6a,c306d37a,2019-07-17 03:24:15,RegTiny,test,Tst,1000000000.0,../gen/Tst_test/RegTiny/log/runproute.log,../gen/Tst_test/RegTiny/log/runproute.sh,../gen/Tst_test/RegTiny/plastisim/summary.csv,../gen/Tst_test/RegTiny/pir/AccelMain.scala,../gen/Tst_test/RegTiny/log/,../gen/Tst_test/RegTiny/log/gentst.log,../gen/Tst_test/RegTiny/log/maketst.log,../gen/Tst_test/RegTiny/log/runp2p.log,../gen/Tst_test/RegTiny/log/runhybrid.log,True,,,6.187649906,,,,,,18,18,,,,,,,,,,,,,,,,,,,,,,,0:21.74,13,,,False,True,,0.0,0.0,0:00.26,,,,False,False,,,,,True
61638b6a,c306d37a,2019-07-17 03:24:15,RegTinyReadWrite,test,Tst,1000000000.0,../gen/Tst_test/RegTinyReadWrite/log/runproute.log,../gen/Tst_test/RegTinyReadWrite/log/runproute.sh,../gen/Tst_test/RegTinyReadWrite/plastisim/summary.csv,../gen/Tst_test/RegTinyReadWrite/pir/AccelMain.scala,../gen/Tst_test/RegTinyReadWrite/log/,../gen/Tst_test/RegTinyReadWrite/log/gentst.log,../gen/Tst_test/RegTinyReadWrite/log/maketst.log,../gen/Tst_test/RegTinyReadWrite/log/runp2p.log,../gen/Tst_test/RegTinyReadWrite/log/runhybrid.log,True,,,5.047245144,,,,,,18,18,,,,,,,,,,,,,,,,,,,,,,,0:20.42,1,,,False,True,,0.0,0.0,0:00.28,,,,False,False,,,,,True
61638b6a,c306d37a,2019-07-17 03:24:15,Rendering3D,test,Tst,1000000000.0,../gen/Tst_test/Rendering3D/log/runproute.log,../gen/Tst_test/Rendering3D/log/runproute.sh,../gen/Tst_test/Rendering3D/plastisim/summary.csv,../gen/Tst_test/Rendering3D/pir/AccelMain.scala,../gen/Tst_test/Rendering3D/log/,../gen/Tst_test/Rendering3D/log/gentst.log,../gen/Tst_test/Rendering3D/log/maketst.log,../gen/Tst_test/Rendering3D/log/runp2p.log,../gen/Tst_test/Rendering3D/log/runhybrid.log,True,,,,,,,,,,,,,,,,,,,,,,,,,,,,,,,,,,,,,False,False,,,,,,,,False,False,,,,,False
61638b6a,c306d37a,2019-07-17 03:24:15,Rendering3DTmp2,test,Tst,1000000000.0,../gen/Tst_test/Rendering3DTmp2/log/runproute.log,../gen/Tst_test/Rendering3DTmp2/log/runproute.sh,../gen/Tst_test/Rendering3DTmp2/plastisim/summary.csv,../gen/Tst_test/Rendering3DTmp2/pir/AccelMain.scala,../gen/Tst_test/Rendering3DTmp2/log/,../gen/Tst_test/Rendering3DTmp2/log/gentst.log,../gen/Tst_test/Rendering3DTmp2/log/maketst.log,../gen/Tst_test/Rendering3DTmp2/log/runp2p.log,../gen/Tst_test/Rendering3DTmp2/log/runhybrid.log,False,[bug] Encountered exception while updating node,,,,,,,,,,,,,,,,,,,,,,,,,,,,,,,,,,,,False,False,,,,,,,,False,False,,,,,False
61638b6a,c306d37a,2019-07-17 03:24:15,RetimeLoop,test,Tst,1000000000.0,../gen/Tst_test/RetimeLoop/log/runproute.log,../gen/Tst_test/RetimeLoop/log/runproute.sh,../gen/Tst_test/RetimeLoop/plastisim/summary.csv,../gen/Tst_test/RetimeLoop/pir/AccelMain.scala,../gen/Tst_test/RetimeLoop/log/,../gen/Tst_test/RetimeLoop/log/gentst.log,../gen/Tst_test/RetimeLoop/log/maketst.log,../gen/Tst_test/RetimeLoop/log/runp2p.log,../gen/Tst_test/RetimeLoop/log/runhybrid.log,True,,,9.024450038,,,,,,18,18,,,,,,,,,,,,,,,,,,,,,,,0:25.99,570,,,False,True,,0.0,1.79649,0:00.32,,,,False,False,,,,,True
61638b6a,c306d37a,2019-07-17 03:24:15,RetimeNestedPipe,test,Tst,1000000000.0,../gen/Tst_test/RetimeNestedPipe/log/runproute.log,../gen/Tst_test/RetimeNestedPipe/log/runproute.sh,../gen/Tst_test/RetimeNestedPipe/plastisim/summary.csv,../gen/Tst_test/RetimeNestedPipe/pir/AccelMain.scala,../gen/Tst_test/RetimeNestedPipe/log/,../gen/Tst_test/RetimeNestedPipe/log/gentst.log,../gen/Tst_test/RetimeNestedPipe/log/maketst.log,../gen/Tst_test/RetimeNestedPipe/log/runp2p.log,../gen/Tst_test/RetimeNestedPipe/log/runhybrid.log,True,,,6.463478393,,,,,,18,18,,,,,,,,,,,,,,,,,,,,,,,0:23.99,62,,,False,True,,0.0,0.0,0:00.29,,,,False,False,,,,,True
61638b6a,c306d37a,2019-07-17 03:24:15,RetimeRandomTest,test,Tst,1000000000.0,../gen/Tst_test/RetimeRandomTest/log/runproute.log,../gen/Tst_test/RetimeRandomTest/log/runproute.sh,../gen/Tst_test/RetimeRandomTest/plastisim/summary.csv,../gen/Tst_test/RetimeRandomTest/pir/AccelMain.scala,../gen/Tst_test/RetimeRandomTest/log/,../gen/Tst_test/RetimeRandomTest/log/gentst.log,../gen/Tst_test/RetimeRandomTest/log/maketst.log,../gen/Tst_test/RetimeRandomTest/log/runp2p.log,../gen/Tst_test/RetimeRandomTest/log/runhybrid.log,True,,"[[31merror[0m] 04-GraphInitialization throw [pir] Don't know how to infer vec of OpDef10
",3.937199562,,,,,,18,18,,,,,,,,,,,,,,,,,,,,,,,,,,,False,False,,,,,,,,False,False,,,,,False
61638b6a,c306d37a,2019-07-17 03:24:15,SGD,test,Tst,1000000000.0,../gen/Tst_test/SGD/log/runproute.log,../gen/Tst_test/SGD/log/runproute.sh,../gen/Tst_test/SGD/plastisim/summary.csv,../gen/Tst_test/SGD/pir/AccelMain.scala,../gen/Tst_test/SGD/log/,../gen/Tst_test/SGD/log/gentst.log,../gen/Tst_test/SGD/log/maketst.log,../gen/Tst_test/SGD/log/runp2p.log,../gen/Tst_test/SGD/log/runhybrid.log,True,,"[0m[[0m[31merror[0m] [0m[0m/local/ssd/home/yaqiz/spatial/gen/Tst_test/SGD/pir/AccelMain.scala:645:49: not found: value x1154[0m
",,,,,,,,,,,,,,,,,,,,,,,,,,,,,,,,,,,False,False,,,,,,,,False,False,,,,,False
61638b6a,c306d37a,2019-07-17 03:24:15,SGD_minibatch,test,Tst,1000000000.0,../gen/Tst_test/SGD_minibatch/log/runproute.log,../gen/Tst_test/SGD_minibatch/log/runproute.sh,../gen/Tst_test/SGD_minibatch/plastisim/summary.csv,../gen/Tst_test/SGD_minibatch/pir/AccelMain.scala,../gen/Tst_test/SGD_minibatch/log/,../gen/Tst_test/SGD_minibatch/log/gentst.log,../gen/Tst_test/SGD_minibatch/log/maketst.log,../gen/Tst_test/SGD_minibatch/log/runp2p.log,../gen/Tst_test/SGD_minibatch/log/runhybrid.log,True,,,19.517303528,,,,,,18,18,,,,,,,,,,,,,,,,,,,,,,,0:49.16,70204,,True,False,True,,2.81876,0.000911629,0:13.00,,,,False,False,,,,,True
61638b6a,c306d37a,2019-07-17 03:24:15,SHA1,test,Tst,1000000000.0,../gen/Tst_test/SHA1/log/runproute.log,../gen/Tst_test/SHA1/log/runproute.sh,../gen/Tst_test/SHA1/plastisim/summary.csv,../gen/Tst_test/SHA1/pir/AccelMain.scala,../gen/Tst_test/SHA1/log/,../gen/Tst_test/SHA1/log/gentst.log,../gen/Tst_test/SHA1/log/maketst.log,../gen/Tst_test/SHA1/log/runp2p.log,../gen/Tst_test/SHA1/log/runhybrid.log,True,,,,,,,,,,,,,,,,,,,,,,,,,,,,,,,,,,,,,False,False,,,,,,,,False,False,,,,,False
61638b6a,c306d37a,2019-07-17 03:24:15,SPMV_CRS,test,Tst,1000000000.0,../gen/Tst_test/SPMV_CRS/log/runproute.log,../gen/Tst_test/SPMV_CRS/log/runproute.sh,../gen/Tst_test/SPMV_CRS/plastisim/summary.csv,../gen/Tst_test/SPMV_CRS/pir/AccelMain.scala,../gen/Tst_test/SPMV_CRS/log/,../gen/Tst_test/SPMV_CRS/log/gentst.log,../gen/Tst_test/SPMV_CRS/log/maketst.log,../gen/Tst_test/SPMV_CRS/log/runp2p.log,../gen/Tst_test/SPMV_CRS/log/runhybrid.log,True,,"[[31merror[0m] Multiple accesses to the same memory in the same basic block will deadlock on plasticine.
",24.858355083,,,,,,18,18,,,,,,,,,,,,,,,,,,,,,,,,,,,False,False,,,,,,,,False,False,,,,,False
61638b6a,c306d37a,2019-07-17 03:24:15,SPMV_DumbPack,test,Tst,1000000000.0,../gen/Tst_test/SPMV_DumbPack/log/runproute.log,../gen/Tst_test/SPMV_DumbPack/log/runproute.sh,../gen/Tst_test/SPMV_DumbPack/plastisim/summary.csv,../gen/Tst_test/SPMV_DumbPack/pir/AccelMain.scala,../gen/Tst_test/SPMV_DumbPack/log/,../gen/Tst_test/SPMV_DumbPack/log/gentst.log,../gen/Tst_test/SPMV_DumbPack/log/maketst.log,../gen/Tst_test/SPMV_DumbPack/log/runp2p.log,../gen/Tst_test/SPMV_DumbPack/log/runhybrid.log,True,,"[[31merror[0m] Multiple accesses to the same memory in the same basic block will deadlock on plasticine.
",34.082743858,,,,,,18,18,,,,,,,,,,,,,,,,,,,,,,,,,,,False,False,,,,,,,,False,False,,,,,False
61638b6a,c306d37a,2019-07-17 03:24:15,SPMV_ELL,test,Tst,1000000000.0,../gen/Tst_test/SPMV_ELL/log/runproute.log,../gen/Tst_test/SPMV_ELL/log/runproute.sh,../gen/Tst_test/SPMV_ELL/plastisim/summary.csv,../gen/Tst_test/SPMV_ELL/pir/AccelMain.scala,../gen/Tst_test/SPMV_ELL/log/,../gen/Tst_test/SPMV_ELL/log/gentst.log,../gen/Tst_test/SPMV_ELL/log/maketst.log,../gen/Tst_test/SPMV_ELL/log/runp2p.log,../gen/Tst_test/SPMV_ELL/log/runhybrid.log,True,,,15.546658454,,,,,,18,18,,,,,,,,,,,,,,,,,,,,,,,0:43.56,20588,,True,False,True,,20.0505,0.0963668,0:03.32,,,,False,False,,,,,True
61638b6a,c306d37a,2019-07-17 03:24:15,SRAM1D,test,Tst,1000000000.0,../gen/Tst_test/SRAM1D/log/runproute.log,../gen/Tst_test/SRAM1D/log/runproute.sh,../gen/Tst_test/SRAM1D/plastisim/summary.csv,../gen/Tst_test/SRAM1D/pir/AccelMain.scala,../gen/Tst_test/SRAM1D/log/,../gen/Tst_test/SRAM1D/log/gentst.log,../gen/Tst_test/SRAM1D/log/maketst.log,../gen/Tst_test/SRAM1D/log/runp2p.log,../gen/Tst_test/SRAM1D/log/runhybrid.log,True,,,7.194787351,,,,,,18,18,,,,,,,,,,,,,,,,,,,,,,,0:25.49,406,,,False,True,,0.0,0.0,0:00.28,,,,False,False,,,,,True
61638b6a,c306d37a,2019-07-17 03:24:15,SRAM2D,test,Tst,1000000000.0,../gen/Tst_test/SRAM2D/log/runproute.log,../gen/Tst_test/SRAM2D/log/runproute.sh,../gen/Tst_test/SRAM2D/plastisim/summary.csv,../gen/Tst_test/SRAM2D/pir/AccelMain.scala,../gen/Tst_test/SRAM2D/log/,../gen/Tst_test/SRAM2D/log/gentst.log,../gen/Tst_test/SRAM2D/log/maketst.log,../gen/Tst_test/SRAM2D/log/runp2p.log,../gen/Tst_test/SRAM2D/log/runhybrid.log,True,,,7.633248398,,,,,,18,18,,,,,,,,,,,,,,,,,,,,,,,0:26.63,8220,,,False,True,,0.0,0.0,0:00.42,,,,False,False,,,,,True
61638b6a,c306d37a,2019-07-17 03:24:15,SRAMCoalescing,test,Tst,1000000000.0,../gen/Tst_test/SRAMCoalescing/log/runproute.log,../gen/Tst_test/SRAMCoalescing/log/runproute.sh,../gen/Tst_test/SRAMCoalescing/plastisim/summary.csv,../gen/Tst_test/SRAMCoalescing/pir/AccelMain.scala,../gen/Tst_test/SRAMCoalescing/log/,../gen/Tst_test/SRAMCoalescing/log/gentst.log,../gen/Tst_test/SRAMCoalescing/log/maketst.log,../gen/Tst_test/SRAMCoalescing/log/runp2p.log,../gen/Tst_test/SRAMCoalescing/log/runhybrid.log,True,,,8.482688102,,,,,,18,18,,,,,,,,,,,,,,,,,,,,,,,0:27.34,294,,,False,True,,0.0,0.0,0:00.30,,,,False,False,,,,,True
61638b6a,c306d37a,2019-07-17 03:24:15,SRAMMaskedWrite,test,Tst,1000000000.0,../gen/Tst_test/SRAMMaskedWrite/log/runproute.log,../gen/Tst_test/SRAMMaskedWrite/log/runproute.sh,../gen/Tst_test/SRAMMaskedWrite/plastisim/summary.csv,../gen/Tst_test/SRAMMaskedWrite/pir/AccelMain.scala,../gen/Tst_test/SRAMMaskedWrite/log/,../gen/Tst_test/SRAMMaskedWrite/log/gentst.log,../gen/Tst_test/SRAMMaskedWrite/log/maketst.log,../gen/Tst_test/SRAMMaskedWrite/log/runp2p.log,../gen/Tst_test/SRAMMaskedWrite/log/runhybrid.log,True,,,8.569276045,,,,,,18,18,,,,,,,,,,,,,,,,,,,,,,,0:21.95,669,,True,False,True,,0.0,0.765321,0:00.24,,,,False,False,,,,,True
61638b6a,c306d37a,2019-07-17 03:24:15,SRAMTiny,test,Tst,1000000000.0,../gen/Tst_test/SRAMTiny/log/runproute.log,../gen/Tst_test/SRAMTiny/log/runproute.sh,../gen/Tst_test/SRAMTiny/plastisim/summary.csv,../gen/Tst_test/SRAMTiny/pir/AccelMain.scala,../gen/Tst_test/SRAMTiny/log/,../gen/Tst_test/SRAMTiny/log/gentst.log,../gen/Tst_test/SRAMTiny/log/maketst.log,../gen/Tst_test/SRAMTiny/log/runp2p.log,../gen/Tst_test/SRAMTiny/log/runhybrid.log,True,,,5.615714449,,,,,,18,18,,,,,,,,,,,,,,,,,,,,,,,0:21.74,10,,,False,True,,0.0,0.0,0:00.30,,,,False,False,,,,,True
61638b6a,c306d37a,2019-07-17 03:24:15,SRAMWithB2,test,Tst,1000000000.0,../gen/Tst_test/SRAMWithB2/log/runproute.log,../gen/Tst_test/SRAMWithB2/log/runproute.sh,../gen/Tst_test/SRAMWithB2/plastisim/summary.csv,../gen/Tst_test/SRAMWithB2/pir/AccelMain.scala,../gen/Tst_test/SRAMWithB2/log/,../gen/Tst_test/SRAMWithB2/log/gentst.log,../gen/Tst_test/SRAMWithB2/log/maketst.log,../gen/Tst_test/SRAMWithB2/log/runp2p.log,../gen/Tst_test/SRAMWithB2/log/runhybrid.log,True,,,12.97540584,,,,,,18,18,,,,,,,,,,,,,,,,,,,,,,,0:31.53,13737,,,False,True,,1.67722,1.74245,0:01.03,,,,False,False,,,,,True
61638b6a,c306d37a,2019-07-17 03:24:15,SVRG,test,Tst,1000000000.0,../gen/Tst_test/SVRG/log/runproute.log,../gen/Tst_test/SVRG/log/runproute.sh,../gen/Tst_test/SVRG/plastisim/summary.csv,../gen/Tst_test/SVRG/pir/AccelMain.scala,../gen/Tst_test/SVRG/log/,../gen/Tst_test/SVRG/log/gentst.log,../gen/Tst_test/SVRG/log/maketst.log,../gen/Tst_test/SVRG/log/runp2p.log,../gen/Tst_test/SVRG/log/runhybrid.log,True,,"[0m[[0m[31merror[0m] [0m[0m/local/ssd/home/yaqiz/spatial/gen/Tst_test/SVRG/pir/AccelMain.scala:975:49: not found: value x1720[0m
",,,,,,,,,,,,,,,,,,,,,,,,,,,,,,,,,,,False,False,,,,,,,,False,False,,,,,False
61638b6a,c306d37a,2019-07-17 03:24:15,SW_alg,test,Tst,1000000000.0,../gen/Tst_test/SW_alg/log/runproute.log,../gen/Tst_test/SW_alg/log/runproute.sh,../gen/Tst_test/SW_alg/plastisim/summary.csv,../gen/Tst_test/SW_alg/pir/AccelMain.scala,../gen/Tst_test/SW_alg/log/,../gen/Tst_test/SW_alg/log/gentst.log,../gen/Tst_test/SW_alg/log/maketst.log,../gen/Tst_test/SW_alg/log/runp2p.log,../gen/Tst_test/SW_alg/log/runhybrid.log,True,,,,,,,,,,,,,,,,,,,,,,,,,,,,,,,,,,,,,False,False,,,,,,,,False,False,,,,,False
61638b6a,c306d37a,2019-07-17 03:24:15,SYRK_col,test,Tst,1000000000.0,../gen/Tst_test/SYRK_col/log/runproute.log,../gen/Tst_test/SYRK_col/log/runproute.sh,../gen/Tst_test/SYRK_col/plastisim/summary.csv,../gen/Tst_test/SYRK_col/pir/AccelMain.scala,../gen/Tst_test/SYRK_col/log/,../gen/Tst_test/SYRK_col/log/gentst.log,../gen/Tst_test/SYRK_col/log/maketst.log,../gen/Tst_test/SYRK_col/log/runp2p.log,../gen/Tst_test/SYRK_col/log/runhybrid.log,True,,,27.161090982,,,,,,18,18,,,,,,,,,,,,,,,,,,,,,,,1:15.73,,"Assertion fail:
",True,False,False,,0.819394,0.0,0:15.10,,,,False,False,,,,,False
61638b6a,c306d37a,2019-07-17 03:24:15,ScanLines,test,Tst,1000000000.0,../gen/Tst_test/ScanLines/log/runproute.log,../gen/Tst_test/ScanLines/log/runproute.sh,../gen/Tst_test/ScanLines/plastisim/summary.csv,../gen/Tst_test/ScanLines/pir/AccelMain.scala,../gen/Tst_test/ScanLines/log/,../gen/Tst_test/ScanLines/log/gentst.log,../gen/Tst_test/ScanLines/log/maketst.log,../gen/Tst_test/ScanLines/log/runp2p.log,../gen/Tst_test/ScanLines/log/runhybrid.log,False,[error] //TODO: Plasticine does not support unbanked unrolled access at the moment. ,,,,,,,,,,,,,,,,,,,,,,,,,,,,,,,,,,,,False,False,,,,,,,,False,False,,,,,False
61638b6a,c306d37a,2019-07-17 03:24:15,Scan_fifofull,test,Tst,1000000000.0,../gen/Tst_test/Scan_fifofull/log/runproute.log,../gen/Tst_test/Scan_fifofull/log/runproute.sh,../gen/Tst_test/Scan_fifofull/plastisim/summary.csv,../gen/Tst_test/Scan_fifofull/pir/AccelMain.scala,../gen/Tst_test/Scan_fifofull/log/,../gen/Tst_test/Scan_fifofull/log/gentst.log,../gen/Tst_test/Scan_fifofull/log/maketst.log,../gen/Tst_test/Scan_fifofull/log/runp2p.log,../gen/Tst_test/Scan_fifofull/log/runhybrid.log,True,,"[0m[[0m[31merror[0m] [0m[0m/local/ssd/home/yaqiz/spatial/gen/Tst_test/Scan_fifofull/pir/AccelMain.scala:128:52: not found: value x499[0m
",,,,,,,,,,,,,,,,,,,,,,,,,,,,,,,,,,,False,False,,,,,,,,False,False,,,,,False
61638b6a,c306d37a,2019-07-17 03:24:15,Scan_fillfifo,test,Tst,1000000000.0,../gen/Tst_test/Scan_fillfifo/log/runproute.log,../gen/Tst_test/Scan_fillfifo/log/runproute.sh,../gen/Tst_test/Scan_fillfifo/plastisim/summary.csv,../gen/Tst_test/Scan_fillfifo/pir/AccelMain.scala,../gen/Tst_test/Scan_fillfifo/log/,../gen/Tst_test/Scan_fillfifo/log/gentst.log,../gen/Tst_test/Scan_fillfifo/log/maketst.log,../gen/Tst_test/Scan_fillfifo/log/runp2p.log,../gen/Tst_test/Scan_fillfifo/log/runhybrid.log,True,,"[0m[[0m[31merror[0m] [0m[0m/local/ssd/home/yaqiz/spatial/gen/Tst_test/Scan_fillfifo/pir/AccelMain.scala:125:60: not found: value x315[0m
",,,,,,,,,,,,,,,,,,,,,,,,,,,,,,,,,,,False,False,,,,,,,,False,False,,,,,False
61638b6a,c306d37a,2019-07-17 03:24:15,Scan_filter,test,Tst,1000000000.0,../gen/Tst_test/Scan_filter/log/runproute.log,../gen/Tst_test/Scan_filter/log/runproute.sh,../gen/Tst_test/Scan_filter/plastisim/summary.csv,../gen/Tst_test/Scan_filter/pir/AccelMain.scala,../gen/Tst_test/Scan_filter/log/,../gen/Tst_test/Scan_filter/log/gentst.log,../gen/Tst_test/Scan_filter/log/maketst.log,../gen/Tst_test/Scan_filter/log/runp2p.log,../gen/Tst_test/Scan_filter/log/runhybrid.log,True,,,10.185719513,,,,,,18,18,,,,,,,,,,,,,,,,,,,,,,,0:29.52,342,,,False,True,,1.49708,1.49708,0:00.35,,,,False,False,,,,,True
61638b6a,c306d37a,2019-07-17 03:24:15,Scan_filter_wait,test,Tst,1000000000.0,../gen/Tst_test/Scan_filter_wait/log/runproute.log,../gen/Tst_test/Scan_filter_wait/log/runproute.sh,../gen/Tst_test/Scan_filter_wait/plastisim/summary.csv,../gen/Tst_test/Scan_filter_wait/pir/AccelMain.scala,../gen/Tst_test/Scan_filter_wait/log/,../gen/Tst_test/Scan_filter_wait/log/gentst.log,../gen/Tst_test/Scan_filter_wait/log/maketst.log,../gen/Tst_test/Scan_filter_wait/log/runp2p.log,../gen/Tst_test/Scan_filter_wait/log/runhybrid.log,True,,,9.186361379,,,,,,18,18,,,,,,,,,,,,,,,,,,,,,,,0:30.24,345,,,False,True,,1.48406,1.48406,0:00.31,,,,False,False,,,,,True
61638b6a,c306d37a,2019-07-17 03:24:15,ScatterGatherSRAM,test,Tst,1000000000.0,../gen/Tst_test/ScatterGatherSRAM/log/runproute.log,../gen/Tst_test/ScatterGatherSRAM/log/runproute.sh,../gen/Tst_test/ScatterGatherSRAM/plastisim/summary.csv,../gen/Tst_test/ScatterGatherSRAM/pir/AccelMain.scala,../gen/Tst_test/ScatterGatherSRAM/log/,../gen/Tst_test/ScatterGatherSRAM/log/gentst.log,../gen/Tst_test/ScatterGatherSRAM/log/maketst.log,../gen/Tst_test/ScatterGatherSRAM/log/runp2p.log,../gen/Tst_test/ScatterGatherSRAM/log/runhybrid.log,True,,,10.336214337,,,,,,18,18,,,,,,,,,,,,,,,,,,,,,,,0:30.70,8737,,True,False,True,,23.2281,17.6024,0:00.88,,,,False,False,,,,,True
61638b6a,c306d37a,2019-07-17 03:24:15,ScatterGatherSRAM2,test,Tst,1000000000.0,../gen/Tst_test/ScatterGatherSRAM2/log/runproute.log,../gen/Tst_test/ScatterGatherSRAM2/log/runproute.sh,../gen/Tst_test/ScatterGatherSRAM2/plastisim/summary.csv,../gen/Tst_test/ScatterGatherSRAM2/pir/AccelMain.scala,../gen/Tst_test/ScatterGatherSRAM2/log/,../gen/Tst_test/ScatterGatherSRAM2/log/gentst.log,../gen/Tst_test/ScatterGatherSRAM2/log/maketst.log,../gen/Tst_test/ScatterGatherSRAM2/log/runp2p.log,../gen/Tst_test/ScatterGatherSRAM2/log/runhybrid.log,True,,,10.134193603,,,,,,18,18,,,,,,,,,,,,,,,,,,,,,,,0:28.19,964,,,False,True,,21.9087,29.3444,0:00.36,,,,False,False,,,,,True
61638b6a,c306d37a,2019-07-17 03:24:15,ScatterGatherSRAM3,test,Tst,1000000000.0,../gen/Tst_test/ScatterGatherSRAM3/log/runproute.log,../gen/Tst_test/ScatterGatherSRAM3/log/runproute.sh,../gen/Tst_test/ScatterGatherSRAM3/plastisim/summary.csv,../gen/Tst_test/ScatterGatherSRAM3/pir/AccelMain.scala,../gen/Tst_test/ScatterGatherSRAM3/log/,../gen/Tst_test/ScatterGatherSRAM3/log/gentst.log,../gen/Tst_test/ScatterGatherSRAM3/log/maketst.log,../gen/Tst_test/ScatterGatherSRAM3/log/runp2p.log,../gen/Tst_test/ScatterGatherSRAM3/log/runhybrid.log,True,,,10.558817575,,,,,,18,18,,,,,,,,,,,,,,,,,,,,,,,0:32.70,964,,,False,True,,22.5726,29.3444,0:00.35,,,,False,False,,,,,True
61638b6a,c306d37a,2019-07-17 03:24:15,ScatterGather_Bias,test,Tst,1000000000.0,../gen/Tst_test/ScatterGather_Bias/log/runproute.log,../gen/Tst_test/ScatterGather_Bias/log/runproute.sh,../gen/Tst_test/ScatterGather_Bias/plastisim/summary.csv,../gen/Tst_test/ScatterGather_Bias/pir/AccelMain.scala,../gen/Tst_test/ScatterGather_Bias/log/,../gen/Tst_test/ScatterGather_Bias/log/gentst.log,../gen/Tst_test/ScatterGather_Bias/log/maketst.log,../gen/Tst_test/ScatterGather_Bias/log/runp2p.log,../gen/Tst_test/ScatterGather_Bias/log/runhybrid.log,True,,,10.519906352,,,,,,18,18,,,,,,,,,,,,,,,,,,,,,,,0:32.87,1814,,,False,True,,23.9912,31.118,0:00.36,,,,False,False,,,,,True
61638b6a,c306d37a,2019-07-17 03:24:15,ScatterInterference,test,Tst,1000000000.0,../gen/Tst_test/ScatterInterference/log/runproute.log,../gen/Tst_test/ScatterInterference/log/runproute.sh,../gen/Tst_test/ScatterInterference/plastisim/summary.csv,../gen/Tst_test/ScatterInterference/pir/AccelMain.scala,../gen/Tst_test/ScatterInterference/log/,../gen/Tst_test/ScatterInterference/log/gentst.log,../gen/Tst_test/ScatterInterference/log/maketst.log,../gen/Tst_test/ScatterInterference/log/runp2p.log,../gen/Tst_test/ScatterInterference/log/runhybrid.log,True,,"[0m[[0m[31merror[0m] [0m[0m/local/ssd/home/yaqiz/spatial/gen/Tst_test/ScatterInterference/pir/AccelMain.scala:530:68: not found: value x720[0m
",,,,,,,,,,,,,,,,,,,,,,,,,,,,,,,,,,,False,False,,,,,,,,False,False,,,,,False
61638b6a,c306d37a,2019-07-17 03:24:15,ScatterMixed,test,Tst,1000000000.0,../gen/Tst_test/ScatterMixed/log/runproute.log,../gen/Tst_test/ScatterMixed/log/runproute.sh,../gen/Tst_test/ScatterMixed/plastisim/summary.csv,../gen/Tst_test/ScatterMixed/pir/AccelMain.scala,../gen/Tst_test/ScatterMixed/log/,../gen/Tst_test/ScatterMixed/log/gentst.log,../gen/Tst_test/ScatterMixed/log/maketst.log,../gen/Tst_test/ScatterMixed/log/runp2p.log,../gen/Tst_test/ScatterMixed/log/runhybrid.log,True,,"[0m[[0m[31merror[0m] [0m[0m/local/ssd/home/yaqiz/spatial/gen/Tst_test/ScatterMixed/pir/AccelMain.scala:36:68: not found: value x403[0m
",,,,,,,,,,,,,,,,,,,,,,,,,,,,,,,,,,,False,False,,,,,,,,False,False,,,,,False
61638b6a,c306d37a,2019-07-17 03:24:15,SequentialWrites,test,Tst,1000000000.0,../gen/Tst_test/SequentialWrites/log/runproute.log,../gen/Tst_test/SequentialWrites/log/runproute.sh,../gen/Tst_test/SequentialWrites/plastisim/summary.csv,../gen/Tst_test/SequentialWrites/pir/AccelMain.scala,../gen/Tst_test/SequentialWrites/log/,../gen/Tst_test/SequentialWrites/log/gentst.log,../gen/Tst_test/SequentialWrites/log/maketst.log,../gen/Tst_test/SequentialWrites/log/runp2p.log,../gen/Tst_test/SequentialWrites/log/runhybrid.log,True,,,10.972341703,,,,,,18,18,,,,,,,,,,,,,,,,,,,,,,,0:30.90,812,,True,False,True,,0.472906,0.472906,0:00.31,,,,False,False,,,,,True
61638b6a,c306d37a,2019-07-17 03:24:15,ShiftRegs,test,Tst,1000000000.0,../gen/Tst_test/ShiftRegs/log/runproute.log,../gen/Tst_test/ShiftRegs/log/runproute.sh,../gen/Tst_test/ShiftRegs/plastisim/summary.csv,../gen/Tst_test/ShiftRegs/pir/AccelMain.scala,../gen/Tst_test/ShiftRegs/log/,../gen/Tst_test/ShiftRegs/log/gentst.log,../gen/Tst_test/ShiftRegs/log/maketst.log,../gen/Tst_test/ShiftRegs/log/runp2p.log,../gen/Tst_test/ShiftRegs/log/runhybrid.log,True,,"[[31merror[0m] 04-GraphInitialization throw [pir] Don't know how to infer vec of BankedRead91
",9.253994845,,,,,,18,18,,,,,,,,,,,,,,,,,,,,,,,,,,,False,False,,,,,,,,False,False,,,,,False
61638b6a,c306d37a,2019-07-17 03:24:15,ShiftTest,test,Tst,1000000000.0,../gen/Tst_test/ShiftTest/log/runproute.log,../gen/Tst_test/ShiftTest/log/runproute.sh,../gen/Tst_test/ShiftTest/plastisim/summary.csv,../gen/Tst_test/ShiftTest/pir/AccelMain.scala,../gen/Tst_test/ShiftTest/log/,../gen/Tst_test/ShiftTest/log/gentst.log,../gen/Tst_test/ShiftTest/log/maketst.log,../gen/Tst_test/ShiftTest/log/runp2p.log,../gen/Tst_test/ShiftTest/log/runhybrid.log,True,,,11.322311347,,,,,,18,18,,,,,,,,,,,,,,,,,,,,,,,,,,,False,False,,,,,,,,False,False,,,,,False
61638b6a,c306d37a,2019-07-17 03:24:15,SigmoidFloat,test,Tst,1000000000.0,../gen/Tst_test/SigmoidFloat/log/runproute.log,../gen/Tst_test/SigmoidFloat/log/runproute.sh,../gen/Tst_test/SigmoidFloat/plastisim/summary.csv,../gen/Tst_test/SigmoidFloat/pir/AccelMain.scala,../gen/Tst_test/SigmoidFloat/log/,../gen/Tst_test/SigmoidFloat/log/gentst.log,../gen/Tst_test/SigmoidFloat/log/maketst.log,../gen/Tst_test/SigmoidFloat/log/runp2p.log,../gen/Tst_test/SigmoidFloat/log/runhybrid.log,True,,,13.809305386,,,,,,18,18,,,,,,,,,,,,,,,,,,,,,,,0:34.49,241,,,False,True,,1.59336,1.59336,0:00.33,,,,False,False,,,,,True
61638b6a,c306d37a,2019-07-17 03:24:15,SimpleGatherStore,test,Tst,1000000000.0,../gen/Tst_test/SimpleGatherStore/log/runproute.log,../gen/Tst_test/SimpleGatherStore/log/runproute.sh,../gen/Tst_test/SimpleGatherStore/plastisim/summary.csv,../gen/Tst_test/SimpleGatherStore/pir/AccelMain.scala,../gen/Tst_test/SimpleGatherStore/log/,../gen/Tst_test/SimpleGatherStore/log/gentst.log,../gen/Tst_test/SimpleGatherStore/log/maketst.log,../gen/Tst_test/SimpleGatherStore/log/runp2p.log,../gen/Tst_test/SimpleGatherStore/log/runhybrid.log,True,,,10.720759713,,,,,,18,18,,,,,,,,,,,,,,,,,,,,,,,0:29.50,209,,True,False,True,,20.823,1.22488,0:00.26,,,,False,False,,,,,True
61638b6a,c306d37a,2019-07-17 03:24:15,SimpleMap,test,Tst,1000000000.0,../gen/Tst_test/SimpleMap/log/runproute.log,../gen/Tst_test/SimpleMap/log/runproute.sh,../gen/Tst_test/SimpleMap/plastisim/summary.csv,../gen/Tst_test/SimpleMap/pir/AccelMain.scala,../gen/Tst_test/SimpleMap/log/,../gen/Tst_test/SimpleMap/log/gentst.log,../gen/Tst_test/SimpleMap/log/maketst.log,../gen/Tst_test/SimpleMap/log/runp2p.log,../gen/Tst_test/SimpleMap/log/runhybrid.log,True,,,8.531113767,,,,,,18,18,,,,,,,,,,,,,,,,,,,,,,,0:28.71,1143,"Assertion fail:
",,True,False,,0.895888,0.447944,0:00.69,,,,False,False,,,,,False
61638b6a,c306d37a,2019-07-17 03:24:15,SimplePipeRetime2,test,Tst,1000000000.0,../gen/Tst_test/SimplePipeRetime2/log/runproute.log,../gen/Tst_test/SimplePipeRetime2/log/runproute.sh,../gen/Tst_test/SimplePipeRetime2/plastisim/summary.csv,../gen/Tst_test/SimplePipeRetime2/pir/AccelMain.scala,../gen/Tst_test/SimplePipeRetime2/log/,../gen/Tst_test/SimplePipeRetime2/log/gentst.log,../gen/Tst_test/SimplePipeRetime2/log/maketst.log,../gen/Tst_test/SimplePipeRetime2/log/runp2p.log,../gen/Tst_test/SimplePipeRetime2/log/runhybrid.log,True,,,5.546181286,,,,,,18,18,,,,,,,,,,,,,,,,,,,,,,,0:20.20,13,,,False,True,,0.0,0.0,0:00.26,,,,False,False,,,,,True
61638b6a,c306d37a,2019-07-17 03:24:15,SimplePipelined,test,Tst,1000000000.0,../gen/Tst_test/SimplePipelined/log/runproute.log,../gen/Tst_test/SimplePipelined/log/runproute.sh,../gen/Tst_test/SimplePipelined/plastisim/summary.csv,../gen/Tst_test/SimplePipelined/pir/AccelMain.scala,../gen/Tst_test/SimplePipelined/log/,../gen/Tst_test/SimplePipelined/log/gentst.log,../gen/Tst_test/SimplePipelined/log/maketst.log,../gen/Tst_test/SimplePipelined/log/runp2p.log,../gen/Tst_test/SimplePipelined/log/runhybrid.log,True,,,10.72413038,,,,,,18,18,,,,,,,,,,,,,,,,,,,,,,,0:31.09,382,,True,False,True,,0.0,0.0,0:00.31,,,,False,False,,,,,True
61638b6a,c306d37a,2019-07-17 03:24:15,SimpleRetimePipe,test,Tst,1000000000.0,../gen/Tst_test/SimpleRetimePipe/log/runproute.log,../gen/Tst_test/SimpleRetimePipe/log/runproute.sh,../gen/Tst_test/SimpleRetimePipe/plastisim/summary.csv,../gen/Tst_test/SimpleRetimePipe/pir/AccelMain.scala,../gen/Tst_test/SimpleRetimePipe/log/,../gen/Tst_test/SimpleRetimePipe/log/gentst.log,../gen/Tst_test/SimpleRetimePipe/log/maketst.log,../gen/Tst_test/SimpleRetimePipe/log/runp2p.log,../gen/Tst_test/SimpleRetimePipe/log/runhybrid.log,True,,,,,,,,,,,,,,,,,,,,,,,,,,,,,,,,,,,,,False,False,,,,,,,,False,False,,,,,False
61638b6a,c306d37a,2019-07-17 03:24:15,SimpleScatter,test,Tst,1000000000.0,../gen/Tst_test/SimpleScatter/log/runproute.log,../gen/Tst_test/SimpleScatter/log/runproute.sh,../gen/Tst_test/SimpleScatter/plastisim/summary.csv,../gen/Tst_test/SimpleScatter/pir/AccelMain.scala,../gen/Tst_test/SimpleScatter/log/,../gen/Tst_test/SimpleScatter/log/gentst.log,../gen/Tst_test/SimpleScatter/log/maketst.log,../gen/Tst_test/SimpleScatter/log/runp2p.log,../gen/Tst_test/SimpleScatter/log/runhybrid.log,True,,,9.854714944,,,,,,18,18,,,,,,,,,,,,,,,,,,,,,,,0:32.60,238,,True,False,True,,58.084,52.7059,0:00.30,,,,False,False,,,,,True
61638b6a,c306d37a,2019-07-17 03:24:15,SimpleSequential,test,Tst,1000000000.0,../gen/Tst_test/SimpleSequential/log/runproute.log,../gen/Tst_test/SimpleSequential/log/runproute.sh,../gen/Tst_test/SimpleSequential/plastisim/summary.csv,../gen/Tst_test/SimpleSequential/pir/AccelMain.scala,../gen/Tst_test/SimpleSequential/log/,../gen/Tst_test/SimpleSequential/log/gentst.log,../gen/Tst_test/SimpleSequential/log/maketst.log,../gen/Tst_test/SimpleSequential/log/runp2p.log,../gen/Tst_test/SimpleSequential/log/runhybrid.log,True,,"[[31merror[0m] Multiple accesses to the same memory in the same basic block will deadlock on plasticine.
",6.900501108,,,,,,18,18,,,,,,,,,,,,,,,,,,,,,,,,,,,False,False,,,,,,,,False,False,,,,,False
61638b6a,c306d37a,2019-07-17 03:24:15,SimpleStructTest,test,Tst,1000000000.0,../gen/Tst_test/SimpleStructTest/log/runproute.log,../gen/Tst_test/SimpleStructTest/log/runproute.sh,../gen/Tst_test/SimpleStructTest/plastisim/summary.csv,../gen/Tst_test/SimpleStructTest/pir/AccelMain.scala,../gen/Tst_test/SimpleStructTest/log/,../gen/Tst_test/SimpleStructTest/log/gentst.log,../gen/Tst_test/SimpleStructTest/log/maketst.log,../gen/Tst_test/SimpleStructTest/log/runp2p.log,../gen/Tst_test/SimpleStructTest/log/runhybrid.log,True,,,4.518427709,,,,,,18,18,,,,,,,,,,,,,,,,,,,,,,,0:14.17,,,,False,True,,,,0:00.01,,,,False,False,,,,,True
61638b6a,c306d37a,2019-07-17 03:24:15,SingleLayerConv_IRCO,test,Tst,1000000000.0,../gen/Tst_test/SingleLayerConv_IRCO/log/runproute.log,../gen/Tst_test/SingleLayerConv_IRCO/log/runproute.sh,../gen/Tst_test/SingleLayerConv_IRCO/plastisim/summary.csv,../gen/Tst_test/SingleLayerConv_IRCO/pir/AccelMain.scala,../gen/Tst_test/SingleLayerConv_IRCO/log/,../gen/Tst_test/SingleLayerConv_IRCO/log/gentst.log,../gen/Tst_test/SingleLayerConv_IRCO/log/maketst.log,../gen/Tst_test/SingleLayerConv_IRCO/log/runp2p.log,../gen/Tst_test/SingleLayerConv_IRCO/log/runhybrid.log,True,,"[0m[[0m[31merror[0m] [0m[0m/local/ssd/home/yaqiz/spatial/gen/Tst_test/SingleLayerConv_IRCO/pir/AccelMain.scala:753:31: not found: value x2153[0m
",,,,,,,,,,,,,,,,,,,,,,,,,,,,,,,,,,,False,False,,,,,,,,False,False,,,,,False
61638b6a,c306d37a,2019-07-17 03:24:15,SingleLayerConv_OIRC,test,Tst,1000000000.0,../gen/Tst_test/SingleLayerConv_OIRC/log/runproute.log,../gen/Tst_test/SingleLayerConv_OIRC/log/runproute.sh,../gen/Tst_test/SingleLayerConv_OIRC/plastisim/summary.csv,../gen/Tst_test/SingleLayerConv_OIRC/pir/AccelMain.scala,../gen/Tst_test/SingleLayerConv_OIRC/log/,../gen/Tst_test/SingleLayerConv_OIRC/log/gentst.log,../gen/Tst_test/SingleLayerConv_OIRC/log/maketst.log,../gen/Tst_test/SingleLayerConv_OIRC/log/runp2p.log,../gen/Tst_test/SingleLayerConv_OIRC/log/runhybrid.log,True,,"[0m[[0m[31merror[0m] [0m[0m/local/ssd/home/yaqiz/spatial/gen/Tst_test/SingleLayerConv_OIRC/pir/AccelMain.scala:740:31: not found: value x2072[0m
",,,,,,,,,,,,,,,,,,,,,,,,,,,,,,,,,,,False,False,,,,,,,,False,False,,,,,False
61638b6a,c306d37a,2019-07-17 03:24:15,SingleLayerConv_RCIO,test,Tst,1000000000.0,../gen/Tst_test/SingleLayerConv_RCIO/log/runproute.log,../gen/Tst_test/SingleLayerConv_RCIO/log/runproute.sh,../gen/Tst_test/SingleLayerConv_RCIO/plastisim/summary.csv,../gen/Tst_test/SingleLayerConv_RCIO/pir/AccelMain.scala,../gen/Tst_test/SingleLayerConv_RCIO/log/,../gen/Tst_test/SingleLayerConv_RCIO/log/gentst.log,../gen/Tst_test/SingleLayerConv_RCIO/log/maketst.log,../gen/Tst_test/SingleLayerConv_RCIO/log/runp2p.log,../gen/Tst_test/SingleLayerConv_RCIO/log/runhybrid.log,True,,,,,,,,,,,,,,,,,,,,,,,,,,,,,,,,,,,,,False,False,,,,,,,,False,False,,,,,False
61638b6a,c306d37a,2019-07-17 03:24:15,SingleLayerConv_RCIO_NoPad,test,Tst,1000000000.0,../gen/Tst_test/SingleLayerConv_RCIO_NoPad/log/runproute.log,../gen/Tst_test/SingleLayerConv_RCIO_NoPad/log/runproute.sh,../gen/Tst_test/SingleLayerConv_RCIO_NoPad/plastisim/summary.csv,../gen/Tst_test/SingleLayerConv_RCIO_NoPad/pir/AccelMain.scala,../gen/Tst_test/SingleLayerConv_RCIO_NoPad/log/,../gen/Tst_test/SingleLayerConv_RCIO_NoPad/log/gentst.log,../gen/Tst_test/SingleLayerConv_RCIO_NoPad/log/maketst.log,../gen/Tst_test/SingleLayerConv_RCIO_NoPad/log/runp2p.log,../gen/Tst_test/SingleLayerConv_RCIO_NoPad/log/runhybrid.log,True,,,,,,,,,,,,,,,,,,,,,,,,,,,,,,,,,,,,,False,False,,,,,,,,False,False,,,,,False
61638b6a,c306d37a,2019-07-17 03:24:15,SmallTensorLoad,test,Tst,1000000000.0,../gen/Tst_test/SmallTensorLoad/log/runproute.log,../gen/Tst_test/SmallTensorLoad/log/runproute.sh,../gen/Tst_test/SmallTensorLoad/plastisim/summary.csv,../gen/Tst_test/SmallTensorLoad/pir/AccelMain.scala,../gen/Tst_test/SmallTensorLoad/log/,../gen/Tst_test/SmallTensorLoad/log/gentst.log,../gen/Tst_test/SmallTensorLoad/log/maketst.log,../gen/Tst_test/SmallTensorLoad/log/runp2p.log,../gen/Tst_test/SmallTensorLoad/log/runhybrid.log,True,,,14.44179146,,,,,,18,18,,,,,,,,,,,,,,,,,,,,,,,0:42.34,49087,,True,False,True,,1.06391,0.556726,0:08.43,,,,False,False,,,,,True
61638b6a,c306d37a,2019-07-17 03:24:15,SmallTypeTransfers,test,Tst,1000000000.0,../gen/Tst_test/SmallTypeTransfers/log/runproute.log,../gen/Tst_test/SmallTypeTransfers/log/runproute.sh,../gen/Tst_test/SmallTypeTransfers/plastisim/summary.csv,../gen/Tst_test/SmallTypeTransfers/pir/AccelMain.scala,../gen/Tst_test/SmallTypeTransfers/log/,../gen/Tst_test/SmallTypeTransfers/log/gentst.log,../gen/Tst_test/SmallTypeTransfers/log/maketst.log,../gen/Tst_test/SmallTypeTransfers/log/runp2p.log,../gen/Tst_test/SmallTypeTransfers/log/runhybrid.log,True,,"[[31merror[0m] 54-TungstenPIRGen throw scala.MatchError: Fix(false,8,8) (of class pir.node.Fix)
",10.175803514,,,,,,18,18,,,,,,,,,,,,,,,,,,,,,,,,,,,False,False,,,,,,,,False,False,,,,,False
61638b6a,c306d37a,2019-07-17 03:24:15,Sobel,test,Tst,1000000000.0,../gen/Tst_test/Sobel/log/runproute.log,../gen/Tst_test/Sobel/log/runproute.sh,../gen/Tst_test/Sobel/plastisim/summary.csv,../gen/Tst_test/Sobel/pir/AccelMain.scala,../gen/Tst_test/Sobel/log/,../gen/Tst_test/Sobel/log/gentst.log,../gen/Tst_test/Sobel/log/maketst.log,../gen/Tst_test/Sobel/log/runp2p.log,../gen/Tst_test/Sobel/log/runhybrid.log,True,,"[0m[[0m[31merror[0m] [0m[0m/local/ssd/home/yaqiz/spatial/gen/Tst_test/Sobel/pir/AccelMain.scala:199:29: not found: value x615[0m
",,,,,,,,,,,,,,,,,,,,,,,,,,,,,,,,,,,False,False,,,,,,,,False,False,,,,,False
61638b6a,c306d37a,2019-07-17 03:24:15,Sort_Merge,test,Tst,1000000000.0,../gen/Tst_test/Sort_Merge/log/runproute.log,../gen/Tst_test/Sort_Merge/log/runproute.sh,../gen/Tst_test/Sort_Merge/plastisim/summary.csv,../gen/Tst_test/Sort_Merge/pir/AccelMain.scala,../gen/Tst_test/Sort_Merge/log/,../gen/Tst_test/Sort_Merge/log/gentst.log,../gen/Tst_test/Sort_Merge/log/maketst.log,../gen/Tst_test/Sort_Merge/log/runp2p.log,../gen/Tst_test/Sort_Merge/log/runhybrid.log,True,,,8.035194264,,,,,,18,18,,,,,,,,,,,,,,,,,,,,,,,0:26.32,584,"Assertion fail:
",True,False,False,,14.0274,14.0274,0:00.60,,,,False,False,,,,,False
61638b6a,c306d37a,2019-07-17 03:24:15,Sort_Merge_Native,test,Tst,1000000000.0,../gen/Tst_test/Sort_Merge_Native/log/runproute.log,../gen/Tst_test/Sort_Merge_Native/log/runproute.sh,../gen/Tst_test/Sort_Merge_Native/plastisim/summary.csv,../gen/Tst_test/Sort_Merge_Native/pir/AccelMain.scala,../gen/Tst_test/Sort_Merge_Native/log/,../gen/Tst_test/Sort_Merge_Native/log/gentst.log,../gen/Tst_test/Sort_Merge_Native/log/maketst.log,../gen/Tst_test/Sort_Merge_Native/log/runp2p.log,../gen/Tst_test/Sort_Merge_Native/log/runhybrid.log,True,,"[0m[[0m[31merror[0m] [0m[0m/local/ssd/home/yaqiz/spatial/gen/Tst_test/Sort_Merge_Native/pir/AccelMain.scala:176:29: not found: value x904[0m
",,,,,,,,,,,,,,,,,,,,,,,,,,,,,,,,,,,False,False,,,,,,,,False,False,,,,,False
61638b6a,c306d37a,2019-07-17 03:24:15,Sort_Radix,test,Tst,1000000000.0,../gen/Tst_test/Sort_Radix/log/runproute.log,../gen/Tst_test/Sort_Radix/log/runproute.sh,../gen/Tst_test/Sort_Radix/plastisim/summary.csv,../gen/Tst_test/Sort_Radix/pir/AccelMain.scala,../gen/Tst_test/Sort_Radix/log/,../gen/Tst_test/Sort_Radix/log/gentst.log,../gen/Tst_test/Sort_Radix/log/maketst.log,../gen/Tst_test/Sort_Radix/log/runp2p.log,../gen/Tst_test/Sort_Radix/log/runhybrid.log,True,,"[[31merror[0m] Constrain failed on MemoryContainer1353
",79.789164947,,,,,,18,18,,,,,,,,,,,,,,,,,,,,,,,,,,,False,False,,,,,,,,False,False,,,,,False
61638b6a,c306d37a,2019-07-17 03:24:15,SpamFilteringTmp,test,Tst,1000000000.0,../gen/Tst_test/SpamFilteringTmp/log/runproute.log,../gen/Tst_test/SpamFilteringTmp/log/runproute.sh,../gen/Tst_test/SpamFilteringTmp/plastisim/summary.csv,../gen/Tst_test/SpamFilteringTmp/pir/AccelMain.scala,../gen/Tst_test/SpamFilteringTmp/log/,../gen/Tst_test/SpamFilteringTmp/log/gentst.log,../gen/Tst_test/SpamFilteringTmp/log/maketst.log,../gen/Tst_test/SpamFilteringTmp/log/runp2p.log,../gen/Tst_test/SpamFilteringTmp/log/runhybrid.log,True,,,,,,,,,,,,,,,,,,,,,,,,,,,,,,,,,,,,,False,False,,,,,,,,False,False,,,,,False
61638b6a,c306d37a,2019-07-17 03:24:15,SparseMatrixCOO,test,Tst,1000000000.0,../gen/Tst_test/SparseMatrixCOO/log/runproute.log,../gen/Tst_test/SparseMatrixCOO/log/runproute.sh,../gen/Tst_test/SparseMatrixCOO/plastisim/summary.csv,../gen/Tst_test/SparseMatrixCOO/pir/AccelMain.scala,../gen/Tst_test/SparseMatrixCOO/log/,../gen/Tst_test/SparseMatrixCOO/log/gentst.log,../gen/Tst_test/SparseMatrixCOO/log/maketst.log,../gen/Tst_test/SparseMatrixCOO/log/runp2p.log,../gen/Tst_test/SparseMatrixCOO/log/runhybrid.log,True,,,21.00285276,,,,,,18,18,,,,,,,,,,,,,,,,,,,,,,,0:53.20,1079,,,True,True,,0.415199,0.0,0:00.52,,,,False,False,,,,,False
61638b6a,c306d37a,2019-07-17 03:24:15,SpecialMath,test,Tst,1000000000.0,../gen/Tst_test/SpecialMath/log/runproute.log,../gen/Tst_test/SpecialMath/log/runproute.sh,../gen/Tst_test/SpecialMath/plastisim/summary.csv,../gen/Tst_test/SpecialMath/pir/AccelMain.scala,../gen/Tst_test/SpecialMath/log/,../gen/Tst_test/SpecialMath/log/gentst.log,../gen/Tst_test/SpecialMath/log/maketst.log,../gen/Tst_test/SpecialMath/log/runp2p.log,../gen/Tst_test/SpecialMath/log/runhybrid.log,True,,"[[31merror[0m] 54-TungstenPIRGen throw scala.MatchError: Fix(false,4,4) (of class pir.node.Fix)
",11.349107224,,,,,,18,18,,,,,,,,,,,,,,,,,,,,,,,,,,,False,False,,,,,,,,False,False,,,,,False
61638b6a,c306d37a,2019-07-17 03:24:15,Stencil2D,test,Tst,1000000000.0,../gen/Tst_test/Stencil2D/log/runproute.log,../gen/Tst_test/Stencil2D/log/runproute.sh,../gen/Tst_test/Stencil2D/plastisim/summary.csv,../gen/Tst_test/Stencil2D/pir/AccelMain.scala,../gen/Tst_test/Stencil2D/log/,../gen/Tst_test/Stencil2D/log/gentst.log,../gen/Tst_test/Stencil2D/log/maketst.log,../gen/Tst_test/Stencil2D/log/runp2p.log,../gen/Tst_test/Stencil2D/log/runhybrid.log,True,,"[0m[[0m[31merror[0m] [0m[0m/local/ssd/home/yaqiz/spatial/gen/Tst_test/Stencil2D/pir/AccelMain.scala:80:29: not found: value x300[0m
",,,,,,,,,,,,,,,,,,,,,,,,,,,,,,,,,,,False,False,,,,,,,,False,False,,,,,False
61638b6a,c306d37a,2019-07-17 03:24:15,Stencil3D,test,Tst,1000000000.0,../gen/Tst_test/Stencil3D/log/runproute.log,../gen/Tst_test/Stencil3D/log/runproute.sh,../gen/Tst_test/Stencil3D/plastisim/summary.csv,../gen/Tst_test/Stencil3D/pir/AccelMain.scala,../gen/Tst_test/Stencil3D/log/,../gen/Tst_test/Stencil3D/log/gentst.log,../gen/Tst_test/Stencil3D/log/maketst.log,../gen/Tst_test/Stencil3D/log/runp2p.log,../gen/Tst_test/Stencil3D/log/runhybrid.log,True,,"[0m[[0m[31merror[0m] [0m[0m/local/ssd/home/yaqiz/spatial/gen/Tst_test/Stencil3D/pir/AccelMain.scala:117:29: not found: value x501[0m
",,,,,,,,,,,,,,,,,,,,,,,,,,,,,,,,,,,False,False,,,,,,,,False,False,,,,,False
61638b6a,c306d37a,2019-07-17 03:24:15,StreamFIFO,test,Tst,1000000000.0,../gen/Tst_test/StreamFIFO/log/runproute.log,../gen/Tst_test/StreamFIFO/log/runproute.sh,../gen/Tst_test/StreamFIFO/plastisim/summary.csv,../gen/Tst_test/StreamFIFO/pir/AccelMain.scala,../gen/Tst_test/StreamFIFO/log/,../gen/Tst_test/StreamFIFO/log/gentst.log,../gen/Tst_test/StreamFIFO/log/maketst.log,../gen/Tst_test/StreamFIFO/log/runp2p.log,../gen/Tst_test/StreamFIFO/log/runhybrid.log,True,,,8.253587987,,,,,,18,18,,,,,,,,,,,,,,,,,,,,,,,0:27.12,128,,,False,True,,3.5,3.0,0:00.29,,,,False,False,,,,,True
61638b6a,c306d37a,2019-07-17 03:24:15,StreamMultiFIFO,test,Tst,1000000000.0,../gen/Tst_test/StreamMultiFIFO/log/runproute.log,../gen/Tst_test/StreamMultiFIFO/log/runproute.sh,../gen/Tst_test/StreamMultiFIFO/plastisim/summary.csv,../gen/Tst_test/StreamMultiFIFO/pir/AccelMain.scala,../gen/Tst_test/StreamMultiFIFO/log/,../gen/Tst_test/StreamMultiFIFO/log/gentst.log,../gen/Tst_test/StreamMultiFIFO/log/maketst.log,../gen/Tst_test/StreamMultiFIFO/log/runp2p.log,../gen/Tst_test/StreamMultiFIFO/log/runhybrid.log,True,,,8.037058071,,,,,,18,18,,,,,,,,,,,,,,,,,,,,,,,0:27.27,80,,,False,True,,0.0,2.4,0:00.28,,,,False,False,,,,,True
61638b6a,c306d37a,2019-07-17 03:24:15,StridedLoad,test,Tst,1000000000.0,../gen/Tst_test/StridedLoad/log/runproute.log,../gen/Tst_test/StridedLoad/log/runproute.sh,../gen/Tst_test/StridedLoad/plastisim/summary.csv,../gen/Tst_test/StridedLoad/pir/AccelMain.scala,../gen/Tst_test/StridedLoad/log/,../gen/Tst_test/StridedLoad/log/gentst.log,../gen/Tst_test/StridedLoad/log/maketst.log,../gen/Tst_test/StridedLoad/log/runp2p.log,../gen/Tst_test/StridedLoad/log/runhybrid.log,True,,,13.3262188,,,,,,18,18,,,,,,,,,,,,,,,,,,,,,,,0:33.04,8035,,True,False,True,,3.05862,3.05862,0:00.98,,,,False,False,,,,,True
61638b6a,c306d37a,2019-07-17 03:24:15,StridedRowConvolution,test,Tst,1000000000.0,../gen/Tst_test/StridedRowConvolution/log/runproute.log,../gen/Tst_test/StridedRowConvolution/log/runproute.sh,../gen/Tst_test/StridedRowConvolution/plastisim/summary.csv,../gen/Tst_test/StridedRowConvolution/pir/AccelMain.scala,../gen/Tst_test/StridedRowConvolution/log/,../gen/Tst_test/StridedRowConvolution/log/gentst.log,../gen/Tst_test/StridedRowConvolution/log/maketst.log,../gen/Tst_test/StridedRowConvolution/log/runp2p.log,../gen/Tst_test/StridedRowConvolution/log/runhybrid.log,True,,"[0m[[0m[31merror[0m] [0m[0m/local/ssd/home/yaqiz/spatial/gen/Tst_test/StridedRowConvolution/pir/AccelMain.scala:100:29: not found: value x404[0m
",,,,,,,,,,,,,,,,,,,,,,,,,,,,,,,,,,,False,False,,,,,,,,False,False,,,,,False
61638b6a,c306d37a,2019-07-17 03:24:15,StructReg,test,Tst,1000000000.0,../gen/Tst_test/StructReg/log/runproute.log,../gen/Tst_test/StructReg/log/runproute.sh,../gen/Tst_test/StructReg/plastisim/summary.csv,../gen/Tst_test/StructReg/pir/AccelMain.scala,../gen/Tst_test/StructReg/log/,../gen/Tst_test/StructReg/log/gentst.log,../gen/Tst_test/StructReg/log/maketst.log,../gen/Tst_test/StructReg/log/runp2p.log,../gen/Tst_test/StructReg/log/runhybrid.log,True,,"[0m[[0m[31merror[0m] [0m[0m/local/ssd/home/yaqiz/spatial/gen/Tst_test/StructReg/pir/AccelMain.scala:19:50: not found: value x69__1[0m
",,,,,,,,,,,,,,,,,,,,,,,,,,,,,,,,,,,False,False,,,,,,,,False,False,,,,,False
61638b6a,c306d37a,2019-07-17 03:24:15,SwitchCaseController,test,Tst,1000000000.0,../gen/Tst_test/SwitchCaseController/log/runproute.log,../gen/Tst_test/SwitchCaseController/log/runproute.sh,../gen/Tst_test/SwitchCaseController/plastisim/summary.csv,../gen/Tst_test/SwitchCaseController/pir/AccelMain.scala,../gen/Tst_test/SwitchCaseController/log/,../gen/Tst_test/SwitchCaseController/log/gentst.log,../gen/Tst_test/SwitchCaseController/log/maketst.log,../gen/Tst_test/SwitchCaseController/log/runp2p.log,../gen/Tst_test/SwitchCaseController/log/runhybrid.log,True,,,13.184986113,,,,,,18,18,,,,,,,,,,,,,,,,,,,,,,"src/Context310.h:46:24: error: â€˜MemRead104â€™ was not declared in this scope
",0:07.15,,,,False,False,,,,,,,,False,False,,,,,False
61638b6a,c306d37a,2019-07-17 03:24:15,SwitchCondReuse,test,Tst,1000000000.0,../gen/Tst_test/SwitchCondReuse/log/runproute.log,../gen/Tst_test/SwitchCondReuse/log/runproute.sh,../gen/Tst_test/SwitchCondReuse/plastisim/summary.csv,../gen/Tst_test/SwitchCondReuse/pir/AccelMain.scala,../gen/Tst_test/SwitchCondReuse/log/,../gen/Tst_test/SwitchCondReuse/log/gentst.log,../gen/Tst_test/SwitchCondReuse/log/maketst.log,../gen/Tst_test/SwitchCondReuse/log/runp2p.log,../gen/Tst_test/SwitchCondReuse/log/runhybrid.log,True,,,10.952412012,,,,,,18,18,,,,,,,,,,,,,,,,,,,,,,,0:24.88,92,,True,False,True,,0.0,0.695652,0:00.25,,,,False,False,,,,,True
61638b6a,c306d37a,2019-07-17 03:24:15,SwitchedBroadcastRead,test,Tst,1000000000.0,../gen/Tst_test/SwitchedBroadcastRead/log/runproute.log,../gen/Tst_test/SwitchedBroadcastRead/log/runproute.sh,../gen/Tst_test/SwitchedBroadcastRead/plastisim/summary.csv,../gen/Tst_test/SwitchedBroadcastRead/pir/AccelMain.scala,../gen/Tst_test/SwitchedBroadcastRead/log/,../gen/Tst_test/SwitchedBroadcastRead/log/gentst.log,../gen/Tst_test/SwitchedBroadcastRead/log/maketst.log,../gen/Tst_test/SwitchedBroadcastRead/log/runp2p.log,../gen/Tst_test/SwitchedBroadcastRead/log/runhybrid.log,True,,,13.641429727,,,,,,18,18,,,,,,,,,,,,,,,,,,,,,,,0:30.67,2105,"Assertion fail:
",,True,False,,1.94584,0.0,0:00.65,,,,False,False,,,,,False
61638b6a,c306d37a,2019-07-17 03:24:15,SystolishArray,test,Tst,1000000000.0,../gen/Tst_test/SystolishArray/log/runproute.log,../gen/Tst_test/SystolishArray/log/runproute.sh,../gen/Tst_test/SystolishArray/plastisim/summary.csv,../gen/Tst_test/SystolishArray/pir/AccelMain.scala,../gen/Tst_test/SystolishArray/log/,../gen/Tst_test/SystolishArray/log/gentst.log,../gen/Tst_test/SystolishArray/log/maketst.log,../gen/Tst_test/SystolishArray/log/runp2p.log,../gen/Tst_test/SystolishArray/log/runhybrid.log,True,,,12.507555166,,,,,,18,18,,,,,,,,,,,,,,,,,,,,,,"src/Context264.h:66:24: error: â€˜MemRead152â€™ was not declared in this scope
",0:06.66,,,,False,False,,,,,,,,False,False,,,,,False
61638b6a,c306d37a,2019-07-17 03:24:15,TPCHQ6,test,Tst,1000000000.0,../gen/Tst_test/TPCHQ6/log/runproute.log,../gen/Tst_test/TPCHQ6/log/runproute.sh,../gen/Tst_test/TPCHQ6/plastisim/summary.csv,../gen/Tst_test/TPCHQ6/pir/AccelMain.scala,../gen/Tst_test/TPCHQ6/log/,../gen/Tst_test/TPCHQ6/log/gentst.log,../gen/Tst_test/TPCHQ6/log/maketst.log,../gen/Tst_test/TPCHQ6/log/runp2p.log,../gen/Tst_test/TPCHQ6/log/runhybrid.log,True,,,19.317005973,,,,,,18,18,,,,,,,,,,,,,,,,,,,,,,,0:54.03,4350,,True,False,True,,14.1241,0.0,0:01.84,,,,False,False,,,,,True
61638b6a,c306d37a,2019-07-17 03:24:15,TRSM,test,Tst,1000000000.0,../gen/Tst_test/TRSM/log/runproute.log,../gen/Tst_test/TRSM/log/runproute.sh,../gen/Tst_test/TRSM/plastisim/summary.csv,../gen/Tst_test/TRSM/pir/AccelMain.scala,../gen/Tst_test/TRSM/log/,../gen/Tst_test/TRSM/log/gentst.log,../gen/Tst_test/TRSM/log/maketst.log,../gen/Tst_test/TRSM/log/runp2p.log,../gen/Tst_test/TRSM/log/runhybrid.log,True,,"[[31merror[0m] Constrain failed on MemoryContainer430
",19.400821649,,,,,,18,18,,,,,,,,,,,,,,,,,,,,,,,,,,,False,False,,,,,,,,False,False,,,,,False
61638b6a,c306d37a,2019-07-17 03:24:15,Tensor3D,test,Tst,1000000000.0,../gen/Tst_test/Tensor3D/log/runproute.log,../gen/Tst_test/Tensor3D/log/runproute.sh,../gen/Tst_test/Tensor3D/plastisim/summary.csv,../gen/Tst_test/Tensor3D/pir/AccelMain.scala,../gen/Tst_test/Tensor3D/log/,../gen/Tst_test/Tensor3D/log/gentst.log,../gen/Tst_test/Tensor3D/log/maketst.log,../gen/Tst_test/Tensor3D/log/runp2p.log,../gen/Tst_test/Tensor3D/log/runhybrid.log,True,,,12.45731387,,,,,,18,18,,,,,,,,,,,,,,,,,,,,,,,0:33.55,664,,,False,True,,3.08434,3.08434,0:00.32,,,,False,False,,,,,True
61638b6a,c306d37a,2019-07-17 03:24:15,Tensor4D,test,Tst,1000000000.0,../gen/Tst_test/Tensor4D/log/runproute.log,../gen/Tst_test/Tensor4D/log/runproute.sh,../gen/Tst_test/Tensor4D/plastisim/summary.csv,../gen/Tst_test/Tensor4D/pir/AccelMain.scala,../gen/Tst_test/Tensor4D/log/,../gen/Tst_test/Tensor4D/log/gentst.log,../gen/Tst_test/Tensor4D/log/maketst.log,../gen/Tst_test/Tensor4D/log/runp2p.log,../gen/Tst_test/Tensor4D/log/runhybrid.log,True,,,10.381379304,,,,,,18,18,,,,,,,,,,,,,,,,,,,,,,,0:27.00,2272,,,False,True,,3.60563,3.60563,0:00.42,,,,False,False,,,,,True
61638b6a,c306d37a,2019-07-17 03:24:15,Tensor5D,test,Tst,1000000000.0,../gen/Tst_test/Tensor5D/log/runproute.log,../gen/Tst_test/Tensor5D/log/runproute.sh,../gen/Tst_test/Tensor5D/plastisim/summary.csv,../gen/Tst_test/Tensor5D/pir/AccelMain.scala,../gen/Tst_test/Tensor5D/log/,../gen/Tst_test/Tensor5D/log/gentst.log,../gen/Tst_test/Tensor5D/log/maketst.log,../gen/Tst_test/Tensor5D/log/runp2p.log,../gen/Tst_test/Tensor5D/log/runhybrid.log,True,,,17.208720698,,,,,,18,18,,,,,,,,,,,,,,,,,,,,,,,0:51.68,15931,,,False,True,,2.05687,2.05687,0:03.89,,,,False,False,,,,,True
61638b6a,c306d37a,2019-07-17 03:24:15,TensorConstructors,test,Tst,1000000000.0,../gen/Tst_test/TensorConstructors/log/runproute.log,../gen/Tst_test/TensorConstructors/log/runproute.sh,../gen/Tst_test/TensorConstructors/plastisim/summary.csv,../gen/Tst_test/TensorConstructors/pir/AccelMain.scala,../gen/Tst_test/TensorConstructors/log/,../gen/Tst_test/TensorConstructors/log/gentst.log,../gen/Tst_test/TensorConstructors/log/maketst.log,../gen/Tst_test/TensorConstructors/log/runp2p.log,../gen/Tst_test/TensorConstructors/log/runhybrid.log,True,,,4.507544494,,,,,,18,18,,,,,,,,,,,,,,,,,,,,,,,0:20.68,1,,,False,True,,0.0,0.0,0:00.29,,,,False,False,,,,,True
61638b6a,c306d37a,2019-07-17 03:24:15,TileLoadStoreSimple,test,Tst,1000000000.0,../gen/Tst_test/TileLoadStoreSimple/log/runproute.log,../gen/Tst_test/TileLoadStoreSimple/log/runproute.sh,../gen/Tst_test/TileLoadStoreSimple/plastisim/summary.csv,../gen/Tst_test/TileLoadStoreSimple/pir/AccelMain.scala,../gen/Tst_test/TileLoadStoreSimple/log/,../gen/Tst_test/TileLoadStoreSimple/log/gentst.log,../gen/Tst_test/TileLoadStoreSimple/log/maketst.log,../gen/Tst_test/TileLoadStoreSimple/log/runp2p.log,../gen/Tst_test/TileLoadStoreSimple/log/runhybrid.log,True,,,9.593789259,,,,,,18,18,,,,,,,,,,,,,,,,,,,,,,,0:28.57,566,,True,False,True,,1.35689,1.35689,0:00.25,,,,False,False,,,,,True
61638b6a,c306d37a,2019-07-17 03:24:15,TransferArray,test,Tst,1000000000.0,../gen/Tst_test/TransferArray/log/runproute.log,../gen/Tst_test/TransferArray/log/runproute.sh,../gen/Tst_test/TransferArray/plastisim/summary.csv,../gen/Tst_test/TransferArray/pir/AccelMain.scala,../gen/Tst_test/TransferArray/log/,../gen/Tst_test/TransferArray/log/gentst.log,../gen/Tst_test/TransferArray/log/maketst.log,../gen/Tst_test/TransferArray/log/runp2p.log,../gen/Tst_test/TransferArray/log/runhybrid.log,True,,,4.642315304,,,,,,18,18,,,,,,,,,,,,,,,,,,,,,,,0:21.91,1,,,False,True,,0.0,0.0,0:00.31,,,,False,False,,,,,True
61638b6a,c306d37a,2019-07-17 03:24:15,TransferStruct,test,Tst,1000000000.0,../gen/Tst_test/TransferStruct/log/runproute.log,../gen/Tst_test/TransferStruct/log/runproute.sh,../gen/Tst_test/TransferStruct/plastisim/summary.csv,../gen/Tst_test/TransferStruct/pir/AccelMain.scala,../gen/Tst_test/TransferStruct/log/,../gen/Tst_test/TransferStruct/log/gentst.log,../gen/Tst_test/TransferStruct/log/maketst.log,../gen/Tst_test/TransferStruct/log/runp2p.log,../gen/Tst_test/TransferStruct/log/runhybrid.log,True,,"[0m[[0m[31merror[0m] [0m[0m/local/ssd/home/yaqiz/spatial/gen/Tst_test/TransferStruct/pir/AccelMain.scala:12:67: not found: value Velocity[0m
",,,,,,,,,,,,,,,,,,,,,,,,,,,,,,,,,,,False,False,,,,,,,,False,False,,,,,False
61638b6a,c306d37a,2019-07-17 03:24:15,TransferSubByteTypes,test,Tst,1000000000.0,../gen/Tst_test/TransferSubByteTypes/log/runproute.log,../gen/Tst_test/TransferSubByteTypes/log/runproute.sh,../gen/Tst_test/TransferSubByteTypes/plastisim/summary.csv,../gen/Tst_test/TransferSubByteTypes/pir/AccelMain.scala,../gen/Tst_test/TransferSubByteTypes/log/,../gen/Tst_test/TransferSubByteTypes/log/gentst.log,../gen/Tst_test/TransferSubByteTypes/log/maketst.log,../gen/Tst_test/TransferSubByteTypes/log/runp2p.log,../gen/Tst_test/TransferSubByteTypes/log/runhybrid.log,True,,"[[31merror[0m] 54-TungstenPIRGen throw scala.MatchError: Fix(false,2,0) (of class pir.node.Fix)
",24.516062896,,,,,,18,18,,,,,,,,,,,,,,,,,,,,,,,,,,,False,False,,,,,,,,False,False,,,,,False
61638b6a,c306d37a,2019-07-17 03:24:15,TwiddlingWithStructs,test,Tst,1000000000.0,../gen/Tst_test/TwiddlingWithStructs/log/runproute.log,../gen/Tst_test/TwiddlingWithStructs/log/runproute.sh,../gen/Tst_test/TwiddlingWithStructs/plastisim/summary.csv,../gen/Tst_test/TwiddlingWithStructs/pir/AccelMain.scala,../gen/Tst_test/TwiddlingWithStructs/log/,../gen/Tst_test/TwiddlingWithStructs/log/gentst.log,../gen/Tst_test/TwiddlingWithStructs/log/maketst.log,../gen/Tst_test/TwiddlingWithStructs/log/runp2p.log,../gen/Tst_test/TwiddlingWithStructs/log/runhybrid.log,True,,,,,,,,,,,,,,,,,,,,,,,,,,,,,,,,,,,,,False,False,,,,,,,,False,False,,,,,False
61638b6a,c306d37a,2019-07-17 03:24:15,TwoDuplicatesPachinko,test,Tst,1000000000.0,../gen/Tst_test/TwoDuplicatesPachinko/log/runproute.log,../gen/Tst_test/TwoDuplicatesPachinko/log/runproute.sh,../gen/Tst_test/TwoDuplicatesPachinko/plastisim/summary.csv,../gen/Tst_test/TwoDuplicatesPachinko/pir/AccelMain.scala,../gen/Tst_test/TwoDuplicatesPachinko/log/,../gen/Tst_test/TwoDuplicatesPachinko/log/gentst.log,../gen/Tst_test/TwoDuplicatesPachinko/log/maketst.log,../gen/Tst_test/TwoDuplicatesPachinko/log/runp2p.log,../gen/Tst_test/TwoDuplicatesPachinko/log/runhybrid.log,True,,,8.502680159,,,,,,18,18,,,,,,,,,,,,,,,,,,,,,,,0:24.42,339,,,False,True,,3.02065,0.0,0:00.31,,,,False,False,,,,,True
61638b6a,c306d37a,2019-07-17 03:24:15,TwoDuplicatesSimple,test,Tst,1000000000.0,../gen/Tst_test/TwoDuplicatesSimple/log/runproute.log,../gen/Tst_test/TwoDuplicatesSimple/log/runproute.sh,../gen/Tst_test/TwoDuplicatesSimple/plastisim/summary.csv,../gen/Tst_test/TwoDuplicatesSimple/pir/AccelMain.scala,../gen/Tst_test/TwoDuplicatesSimple/log/,../gen/Tst_test/TwoDuplicatesSimple/log/gentst.log,../gen/Tst_test/TwoDuplicatesSimple/log/maketst.log,../gen/Tst_test/TwoDuplicatesSimple/log/runp2p.log,../gen/Tst_test/TwoDuplicatesSimple/log/runhybrid.log,True,,,10.392092001,,,,,,18,18,,,,,,,,,,,,,,,,,,,,,,,0:30.44,49,,,False,True,,0.0,5.22449,0:00.29,,,,False,False,,,,,True
61638b6a,c306d37a,2019-07-17 03:24:15,UnalignedLoad1D,test,Tst,1000000000.0,../gen/Tst_test/UnalignedLoad1D/log/runproute.log,../gen/Tst_test/UnalignedLoad1D/log/runproute.sh,../gen/Tst_test/UnalignedLoad1D/plastisim/summary.csv,../gen/Tst_test/UnalignedLoad1D/pir/AccelMain.scala,../gen/Tst_test/UnalignedLoad1D/log/,../gen/Tst_test/UnalignedLoad1D/log/gentst.log,../gen/Tst_test/UnalignedLoad1D/log/maketst.log,../gen/Tst_test/UnalignedLoad1D/log/runp2p.log,../gen/Tst_test/UnalignedLoad1D/log/runhybrid.log,True,,,10.746858512,,,,,,18,18,,,,,,,,,,,,,,,,,,,,,,,0:29.65,2527,,True,False,True,,3.79897,0.0,0:00.41,,,,False,False,,,,,True
61638b6a,c306d37a,2019-07-17 03:24:15,UnalignedLoad1D_2,test,Tst,1000000000.0,../gen/Tst_test/UnalignedLoad1D_2/log/runproute.log,../gen/Tst_test/UnalignedLoad1D_2/log/runproute.sh,../gen/Tst_test/UnalignedLoad1D_2/plastisim/summary.csv,../gen/Tst_test/UnalignedLoad1D_2/pir/AccelMain.scala,../gen/Tst_test/UnalignedLoad1D_2/log/,../gen/Tst_test/UnalignedLoad1D_2/log/gentst.log,../gen/Tst_test/UnalignedLoad1D_2/log/maketst.log,../gen/Tst_test/UnalignedLoad1D_2/log/runp2p.log,../gen/Tst_test/UnalignedLoad1D_2/log/runhybrid.log,True,,,10.449337685,,,,,,18,18,,,,,,,,,,,,,,,,,,,,,,,0:31.27,1726,,True,False,True,,3.708,0.0,0:00.40,,,,False,False,,,,,True
61638b6a,c306d37a,2019-07-17 03:24:15,UnalignedLoadStore2D,test,Tst,1000000000.0,../gen/Tst_test/UnalignedLoadStore2D/log/runproute.log,../gen/Tst_test/UnalignedLoadStore2D/log/runproute.sh,../gen/Tst_test/UnalignedLoadStore2D/plastisim/summary.csv,../gen/Tst_test/UnalignedLoadStore2D/pir/AccelMain.scala,../gen/Tst_test/UnalignedLoadStore2D/log/,../gen/Tst_test/UnalignedLoadStore2D/log/gentst.log,../gen/Tst_test/UnalignedLoadStore2D/log/maketst.log,../gen/Tst_test/UnalignedLoadStore2D/log/runp2p.log,../gen/Tst_test/UnalignedLoadStore2D/log/runhybrid.log,True,,,8.440640802,,,,,,18,18,,,,,,,,,,,,,,,,,,,,,,,0:27.62,414,,,False,True,,3.09179,3.09179,0:00.32,,,,False,False,,,,,True
61638b6a,c306d37a,2019-07-17 03:24:15,UnalignedMemCopyFIFO,test,Tst,1000000000.0,../gen/Tst_test/UnalignedMemCopyFIFO/log/runproute.log,../gen/Tst_test/UnalignedMemCopyFIFO/log/runproute.sh,../gen/Tst_test/UnalignedMemCopyFIFO/plastisim/summary.csv,../gen/Tst_test/UnalignedMemCopyFIFO/pir/AccelMain.scala,../gen/Tst_test/UnalignedMemCopyFIFO/log/,../gen/Tst_test/UnalignedMemCopyFIFO/log/gentst.log,../gen/Tst_test/UnalignedMemCopyFIFO/log/maketst.log,../gen/Tst_test/UnalignedMemCopyFIFO/log/runp2p.log,../gen/Tst_test/UnalignedMemCopyFIFO/log/runhybrid.log,True,,"[0m[[0m[31merror[0m] [0m[0m/local/ssd/home/yaqiz/spatial/gen/Tst_test/UnalignedMemCopyFIFO/pir/AccelMain.scala:119:29: not found: value RegReset[0m
",,,,,,,,,,,,,,,,,,,,,,,,,,,,,,,,,,,False,False,,,,,,,,False,False,,,,,False
61638b6a,c306d37a,2019-07-17 03:24:15,UnalignedTileLoadStore,test,Tst,1000000000.0,../gen/Tst_test/UnalignedTileLoadStore/log/runproute.log,../gen/Tst_test/UnalignedTileLoadStore/log/runproute.sh,../gen/Tst_test/UnalignedTileLoadStore/plastisim/summary.csv,../gen/Tst_test/UnalignedTileLoadStore/pir/AccelMain.scala,../gen/Tst_test/UnalignedTileLoadStore/log/,../gen/Tst_test/UnalignedTileLoadStore/log/gentst.log,../gen/Tst_test/UnalignedTileLoadStore/log/maketst.log,../gen/Tst_test/UnalignedTileLoadStore/log/runp2p.log,../gen/Tst_test/UnalignedTileLoadStore/log/runhybrid.log,True,,,24.523615078,,,,,,18,18,,,,,,,,,,,,,,,,,,,,,,"src/Context700.h:223:36: error: invalid operands of types â€˜boolâ€™ and â€˜bool [8]â€™ to binary â€˜operator&â€™
",0:07.70,,,,False,False,,,,,,,,False,False,,,,,False
61638b6a,c306d37a,2019-07-17 03:24:15,UniqueParallelLoad,test,Tst,1000000000.0,../gen/Tst_test/UniqueParallelLoad/log/runproute.log,../gen/Tst_test/UniqueParallelLoad/log/runproute.sh,../gen/Tst_test/UniqueParallelLoad/plastisim/summary.csv,../gen/Tst_test/UniqueParallelLoad/pir/AccelMain.scala,../gen/Tst_test/UniqueParallelLoad/log/,../gen/Tst_test/UniqueParallelLoad/log/gentst.log,../gen/Tst_test/UniqueParallelLoad/log/maketst.log,../gen/Tst_test/UniqueParallelLoad/log/runp2p.log,../gen/Tst_test/UniqueParallelLoad/log/runhybrid.log,True,,,10.101562331,,,,,,18,18,,,,,,,,,,,,,,,,,,,,,,,0:29.12,27730,,True,False,True,,3.32348,0.0,0:01.29,,,,False,False,,,,,True
61638b6a,c306d37a,2019-07-17 03:24:15,UnrAccessCycleDetection,test,Tst,1000000000.0,../gen/Tst_test/UnrAccessCycleDetection/log/runproute.log,../gen/Tst_test/UnrAccessCycleDetection/log/runproute.sh,../gen/Tst_test/UnrAccessCycleDetection/plastisim/summary.csv,../gen/Tst_test/UnrAccessCycleDetection/pir/AccelMain.scala,../gen/Tst_test/UnrAccessCycleDetection/log/,../gen/Tst_test/UnrAccessCycleDetection/log/gentst.log,../gen/Tst_test/UnrAccessCycleDetection/log/maketst.log,../gen/Tst_test/UnrAccessCycleDetection/log/runp2p.log,../gen/Tst_test/UnrAccessCycleDetection/log/runhybrid.log,True,,,15.77838245,,,,,,18,18,,,,,,,,,,,,,,,,,,,,,,,0:46.71,190,"Assertion fail:
",,False,False,,0.0,0.673684,0:00.57,,,,False,False,,,,,False
61638b6a,c306d37a,2019-07-17 03:24:15,UnrollingTest,test,Tst,1000000000.0,../gen/Tst_test/UnrollingTest/log/runproute.log,../gen/Tst_test/UnrollingTest/log/runproute.sh,../gen/Tst_test/UnrollingTest/plastisim/summary.csv,../gen/Tst_test/UnrollingTest/pir/AccelMain.scala,../gen/Tst_test/UnrollingTest/log/,../gen/Tst_test/UnrollingTest/log/gentst.log,../gen/Tst_test/UnrollingTest/log/maketst.log,../gen/Tst_test/UnrollingTest/log/runp2p.log,../gen/Tst_test/UnrollingTest/log/runhybrid.log,True,,,5.548091542,,,,,,18,18,,,,,,,,,,,,,,,,,,,,,,,0:21.89,1,,True,False,True,,0.0,0.0,0:00.29,,,,False,False,,,,,True
61638b6a,c306d37a,2019-07-17 03:24:15,UserVectors,test,Tst,1000000000.0,../gen/Tst_test/UserVectors/log/runproute.log,../gen/Tst_test/UserVectors/log/runproute.sh,../gen/Tst_test/UserVectors/plastisim/summary.csv,../gen/Tst_test/UserVectors/pir/AccelMain.scala,../gen/Tst_test/UserVectors/log/,../gen/Tst_test/UserVectors/log/gentst.log,../gen/Tst_test/UserVectors/log/maketst.log,../gen/Tst_test/UserVectors/log/runp2p.log,../gen/Tst_test/UserVectors/log/runhybrid.log,True,,,,,,,,,,,,,,,,,,,,,,,,,,,,,,,,,,,,,False,False,,,,,,,,False,False,,,,,False
61638b6a,c306d37a,2019-07-17 03:24:15,Viterbi,test,Tst,1000000000.0,../gen/Tst_test/Viterbi/log/runproute.log,../gen/Tst_test/Viterbi/log/runproute.sh,../gen/Tst_test/Viterbi/plastisim/summary.csv,../gen/Tst_test/Viterbi/pir/AccelMain.scala,../gen/Tst_test/Viterbi/log/,../gen/Tst_test/Viterbi/log/gentst.log,../gen/Tst_test/Viterbi/log/maketst.log,../gen/Tst_test/Viterbi/log/runp2p.log,../gen/Tst_test/Viterbi/log/runhybrid.log,True,,"[0m[[0m[31merror[0m] [0m[0m/local/ssd/home/yaqiz/spatial/gen/Tst_test/Viterbi/pir/AccelMain.scala:250:29: not found: value RegReset[0m
",,,,,,,,,,,,,,,,,,,,,,,,,,,,,,,,,,,False,False,,,,,,,,False,False,,,,,False
